<?xml version="1.0" encoding="UTF-8" standalone="yes"?>
<testsuites name="Sort_Filter_ProductCount_Loadmore_Emi" time="990" tests="7" failures="0" errors="0">
    <testsuite name="Sort_Filter_ProductCount_Loadmore_Emi" tests="7" failures="0" errors="0" time="990" timestamp="2019-09-20 13:43:46" hostname="amitbagh - AMITBAGH.cybage.com" id="Test Suites/Sort_Filter_ProductCount_Loadmore_Emi">
        <properties>
            <property name="deviceName" value=""/>
            <property name="devicePlatform" value=""/>
            <property name="logFolder" value="D:\\QAScripts\\QA\\bajajemi\\Reports\\20190920_134343\\Sort_Filter_ProductCount_Loadmore_Emi\\20190920_134343"/>
            <property name="logFiles" value="D:\\QAScripts\\QA\\bajajemi\\Reports\\20190920_134343\\Sort_Filter_ProductCount_Loadmore_Emi\\20190920_134343\\execution0.log"/>
            <property name="attachments" value=""/>
            <property name="hostName" value="amitbagh - AMITBAGH.cybage.com"/>
            <property name="os" value="Windows 8.1 64bit"/>
            <property name="katalonVersion" value="6.3.3.11"/>
            <property name="browser" value="Chrome 77.0.3865.90"/>
            <property name="hostAddress" value="172.27.25.220"/>
            <property name="sessionId" value="096c03bd07f34a882d613b86298078c5"/>
            <property name="seleniumVersion" value="3.141.59"/>
            <property name="proxyInformation" value="ProxyInformation{proxyOption=NO_PROXY, proxyServerType=HTTP, password=, proxyServerAddress=, proxyServerPort=0}"/>
            <property name="platform" value="Windows 8.1"/>
        </properties>
        <testcase name="Test Cases/PLPproductCount" classname="Test Cases/PLPproductCount" status="PASSED">
            <system-out>2019-09-20 13:43:58 - [TEST_CASE][PASSED] - Test Cases/PLPproductCount: Test Cases/PLPproductCount&#xD;
&#xD;
2019-09-20 13:43:58 - [TEST_STEP][PASSED] - i = 3: null&#xD;
&#xD;
2019-09-20 13:43:58 - [TEST_STEP][PASSED] - Resources.selectCity(): Object: 'Object Repository/Login/CitySelection' is clicked on&#xD;
&#xD;
2019-09-20 13:44:03 - [MESSAGE][PASSED] - Object: 'Object Repository/Login/CitySelection' is clicked on&#xD;
&#xD;
2019-09-20 13:44:03 - [TEST_STEP][PASSED] - Thread.sleep(2000): null&#xD;
&#xD;
2019-09-20 13:44:05 - [TEST_STEP][PASSED] - Resources.moveToMobiles(): Object: 'Object Repository/Category_Traverse/Mobiles' is clicked on&#xD;
&#xD;
2019-09-20 13:44:05 - [MESSAGE][PASSED] - Object: 'Object Repository/Category_Traverse/Categories' is clicked on&#xD;
&#xD;
2019-09-20 13:44:07 - [MESSAGE][PASSED] - Object 'Object Repository/Category_Traverse/Mobile and Electronics' is clickable&#xD;
&#xD;
2019-09-20 13:44:08 - [MESSAGE][PASSED] - Object: 'Object Repository/Category_Traverse/Mobile and Electronics' is hovered&#xD;
&#xD;
2019-09-20 13:44:12 - [MESSAGE][PASSED] - Object: 'Object Repository/Category_Traverse/Mobiles' is clicked on&#xD;
&#xD;
2019-09-20 13:44:12 - [TEST_STEP][PASSED] - Assert.assertFalse(Resources.checkifComparepopuppresent()): null&#xD;
&#xD;
2019-09-20 13:44:12 - [TEST_STEP][PASSED] - incrementCount = 0: null&#xD;
&#xD;
2019-09-20 13:44:12 - [TEST_STEP][PASSED] - count = new plp.CountProducts(): null&#xD;
&#xD;
2019-09-20 13:44:12 - [TEST_STEP][PASSED] - totalProductCount = Resources.getTotalCount(): Text of object 'Object Repository/PLPpage/TotalObjects' is: '(Showing 427 products)'&#xD;
&#xD;
2019-09-20 13:44:12 - [MESSAGE][PASSED] - Text of object 'Object Repository/PLPpage/TotalObjects' is: '(Showing 427 products)'&#xD;
&#xD;
2019-09-20 13:44:12 - [TEST_STEP][PASSED] - total = Resources.verifyLoadCount(i, totalProductCount, count): Web element with id: 'Object Repository/PLPpage/LoadElement' located by 'By.xpath: //div[@id='layer-product-list']/div["+i+"]/ol/li[30]' is present after '10' second(s)&#xD;
&#xD;
2019-09-20 13:44:17 - [MESSAGE][WARNING] - Web element with id: 'Object Repository/PLPpage/LoadElement' located by 'By.xpath: //div[@id='layer-product-list']/div["+i+"]/ol/li[30]' is present after '5' second(s)&#xD;
&#xD;
2019-09-20 13:44:28 - [MESSAGE][WARNING] - Web element with id: 'Object Repository/PLPpage/LoadElement' located by 'By.xpath: //div[@id='layer-product-list']/div["+i+"]/ol/li[30]' is present after '10' second(s)&#xD;
&#xD;
2019-09-20 13:44:33 - [MESSAGE][WARNING] - Web element with id: 'Object Repository/PLPpage/LoadElement' located by 'By.xpath: //div[@id='layer-product-list']/div["+i+"]/ol/li[30]' is present after '5' second(s)&#xD;
&#xD;
2019-09-20 13:44:43 - [MESSAGE][WARNING] - Web element with id: 'Object Repository/PLPpage/LoadElement' located by 'By.xpath: //div[@id='layer-product-list']/div["+i+"]/ol/li[30]' is present after '10' second(s)&#xD;
&#xD;
2019-09-20 13:44:49 - [MESSAGE][WARNING] - Web element with id: 'Object Repository/PLPpage/LoadElement' located by 'By.xpath: //div[@id='layer-product-list']/div["+i+"]/ol/li[30]' is present after '5' second(s)&#xD;
&#xD;
2019-09-20 13:44:59 - [MESSAGE][WARNING] - Web element with id: 'Object Repository/PLPpage/LoadElement' located by 'By.xpath: //div[@id='layer-product-list']/div["+i+"]/ol/li[30]' is present after '10' second(s)&#xD;
&#xD;
2019-09-20 13:45:05 - [MESSAGE][WARNING] - Web element with id: 'Object Repository/PLPpage/LoadElement' located by 'By.xpath: //div[@id='layer-product-list']/div["+i+"]/ol/li[30]' is present after '5' second(s)&#xD;
&#xD;
2019-09-20 13:45:15 - [MESSAGE][WARNING] - Web element with id: 'Object Repository/PLPpage/LoadElement' located by 'By.xpath: //div[@id='layer-product-list']/div["+i+"]/ol/li[30]' is present after '10' second(s)&#xD;
&#xD;
2019-09-20 13:45:21 - [MESSAGE][WARNING] - Web element with id: 'Object Repository/PLPpage/LoadElement' located by 'By.xpath: //div[@id='layer-product-list']/div["+i+"]/ol/li[30]' is present after '5' second(s)&#xD;
&#xD;
2019-09-20 13:45:31 - [MESSAGE][WARNING] - Web element with id: 'Object Repository/PLPpage/LoadElement' located by 'By.xpath: //div[@id='layer-product-list']/div["+i+"]/ol/li[30]' is present after '10' second(s)&#xD;
&#xD;
2019-09-20 13:45:36 - [MESSAGE][WARNING] - Web element with id: 'Object Repository/PLPpage/LoadElement' located by 'By.xpath: //div[@id='layer-product-list']/div["+i+"]/ol/li[30]' is present after '5' second(s)&#xD;
&#xD;
2019-09-20 13:45:47 - [MESSAGE][WARNING] - Web element with id: 'Object Repository/PLPpage/LoadElement' located by 'By.xpath: //div[@id='layer-product-list']/div["+i+"]/ol/li[30]' is present after '10' second(s)&#xD;
&#xD;
2019-09-20 13:45:52 - [MESSAGE][WARNING] - Web element with id: 'Object Repository/PLPpage/LoadElement' located by 'By.xpath: //div[@id='layer-product-list']/div["+i+"]/ol/li[30]' is present after '5' second(s)&#xD;
&#xD;
2019-09-20 13:46:03 - [MESSAGE][WARNING] - Web element with id: 'Object Repository/PLPpage/LoadElement' located by 'By.xpath: //div[@id='layer-product-list']/div["+i+"]/ol/li[30]' is present after '10' second(s)&#xD;
&#xD;
2019-09-20 13:46:09 - [MESSAGE][WARNING] - Web element with id: 'Object Repository/PLPpage/LoadElement' located by 'By.xpath: //div[@id='layer-product-list']/div["+i+"]/ol/li[30]' is present after '5' second(s)&#xD;
&#xD;
2019-09-20 13:46:19 - [MESSAGE][WARNING] - Web element with id: 'Object Repository/PLPpage/LoadElement' located by 'By.xpath: //div[@id='layer-product-list']/div["+i+"]/ol/li[30]' is present after '10' second(s)&#xD;
&#xD;
2019-09-20 13:46:25 - [MESSAGE][WARNING] - Web element with id: 'Object Repository/PLPpage/LoadElement' located by 'By.xpath: //div[@id='layer-product-list']/div["+i+"]/ol/li[30]' is present after '5' second(s)&#xD;
&#xD;
2019-09-20 13:46:35 - [MESSAGE][WARNING] - Web element with id: 'Object Repository/PLPpage/LoadElement' located by 'By.xpath: //div[@id='layer-product-list']/div["+i+"]/ol/li[30]' is present after '10' second(s)&#xD;
&#xD;
2019-09-20 13:46:41 - [MESSAGE][WARNING] - Web element with id: 'Object Repository/PLPpage/LoadElement' located by 'By.xpath: //div[@id='layer-product-list']/div["+i+"]/ol/li[30]' is present after '5' second(s)&#xD;
&#xD;
2019-09-20 13:46:51 - [MESSAGE][WARNING] - Web element with id: 'Object Repository/PLPpage/LoadElement' located by 'By.xpath: //div[@id='layer-product-list']/div["+i+"]/ol/li[30]' is present after '10' second(s)&#xD;
&#xD;
2019-09-20 13:46:57 - [MESSAGE][WARNING] - Web element with id: 'Object Repository/PLPpage/LoadElement' located by 'By.xpath: //div[@id='layer-product-list']/div["+i+"]/ol/li[30]' is present after '5' second(s)&#xD;
&#xD;
2019-09-20 13:47:07 - [MESSAGE][WARNING] - Web element with id: 'Object Repository/PLPpage/LoadElement' located by 'By.xpath: //div[@id='layer-product-list']/div["+i+"]/ol/li[30]' is present after '10' second(s)&#xD;
&#xD;
2019-09-20 13:47:13 - [MESSAGE][WARNING] - Web element with id: 'Object Repository/PLPpage/LoadElement' located by 'By.xpath: //div[@id='layer-product-list']/div["+i+"]/ol/li[30]' is present after '5' second(s)&#xD;
&#xD;
2019-09-20 13:47:23 - [MESSAGE][WARNING] - Web element with id: 'Object Repository/PLPpage/LoadElement' located by 'By.xpath: //div[@id='layer-product-list']/div["+i+"]/ol/li[30]' is present after '10' second(s)&#xD;
&#xD;
2019-09-20 13:47:29 - [MESSAGE][WARNING] - Web element with id: 'Object Repository/PLPpage/LoadElement' located by 'By.xpath: //div[@id='layer-product-list']/div["+i+"]/ol/li[30]' is present after '5' second(s)&#xD;
&#xD;
2019-09-20 13:47:40 - [MESSAGE][WARNING] - Web element with id: 'Object Repository/PLPpage/LoadElement' located by 'By.xpath: //div[@id='layer-product-list']/div["+i+"]/ol/li[30]' is present after '10' second(s)&#xD;
&#xD;
2019-09-20 13:47:45 - [MESSAGE][WARNING] - Web element with id: 'Object Repository/PLPpage/LoadElement' located by 'By.xpath: //div[@id='layer-product-list']/div["+i+"]/ol/li[30]' is present after '5' second(s)&#xD;
&#xD;
2019-09-20 13:47:56 - [MESSAGE][WARNING] - Web element with id: 'Object Repository/PLPpage/LoadElement' located by 'By.xpath: //div[@id='layer-product-list']/div["+i+"]/ol/li[30]' is present after '10' second(s)&#xD;
&#xD;
2019-09-20 13:48:02 - [MESSAGE][WARNING] - Web element with id: 'Object Repository/PLPpage/LoadElement' located by 'By.xpath: //div[@id='layer-product-list']/div["+i+"]/ol/li[30]' is present after '5' second(s)&#xD;
&#xD;
2019-09-20 13:48:12 - [MESSAGE][WARNING] - Web element with id: 'Object Repository/PLPpage/LoadElement' located by 'By.xpath: //div[@id='layer-product-list']/div["+i+"]/ol/li[30]' is present after '10' second(s)&#xD;
&#xD;
2019-09-20 13:48:18 - [MESSAGE][WARNING] - Web element with id: 'Object Repository/PLPpage/LoadElement' located by 'By.xpath: //div[@id='layer-product-list']/div["+i+"]/ol/li[30]' is present after '5' second(s)&#xD;
&#xD;
2019-09-20 13:48:29 - [MESSAGE][WARNING] - Web element with id: 'Object Repository/PLPpage/LoadElement' located by 'By.xpath: //div[@id='layer-product-list']/div["+i+"]/ol/li[30]' is present after '10' second(s)&#xD;
&#xD;
2019-09-20 13:48:29 - [TEST_STEP][PASSED] - Assert.assertEquals(total, totalProductCount): null&#xD;
&#xD;
2019-09-20 13:48:29 - [TEST_STEP][PASSED] - Start tear down : tearDownTestCase: Method 'tearDownTestCase' complete successfully&#xD;
&#xD;
2019-09-20 13:48:29 - [TEST_STEP][PASSED] - Thread.sleep(3000): null&#xD;
&#xD;
2019-09-20 13:48:32 - [MESSAGE][PASSED] - Method 'tearDownTestCase' complete successfully</system-out>
            <system-err></system-err>
        </testcase>
        <testcase name="Test Cases/SortLowertoHigherCheck" classname="Test Cases/SortLowertoHigherCheck" status="PASSED">
            <system-out>2019-09-20 13:48:32 - [TEST_CASE][PASSED] - Test Cases/SortLowertoHigherCheck: Test Cases/SortLowertoHigherCheck&#xD;
&#xD;
2019-09-20 13:48:32 - [TEST_STEP][PASSED] - i = 3: null&#xD;
&#xD;
2019-09-20 13:48:32 - [TEST_STEP][PASSED] - driver = getWebDriver(): null&#xD;
&#xD;
2019-09-20 13:48:32 - [TEST_STEP][PASSED] - mouseOver(findTestObject("Object Repository/PLPpage/PLP_Title")): Object: 'Object Repository/PLPpage/PLP_Title' is hovered&#xD;
&#xD;
2019-09-20 13:48:32 - [MESSAGE][PASSED] - Object: 'Object Repository/PLPpage/PLP_Title' is hovered&#xD;
&#xD;
2019-09-20 13:48:32 - [TEST_STEP][PASSED] - totalProducts = Resources.getTotalCount(): Text of object 'Object Repository/PLPpage/TotalObjects' is: '(Showing 427 products)'&#xD;
&#xD;
2019-09-20 13:48:32 - [MESSAGE][PASSED] - Text of object 'Object Repository/PLPpage/TotalObjects' is: '(Showing 427 products)'&#xD;
&#xD;
2019-09-20 13:48:32 - [TEST_STEP][PASSED] - emiPrice = new java.util.ArrayList(): null&#xD;
&#xD;
2019-09-20 13:48:32 - [TEST_STEP][PASSED] - emiPrice.addAll(Resources.getallEMIValues(i, totalProducts)): null&#xD;
&#xD;
2019-09-20 13:50:21 - [TEST_STEP][PASSED] - println(emiPrice): null&#xD;
&#xD;
2019-09-20 13:50:21 - [TEST_STEP][PASSED] - for ([j = 0, j &lt; emiPrice.size() - 1, (j++)]): null&#xD;
&#xD;
2019-09-20 13:50:21 - [TEST_STEP][PASSED] - k = j + 1: null&#xD;
&#xD;
2019-09-20 13:50:21 - [TEST_STEP][PASSED] - if (emiPrice.get(j) &lt;= emiPrice.get(k)): null&#xD;
&#xD;
2019-09-20 13:50:21 - [TEST_STEP][PASSED] - &lt;not implemented yet for class: org.codehaus.groovy.ast.stmt.ContinueStatement&gt;: null&#xD;
&#xD;
2019-09-20 13:50:21 - [TEST_STEP][PASSED] - k = j + 1: null&#xD;
&#xD;
2019-09-20 13:50:21 - [TEST_STEP][PASSED] - if (emiPrice.get(j) &lt;= emiPrice.get(k)): null&#xD;
&#xD;
2019-09-20 13:50:21 - [TEST_STEP][PASSED] - &lt;not implemented yet for class: org.codehaus.groovy.ast.stmt.ContinueStatement&gt;: null&#xD;
&#xD;
2019-09-20 13:50:21 - [TEST_STEP][PASSED] - k = j + 1: null&#xD;
&#xD;
2019-09-20 13:50:21 - [TEST_STEP][PASSED] - if (emiPrice.get(j) &lt;= emiPrice.get(k)): null&#xD;
&#xD;
2019-09-20 13:50:21 - [TEST_STEP][PASSED] - &lt;not implemented yet for class: org.codehaus.groovy.ast.stmt.ContinueStatement&gt;: null&#xD;
&#xD;
2019-09-20 13:50:21 - [TEST_STEP][PASSED] - k = j + 1: null&#xD;
&#xD;
2019-09-20 13:50:21 - [TEST_STEP][PASSED] - if (emiPrice.get(j) &lt;= emiPrice.get(k)): null&#xD;
&#xD;
2019-09-20 13:50:21 - [TEST_STEP][PASSED] - &lt;not implemented yet for class: org.codehaus.groovy.ast.stmt.ContinueStatement&gt;: null&#xD;
&#xD;
2019-09-20 13:50:21 - [TEST_STEP][PASSED] - k = j + 1: null&#xD;
&#xD;
2019-09-20 13:50:21 - [TEST_STEP][PASSED] - if (emiPrice.get(j) &lt;= emiPrice.get(k)): null&#xD;
&#xD;
2019-09-20 13:50:21 - [TEST_STEP][PASSED] - &lt;not implemented yet for class: org.codehaus.groovy.ast.stmt.ContinueStatement&gt;: null&#xD;
&#xD;
2019-09-20 13:50:21 - [TEST_STEP][PASSED] - k = j + 1: null&#xD;
&#xD;
2019-09-20 13:50:21 - [TEST_STEP][PASSED] - if (emiPrice.get(j) &lt;= emiPrice.get(k)): null&#xD;
&#xD;
2019-09-20 13:50:21 - [TEST_STEP][PASSED] - &lt;not implemented yet for class: org.codehaus.groovy.ast.stmt.ContinueStatement&gt;: null&#xD;
&#xD;
2019-09-20 13:50:21 - [TEST_STEP][PASSED] - k = j + 1: null&#xD;
&#xD;
2019-09-20 13:50:21 - [TEST_STEP][PASSED] - if (emiPrice.get(j) &lt;= emiPrice.get(k)): null&#xD;
&#xD;
2019-09-20 13:50:21 - [TEST_STEP][PASSED] - &lt;not implemented yet for class: org.codehaus.groovy.ast.stmt.ContinueStatement&gt;: null&#xD;
&#xD;
2019-09-20 13:50:21 - [TEST_STEP][PASSED] - k = j + 1: null&#xD;
&#xD;
2019-09-20 13:50:21 - [TEST_STEP][PASSED] - if (emiPrice.get(j) &lt;= emiPrice.get(k)): null&#xD;
&#xD;
2019-09-20 13:50:21 - [TEST_STEP][PASSED] - &lt;not implemented yet for class: org.codehaus.groovy.ast.stmt.ContinueStatement&gt;: null&#xD;
&#xD;
2019-09-20 13:50:21 - [TEST_STEP][PASSED] - k = j + 1: null&#xD;
&#xD;
2019-09-20 13:50:21 - [TEST_STEP][PASSED] - if (emiPrice.get(j) &lt;= emiPrice.get(k)): null&#xD;
&#xD;
2019-09-20 13:50:21 - [TEST_STEP][PASSED] - &lt;not implemented yet for class: org.codehaus.groovy.ast.stmt.ContinueStatement&gt;: null&#xD;
&#xD;
2019-09-20 13:50:21 - [TEST_STEP][PASSED] - k = j + 1: null&#xD;
&#xD;
2019-09-20 13:50:21 - [TEST_STEP][PASSED] - if (emiPrice.get(j) &lt;= emiPrice.get(k)): null&#xD;
&#xD;
2019-09-20 13:50:21 - [TEST_STEP][PASSED] - &lt;not implemented yet for class: org.codehaus.groovy.ast.stmt.ContinueStatement&gt;: null&#xD;
&#xD;
2019-09-20 13:50:21 - [TEST_STEP][PASSED] - k = j + 1: null&#xD;
&#xD;
2019-09-20 13:50:21 - [TEST_STEP][PASSED] - if (emiPrice.get(j) &lt;= emiPrice.get(k)): null&#xD;
&#xD;
2019-09-20 13:50:21 - [TEST_STEP][PASSED] - &lt;not implemented yet for class: org.codehaus.groovy.ast.stmt.ContinueStatement&gt;: null&#xD;
&#xD;
2019-09-20 13:50:21 - [TEST_STEP][PASSED] - k = j + 1: null&#xD;
&#xD;
2019-09-20 13:50:21 - [TEST_STEP][PASSED] - if (emiPrice.get(j) &lt;= emiPrice.get(k)): null&#xD;
&#xD;
2019-09-20 13:50:21 - [TEST_STEP][PASSED] - &lt;not implemented yet for class: org.codehaus.groovy.ast.stmt.ContinueStatement&gt;: null&#xD;
&#xD;
2019-09-20 13:50:21 - [TEST_STEP][PASSED] - k = j + 1: null&#xD;
&#xD;
2019-09-20 13:50:21 - [TEST_STEP][PASSED] - if (emiPrice.get(j) &lt;= emiPrice.get(k)): null&#xD;
&#xD;
2019-09-20 13:50:21 - [TEST_STEP][PASSED] - &lt;not implemented yet for class: org.codehaus.groovy.ast.stmt.ContinueStatement&gt;: null&#xD;
&#xD;
2019-09-20 13:50:21 - [TEST_STEP][PASSED] - k = j + 1: null&#xD;
&#xD;
2019-09-20 13:50:21 - [TEST_STEP][PASSED] - if (emiPrice.get(j) &lt;= emiPrice.get(k)): null&#xD;
&#xD;
2019-09-20 13:50:21 - [TEST_STEP][PASSED] - &lt;not implemented yet for class: org.codehaus.groovy.ast.stmt.ContinueStatement&gt;: null&#xD;
&#xD;
2019-09-20 13:50:21 - [TEST_STEP][PASSED] - k = j + 1: null&#xD;
&#xD;
2019-09-20 13:50:21 - [TEST_STEP][PASSED] - if (emiPrice.get(j) &lt;= emiPrice.get(k)): null&#xD;
&#xD;
2019-09-20 13:50:21 - [TEST_STEP][PASSED] - &lt;not implemented yet for class: org.codehaus.groovy.ast.stmt.ContinueStatement&gt;: null&#xD;
&#xD;
2019-09-20 13:50:21 - [TEST_STEP][PASSED] - k = j + 1: null&#xD;
&#xD;
2019-09-20 13:50:21 - [TEST_STEP][PASSED] - if (emiPrice.get(j) &lt;= emiPrice.get(k)): null&#xD;
&#xD;
2019-09-20 13:50:21 - [TEST_STEP][PASSED] - &lt;not implemented yet for class: org.codehaus.groovy.ast.stmt.ContinueStatement&gt;: null&#xD;
&#xD;
2019-09-20 13:50:21 - [TEST_STEP][PASSED] - k = j + 1: null&#xD;
&#xD;
2019-09-20 13:50:21 - [TEST_STEP][PASSED] - if (emiPrice.get(j) &lt;= emiPrice.get(k)): null&#xD;
&#xD;
2019-09-20 13:50:21 - [TEST_STEP][PASSED] - &lt;not implemented yet for class: org.codehaus.groovy.ast.stmt.ContinueStatement&gt;: null&#xD;
&#xD;
2019-09-20 13:50:21 - [TEST_STEP][PASSED] - k = j + 1: null&#xD;
&#xD;
2019-09-20 13:50:21 - [TEST_STEP][PASSED] - if (emiPrice.get(j) &lt;= emiPrice.get(k)): null&#xD;
&#xD;
2019-09-20 13:50:21 - [TEST_STEP][PASSED] - &lt;not implemented yet for class: org.codehaus.groovy.ast.stmt.ContinueStatement&gt;: null&#xD;
&#xD;
2019-09-20 13:50:21 - [TEST_STEP][PASSED] - k = j + 1: null&#xD;
&#xD;
2019-09-20 13:50:21 - [TEST_STEP][PASSED] - if (emiPrice.get(j) &lt;= emiPrice.get(k)): null&#xD;
&#xD;
2019-09-20 13:50:21 - [TEST_STEP][PASSED] - &lt;not implemented yet for class: org.codehaus.groovy.ast.stmt.ContinueStatement&gt;: null&#xD;
&#xD;
2019-09-20 13:50:21 - [TEST_STEP][PASSED] - k = j + 1: null&#xD;
&#xD;
2019-09-20 13:50:21 - [TEST_STEP][PASSED] - if (emiPrice.get(j) &lt;= emiPrice.get(k)): null&#xD;
&#xD;
2019-09-20 13:50:21 - [TEST_STEP][PASSED] - &lt;not implemented yet for class: org.codehaus.groovy.ast.stmt.ContinueStatement&gt;: null&#xD;
&#xD;
2019-09-20 13:50:21 - [TEST_STEP][PASSED] - k = j + 1: null&#xD;
&#xD;
2019-09-20 13:50:21 - [TEST_STEP][PASSED] - if (emiPrice.get(j) &lt;= emiPrice.get(k)): null&#xD;
&#xD;
2019-09-20 13:50:21 - [TEST_STEP][PASSED] - &lt;not implemented yet for class: org.codehaus.groovy.ast.stmt.ContinueStatement&gt;: null&#xD;
&#xD;
2019-09-20 13:50:21 - [TEST_STEP][PASSED] - k = j + 1: null&#xD;
&#xD;
2019-09-20 13:50:21 - [TEST_STEP][PASSED] - if (emiPrice.get(j) &lt;= emiPrice.get(k)): null&#xD;
&#xD;
2019-09-20 13:50:21 - [TEST_STEP][PASSED] - &lt;not implemented yet for class: org.codehaus.groovy.ast.stmt.ContinueStatement&gt;: null&#xD;
&#xD;
2019-09-20 13:50:21 - [TEST_STEP][PASSED] - k = j + 1: null&#xD;
&#xD;
2019-09-20 13:50:21 - [TEST_STEP][PASSED] - if (emiPrice.get(j) &lt;= emiPrice.get(k)): null&#xD;
&#xD;
2019-09-20 13:50:21 - [TEST_STEP][PASSED] - &lt;not implemented yet for class: org.codehaus.groovy.ast.stmt.ContinueStatement&gt;: null&#xD;
&#xD;
2019-09-20 13:50:21 - [TEST_STEP][PASSED] - k = j + 1: null&#xD;
&#xD;
2019-09-20 13:50:21 - [TEST_STEP][PASSED] - if (emiPrice.get(j) &lt;= emiPrice.get(k)): null&#xD;
&#xD;
2019-09-20 13:50:21 - [TEST_STEP][PASSED] - &lt;not implemented yet for class: org.codehaus.groovy.ast.stmt.ContinueStatement&gt;: null&#xD;
&#xD;
2019-09-20 13:50:21 - [TEST_STEP][PASSED] - k = j + 1: null&#xD;
&#xD;
2019-09-20 13:50:21 - [TEST_STEP][PASSED] - if (emiPrice.get(j) &lt;= emiPrice.get(k)): null&#xD;
&#xD;
2019-09-20 13:50:21 - [TEST_STEP][PASSED] - &lt;not implemented yet for class: org.codehaus.groovy.ast.stmt.ContinueStatement&gt;: null&#xD;
&#xD;
2019-09-20 13:50:21 - [TEST_STEP][PASSED] - k = j + 1: null&#xD;
&#xD;
2019-09-20 13:50:21 - [TEST_STEP][PASSED] - if (emiPrice.get(j) &lt;= emiPrice.get(k)): null&#xD;
&#xD;
2019-09-20 13:50:21 - [TEST_STEP][PASSED] - &lt;not implemented yet for class: org.codehaus.groovy.ast.stmt.ContinueStatement&gt;: null&#xD;
&#xD;
2019-09-20 13:50:21 - [TEST_STEP][PASSED] - k = j + 1: null&#xD;
&#xD;
2019-09-20 13:50:21 - [TEST_STEP][PASSED] - if (emiPrice.get(j) &lt;= emiPrice.get(k)): null&#xD;
&#xD;
2019-09-20 13:50:21 - [TEST_STEP][PASSED] - &lt;not implemented yet for class: org.codehaus.groovy.ast.stmt.ContinueStatement&gt;: null&#xD;
&#xD;
2019-09-20 13:50:21 - [TEST_STEP][PASSED] - k = j + 1: null&#xD;
&#xD;
2019-09-20 13:50:21 - [TEST_STEP][PASSED] - if (emiPrice.get(j) &lt;= emiPrice.get(k)): null&#xD;
&#xD;
2019-09-20 13:50:21 - [TEST_STEP][PASSED] - &lt;not implemented yet for class: org.codehaus.groovy.ast.stmt.ContinueStatement&gt;: null&#xD;
&#xD;
2019-09-20 13:50:21 - [TEST_STEP][PASSED] - k = j + 1: null&#xD;
&#xD;
2019-09-20 13:50:21 - [TEST_STEP][PASSED] - if (emiPrice.get(j) &lt;= emiPrice.get(k)): null&#xD;
&#xD;
2019-09-20 13:50:21 - [TEST_STEP][PASSED] - &lt;not implemented yet for class: org.codehaus.groovy.ast.stmt.ContinueStatement&gt;: null&#xD;
&#xD;
2019-09-20 13:50:21 - [TEST_STEP][PASSED] - k = j + 1: null&#xD;
&#xD;
2019-09-20 13:50:21 - [TEST_STEP][PASSED] - if (emiPrice.get(j) &lt;= emiPrice.get(k)): null&#xD;
&#xD;
2019-09-20 13:50:21 - [TEST_STEP][PASSED] - &lt;not implemented yet for class: org.codehaus.groovy.ast.stmt.ContinueStatement&gt;: null&#xD;
&#xD;
2019-09-20 13:50:21 - [TEST_STEP][PASSED] - k = j + 1: null&#xD;
&#xD;
2019-09-20 13:50:21 - [TEST_STEP][PASSED] - if (emiPrice.get(j) &lt;= emiPrice.get(k)): null&#xD;
&#xD;
2019-09-20 13:50:21 - [TEST_STEP][PASSED] - &lt;not implemented yet for class: org.codehaus.groovy.ast.stmt.ContinueStatement&gt;: null&#xD;
&#xD;
2019-09-20 13:50:21 - [TEST_STEP][PASSED] - k = j + 1: null&#xD;
&#xD;
2019-09-20 13:50:21 - [TEST_STEP][PASSED] - if (emiPrice.get(j) &lt;= emiPrice.get(k)): null&#xD;
&#xD;
2019-09-20 13:50:21 - [TEST_STEP][PASSED] - &lt;not implemented yet for class: org.codehaus.groovy.ast.stmt.ContinueStatement&gt;: null&#xD;
&#xD;
2019-09-20 13:50:21 - [TEST_STEP][PASSED] - k = j + 1: null&#xD;
&#xD;
2019-09-20 13:50:21 - [TEST_STEP][PASSED] - if (emiPrice.get(j) &lt;= emiPrice.get(k)): null&#xD;
&#xD;
2019-09-20 13:50:21 - [TEST_STEP][PASSED] - &lt;not implemented yet for class: org.codehaus.groovy.ast.stmt.ContinueStatement&gt;: null&#xD;
&#xD;
2019-09-20 13:50:21 - [TEST_STEP][PASSED] - k = j + 1: null&#xD;
&#xD;
2019-09-20 13:50:21 - [TEST_STEP][PASSED] - if (emiPrice.get(j) &lt;= emiPrice.get(k)): null&#xD;
&#xD;
2019-09-20 13:50:21 - [TEST_STEP][PASSED] - &lt;not implemented yet for class: org.codehaus.groovy.ast.stmt.ContinueStatement&gt;: null&#xD;
&#xD;
2019-09-20 13:50:21 - [TEST_STEP][PASSED] - k = j + 1: null&#xD;
&#xD;
2019-09-20 13:50:21 - [TEST_STEP][PASSED] - if (emiPrice.get(j) &lt;= emiPrice.get(k)): null&#xD;
&#xD;
2019-09-20 13:50:21 - [TEST_STEP][PASSED] - &lt;not implemented yet for class: org.codehaus.groovy.ast.stmt.ContinueStatement&gt;: null&#xD;
&#xD;
2019-09-20 13:50:21 - [TEST_STEP][PASSED] - k = j + 1: null&#xD;
&#xD;
2019-09-20 13:50:21 - [TEST_STEP][PASSED] - if (emiPrice.get(j) &lt;= emiPrice.get(k)): null&#xD;
&#xD;
2019-09-20 13:50:21 - [TEST_STEP][PASSED] - &lt;not implemented yet for class: org.codehaus.groovy.ast.stmt.ContinueStatement&gt;: null&#xD;
&#xD;
2019-09-20 13:50:21 - [TEST_STEP][PASSED] - k = j + 1: null&#xD;
&#xD;
2019-09-20 13:50:21 - [TEST_STEP][PASSED] - if (emiPrice.get(j) &lt;= emiPrice.get(k)): null&#xD;
&#xD;
2019-09-20 13:50:21 - [TEST_STEP][PASSED] - &lt;not implemented yet for class: org.codehaus.groovy.ast.stmt.ContinueStatement&gt;: null&#xD;
&#xD;
2019-09-20 13:50:21 - [TEST_STEP][PASSED] - k = j + 1: null&#xD;
&#xD;
2019-09-20 13:50:21 - [TEST_STEP][PASSED] - if (emiPrice.get(j) &lt;= emiPrice.get(k)): null&#xD;
&#xD;
2019-09-20 13:50:21 - [TEST_STEP][PASSED] - &lt;not implemented yet for class: org.codehaus.groovy.ast.stmt.ContinueStatement&gt;: null&#xD;
&#xD;
2019-09-20 13:50:21 - [TEST_STEP][PASSED] - k = j + 1: null&#xD;
&#xD;
2019-09-20 13:50:21 - [TEST_STEP][PASSED] - if (emiPrice.get(j) &lt;= emiPrice.get(k)): null&#xD;
&#xD;
2019-09-20 13:50:21 - [TEST_STEP][PASSED] - &lt;not implemented yet for class: org.codehaus.groovy.ast.stmt.ContinueStatement&gt;: null&#xD;
&#xD;
2019-09-20 13:50:21 - [TEST_STEP][PASSED] - k = j + 1: null&#xD;
&#xD;
2019-09-20 13:50:21 - [TEST_STEP][PASSED] - if (emiPrice.get(j) &lt;= emiPrice.get(k)): null&#xD;
&#xD;
2019-09-20 13:50:21 - [TEST_STEP][PASSED] - &lt;not implemented yet for class: org.codehaus.groovy.ast.stmt.ContinueStatement&gt;: null&#xD;
&#xD;
2019-09-20 13:50:21 - [TEST_STEP][PASSED] - k = j + 1: null&#xD;
&#xD;
2019-09-20 13:50:21 - [TEST_STEP][PASSED] - if (emiPrice.get(j) &lt;= emiPrice.get(k)): null&#xD;
&#xD;
2019-09-20 13:50:21 - [TEST_STEP][PASSED] - &lt;not implemented yet for class: org.codehaus.groovy.ast.stmt.ContinueStatement&gt;: null&#xD;
&#xD;
2019-09-20 13:50:21 - [TEST_STEP][PASSED] - k = j + 1: null&#xD;
&#xD;
2019-09-20 13:50:21 - [TEST_STEP][PASSED] - if (emiPrice.get(j) &lt;= emiPrice.get(k)): null&#xD;
&#xD;
2019-09-20 13:50:21 - [TEST_STEP][PASSED] - &lt;not implemented yet for class: org.codehaus.groovy.ast.stmt.ContinueStatement&gt;: null&#xD;
&#xD;
2019-09-20 13:50:21 - [TEST_STEP][PASSED] - k = j + 1: null&#xD;
&#xD;
2019-09-20 13:50:21 - [TEST_STEP][PASSED] - if (emiPrice.get(j) &lt;= emiPrice.get(k)): null&#xD;
&#xD;
2019-09-20 13:50:21 - [TEST_STEP][PASSED] - &lt;not implemented yet for class: org.codehaus.groovy.ast.stmt.ContinueStatement&gt;: null&#xD;
&#xD;
2019-09-20 13:50:21 - [TEST_STEP][PASSED] - k = j + 1: null&#xD;
&#xD;
2019-09-20 13:50:21 - [TEST_STEP][PASSED] - if (emiPrice.get(j) &lt;= emiPrice.get(k)): null&#xD;
&#xD;
2019-09-20 13:50:21 - [TEST_STEP][PASSED] - &lt;not implemented yet for class: org.codehaus.groovy.ast.stmt.ContinueStatement&gt;: null&#xD;
&#xD;
2019-09-20 13:50:21 - [TEST_STEP][PASSED] - k = j + 1: null&#xD;
&#xD;
2019-09-20 13:50:21 - [TEST_STEP][PASSED] - if (emiPrice.get(j) &lt;= emiPrice.get(k)): null&#xD;
&#xD;
2019-09-20 13:50:21 - [TEST_STEP][PASSED] - &lt;not implemented yet for class: org.codehaus.groovy.ast.stmt.ContinueStatement&gt;: null&#xD;
&#xD;
2019-09-20 13:50:21 - [TEST_STEP][PASSED] - k = j + 1: null&#xD;
&#xD;
2019-09-20 13:50:21 - [TEST_STEP][PASSED] - if (emiPrice.get(j) &lt;= emiPrice.get(k)): null&#xD;
&#xD;
2019-09-20 13:50:21 - [TEST_STEP][PASSED] - &lt;not implemented yet for class: org.codehaus.groovy.ast.stmt.ContinueStatement&gt;: null&#xD;
&#xD;
2019-09-20 13:50:21 - [TEST_STEP][PASSED] - k = j + 1: null&#xD;
&#xD;
2019-09-20 13:50:21 - [TEST_STEP][PASSED] - if (emiPrice.get(j) &lt;= emiPrice.get(k)): null&#xD;
&#xD;
2019-09-20 13:50:21 - [TEST_STEP][PASSED] - &lt;not implemented yet for class: org.codehaus.groovy.ast.stmt.ContinueStatement&gt;: null&#xD;
&#xD;
2019-09-20 13:50:21 - [TEST_STEP][PASSED] - k = j + 1: null&#xD;
&#xD;
2019-09-20 13:50:21 - [TEST_STEP][PASSED] - if (emiPrice.get(j) &lt;= emiPrice.get(k)): null&#xD;
&#xD;
2019-09-20 13:50:21 - [TEST_STEP][PASSED] - &lt;not implemented yet for class: org.codehaus.groovy.ast.stmt.ContinueStatement&gt;: null&#xD;
&#xD;
2019-09-20 13:50:21 - [TEST_STEP][PASSED] - k = j + 1: null&#xD;
&#xD;
2019-09-20 13:50:21 - [TEST_STEP][PASSED] - if (emiPrice.get(j) &lt;= emiPrice.get(k)): null&#xD;
&#xD;
2019-09-20 13:50:21 - [TEST_STEP][PASSED] - &lt;not implemented yet for class: org.codehaus.groovy.ast.stmt.ContinueStatement&gt;: null&#xD;
&#xD;
2019-09-20 13:50:21 - [TEST_STEP][PASSED] - k = j + 1: null&#xD;
&#xD;
2019-09-20 13:50:21 - [TEST_STEP][PASSED] - if (emiPrice.get(j) &lt;= emiPrice.get(k)): null&#xD;
&#xD;
2019-09-20 13:50:21 - [TEST_STEP][PASSED] - &lt;not implemented yet for class: org.codehaus.groovy.ast.stmt.ContinueStatement&gt;: null&#xD;
&#xD;
2019-09-20 13:50:21 - [TEST_STEP][PASSED] - k = j + 1: null&#xD;
&#xD;
2019-09-20 13:50:21 - [TEST_STEP][PASSED] - if (emiPrice.get(j) &lt;= emiPrice.get(k)): null&#xD;
&#xD;
2019-09-20 13:50:21 - [TEST_STEP][PASSED] - &lt;not implemented yet for class: org.codehaus.groovy.ast.stmt.ContinueStatement&gt;: null&#xD;
&#xD;
2019-09-20 13:50:21 - [TEST_STEP][PASSED] - k = j + 1: null&#xD;
&#xD;
2019-09-20 13:50:21 - [TEST_STEP][PASSED] - if (emiPrice.get(j) &lt;= emiPrice.get(k)): null&#xD;
&#xD;
2019-09-20 13:50:21 - [TEST_STEP][PASSED] - &lt;not implemented yet for class: org.codehaus.groovy.ast.stmt.ContinueStatement&gt;: null&#xD;
&#xD;
2019-09-20 13:50:21 - [TEST_STEP][PASSED] - k = j + 1: null&#xD;
&#xD;
2019-09-20 13:50:21 - [TEST_STEP][PASSED] - if (emiPrice.get(j) &lt;= emiPrice.get(k)): null&#xD;
&#xD;
2019-09-20 13:50:21 - [TEST_STEP][PASSED] - &lt;not implemented yet for class: org.codehaus.groovy.ast.stmt.ContinueStatement&gt;: null&#xD;
&#xD;
2019-09-20 13:50:21 - [TEST_STEP][PASSED] - k = j + 1: null&#xD;
&#xD;
2019-09-20 13:50:21 - [TEST_STEP][PASSED] - if (emiPrice.get(j) &lt;= emiPrice.get(k)): null&#xD;
&#xD;
2019-09-20 13:50:21 - [TEST_STEP][PASSED] - &lt;not implemented yet for class: org.codehaus.groovy.ast.stmt.ContinueStatement&gt;: null&#xD;
&#xD;
2019-09-20 13:50:21 - [TEST_STEP][PASSED] - k = j + 1: null&#xD;
&#xD;
2019-09-20 13:50:21 - [TEST_STEP][PASSED] - if (emiPrice.get(j) &lt;= emiPrice.get(k)): null&#xD;
&#xD;
2019-09-20 13:50:21 - [TEST_STEP][PASSED] - &lt;not implemented yet for class: org.codehaus.groovy.ast.stmt.ContinueStatement&gt;: null&#xD;
&#xD;
2019-09-20 13:50:21 - [TEST_STEP][PASSED] - k = j + 1: null&#xD;
&#xD;
2019-09-20 13:50:21 - [TEST_STEP][PASSED] - if (emiPrice.get(j) &lt;= emiPrice.get(k)): null&#xD;
&#xD;
2019-09-20 13:50:21 - [TEST_STEP][PASSED] - &lt;not implemented yet for class: org.codehaus.groovy.ast.stmt.ContinueStatement&gt;: null&#xD;
&#xD;
2019-09-20 13:50:21 - [TEST_STEP][PASSED] - k = j + 1: null&#xD;
&#xD;
2019-09-20 13:50:21 - [TEST_STEP][PASSED] - if (emiPrice.get(j) &lt;= emiPrice.get(k)): null&#xD;
&#xD;
2019-09-20 13:50:21 - [TEST_STEP][PASSED] - &lt;not implemented yet for class: org.codehaus.groovy.ast.stmt.ContinueStatement&gt;: null&#xD;
&#xD;
2019-09-20 13:50:21 - [TEST_STEP][PASSED] - k = j + 1: null&#xD;
&#xD;
2019-09-20 13:50:21 - [TEST_STEP][PASSED] - if (emiPrice.get(j) &lt;= emiPrice.get(k)): null&#xD;
&#xD;
2019-09-20 13:50:21 - [TEST_STEP][PASSED] - &lt;not implemented yet for class: org.codehaus.groovy.ast.stmt.ContinueStatement&gt;: null&#xD;
&#xD;
2019-09-20 13:50:21 - [TEST_STEP][PASSED] - k = j + 1: null&#xD;
&#xD;
2019-09-20 13:50:21 - [TEST_STEP][PASSED] - if (emiPrice.get(j) &lt;= emiPrice.get(k)): null&#xD;
&#xD;
2019-09-20 13:50:21 - [TEST_STEP][PASSED] - &lt;not implemented yet for class: org.codehaus.groovy.ast.stmt.ContinueStatement&gt;: null&#xD;
&#xD;
2019-09-20 13:50:21 - [TEST_STEP][PASSED] - k = j + 1: null&#xD;
&#xD;
2019-09-20 13:50:21 - [TEST_STEP][PASSED] - if (emiPrice.get(j) &lt;= emiPrice.get(k)): null&#xD;
&#xD;
2019-09-20 13:50:21 - [TEST_STEP][PASSED] - &lt;not implemented yet for class: org.codehaus.groovy.ast.stmt.ContinueStatement&gt;: null&#xD;
&#xD;
2019-09-20 13:50:21 - [TEST_STEP][PASSED] - k = j + 1: null&#xD;
&#xD;
2019-09-20 13:50:21 - [TEST_STEP][PASSED] - if (emiPrice.get(j) &lt;= emiPrice.get(k)): null&#xD;
&#xD;
2019-09-20 13:50:21 - [TEST_STEP][PASSED] - &lt;not implemented yet for class: org.codehaus.groovy.ast.stmt.ContinueStatement&gt;: null&#xD;
&#xD;
2019-09-20 13:50:21 - [TEST_STEP][PASSED] - k = j + 1: null&#xD;
&#xD;
2019-09-20 13:50:21 - [TEST_STEP][PASSED] - if (emiPrice.get(j) &lt;= emiPrice.get(k)): null&#xD;
&#xD;
2019-09-20 13:50:21 - [TEST_STEP][PASSED] - &lt;not implemented yet for class: org.codehaus.groovy.ast.stmt.ContinueStatement&gt;: null&#xD;
&#xD;
2019-09-20 13:50:21 - [TEST_STEP][PASSED] - k = j + 1: null&#xD;
&#xD;
2019-09-20 13:50:21 - [TEST_STEP][PASSED] - if (emiPrice.get(j) &lt;= emiPrice.get(k)): null&#xD;
&#xD;
2019-09-20 13:50:21 - [TEST_STEP][PASSED] - &lt;not implemented yet for class: org.codehaus.groovy.ast.stmt.ContinueStatement&gt;: null&#xD;
&#xD;
2019-09-20 13:50:21 - [TEST_STEP][PASSED] - k = j + 1: null&#xD;
&#xD;
2019-09-20 13:50:21 - [TEST_STEP][PASSED] - if (emiPrice.get(j) &lt;= emiPrice.get(k)): null&#xD;
&#xD;
2019-09-20 13:50:21 - [TEST_STEP][PASSED] - &lt;not implemented yet for class: org.codehaus.groovy.ast.stmt.ContinueStatement&gt;: null&#xD;
&#xD;
2019-09-20 13:50:21 - [TEST_STEP][PASSED] - k = j + 1: null&#xD;
&#xD;
2019-09-20 13:50:21 - [TEST_STEP][PASSED] - if (emiPrice.get(j) &lt;= emiPrice.get(k)): null&#xD;
&#xD;
2019-09-20 13:50:21 - [TEST_STEP][PASSED] - &lt;not implemented yet for class: org.codehaus.groovy.ast.stmt.ContinueStatement&gt;: null&#xD;
&#xD;
2019-09-20 13:50:21 - [TEST_STEP][PASSED] - k = j + 1: null&#xD;
&#xD;
2019-09-20 13:50:21 - [TEST_STEP][PASSED] - if (emiPrice.get(j) &lt;= emiPrice.get(k)): null&#xD;
&#xD;
2019-09-20 13:50:21 - [TEST_STEP][PASSED] - &lt;not implemented yet for class: org.codehaus.groovy.ast.stmt.ContinueStatement&gt;: null&#xD;
&#xD;
2019-09-20 13:50:21 - [TEST_STEP][PASSED] - k = j + 1: null&#xD;
&#xD;
2019-09-20 13:50:21 - [TEST_STEP][PASSED] - if (emiPrice.get(j) &lt;= emiPrice.get(k)): null&#xD;
&#xD;
2019-09-20 13:50:21 - [TEST_STEP][PASSED] - &lt;not implemented yet for class: org.codehaus.groovy.ast.stmt.ContinueStatement&gt;: null&#xD;
&#xD;
2019-09-20 13:50:21 - [TEST_STEP][PASSED] - k = j + 1: null&#xD;
&#xD;
2019-09-20 13:50:21 - [TEST_STEP][PASSED] - if (emiPrice.get(j) &lt;= emiPrice.get(k)): null&#xD;
&#xD;
2019-09-20 13:50:21 - [TEST_STEP][PASSED] - &lt;not implemented yet for class: org.codehaus.groovy.ast.stmt.ContinueStatement&gt;: null&#xD;
&#xD;
2019-09-20 13:50:21 - [TEST_STEP][PASSED] - k = j + 1: null&#xD;
&#xD;
2019-09-20 13:50:21 - [TEST_STEP][PASSED] - if (emiPrice.get(j) &lt;= emiPrice.get(k)): null&#xD;
&#xD;
2019-09-20 13:50:21 - [TEST_STEP][PASSED] - &lt;not implemented yet for class: org.codehaus.groovy.ast.stmt.ContinueStatement&gt;: null&#xD;
&#xD;
2019-09-20 13:50:21 - [TEST_STEP][PASSED] - k = j + 1: null&#xD;
&#xD;
2019-09-20 13:50:21 - [TEST_STEP][PASSED] - if (emiPrice.get(j) &lt;= emiPrice.get(k)): null&#xD;
&#xD;
2019-09-20 13:50:21 - [TEST_STEP][PASSED] - &lt;not implemented yet for class: org.codehaus.groovy.ast.stmt.ContinueStatement&gt;: null&#xD;
&#xD;
2019-09-20 13:50:21 - [TEST_STEP][PASSED] - k = j + 1: null&#xD;
&#xD;
2019-09-20 13:50:21 - [TEST_STEP][PASSED] - if (emiPrice.get(j) &lt;= emiPrice.get(k)): null&#xD;
&#xD;
2019-09-20 13:50:21 - [TEST_STEP][PASSED] - &lt;not implemented yet for class: org.codehaus.groovy.ast.stmt.ContinueStatement&gt;: null&#xD;
&#xD;
2019-09-20 13:50:21 - [TEST_STEP][PASSED] - k = j + 1: null&#xD;
&#xD;
2019-09-20 13:50:21 - [TEST_STEP][PASSED] - if (emiPrice.get(j) &lt;= emiPrice.get(k)): null&#xD;
&#xD;
2019-09-20 13:50:21 - [TEST_STEP][PASSED] - &lt;not implemented yet for class: org.codehaus.groovy.ast.stmt.ContinueStatement&gt;: null&#xD;
&#xD;
2019-09-20 13:50:21 - [TEST_STEP][PASSED] - k = j + 1: null&#xD;
&#xD;
2019-09-20 13:50:21 - [TEST_STEP][PASSED] - if (emiPrice.get(j) &lt;= emiPrice.get(k)): null&#xD;
&#xD;
2019-09-20 13:50:21 - [TEST_STEP][PASSED] - &lt;not implemented yet for class: org.codehaus.groovy.ast.stmt.ContinueStatement&gt;: null&#xD;
&#xD;
2019-09-20 13:50:21 - [TEST_STEP][PASSED] - k = j + 1: null&#xD;
&#xD;
2019-09-20 13:50:21 - [TEST_STEP][PASSED] - if (emiPrice.get(j) &lt;= emiPrice.get(k)): null&#xD;
&#xD;
2019-09-20 13:50:21 - [TEST_STEP][PASSED] - &lt;not implemented yet for class: org.codehaus.groovy.ast.stmt.ContinueStatement&gt;: null&#xD;
&#xD;
2019-09-20 13:50:21 - [TEST_STEP][PASSED] - k = j + 1: null&#xD;
&#xD;
2019-09-20 13:50:21 - [TEST_STEP][PASSED] - if (emiPrice.get(j) &lt;= emiPrice.get(k)): null&#xD;
&#xD;
2019-09-20 13:50:21 - [TEST_STEP][PASSED] - &lt;not implemented yet for class: org.codehaus.groovy.ast.stmt.ContinueStatement&gt;: null&#xD;
&#xD;
2019-09-20 13:50:21 - [TEST_STEP][PASSED] - k = j + 1: null&#xD;
&#xD;
2019-09-20 13:50:21 - [TEST_STEP][PASSED] - if (emiPrice.get(j) &lt;= emiPrice.get(k)): null&#xD;
&#xD;
2019-09-20 13:50:21 - [TEST_STEP][PASSED] - &lt;not implemented yet for class: org.codehaus.groovy.ast.stmt.ContinueStatement&gt;: null&#xD;
&#xD;
2019-09-20 13:50:21 - [TEST_STEP][PASSED] - k = j + 1: null&#xD;
&#xD;
2019-09-20 13:50:21 - [TEST_STEP][PASSED] - if (emiPrice.get(j) &lt;= emiPrice.get(k)): null&#xD;
&#xD;
2019-09-20 13:50:21 - [TEST_STEP][PASSED] - &lt;not implemented yet for class: org.codehaus.groovy.ast.stmt.ContinueStatement&gt;: null&#xD;
&#xD;
2019-09-20 13:50:21 - [TEST_STEP][PASSED] - k = j + 1: null&#xD;
&#xD;
2019-09-20 13:50:21 - [TEST_STEP][PASSED] - if (emiPrice.get(j) &lt;= emiPrice.get(k)): null&#xD;
&#xD;
2019-09-20 13:50:21 - [TEST_STEP][PASSED] - &lt;not implemented yet for class: org.codehaus.groovy.ast.stmt.ContinueStatement&gt;: null&#xD;
&#xD;
2019-09-20 13:50:21 - [TEST_STEP][PASSED] - k = j + 1: null&#xD;
&#xD;
2019-09-20 13:50:21 - [TEST_STEP][PASSED] - if (emiPrice.get(j) &lt;= emiPrice.get(k)): null&#xD;
&#xD;
2019-09-20 13:50:21 - [TEST_STEP][PASSED] - &lt;not implemented yet for class: org.codehaus.groovy.ast.stmt.ContinueStatement&gt;: null&#xD;
&#xD;
2019-09-20 13:50:21 - [TEST_STEP][PASSED] - k = j + 1: null&#xD;
&#xD;
2019-09-20 13:50:21 - [TEST_STEP][PASSED] - if (emiPrice.get(j) &lt;= emiPrice.get(k)): null&#xD;
&#xD;
2019-09-20 13:50:21 - [TEST_STEP][PASSED] - &lt;not implemented yet for class: org.codehaus.groovy.ast.stmt.ContinueStatement&gt;: null&#xD;
&#xD;
2019-09-20 13:50:21 - [TEST_STEP][PASSED] - k = j + 1: null&#xD;
&#xD;
2019-09-20 13:50:21 - [TEST_STEP][PASSED] - if (emiPrice.get(j) &lt;= emiPrice.get(k)): null&#xD;
&#xD;
2019-09-20 13:50:21 - [TEST_STEP][PASSED] - &lt;not implemented yet for class: org.codehaus.groovy.ast.stmt.ContinueStatement&gt;: null&#xD;
&#xD;
2019-09-20 13:50:21 - [TEST_STEP][PASSED] - k = j + 1: null&#xD;
&#xD;
2019-09-20 13:50:21 - [TEST_STEP][PASSED] - if (emiPrice.get(j) &lt;= emiPrice.get(k)): null&#xD;
&#xD;
2019-09-20 13:50:21 - [TEST_STEP][PASSED] - &lt;not implemented yet for class: org.codehaus.groovy.ast.stmt.ContinueStatement&gt;: null&#xD;
&#xD;
2019-09-20 13:50:21 - [TEST_STEP][PASSED] - k = j + 1: null&#xD;
&#xD;
2019-09-20 13:50:21 - [TEST_STEP][PASSED] - if (emiPrice.get(j) &lt;= emiPrice.get(k)): null&#xD;
&#xD;
2019-09-20 13:50:21 - [TEST_STEP][PASSED] - &lt;not implemented yet for class: org.codehaus.groovy.ast.stmt.ContinueStatement&gt;: null&#xD;
&#xD;
2019-09-20 13:50:21 - [TEST_STEP][PASSED] - k = j + 1: null&#xD;
&#xD;
2019-09-20 13:50:21 - [TEST_STEP][PASSED] - if (emiPrice.get(j) &lt;= emiPrice.get(k)): null&#xD;
&#xD;
2019-09-20 13:50:21 - [TEST_STEP][PASSED] - &lt;not implemented yet for class: org.codehaus.groovy.ast.stmt.ContinueStatement&gt;: null&#xD;
&#xD;
2019-09-20 13:50:21 - [TEST_STEP][PASSED] - k = j + 1: null&#xD;
&#xD;
2019-09-20 13:50:21 - [TEST_STEP][PASSED] - if (emiPrice.get(j) &lt;= emiPrice.get(k)): null&#xD;
&#xD;
2019-09-20 13:50:21 - [TEST_STEP][PASSED] - &lt;not implemented yet for class: org.codehaus.groovy.ast.stmt.ContinueStatement&gt;: null&#xD;
&#xD;
2019-09-20 13:50:21 - [TEST_STEP][PASSED] - k = j + 1: null&#xD;
&#xD;
2019-09-20 13:50:21 - [TEST_STEP][PASSED] - if (emiPrice.get(j) &lt;= emiPrice.get(k)): null&#xD;
&#xD;
2019-09-20 13:50:21 - [TEST_STEP][PASSED] - &lt;not implemented yet for class: org.codehaus.groovy.ast.stmt.ContinueStatement&gt;: null&#xD;
&#xD;
2019-09-20 13:50:21 - [TEST_STEP][PASSED] - k = j + 1: null&#xD;
&#xD;
2019-09-20 13:50:21 - [TEST_STEP][PASSED] - if (emiPrice.get(j) &lt;= emiPrice.get(k)): null&#xD;
&#xD;
2019-09-20 13:50:21 - [TEST_STEP][PASSED] - &lt;not implemented yet for class: org.codehaus.groovy.ast.stmt.ContinueStatement&gt;: null&#xD;
&#xD;
2019-09-20 13:50:21 - [TEST_STEP][PASSED] - k = j + 1: null&#xD;
&#xD;
2019-09-20 13:50:21 - [TEST_STEP][PASSED] - if (emiPrice.get(j) &lt;= emiPrice.get(k)): null&#xD;
&#xD;
2019-09-20 13:50:21 - [TEST_STEP][PASSED] - &lt;not implemented yet for class: org.codehaus.groovy.ast.stmt.ContinueStatement&gt;: null&#xD;
&#xD;
2019-09-20 13:50:21 - [TEST_STEP][PASSED] - k = j + 1: null&#xD;
&#xD;
2019-09-20 13:50:21 - [TEST_STEP][PASSED] - if (emiPrice.get(j) &lt;= emiPrice.get(k)): null&#xD;
&#xD;
2019-09-20 13:50:21 - [TEST_STEP][PASSED] - &lt;not implemented yet for class: org.codehaus.groovy.ast.stmt.ContinueStatement&gt;: null&#xD;
&#xD;
2019-09-20 13:50:21 - [TEST_STEP][PASSED] - k = j + 1: null&#xD;
&#xD;
2019-09-20 13:50:21 - [TEST_STEP][PASSED] - if (emiPrice.get(j) &lt;= emiPrice.get(k)): null&#xD;
&#xD;
2019-09-20 13:50:21 - [TEST_STEP][PASSED] - &lt;not implemented yet for class: org.codehaus.groovy.ast.stmt.ContinueStatement&gt;: null&#xD;
&#xD;
2019-09-20 13:50:21 - [TEST_STEP][PASSED] - k = j + 1: null&#xD;
&#xD;
2019-09-20 13:50:21 - [TEST_STEP][PASSED] - if (emiPrice.get(j) &lt;= emiPrice.get(k)): null&#xD;
&#xD;
2019-09-20 13:50:21 - [TEST_STEP][PASSED] - &lt;not implemented yet for class: org.codehaus.groovy.ast.stmt.ContinueStatement&gt;: null&#xD;
&#xD;
2019-09-20 13:50:21 - [TEST_STEP][PASSED] - k = j + 1: null&#xD;
&#xD;
2019-09-20 13:50:21 - [TEST_STEP][PASSED] - if (emiPrice.get(j) &lt;= emiPrice.get(k)): null&#xD;
&#xD;
2019-09-20 13:50:21 - [TEST_STEP][PASSED] - &lt;not implemented yet for class: org.codehaus.groovy.ast.stmt.ContinueStatement&gt;: null&#xD;
&#xD;
2019-09-20 13:50:21 - [TEST_STEP][PASSED] - k = j + 1: null&#xD;
&#xD;
2019-09-20 13:50:21 - [TEST_STEP][PASSED] - if (emiPrice.get(j) &lt;= emiPrice.get(k)): null&#xD;
&#xD;
2019-09-20 13:50:21 - [TEST_STEP][PASSED] - &lt;not implemented yet for class: org.codehaus.groovy.ast.stmt.ContinueStatement&gt;: null&#xD;
&#xD;
2019-09-20 13:50:21 - [TEST_STEP][PASSED] - k = j + 1: null&#xD;
&#xD;
2019-09-20 13:50:21 - [TEST_STEP][PASSED] - if (emiPrice.get(j) &lt;= emiPrice.get(k)): null&#xD;
&#xD;
2019-09-20 13:50:21 - [TEST_STEP][PASSED] - &lt;not implemented yet for class: org.codehaus.groovy.ast.stmt.ContinueStatement&gt;: null&#xD;
&#xD;
2019-09-20 13:50:21 - [TEST_STEP][PASSED] - k = j + 1: null&#xD;
&#xD;
2019-09-20 13:50:21 - [TEST_STEP][PASSED] - if (emiPrice.get(j) &lt;= emiPrice.get(k)): null&#xD;
&#xD;
2019-09-20 13:50:21 - [TEST_STEP][PASSED] - &lt;not implemented yet for class: org.codehaus.groovy.ast.stmt.ContinueStatement&gt;: null&#xD;
&#xD;
2019-09-20 13:50:21 - [TEST_STEP][PASSED] - k = j + 1: null&#xD;
&#xD;
2019-09-20 13:50:21 - [TEST_STEP][PASSED] - if (emiPrice.get(j) &lt;= emiPrice.get(k)): null&#xD;
&#xD;
2019-09-20 13:50:21 - [TEST_STEP][PASSED] - &lt;not implemented yet for class: org.codehaus.groovy.ast.stmt.ContinueStatement&gt;: null&#xD;
&#xD;
2019-09-20 13:50:21 - [TEST_STEP][PASSED] - k = j + 1: null&#xD;
&#xD;
2019-09-20 13:50:21 - [TEST_STEP][PASSED] - if (emiPrice.get(j) &lt;= emiPrice.get(k)): null&#xD;
&#xD;
2019-09-20 13:50:21 - [TEST_STEP][PASSED] - &lt;not implemented yet for class: org.codehaus.groovy.ast.stmt.ContinueStatement&gt;: null&#xD;
&#xD;
2019-09-20 13:50:21 - [TEST_STEP][PASSED] - k = j + 1: null&#xD;
&#xD;
2019-09-20 13:50:21 - [TEST_STEP][PASSED] - if (emiPrice.get(j) &lt;= emiPrice.get(k)): null&#xD;
&#xD;
2019-09-20 13:50:21 - [TEST_STEP][PASSED] - &lt;not implemented yet for class: org.codehaus.groovy.ast.stmt.ContinueStatement&gt;: null&#xD;
&#xD;
2019-09-20 13:50:21 - [TEST_STEP][PASSED] - k = j + 1: null&#xD;
&#xD;
2019-09-20 13:50:21 - [TEST_STEP][PASSED] - if (emiPrice.get(j) &lt;= emiPrice.get(k)): null&#xD;
&#xD;
2019-09-20 13:50:21 - [TEST_STEP][PASSED] - &lt;not implemented yet for class: org.codehaus.groovy.ast.stmt.ContinueStatement&gt;: null&#xD;
&#xD;
2019-09-20 13:50:21 - [TEST_STEP][PASSED] - k = j + 1: null&#xD;
&#xD;
2019-09-20 13:50:21 - [TEST_STEP][PASSED] - if (emiPrice.get(j) &lt;= emiPrice.get(k)): null&#xD;
&#xD;
2019-09-20 13:50:21 - [TEST_STEP][PASSED] - &lt;not implemented yet for class: org.codehaus.groovy.ast.stmt.ContinueStatement&gt;: null&#xD;
&#xD;
2019-09-20 13:50:21 - [TEST_STEP][PASSED] - k = j + 1: null&#xD;
&#xD;
2019-09-20 13:50:21 - [TEST_STEP][PASSED] - if (emiPrice.get(j) &lt;= emiPrice.get(k)): null&#xD;
&#xD;
2019-09-20 13:50:21 - [TEST_STEP][PASSED] - &lt;not implemented yet for class: org.codehaus.groovy.ast.stmt.ContinueStatement&gt;: null&#xD;
&#xD;
2019-09-20 13:50:21 - [TEST_STEP][PASSED] - k = j + 1: null&#xD;
&#xD;
2019-09-20 13:50:21 - [TEST_STEP][PASSED] - if (emiPrice.get(j) &lt;= emiPrice.get(k)): null&#xD;
&#xD;
2019-09-20 13:50:21 - [TEST_STEP][PASSED] - &lt;not implemented yet for class: org.codehaus.groovy.ast.stmt.ContinueStatement&gt;: null&#xD;
&#xD;
2019-09-20 13:50:21 - [TEST_STEP][PASSED] - k = j + 1: null&#xD;
&#xD;
2019-09-20 13:50:21 - [TEST_STEP][PASSED] - if (emiPrice.get(j) &lt;= emiPrice.get(k)): null&#xD;
&#xD;
2019-09-20 13:50:21 - [TEST_STEP][PASSED] - &lt;not implemented yet for class: org.codehaus.groovy.ast.stmt.ContinueStatement&gt;: null&#xD;
&#xD;
2019-09-20 13:50:21 - [TEST_STEP][PASSED] - k = j + 1: null&#xD;
&#xD;
2019-09-20 13:50:21 - [TEST_STEP][PASSED] - if (emiPrice.get(j) &lt;= emiPrice.get(k)): null&#xD;
&#xD;
2019-09-20 13:50:21 - [TEST_STEP][PASSED] - &lt;not implemented yet for class: org.codehaus.groovy.ast.stmt.ContinueStatement&gt;: null&#xD;
&#xD;
2019-09-20 13:50:21 - [TEST_STEP][PASSED] - k = j + 1: null&#xD;
&#xD;
2019-09-20 13:50:21 - [TEST_STEP][PASSED] - if (emiPrice.get(j) &lt;= emiPrice.get(k)): null&#xD;
&#xD;
2019-09-20 13:50:21 - [TEST_STEP][PASSED] - &lt;not implemented yet for class: org.codehaus.groovy.ast.stmt.ContinueStatement&gt;: null&#xD;
&#xD;
2019-09-20 13:50:21 - [TEST_STEP][PASSED] - k = j + 1: null&#xD;
&#xD;
2019-09-20 13:50:21 - [TEST_STEP][PASSED] - if (emiPrice.get(j) &lt;= emiPrice.get(k)): null&#xD;
&#xD;
2019-09-20 13:50:21 - [TEST_STEP][PASSED] - &lt;not implemented yet for class: org.codehaus.groovy.ast.stmt.ContinueStatement&gt;: null&#xD;
&#xD;
2019-09-20 13:50:21 - [TEST_STEP][PASSED] - k = j + 1: null&#xD;
&#xD;
2019-09-20 13:50:21 - [TEST_STEP][PASSED] - if (emiPrice.get(j) &lt;= emiPrice.get(k)): null&#xD;
&#xD;
2019-09-20 13:50:21 - [TEST_STEP][PASSED] - &lt;not implemented yet for class: org.codehaus.groovy.ast.stmt.ContinueStatement&gt;: null&#xD;
&#xD;
2019-09-20 13:50:21 - [TEST_STEP][PASSED] - k = j + 1: null&#xD;
&#xD;
2019-09-20 13:50:21 - [TEST_STEP][PASSED] - if (emiPrice.get(j) &lt;= emiPrice.get(k)): null&#xD;
&#xD;
2019-09-20 13:50:21 - [TEST_STEP][PASSED] - &lt;not implemented yet for class: org.codehaus.groovy.ast.stmt.ContinueStatement&gt;: null&#xD;
&#xD;
2019-09-20 13:50:21 - [TEST_STEP][PASSED] - k = j + 1: null&#xD;
&#xD;
2019-09-20 13:50:21 - [TEST_STEP][PASSED] - if (emiPrice.get(j) &lt;= emiPrice.get(k)): null&#xD;
&#xD;
2019-09-20 13:50:21 - [TEST_STEP][PASSED] - &lt;not implemented yet for class: org.codehaus.groovy.ast.stmt.ContinueStatement&gt;: null&#xD;
&#xD;
2019-09-20 13:50:21 - [TEST_STEP][PASSED] - k = j + 1: null&#xD;
&#xD;
2019-09-20 13:50:21 - [TEST_STEP][PASSED] - if (emiPrice.get(j) &lt;= emiPrice.get(k)): null&#xD;
&#xD;
2019-09-20 13:50:21 - [TEST_STEP][PASSED] - &lt;not implemented yet for class: org.codehaus.groovy.ast.stmt.ContinueStatement&gt;: null&#xD;
&#xD;
2019-09-20 13:50:21 - [TEST_STEP][PASSED] - k = j + 1: null&#xD;
&#xD;
2019-09-20 13:50:21 - [TEST_STEP][PASSED] - if (emiPrice.get(j) &lt;= emiPrice.get(k)): null&#xD;
&#xD;
2019-09-20 13:50:21 - [TEST_STEP][PASSED] - &lt;not implemented yet for class: org.codehaus.groovy.ast.stmt.ContinueStatement&gt;: null&#xD;
&#xD;
2019-09-20 13:50:21 - [TEST_STEP][PASSED] - k = j + 1: null&#xD;
&#xD;
2019-09-20 13:50:21 - [TEST_STEP][PASSED] - if (emiPrice.get(j) &lt;= emiPrice.get(k)): null&#xD;
&#xD;
2019-09-20 13:50:21 - [TEST_STEP][PASSED] - &lt;not implemented yet for class: org.codehaus.groovy.ast.stmt.ContinueStatement&gt;: null&#xD;
&#xD;
2019-09-20 13:50:21 - [TEST_STEP][PASSED] - k = j + 1: null&#xD;
&#xD;
2019-09-20 13:50:21 - [TEST_STEP][PASSED] - if (emiPrice.get(j) &lt;= emiPrice.get(k)): null&#xD;
&#xD;
2019-09-20 13:50:21 - [TEST_STEP][PASSED] - &lt;not implemented yet for class: org.codehaus.groovy.ast.stmt.ContinueStatement&gt;: null&#xD;
&#xD;
2019-09-20 13:50:21 - [TEST_STEP][PASSED] - k = j + 1: null&#xD;
&#xD;
2019-09-20 13:50:21 - [TEST_STEP][PASSED] - if (emiPrice.get(j) &lt;= emiPrice.get(k)): null&#xD;
&#xD;
2019-09-20 13:50:21 - [TEST_STEP][PASSED] - &lt;not implemented yet for class: org.codehaus.groovy.ast.stmt.ContinueStatement&gt;: null&#xD;
&#xD;
2019-09-20 13:50:21 - [TEST_STEP][PASSED] - k = j + 1: null&#xD;
&#xD;
2019-09-20 13:50:21 - [TEST_STEP][PASSED] - if (emiPrice.get(j) &lt;= emiPrice.get(k)): null&#xD;
&#xD;
2019-09-20 13:50:21 - [TEST_STEP][PASSED] - &lt;not implemented yet for class: org.codehaus.groovy.ast.stmt.ContinueStatement&gt;: null&#xD;
&#xD;
2019-09-20 13:50:21 - [TEST_STEP][PASSED] - k = j + 1: null&#xD;
&#xD;
2019-09-20 13:50:21 - [TEST_STEP][PASSED] - if (emiPrice.get(j) &lt;= emiPrice.get(k)): null&#xD;
&#xD;
2019-09-20 13:50:21 - [TEST_STEP][PASSED] - &lt;not implemented yet for class: org.codehaus.groovy.ast.stmt.ContinueStatement&gt;: null&#xD;
&#xD;
2019-09-20 13:50:21 - [TEST_STEP][PASSED] - k = j + 1: null&#xD;
&#xD;
2019-09-20 13:50:21 - [TEST_STEP][PASSED] - if (emiPrice.get(j) &lt;= emiPrice.get(k)): null&#xD;
&#xD;
2019-09-20 13:50:21 - [TEST_STEP][PASSED] - &lt;not implemented yet for class: org.codehaus.groovy.ast.stmt.ContinueStatement&gt;: null&#xD;
&#xD;
2019-09-20 13:50:21 - [TEST_STEP][PASSED] - k = j + 1: null&#xD;
&#xD;
2019-09-20 13:50:21 - [TEST_STEP][PASSED] - if (emiPrice.get(j) &lt;= emiPrice.get(k)): null&#xD;
&#xD;
2019-09-20 13:50:21 - [TEST_STEP][PASSED] - &lt;not implemented yet for class: org.codehaus.groovy.ast.stmt.ContinueStatement&gt;: null&#xD;
&#xD;
2019-09-20 13:50:21 - [TEST_STEP][PASSED] - k = j + 1: null&#xD;
&#xD;
2019-09-20 13:50:21 - [TEST_STEP][PASSED] - if (emiPrice.get(j) &lt;= emiPrice.get(k)): null&#xD;
&#xD;
2019-09-20 13:50:21 - [TEST_STEP][PASSED] - &lt;not implemented yet for class: org.codehaus.groovy.ast.stmt.ContinueStatement&gt;: null&#xD;
&#xD;
2019-09-20 13:50:21 - [TEST_STEP][PASSED] - k = j + 1: null&#xD;
&#xD;
2019-09-20 13:50:21 - [TEST_STEP][PASSED] - if (emiPrice.get(j) &lt;= emiPrice.get(k)): null&#xD;
&#xD;
2019-09-20 13:50:21 - [TEST_STEP][PASSED] - &lt;not implemented yet for class: org.codehaus.groovy.ast.stmt.ContinueStatement&gt;: null&#xD;
&#xD;
2019-09-20 13:50:21 - [TEST_STEP][PASSED] - k = j + 1: null&#xD;
&#xD;
2019-09-20 13:50:21 - [TEST_STEP][PASSED] - if (emiPrice.get(j) &lt;= emiPrice.get(k)): null&#xD;
&#xD;
2019-09-20 13:50:21 - [TEST_STEP][PASSED] - &lt;not implemented yet for class: org.codehaus.groovy.ast.stmt.ContinueStatement&gt;: null&#xD;
&#xD;
2019-09-20 13:50:21 - [TEST_STEP][PASSED] - k = j + 1: null&#xD;
&#xD;
2019-09-20 13:50:21 - [TEST_STEP][PASSED] - if (emiPrice.get(j) &lt;= emiPrice.get(k)): null&#xD;
&#xD;
2019-09-20 13:50:21 - [TEST_STEP][PASSED] - &lt;not implemented yet for class: org.codehaus.groovy.ast.stmt.ContinueStatement&gt;: null&#xD;
&#xD;
2019-09-20 13:50:21 - [TEST_STEP][PASSED] - k = j + 1: null&#xD;
&#xD;
2019-09-20 13:50:21 - [TEST_STEP][PASSED] - if (emiPrice.get(j) &lt;= emiPrice.get(k)): null&#xD;
&#xD;
2019-09-20 13:50:21 - [TEST_STEP][PASSED] - &lt;not implemented yet for class: org.codehaus.groovy.ast.stmt.ContinueStatement&gt;: null&#xD;
&#xD;
2019-09-20 13:50:21 - [TEST_STEP][PASSED] - k = j + 1: null&#xD;
&#xD;
2019-09-20 13:50:21 - [TEST_STEP][PASSED] - if (emiPrice.get(j) &lt;= emiPrice.get(k)): null&#xD;
&#xD;
2019-09-20 13:50:21 - [TEST_STEP][PASSED] - &lt;not implemented yet for class: org.codehaus.groovy.ast.stmt.ContinueStatement&gt;: null&#xD;
&#xD;
2019-09-20 13:50:21 - [TEST_STEP][PASSED] - k = j + 1: null&#xD;
&#xD;
2019-09-20 13:50:21 - [TEST_STEP][PASSED] - if (emiPrice.get(j) &lt;= emiPrice.get(k)): null&#xD;
&#xD;
2019-09-20 13:50:21 - [TEST_STEP][PASSED] - &lt;not implemented yet for class: org.codehaus.groovy.ast.stmt.ContinueStatement&gt;: null&#xD;
&#xD;
2019-09-20 13:50:21 - [TEST_STEP][PASSED] - k = j + 1: null&#xD;
&#xD;
2019-09-20 13:50:21 - [TEST_STEP][PASSED] - if (emiPrice.get(j) &lt;= emiPrice.get(k)): null&#xD;
&#xD;
2019-09-20 13:50:21 - [TEST_STEP][PASSED] - &lt;not implemented yet for class: org.codehaus.groovy.ast.stmt.ContinueStatement&gt;: null&#xD;
&#xD;
2019-09-20 13:50:21 - [TEST_STEP][PASSED] - k = j + 1: null&#xD;
&#xD;
2019-09-20 13:50:21 - [TEST_STEP][PASSED] - if (emiPrice.get(j) &lt;= emiPrice.get(k)): null&#xD;
&#xD;
2019-09-20 13:50:21 - [TEST_STEP][PASSED] - &lt;not implemented yet for class: org.codehaus.groovy.ast.stmt.ContinueStatement&gt;: null&#xD;
&#xD;
2019-09-20 13:50:21 - [TEST_STEP][PASSED] - k = j + 1: null&#xD;
&#xD;
2019-09-20 13:50:21 - [TEST_STEP][PASSED] - if (emiPrice.get(j) &lt;= emiPrice.get(k)): null&#xD;
&#xD;
2019-09-20 13:50:21 - [TEST_STEP][PASSED] - &lt;not implemented yet for class: org.codehaus.groovy.ast.stmt.ContinueStatement&gt;: null&#xD;
&#xD;
2019-09-20 13:50:21 - [TEST_STEP][PASSED] - k = j + 1: null&#xD;
&#xD;
2019-09-20 13:50:21 - [TEST_STEP][PASSED] - if (emiPrice.get(j) &lt;= emiPrice.get(k)): null&#xD;
&#xD;
2019-09-20 13:50:21 - [TEST_STEP][PASSED] - &lt;not implemented yet for class: org.codehaus.groovy.ast.stmt.ContinueStatement&gt;: null&#xD;
&#xD;
2019-09-20 13:50:21 - [TEST_STEP][PASSED] - k = j + 1: null&#xD;
&#xD;
2019-09-20 13:50:21 - [TEST_STEP][PASSED] - if (emiPrice.get(j) &lt;= emiPrice.get(k)): null&#xD;
&#xD;
2019-09-20 13:50:21 - [TEST_STEP][PASSED] - &lt;not implemented yet for class: org.codehaus.groovy.ast.stmt.ContinueStatement&gt;: null&#xD;
&#xD;
2019-09-20 13:50:21 - [TEST_STEP][PASSED] - k = j + 1: null&#xD;
&#xD;
2019-09-20 13:50:21 - [TEST_STEP][PASSED] - if (emiPrice.get(j) &lt;= emiPrice.get(k)): null&#xD;
&#xD;
2019-09-20 13:50:21 - [TEST_STEP][PASSED] - &lt;not implemented yet for class: org.codehaus.groovy.ast.stmt.ContinueStatement&gt;: null&#xD;
&#xD;
2019-09-20 13:50:21 - [TEST_STEP][PASSED] - k = j + 1: null&#xD;
&#xD;
2019-09-20 13:50:21 - [TEST_STEP][PASSED] - if (emiPrice.get(j) &lt;= emiPrice.get(k)): null&#xD;
&#xD;
2019-09-20 13:50:21 - [TEST_STEP][PASSED] - &lt;not implemented yet for class: org.codehaus.groovy.ast.stmt.ContinueStatement&gt;: null&#xD;
&#xD;
2019-09-20 13:50:21 - [TEST_STEP][PASSED] - k = j + 1: null&#xD;
&#xD;
2019-09-20 13:50:21 - [TEST_STEP][PASSED] - if (emiPrice.get(j) &lt;= emiPrice.get(k)): null&#xD;
&#xD;
2019-09-20 13:50:21 - [TEST_STEP][PASSED] - &lt;not implemented yet for class: org.codehaus.groovy.ast.stmt.ContinueStatement&gt;: null&#xD;
&#xD;
2019-09-20 13:50:21 - [TEST_STEP][PASSED] - k = j + 1: null&#xD;
&#xD;
2019-09-20 13:50:21 - [TEST_STEP][PASSED] - if (emiPrice.get(j) &lt;= emiPrice.get(k)): null&#xD;
&#xD;
2019-09-20 13:50:21 - [TEST_STEP][PASSED] - &lt;not implemented yet for class: org.codehaus.groovy.ast.stmt.ContinueStatement&gt;: null&#xD;
&#xD;
2019-09-20 13:50:21 - [TEST_STEP][PASSED] - k = j + 1: null&#xD;
&#xD;
2019-09-20 13:50:21 - [TEST_STEP][PASSED] - if (emiPrice.get(j) &lt;= emiPrice.get(k)): null&#xD;
&#xD;
2019-09-20 13:50:21 - [TEST_STEP][PASSED] - &lt;not implemented yet for class: org.codehaus.groovy.ast.stmt.ContinueStatement&gt;: null&#xD;
&#xD;
2019-09-20 13:50:21 - [TEST_STEP][PASSED] - k = j + 1: null&#xD;
&#xD;
2019-09-20 13:50:21 - [TEST_STEP][PASSED] - if (emiPrice.get(j) &lt;= emiPrice.get(k)): null&#xD;
&#xD;
2019-09-20 13:50:21 - [TEST_STEP][PASSED] - &lt;not implemented yet for class: org.codehaus.groovy.ast.stmt.ContinueStatement&gt;: null&#xD;
&#xD;
2019-09-20 13:50:21 - [TEST_STEP][PASSED] - k = j + 1: null&#xD;
&#xD;
2019-09-20 13:50:21 - [TEST_STEP][PASSED] - if (emiPrice.get(j) &lt;= emiPrice.get(k)): null&#xD;
&#xD;
2019-09-20 13:50:21 - [TEST_STEP][PASSED] - &lt;not implemented yet for class: org.codehaus.groovy.ast.stmt.ContinueStatement&gt;: null&#xD;
&#xD;
2019-09-20 13:50:22 - [TEST_STEP][PASSED] - k = j + 1: null&#xD;
&#xD;
2019-09-20 13:50:22 - [TEST_STEP][PASSED] - if (emiPrice.get(j) &lt;= emiPrice.get(k)): null&#xD;
&#xD;
2019-09-20 13:50:22 - [TEST_STEP][PASSED] - &lt;not implemented yet for class: org.codehaus.groovy.ast.stmt.ContinueStatement&gt;: null&#xD;
&#xD;
2019-09-20 13:50:22 - [TEST_STEP][PASSED] - k = j + 1: null&#xD;
&#xD;
2019-09-20 13:50:22 - [TEST_STEP][PASSED] - if (emiPrice.get(j) &lt;= emiPrice.get(k)): null&#xD;
&#xD;
2019-09-20 13:50:22 - [TEST_STEP][PASSED] - &lt;not implemented yet for class: org.codehaus.groovy.ast.stmt.ContinueStatement&gt;: null&#xD;
&#xD;
2019-09-20 13:50:22 - [TEST_STEP][PASSED] - k = j + 1: null&#xD;
&#xD;
2019-09-20 13:50:22 - [TEST_STEP][PASSED] - if (emiPrice.get(j) &lt;= emiPrice.get(k)): null&#xD;
&#xD;
2019-09-20 13:50:22 - [TEST_STEP][PASSED] - &lt;not implemented yet for class: org.codehaus.groovy.ast.stmt.ContinueStatement&gt;: null&#xD;
&#xD;
2019-09-20 13:50:22 - [TEST_STEP][PASSED] - k = j + 1: null&#xD;
&#xD;
2019-09-20 13:50:22 - [TEST_STEP][PASSED] - if (emiPrice.get(j) &lt;= emiPrice.get(k)): null&#xD;
&#xD;
2019-09-20 13:50:22 - [TEST_STEP][PASSED] - &lt;not implemented yet for class: org.codehaus.groovy.ast.stmt.ContinueStatement&gt;: null&#xD;
&#xD;
2019-09-20 13:50:22 - [TEST_STEP][PASSED] - k = j + 1: null&#xD;
&#xD;
2019-09-20 13:50:22 - [TEST_STEP][PASSED] - if (emiPrice.get(j) &lt;= emiPrice.get(k)): null&#xD;
&#xD;
2019-09-20 13:50:22 - [TEST_STEP][PASSED] - &lt;not implemented yet for class: org.codehaus.groovy.ast.stmt.ContinueStatement&gt;: null&#xD;
&#xD;
2019-09-20 13:50:22 - [TEST_STEP][PASSED] - k = j + 1: null&#xD;
&#xD;
2019-09-20 13:50:22 - [TEST_STEP][PASSED] - if (emiPrice.get(j) &lt;= emiPrice.get(k)): null&#xD;
&#xD;
2019-09-20 13:50:22 - [TEST_STEP][PASSED] - &lt;not implemented yet for class: org.codehaus.groovy.ast.stmt.ContinueStatement&gt;: null&#xD;
&#xD;
2019-09-20 13:50:22 - [TEST_STEP][PASSED] - k = j + 1: null&#xD;
&#xD;
2019-09-20 13:50:22 - [TEST_STEP][PASSED] - if (emiPrice.get(j) &lt;= emiPrice.get(k)): null&#xD;
&#xD;
2019-09-20 13:50:22 - [TEST_STEP][PASSED] - &lt;not implemented yet for class: org.codehaus.groovy.ast.stmt.ContinueStatement&gt;: null&#xD;
&#xD;
2019-09-20 13:50:22 - [TEST_STEP][PASSED] - k = j + 1: null&#xD;
&#xD;
2019-09-20 13:50:22 - [TEST_STEP][PASSED] - if (emiPrice.get(j) &lt;= emiPrice.get(k)): null&#xD;
&#xD;
2019-09-20 13:50:22 - [TEST_STEP][PASSED] - &lt;not implemented yet for class: org.codehaus.groovy.ast.stmt.ContinueStatement&gt;: null&#xD;
&#xD;
2019-09-20 13:50:22 - [TEST_STEP][PASSED] - k = j + 1: null&#xD;
&#xD;
2019-09-20 13:50:22 - [TEST_STEP][PASSED] - if (emiPrice.get(j) &lt;= emiPrice.get(k)): null&#xD;
&#xD;
2019-09-20 13:50:22 - [TEST_STEP][PASSED] - &lt;not implemented yet for class: org.codehaus.groovy.ast.stmt.ContinueStatement&gt;: null&#xD;
&#xD;
2019-09-20 13:50:22 - [TEST_STEP][PASSED] - k = j + 1: null&#xD;
&#xD;
2019-09-20 13:50:22 - [TEST_STEP][PASSED] - if (emiPrice.get(j) &lt;= emiPrice.get(k)): null&#xD;
&#xD;
2019-09-20 13:50:22 - [TEST_STEP][PASSED] - &lt;not implemented yet for class: org.codehaus.groovy.ast.stmt.ContinueStatement&gt;: null&#xD;
&#xD;
2019-09-20 13:50:22 - [TEST_STEP][PASSED] - k = j + 1: null&#xD;
&#xD;
2019-09-20 13:50:22 - [TEST_STEP][PASSED] - if (emiPrice.get(j) &lt;= emiPrice.get(k)): null&#xD;
&#xD;
2019-09-20 13:50:22 - [TEST_STEP][PASSED] - &lt;not implemented yet for class: org.codehaus.groovy.ast.stmt.ContinueStatement&gt;: null&#xD;
&#xD;
2019-09-20 13:50:22 - [TEST_STEP][PASSED] - k = j + 1: null&#xD;
&#xD;
2019-09-20 13:50:22 - [TEST_STEP][PASSED] - if (emiPrice.get(j) &lt;= emiPrice.get(k)): null&#xD;
&#xD;
2019-09-20 13:50:22 - [TEST_STEP][PASSED] - &lt;not implemented yet for class: org.codehaus.groovy.ast.stmt.ContinueStatement&gt;: null&#xD;
&#xD;
2019-09-20 13:50:22 - [TEST_STEP][PASSED] - k = j + 1: null&#xD;
&#xD;
2019-09-20 13:50:22 - [TEST_STEP][PASSED] - if (emiPrice.get(j) &lt;= emiPrice.get(k)): null&#xD;
&#xD;
2019-09-20 13:50:22 - [TEST_STEP][PASSED] - &lt;not implemented yet for class: org.codehaus.groovy.ast.stmt.ContinueStatement&gt;: null&#xD;
&#xD;
2019-09-20 13:50:22 - [TEST_STEP][PASSED] - k = j + 1: null&#xD;
&#xD;
2019-09-20 13:50:22 - [TEST_STEP][PASSED] - if (emiPrice.get(j) &lt;= emiPrice.get(k)): null&#xD;
&#xD;
2019-09-20 13:50:22 - [TEST_STEP][PASSED] - &lt;not implemented yet for class: org.codehaus.groovy.ast.stmt.ContinueStatement&gt;: null&#xD;
&#xD;
2019-09-20 13:50:22 - [TEST_STEP][PASSED] - k = j + 1: null&#xD;
&#xD;
2019-09-20 13:50:22 - [TEST_STEP][PASSED] - if (emiPrice.get(j) &lt;= emiPrice.get(k)): null&#xD;
&#xD;
2019-09-20 13:50:22 - [TEST_STEP][PASSED] - &lt;not implemented yet for class: org.codehaus.groovy.ast.stmt.ContinueStatement&gt;: null&#xD;
&#xD;
2019-09-20 13:50:22 - [TEST_STEP][PASSED] - k = j + 1: null&#xD;
&#xD;
2019-09-20 13:50:22 - [TEST_STEP][PASSED] - if (emiPrice.get(j) &lt;= emiPrice.get(k)): null&#xD;
&#xD;
2019-09-20 13:50:22 - [TEST_STEP][PASSED] - &lt;not implemented yet for class: org.codehaus.groovy.ast.stmt.ContinueStatement&gt;: null&#xD;
&#xD;
2019-09-20 13:50:22 - [TEST_STEP][PASSED] - k = j + 1: null&#xD;
&#xD;
2019-09-20 13:50:22 - [TEST_STEP][PASSED] - if (emiPrice.get(j) &lt;= emiPrice.get(k)): null&#xD;
&#xD;
2019-09-20 13:50:22 - [TEST_STEP][PASSED] - &lt;not implemented yet for class: org.codehaus.groovy.ast.stmt.ContinueStatement&gt;: null&#xD;
&#xD;
2019-09-20 13:50:22 - [TEST_STEP][PASSED] - k = j + 1: null&#xD;
&#xD;
2019-09-20 13:50:22 - [TEST_STEP][PASSED] - if (emiPrice.get(j) &lt;= emiPrice.get(k)): null&#xD;
&#xD;
2019-09-20 13:50:22 - [TEST_STEP][PASSED] - &lt;not implemented yet for class: org.codehaus.groovy.ast.stmt.ContinueStatement&gt;: null&#xD;
&#xD;
2019-09-20 13:50:22 - [TEST_STEP][PASSED] - k = j + 1: null&#xD;
&#xD;
2019-09-20 13:50:22 - [TEST_STEP][PASSED] - if (emiPrice.get(j) &lt;= emiPrice.get(k)): null&#xD;
&#xD;
2019-09-20 13:50:22 - [TEST_STEP][PASSED] - &lt;not implemented yet for class: org.codehaus.groovy.ast.stmt.ContinueStatement&gt;: null&#xD;
&#xD;
2019-09-20 13:50:22 - [TEST_STEP][PASSED] - k = j + 1: null&#xD;
&#xD;
2019-09-20 13:50:22 - [TEST_STEP][PASSED] - if (emiPrice.get(j) &lt;= emiPrice.get(k)): null&#xD;
&#xD;
2019-09-20 13:50:22 - [TEST_STEP][PASSED] - &lt;not implemented yet for class: org.codehaus.groovy.ast.stmt.ContinueStatement&gt;: null&#xD;
&#xD;
2019-09-20 13:50:22 - [TEST_STEP][PASSED] - k = j + 1: null&#xD;
&#xD;
2019-09-20 13:50:22 - [TEST_STEP][PASSED] - if (emiPrice.get(j) &lt;= emiPrice.get(k)): null&#xD;
&#xD;
2019-09-20 13:50:22 - [TEST_STEP][PASSED] - &lt;not implemented yet for class: org.codehaus.groovy.ast.stmt.ContinueStatement&gt;: null&#xD;
&#xD;
2019-09-20 13:50:22 - [TEST_STEP][PASSED] - k = j + 1: null&#xD;
&#xD;
2019-09-20 13:50:22 - [TEST_STEP][PASSED] - if (emiPrice.get(j) &lt;= emiPrice.get(k)): null&#xD;
&#xD;
2019-09-20 13:50:22 - [TEST_STEP][PASSED] - &lt;not implemented yet for class: org.codehaus.groovy.ast.stmt.ContinueStatement&gt;: null&#xD;
&#xD;
2019-09-20 13:50:22 - [TEST_STEP][PASSED] - k = j + 1: null&#xD;
&#xD;
2019-09-20 13:50:22 - [TEST_STEP][PASSED] - if (emiPrice.get(j) &lt;= emiPrice.get(k)): null&#xD;
&#xD;
2019-09-20 13:50:22 - [TEST_STEP][PASSED] - &lt;not implemented yet for class: org.codehaus.groovy.ast.stmt.ContinueStatement&gt;: null&#xD;
&#xD;
2019-09-20 13:50:22 - [TEST_STEP][PASSED] - k = j + 1: null&#xD;
&#xD;
2019-09-20 13:50:22 - [TEST_STEP][PASSED] - if (emiPrice.get(j) &lt;= emiPrice.get(k)): null&#xD;
&#xD;
2019-09-20 13:50:22 - [TEST_STEP][PASSED] - &lt;not implemented yet for class: org.codehaus.groovy.ast.stmt.ContinueStatement&gt;: null&#xD;
&#xD;
2019-09-20 13:50:22 - [TEST_STEP][PASSED] - k = j + 1: null&#xD;
&#xD;
2019-09-20 13:50:22 - [TEST_STEP][PASSED] - if (emiPrice.get(j) &lt;= emiPrice.get(k)): null&#xD;
&#xD;
2019-09-20 13:50:22 - [TEST_STEP][PASSED] - &lt;not implemented yet for class: org.codehaus.groovy.ast.stmt.ContinueStatement&gt;: null&#xD;
&#xD;
2019-09-20 13:50:22 - [TEST_STEP][PASSED] - k = j + 1: null&#xD;
&#xD;
2019-09-20 13:50:22 - [TEST_STEP][PASSED] - if (emiPrice.get(j) &lt;= emiPrice.get(k)): null&#xD;
&#xD;
2019-09-20 13:50:22 - [TEST_STEP][PASSED] - &lt;not implemented yet for class: org.codehaus.groovy.ast.stmt.ContinueStatement&gt;: null&#xD;
&#xD;
2019-09-20 13:50:22 - [TEST_STEP][PASSED] - k = j + 1: null&#xD;
&#xD;
2019-09-20 13:50:22 - [TEST_STEP][PASSED] - if (emiPrice.get(j) &lt;= emiPrice.get(k)): null&#xD;
&#xD;
2019-09-20 13:50:22 - [TEST_STEP][PASSED] - &lt;not implemented yet for class: org.codehaus.groovy.ast.stmt.ContinueStatement&gt;: null&#xD;
&#xD;
2019-09-20 13:50:23 - [TEST_STEP][PASSED] - k = j + 1: null&#xD;
&#xD;
2019-09-20 13:50:23 - [TEST_STEP][PASSED] - if (emiPrice.get(j) &lt;= emiPrice.get(k)): null&#xD;
&#xD;
2019-09-20 13:50:23 - [TEST_STEP][PASSED] - &lt;not implemented yet for class: org.codehaus.groovy.ast.stmt.ContinueStatement&gt;: null&#xD;
&#xD;
2019-09-20 13:50:23 - [TEST_STEP][PASSED] - k = j + 1: null&#xD;
&#xD;
2019-09-20 13:50:23 - [TEST_STEP][PASSED] - if (emiPrice.get(j) &lt;= emiPrice.get(k)): null&#xD;
&#xD;
2019-09-20 13:50:23 - [TEST_STEP][PASSED] - &lt;not implemented yet for class: org.codehaus.groovy.ast.stmt.ContinueStatement&gt;: null&#xD;
&#xD;
2019-09-20 13:50:23 - [TEST_STEP][PASSED] - k = j + 1: null&#xD;
&#xD;
2019-09-20 13:50:23 - [TEST_STEP][PASSED] - if (emiPrice.get(j) &lt;= emiPrice.get(k)): null&#xD;
&#xD;
2019-09-20 13:50:23 - [TEST_STEP][PASSED] - &lt;not implemented yet for class: org.codehaus.groovy.ast.stmt.ContinueStatement&gt;: null&#xD;
&#xD;
2019-09-20 13:50:23 - [TEST_STEP][PASSED] - k = j + 1: null&#xD;
&#xD;
2019-09-20 13:50:23 - [TEST_STEP][PASSED] - if (emiPrice.get(j) &lt;= emiPrice.get(k)): null&#xD;
&#xD;
2019-09-20 13:50:23 - [TEST_STEP][PASSED] - &lt;not implemented yet for class: org.codehaus.groovy.ast.stmt.ContinueStatement&gt;: null&#xD;
&#xD;
2019-09-20 13:50:23 - [TEST_STEP][PASSED] - k = j + 1: null&#xD;
&#xD;
2019-09-20 13:50:23 - [TEST_STEP][PASSED] - if (emiPrice.get(j) &lt;= emiPrice.get(k)): null&#xD;
&#xD;
2019-09-20 13:50:23 - [TEST_STEP][PASSED] - &lt;not implemented yet for class: org.codehaus.groovy.ast.stmt.ContinueStatement&gt;: null&#xD;
&#xD;
2019-09-20 13:50:23 - [TEST_STEP][PASSED] - k = j + 1: null&#xD;
&#xD;
2019-09-20 13:50:23 - [TEST_STEP][PASSED] - if (emiPrice.get(j) &lt;= emiPrice.get(k)): null&#xD;
&#xD;
2019-09-20 13:50:23 - [TEST_STEP][PASSED] - &lt;not implemented yet for class: org.codehaus.groovy.ast.stmt.ContinueStatement&gt;: null&#xD;
&#xD;
2019-09-20 13:50:23 - [TEST_STEP][PASSED] - k = j + 1: null&#xD;
&#xD;
2019-09-20 13:50:23 - [TEST_STEP][PASSED] - if (emiPrice.get(j) &lt;= emiPrice.get(k)): null&#xD;
&#xD;
2019-09-20 13:50:23 - [TEST_STEP][PASSED] - &lt;not implemented yet for class: org.codehaus.groovy.ast.stmt.ContinueStatement&gt;: null&#xD;
&#xD;
2019-09-20 13:50:23 - [TEST_STEP][PASSED] - k = j + 1: null&#xD;
&#xD;
2019-09-20 13:50:23 - [TEST_STEP][PASSED] - if (emiPrice.get(j) &lt;= emiPrice.get(k)): null&#xD;
&#xD;
2019-09-20 13:50:23 - [TEST_STEP][PASSED] - &lt;not implemented yet for class: org.codehaus.groovy.ast.stmt.ContinueStatement&gt;: null&#xD;
&#xD;
2019-09-20 13:50:23 - [TEST_STEP][PASSED] - k = j + 1: null&#xD;
&#xD;
2019-09-20 13:50:23 - [TEST_STEP][PASSED] - if (emiPrice.get(j) &lt;= emiPrice.get(k)): null&#xD;
&#xD;
2019-09-20 13:50:23 - [TEST_STEP][PASSED] - &lt;not implemented yet for class: org.codehaus.groovy.ast.stmt.ContinueStatement&gt;: null&#xD;
&#xD;
2019-09-20 13:50:23 - [TEST_STEP][PASSED] - k = j + 1: null&#xD;
&#xD;
2019-09-20 13:50:23 - [TEST_STEP][PASSED] - if (emiPrice.get(j) &lt;= emiPrice.get(k)): null&#xD;
&#xD;
2019-09-20 13:50:23 - [TEST_STEP][PASSED] - &lt;not implemented yet for class: org.codehaus.groovy.ast.stmt.ContinueStatement&gt;: null&#xD;
&#xD;
2019-09-20 13:50:23 - [TEST_STEP][PASSED] - k = j + 1: null&#xD;
&#xD;
2019-09-20 13:50:23 - [TEST_STEP][PASSED] - if (emiPrice.get(j) &lt;= emiPrice.get(k)): null&#xD;
&#xD;
2019-09-20 13:50:23 - [TEST_STEP][PASSED] - &lt;not implemented yet for class: org.codehaus.groovy.ast.stmt.ContinueStatement&gt;: null&#xD;
&#xD;
2019-09-20 13:50:23 - [TEST_STEP][PASSED] - k = j + 1: null&#xD;
&#xD;
2019-09-20 13:50:23 - [TEST_STEP][PASSED] - if (emiPrice.get(j) &lt;= emiPrice.get(k)): null&#xD;
&#xD;
2019-09-20 13:50:23 - [TEST_STEP][PASSED] - &lt;not implemented yet for class: org.codehaus.groovy.ast.stmt.ContinueStatement&gt;: null&#xD;
&#xD;
2019-09-20 13:50:23 - [TEST_STEP][PASSED] - k = j + 1: null&#xD;
&#xD;
2019-09-20 13:50:23 - [TEST_STEP][PASSED] - if (emiPrice.get(j) &lt;= emiPrice.get(k)): null&#xD;
&#xD;
2019-09-20 13:50:23 - [TEST_STEP][PASSED] - &lt;not implemented yet for class: org.codehaus.groovy.ast.stmt.ContinueStatement&gt;: null&#xD;
&#xD;
2019-09-20 13:50:23 - [TEST_STEP][PASSED] - k = j + 1: null&#xD;
&#xD;
2019-09-20 13:50:23 - [TEST_STEP][PASSED] - if (emiPrice.get(j) &lt;= emiPrice.get(k)): null&#xD;
&#xD;
2019-09-20 13:50:23 - [TEST_STEP][PASSED] - &lt;not implemented yet for class: org.codehaus.groovy.ast.stmt.ContinueStatement&gt;: null&#xD;
&#xD;
2019-09-20 13:50:23 - [TEST_STEP][PASSED] - k = j + 1: null&#xD;
&#xD;
2019-09-20 13:50:23 - [TEST_STEP][PASSED] - if (emiPrice.get(j) &lt;= emiPrice.get(k)): null&#xD;
&#xD;
2019-09-20 13:50:23 - [TEST_STEP][PASSED] - &lt;not implemented yet for class: org.codehaus.groovy.ast.stmt.ContinueStatement&gt;: null&#xD;
&#xD;
2019-09-20 13:50:23 - [TEST_STEP][PASSED] - k = j + 1: null&#xD;
&#xD;
2019-09-20 13:50:23 - [TEST_STEP][PASSED] - if (emiPrice.get(j) &lt;= emiPrice.get(k)): null&#xD;
&#xD;
2019-09-20 13:50:23 - [TEST_STEP][PASSED] - &lt;not implemented yet for class: org.codehaus.groovy.ast.stmt.ContinueStatement&gt;: null&#xD;
&#xD;
2019-09-20 13:50:23 - [TEST_STEP][PASSED] - k = j + 1: null&#xD;
&#xD;
2019-09-20 13:50:23 - [TEST_STEP][PASSED] - if (emiPrice.get(j) &lt;= emiPrice.get(k)): null&#xD;
&#xD;
2019-09-20 13:50:23 - [TEST_STEP][PASSED] - &lt;not implemented yet for class: org.codehaus.groovy.ast.stmt.ContinueStatement&gt;: null&#xD;
&#xD;
2019-09-20 13:50:23 - [TEST_STEP][PASSED] - k = j + 1: null&#xD;
&#xD;
2019-09-20 13:50:23 - [TEST_STEP][PASSED] - if (emiPrice.get(j) &lt;= emiPrice.get(k)): null&#xD;
&#xD;
2019-09-20 13:50:23 - [TEST_STEP][PASSED] - &lt;not implemented yet for class: org.codehaus.groovy.ast.stmt.ContinueStatement&gt;: null&#xD;
&#xD;
2019-09-20 13:50:23 - [TEST_STEP][PASSED] - k = j + 1: null&#xD;
&#xD;
2019-09-20 13:50:23 - [TEST_STEP][PASSED] - if (emiPrice.get(j) &lt;= emiPrice.get(k)): null&#xD;
&#xD;
2019-09-20 13:50:23 - [TEST_STEP][PASSED] - &lt;not implemented yet for class: org.codehaus.groovy.ast.stmt.ContinueStatement&gt;: null&#xD;
&#xD;
2019-09-20 13:50:23 - [TEST_STEP][PASSED] - k = j + 1: null&#xD;
&#xD;
2019-09-20 13:50:23 - [TEST_STEP][PASSED] - if (emiPrice.get(j) &lt;= emiPrice.get(k)): null&#xD;
&#xD;
2019-09-20 13:50:23 - [TEST_STEP][PASSED] - &lt;not implemented yet for class: org.codehaus.groovy.ast.stmt.ContinueStatement&gt;: null&#xD;
&#xD;
2019-09-20 13:50:23 - [TEST_STEP][PASSED] - k = j + 1: null&#xD;
&#xD;
2019-09-20 13:50:23 - [TEST_STEP][PASSED] - if (emiPrice.get(j) &lt;= emiPrice.get(k)): null&#xD;
&#xD;
2019-09-20 13:50:23 - [TEST_STEP][PASSED] - &lt;not implemented yet for class: org.codehaus.groovy.ast.stmt.ContinueStatement&gt;: null&#xD;
&#xD;
2019-09-20 13:50:23 - [TEST_STEP][PASSED] - k = j + 1: null&#xD;
&#xD;
2019-09-20 13:50:23 - [TEST_STEP][PASSED] - if (emiPrice.get(j) &lt;= emiPrice.get(k)): null&#xD;
&#xD;
2019-09-20 13:50:23 - [TEST_STEP][PASSED] - &lt;not implemented yet for class: org.codehaus.groovy.ast.stmt.ContinueStatement&gt;: null&#xD;
&#xD;
2019-09-20 13:50:23 - [TEST_STEP][PASSED] - k = j + 1: null&#xD;
&#xD;
2019-09-20 13:50:23 - [TEST_STEP][PASSED] - if (emiPrice.get(j) &lt;= emiPrice.get(k)): null&#xD;
&#xD;
2019-09-20 13:50:23 - [TEST_STEP][PASSED] - &lt;not implemented yet for class: org.codehaus.groovy.ast.stmt.ContinueStatement&gt;: null&#xD;
&#xD;
2019-09-20 13:50:23 - [TEST_STEP][PASSED] - k = j + 1: null&#xD;
&#xD;
2019-09-20 13:50:23 - [TEST_STEP][PASSED] - if (emiPrice.get(j) &lt;= emiPrice.get(k)): null&#xD;
&#xD;
2019-09-20 13:50:23 - [TEST_STEP][PASSED] - &lt;not implemented yet for class: org.codehaus.groovy.ast.stmt.ContinueStatement&gt;: null&#xD;
&#xD;
2019-09-20 13:50:23 - [TEST_STEP][PASSED] - k = j + 1: null&#xD;
&#xD;
2019-09-20 13:50:23 - [TEST_STEP][PASSED] - if (emiPrice.get(j) &lt;= emiPrice.get(k)): null&#xD;
&#xD;
2019-09-20 13:50:23 - [TEST_STEP][PASSED] - &lt;not implemented yet for class: org.codehaus.groovy.ast.stmt.ContinueStatement&gt;: null&#xD;
&#xD;
2019-09-20 13:50:23 - [TEST_STEP][PASSED] - k = j + 1: null&#xD;
&#xD;
2019-09-20 13:50:23 - [TEST_STEP][PASSED] - if (emiPrice.get(j) &lt;= emiPrice.get(k)): null&#xD;
&#xD;
2019-09-20 13:50:23 - [TEST_STEP][PASSED] - &lt;not implemented yet for class: org.codehaus.groovy.ast.stmt.ContinueStatement&gt;: null&#xD;
&#xD;
2019-09-20 13:50:23 - [TEST_STEP][PASSED] - k = j + 1: null&#xD;
&#xD;
2019-09-20 13:50:25 - [TEST_STEP][PASSED] - if (emiPrice.get(j) &lt;= emiPrice.get(k)): null&#xD;
&#xD;
2019-09-20 13:50:25 - [TEST_STEP][PASSED] - &lt;not implemented yet for class: org.codehaus.groovy.ast.stmt.ContinueStatement&gt;: null&#xD;
&#xD;
2019-09-20 13:50:25 - [TEST_STEP][PASSED] - k = j + 1: null&#xD;
&#xD;
2019-09-20 13:50:25 - [TEST_STEP][PASSED] - if (emiPrice.get(j) &lt;= emiPrice.get(k)): null&#xD;
&#xD;
2019-09-20 13:50:25 - [TEST_STEP][PASSED] - &lt;not implemented yet for class: org.codehaus.groovy.ast.stmt.ContinueStatement&gt;: null&#xD;
&#xD;
2019-09-20 13:50:25 - [TEST_STEP][PASSED] - k = j + 1: null&#xD;
&#xD;
2019-09-20 13:50:25 - [TEST_STEP][PASSED] - if (emiPrice.get(j) &lt;= emiPrice.get(k)): null&#xD;
&#xD;
2019-09-20 13:50:25 - [TEST_STEP][PASSED] - &lt;not implemented yet for class: org.codehaus.groovy.ast.stmt.ContinueStatement&gt;: null&#xD;
&#xD;
2019-09-20 13:50:25 - [TEST_STEP][PASSED] - k = j + 1: null&#xD;
&#xD;
2019-09-20 13:50:25 - [TEST_STEP][PASSED] - if (emiPrice.get(j) &lt;= emiPrice.get(k)): null&#xD;
&#xD;
2019-09-20 13:50:25 - [TEST_STEP][PASSED] - &lt;not implemented yet for class: org.codehaus.groovy.ast.stmt.ContinueStatement&gt;: null&#xD;
&#xD;
2019-09-20 13:50:25 - [TEST_STEP][PASSED] - k = j + 1: null&#xD;
&#xD;
2019-09-20 13:50:25 - [TEST_STEP][PASSED] - if (emiPrice.get(j) &lt;= emiPrice.get(k)): null&#xD;
&#xD;
2019-09-20 13:50:25 - [TEST_STEP][PASSED] - &lt;not implemented yet for class: org.codehaus.groovy.ast.stmt.ContinueStatement&gt;: null&#xD;
&#xD;
2019-09-20 13:50:25 - [TEST_STEP][PASSED] - k = j + 1: null&#xD;
&#xD;
2019-09-20 13:50:25 - [TEST_STEP][PASSED] - if (emiPrice.get(j) &lt;= emiPrice.get(k)): null&#xD;
&#xD;
2019-09-20 13:50:25 - [TEST_STEP][PASSED] - &lt;not implemented yet for class: org.codehaus.groovy.ast.stmt.ContinueStatement&gt;: null&#xD;
&#xD;
2019-09-20 13:50:25 - [TEST_STEP][PASSED] - k = j + 1: null&#xD;
&#xD;
2019-09-20 13:50:25 - [TEST_STEP][PASSED] - if (emiPrice.get(j) &lt;= emiPrice.get(k)): null&#xD;
&#xD;
2019-09-20 13:50:25 - [TEST_STEP][PASSED] - &lt;not implemented yet for class: org.codehaus.groovy.ast.stmt.ContinueStatement&gt;: null&#xD;
&#xD;
2019-09-20 13:50:25 - [TEST_STEP][PASSED] - k = j + 1: null&#xD;
&#xD;
2019-09-20 13:50:25 - [TEST_STEP][PASSED] - if (emiPrice.get(j) &lt;= emiPrice.get(k)): null&#xD;
&#xD;
2019-09-20 13:50:25 - [TEST_STEP][PASSED] - &lt;not implemented yet for class: org.codehaus.groovy.ast.stmt.ContinueStatement&gt;: null&#xD;
&#xD;
2019-09-20 13:50:25 - [TEST_STEP][PASSED] - k = j + 1: null&#xD;
&#xD;
2019-09-20 13:50:25 - [TEST_STEP][PASSED] - if (emiPrice.get(j) &lt;= emiPrice.get(k)): null&#xD;
&#xD;
2019-09-20 13:50:25 - [TEST_STEP][PASSED] - &lt;not implemented yet for class: org.codehaus.groovy.ast.stmt.ContinueStatement&gt;: null&#xD;
&#xD;
2019-09-20 13:50:25 - [TEST_STEP][PASSED] - k = j + 1: null&#xD;
&#xD;
2019-09-20 13:50:25 - [TEST_STEP][PASSED] - if (emiPrice.get(j) &lt;= emiPrice.get(k)): null&#xD;
&#xD;
2019-09-20 13:50:25 - [TEST_STEP][PASSED] - &lt;not implemented yet for class: org.codehaus.groovy.ast.stmt.ContinueStatement&gt;: null&#xD;
&#xD;
2019-09-20 13:50:25 - [TEST_STEP][PASSED] - k = j + 1: null&#xD;
&#xD;
2019-09-20 13:50:25 - [TEST_STEP][PASSED] - if (emiPrice.get(j) &lt;= emiPrice.get(k)): null&#xD;
&#xD;
2019-09-20 13:50:25 - [TEST_STEP][PASSED] - &lt;not implemented yet for class: org.codehaus.groovy.ast.stmt.ContinueStatement&gt;: null&#xD;
&#xD;
2019-09-20 13:50:25 - [TEST_STEP][PASSED] - k = j + 1: null&#xD;
&#xD;
2019-09-20 13:50:25 - [TEST_STEP][PASSED] - if (emiPrice.get(j) &lt;= emiPrice.get(k)): null&#xD;
&#xD;
2019-09-20 13:50:25 - [TEST_STEP][PASSED] - &lt;not implemented yet for class: org.codehaus.groovy.ast.stmt.ContinueStatement&gt;: null&#xD;
&#xD;
2019-09-20 13:50:25 - [TEST_STEP][PASSED] - k = j + 1: null&#xD;
&#xD;
2019-09-20 13:50:25 - [TEST_STEP][PASSED] - if (emiPrice.get(j) &lt;= emiPrice.get(k)): null&#xD;
&#xD;
2019-09-20 13:50:25 - [TEST_STEP][PASSED] - &lt;not implemented yet for class: org.codehaus.groovy.ast.stmt.ContinueStatement&gt;: null&#xD;
&#xD;
2019-09-20 13:50:25 - [TEST_STEP][PASSED] - k = j + 1: null&#xD;
&#xD;
2019-09-20 13:50:25 - [TEST_STEP][PASSED] - if (emiPrice.get(j) &lt;= emiPrice.get(k)): null&#xD;
&#xD;
2019-09-20 13:50:25 - [TEST_STEP][PASSED] - &lt;not implemented yet for class: org.codehaus.groovy.ast.stmt.ContinueStatement&gt;: null&#xD;
&#xD;
2019-09-20 13:50:25 - [TEST_STEP][PASSED] - k = j + 1: null&#xD;
&#xD;
2019-09-20 13:50:25 - [TEST_STEP][PASSED] - if (emiPrice.get(j) &lt;= emiPrice.get(k)): null&#xD;
&#xD;
2019-09-20 13:50:25 - [TEST_STEP][PASSED] - &lt;not implemented yet for class: org.codehaus.groovy.ast.stmt.ContinueStatement&gt;: null&#xD;
&#xD;
2019-09-20 13:50:25 - [TEST_STEP][PASSED] - k = j + 1: null&#xD;
&#xD;
2019-09-20 13:50:25 - [TEST_STEP][PASSED] - if (emiPrice.get(j) &lt;= emiPrice.get(k)): null&#xD;
&#xD;
2019-09-20 13:50:25 - [TEST_STEP][PASSED] - &lt;not implemented yet for class: org.codehaus.groovy.ast.stmt.ContinueStatement&gt;: null&#xD;
&#xD;
2019-09-20 13:50:25 - [TEST_STEP][PASSED] - k = j + 1: null&#xD;
&#xD;
2019-09-20 13:50:25 - [TEST_STEP][PASSED] - if (emiPrice.get(j) &lt;= emiPrice.get(k)): null&#xD;
&#xD;
2019-09-20 13:50:25 - [TEST_STEP][PASSED] - &lt;not implemented yet for class: org.codehaus.groovy.ast.stmt.ContinueStatement&gt;: null&#xD;
&#xD;
2019-09-20 13:50:25 - [TEST_STEP][PASSED] - k = j + 1: null&#xD;
&#xD;
2019-09-20 13:50:25 - [TEST_STEP][PASSED] - if (emiPrice.get(j) &lt;= emiPrice.get(k)): null&#xD;
&#xD;
2019-09-20 13:50:25 - [TEST_STEP][PASSED] - &lt;not implemented yet for class: org.codehaus.groovy.ast.stmt.ContinueStatement&gt;: null&#xD;
&#xD;
2019-09-20 13:50:25 - [TEST_STEP][PASSED] - k = j + 1: null&#xD;
&#xD;
2019-09-20 13:50:25 - [TEST_STEP][PASSED] - if (emiPrice.get(j) &lt;= emiPrice.get(k)): null&#xD;
&#xD;
2019-09-20 13:50:25 - [TEST_STEP][PASSED] - &lt;not implemented yet for class: org.codehaus.groovy.ast.stmt.ContinueStatement&gt;: null&#xD;
&#xD;
2019-09-20 13:50:25 - [TEST_STEP][PASSED] - k = j + 1: null&#xD;
&#xD;
2019-09-20 13:50:25 - [TEST_STEP][PASSED] - if (emiPrice.get(j) &lt;= emiPrice.get(k)): null&#xD;
&#xD;
2019-09-20 13:50:25 - [TEST_STEP][PASSED] - &lt;not implemented yet for class: org.codehaus.groovy.ast.stmt.ContinueStatement&gt;: null&#xD;
&#xD;
2019-09-20 13:50:25 - [TEST_STEP][PASSED] - k = j + 1: null&#xD;
&#xD;
2019-09-20 13:50:25 - [TEST_STEP][PASSED] - if (emiPrice.get(j) &lt;= emiPrice.get(k)): null&#xD;
&#xD;
2019-09-20 13:50:25 - [TEST_STEP][PASSED] - &lt;not implemented yet for class: org.codehaus.groovy.ast.stmt.ContinueStatement&gt;: null&#xD;
&#xD;
2019-09-20 13:50:25 - [TEST_STEP][PASSED] - k = j + 1: null&#xD;
&#xD;
2019-09-20 13:50:25 - [TEST_STEP][PASSED] - if (emiPrice.get(j) &lt;= emiPrice.get(k)): null&#xD;
&#xD;
2019-09-20 13:50:25 - [TEST_STEP][PASSED] - &lt;not implemented yet for class: org.codehaus.groovy.ast.stmt.ContinueStatement&gt;: null&#xD;
&#xD;
2019-09-20 13:50:25 - [TEST_STEP][PASSED] - k = j + 1: null&#xD;
&#xD;
2019-09-20 13:50:25 - [TEST_STEP][PASSED] - if (emiPrice.get(j) &lt;= emiPrice.get(k)): null&#xD;
&#xD;
2019-09-20 13:50:25 - [TEST_STEP][PASSED] - &lt;not implemented yet for class: org.codehaus.groovy.ast.stmt.ContinueStatement&gt;: null&#xD;
&#xD;
2019-09-20 13:50:25 - [TEST_STEP][PASSED] - k = j + 1: null&#xD;
&#xD;
2019-09-20 13:50:25 - [TEST_STEP][PASSED] - if (emiPrice.get(j) &lt;= emiPrice.get(k)): null&#xD;
&#xD;
2019-09-20 13:50:25 - [TEST_STEP][PASSED] - &lt;not implemented yet for class: org.codehaus.groovy.ast.stmt.ContinueStatement&gt;: null&#xD;
&#xD;
2019-09-20 13:50:25 - [TEST_STEP][PASSED] - k = j + 1: null&#xD;
&#xD;
2019-09-20 13:50:25 - [TEST_STEP][PASSED] - if (emiPrice.get(j) &lt;= emiPrice.get(k)): null&#xD;
&#xD;
2019-09-20 13:50:25 - [TEST_STEP][PASSED] - &lt;not implemented yet for class: org.codehaus.groovy.ast.stmt.ContinueStatement&gt;: null&#xD;
&#xD;
2019-09-20 13:50:25 - [TEST_STEP][PASSED] - k = j + 1: null&#xD;
&#xD;
2019-09-20 13:50:25 - [TEST_STEP][PASSED] - if (emiPrice.get(j) &lt;= emiPrice.get(k)): null&#xD;
&#xD;
2019-09-20 13:50:25 - [TEST_STEP][PASSED] - &lt;not implemented yet for class: org.codehaus.groovy.ast.stmt.ContinueStatement&gt;: null&#xD;
&#xD;
2019-09-20 13:50:25 - [TEST_STEP][PASSED] - k = j + 1: null&#xD;
&#xD;
2019-09-20 13:50:25 - [TEST_STEP][PASSED] - if (emiPrice.get(j) &lt;= emiPrice.get(k)): null&#xD;
&#xD;
2019-09-20 13:50:25 - [TEST_STEP][PASSED] - &lt;not implemented yet for class: org.codehaus.groovy.ast.stmt.ContinueStatement&gt;: null&#xD;
&#xD;
2019-09-20 13:50:27 - [TEST_STEP][PASSED] - k = j + 1: null&#xD;
&#xD;
2019-09-20 13:50:27 - [TEST_STEP][PASSED] - if (emiPrice.get(j) &lt;= emiPrice.get(k)): null&#xD;
&#xD;
2019-09-20 13:50:27 - [TEST_STEP][PASSED] - &lt;not implemented yet for class: org.codehaus.groovy.ast.stmt.ContinueStatement&gt;: null&#xD;
&#xD;
2019-09-20 13:50:27 - [TEST_STEP][PASSED] - k = j + 1: null&#xD;
&#xD;
2019-09-20 13:50:28 - [TEST_STEP][PASSED] - if (emiPrice.get(j) &lt;= emiPrice.get(k)): null&#xD;
&#xD;
2019-09-20 13:50:28 - [TEST_STEP][PASSED] - &lt;not implemented yet for class: org.codehaus.groovy.ast.stmt.ContinueStatement&gt;: null&#xD;
&#xD;
2019-09-20 13:50:28 - [TEST_STEP][PASSED] - k = j + 1: null&#xD;
&#xD;
2019-09-20 13:50:28 - [TEST_STEP][PASSED] - if (emiPrice.get(j) &lt;= emiPrice.get(k)): null&#xD;
&#xD;
2019-09-20 13:50:28 - [TEST_STEP][PASSED] - &lt;not implemented yet for class: org.codehaus.groovy.ast.stmt.ContinueStatement&gt;: null&#xD;
&#xD;
2019-09-20 13:50:28 - [TEST_STEP][PASSED] - k = j + 1: null&#xD;
&#xD;
2019-09-20 13:50:28 - [TEST_STEP][PASSED] - if (emiPrice.get(j) &lt;= emiPrice.get(k)): null&#xD;
&#xD;
2019-09-20 13:50:28 - [TEST_STEP][PASSED] - &lt;not implemented yet for class: org.codehaus.groovy.ast.stmt.ContinueStatement&gt;: null&#xD;
&#xD;
2019-09-20 13:50:28 - [TEST_STEP][PASSED] - k = j + 1: null&#xD;
&#xD;
2019-09-20 13:50:28 - [TEST_STEP][PASSED] - if (emiPrice.get(j) &lt;= emiPrice.get(k)): null&#xD;
&#xD;
2019-09-20 13:50:28 - [TEST_STEP][PASSED] - &lt;not implemented yet for class: org.codehaus.groovy.ast.stmt.ContinueStatement&gt;: null&#xD;
&#xD;
2019-09-20 13:50:28 - [TEST_STEP][PASSED] - k = j + 1: null&#xD;
&#xD;
2019-09-20 13:50:28 - [TEST_STEP][PASSED] - if (emiPrice.get(j) &lt;= emiPrice.get(k)): null&#xD;
&#xD;
2019-09-20 13:50:28 - [TEST_STEP][PASSED] - &lt;not implemented yet for class: org.codehaus.groovy.ast.stmt.ContinueStatement&gt;: null&#xD;
&#xD;
2019-09-20 13:50:28 - [TEST_STEP][PASSED] - k = j + 1: null&#xD;
&#xD;
2019-09-20 13:50:28 - [TEST_STEP][PASSED] - if (emiPrice.get(j) &lt;= emiPrice.get(k)): null&#xD;
&#xD;
2019-09-20 13:50:28 - [TEST_STEP][PASSED] - &lt;not implemented yet for class: org.codehaus.groovy.ast.stmt.ContinueStatement&gt;: null&#xD;
&#xD;
2019-09-20 13:50:28 - [TEST_STEP][PASSED] - k = j + 1: null&#xD;
&#xD;
2019-09-20 13:50:28 - [TEST_STEP][PASSED] - if (emiPrice.get(j) &lt;= emiPrice.get(k)): null&#xD;
&#xD;
2019-09-20 13:50:28 - [TEST_STEP][PASSED] - &lt;not implemented yet for class: org.codehaus.groovy.ast.stmt.ContinueStatement&gt;: null&#xD;
&#xD;
2019-09-20 13:50:28 - [TEST_STEP][PASSED] - k = j + 1: null&#xD;
&#xD;
2019-09-20 13:50:28 - [TEST_STEP][PASSED] - if (emiPrice.get(j) &lt;= emiPrice.get(k)): null&#xD;
&#xD;
2019-09-20 13:50:28 - [TEST_STEP][PASSED] - &lt;not implemented yet for class: org.codehaus.groovy.ast.stmt.ContinueStatement&gt;: null&#xD;
&#xD;
2019-09-20 13:50:28 - [TEST_STEP][PASSED] - k = j + 1: null&#xD;
&#xD;
2019-09-20 13:50:28 - [TEST_STEP][PASSED] - if (emiPrice.get(j) &lt;= emiPrice.get(k)): null&#xD;
&#xD;
2019-09-20 13:50:28 - [TEST_STEP][PASSED] - &lt;not implemented yet for class: org.codehaus.groovy.ast.stmt.ContinueStatement&gt;: null&#xD;
&#xD;
2019-09-20 13:50:28 - [TEST_STEP][PASSED] - k = j + 1: null&#xD;
&#xD;
2019-09-20 13:50:28 - [TEST_STEP][PASSED] - if (emiPrice.get(j) &lt;= emiPrice.get(k)): null&#xD;
&#xD;
2019-09-20 13:50:28 - [TEST_STEP][PASSED] - &lt;not implemented yet for class: org.codehaus.groovy.ast.stmt.ContinueStatement&gt;: null&#xD;
&#xD;
2019-09-20 13:50:28 - [TEST_STEP][PASSED] - k = j + 1: null&#xD;
&#xD;
2019-09-20 13:50:28 - [TEST_STEP][PASSED] - if (emiPrice.get(j) &lt;= emiPrice.get(k)): null&#xD;
&#xD;
2019-09-20 13:50:28 - [TEST_STEP][PASSED] - &lt;not implemented yet for class: org.codehaus.groovy.ast.stmt.ContinueStatement&gt;: null&#xD;
&#xD;
2019-09-20 13:50:28 - [TEST_STEP][PASSED] - k = j + 1: null&#xD;
&#xD;
2019-09-20 13:50:28 - [TEST_STEP][PASSED] - if (emiPrice.get(j) &lt;= emiPrice.get(k)): null&#xD;
&#xD;
2019-09-20 13:50:28 - [TEST_STEP][PASSED] - &lt;not implemented yet for class: org.codehaus.groovy.ast.stmt.ContinueStatement&gt;: null&#xD;
&#xD;
2019-09-20 13:50:28 - [TEST_STEP][PASSED] - k = j + 1: null&#xD;
&#xD;
2019-09-20 13:50:28 - [TEST_STEP][PASSED] - if (emiPrice.get(j) &lt;= emiPrice.get(k)): null&#xD;
&#xD;
2019-09-20 13:50:28 - [TEST_STEP][PASSED] - &lt;not implemented yet for class: org.codehaus.groovy.ast.stmt.ContinueStatement&gt;: null&#xD;
&#xD;
2019-09-20 13:50:28 - [TEST_STEP][PASSED] - k = j + 1: null&#xD;
&#xD;
2019-09-20 13:50:28 - [TEST_STEP][PASSED] - if (emiPrice.get(j) &lt;= emiPrice.get(k)): null&#xD;
&#xD;
2019-09-20 13:50:28 - [TEST_STEP][PASSED] - &lt;not implemented yet for class: org.codehaus.groovy.ast.stmt.ContinueStatement&gt;: null&#xD;
&#xD;
2019-09-20 13:50:28 - [TEST_STEP][PASSED] - k = j + 1: null&#xD;
&#xD;
2019-09-20 13:50:28 - [TEST_STEP][PASSED] - if (emiPrice.get(j) &lt;= emiPrice.get(k)): null&#xD;
&#xD;
2019-09-20 13:50:28 - [TEST_STEP][PASSED] - &lt;not implemented yet for class: org.codehaus.groovy.ast.stmt.ContinueStatement&gt;: null&#xD;
&#xD;
2019-09-20 13:50:28 - [TEST_STEP][PASSED] - k = j + 1: null&#xD;
&#xD;
2019-09-20 13:50:28 - [TEST_STEP][PASSED] - if (emiPrice.get(j) &lt;= emiPrice.get(k)): null&#xD;
&#xD;
2019-09-20 13:50:28 - [TEST_STEP][PASSED] - &lt;not implemented yet for class: org.codehaus.groovy.ast.stmt.ContinueStatement&gt;: null&#xD;
&#xD;
2019-09-20 13:50:28 - [TEST_STEP][PASSED] - k = j + 1: null&#xD;
&#xD;
2019-09-20 13:50:28 - [TEST_STEP][PASSED] - if (emiPrice.get(j) &lt;= emiPrice.get(k)): null&#xD;
&#xD;
2019-09-20 13:50:28 - [TEST_STEP][PASSED] - &lt;not implemented yet for class: org.codehaus.groovy.ast.stmt.ContinueStatement&gt;: null&#xD;
&#xD;
2019-09-20 13:50:28 - [TEST_STEP][PASSED] - k = j + 1: null&#xD;
&#xD;
2019-09-20 13:50:28 - [TEST_STEP][PASSED] - if (emiPrice.get(j) &lt;= emiPrice.get(k)): null&#xD;
&#xD;
2019-09-20 13:50:28 - [TEST_STEP][PASSED] - &lt;not implemented yet for class: org.codehaus.groovy.ast.stmt.ContinueStatement&gt;: null&#xD;
&#xD;
2019-09-20 13:50:28 - [TEST_STEP][PASSED] - k = j + 1: null&#xD;
&#xD;
2019-09-20 13:50:28 - [TEST_STEP][PASSED] - if (emiPrice.get(j) &lt;= emiPrice.get(k)): null&#xD;
&#xD;
2019-09-20 13:50:28 - [TEST_STEP][PASSED] - &lt;not implemented yet for class: org.codehaus.groovy.ast.stmt.ContinueStatement&gt;: null&#xD;
&#xD;
2019-09-20 13:50:28 - [TEST_STEP][PASSED] - k = j + 1: null&#xD;
&#xD;
2019-09-20 13:50:28 - [TEST_STEP][PASSED] - if (emiPrice.get(j) &lt;= emiPrice.get(k)): null&#xD;
&#xD;
2019-09-20 13:50:28 - [TEST_STEP][PASSED] - &lt;not implemented yet for class: org.codehaus.groovy.ast.stmt.ContinueStatement&gt;: null&#xD;
&#xD;
2019-09-20 13:50:28 - [TEST_STEP][PASSED] - k = j + 1: null&#xD;
&#xD;
2019-09-20 13:50:28 - [TEST_STEP][PASSED] - if (emiPrice.get(j) &lt;= emiPrice.get(k)): null&#xD;
&#xD;
2019-09-20 13:50:28 - [TEST_STEP][PASSED] - &lt;not implemented yet for class: org.codehaus.groovy.ast.stmt.ContinueStatement&gt;: null&#xD;
&#xD;
2019-09-20 13:50:28 - [TEST_STEP][PASSED] - k = j + 1: null&#xD;
&#xD;
2019-09-20 13:50:28 - [TEST_STEP][PASSED] - if (emiPrice.get(j) &lt;= emiPrice.get(k)): null&#xD;
&#xD;
2019-09-20 13:50:28 - [TEST_STEP][PASSED] - &lt;not implemented yet for class: org.codehaus.groovy.ast.stmt.ContinueStatement&gt;: null&#xD;
&#xD;
2019-09-20 13:50:28 - [TEST_STEP][PASSED] - k = j + 1: null&#xD;
&#xD;
2019-09-20 13:50:28 - [TEST_STEP][PASSED] - if (emiPrice.get(j) &lt;= emiPrice.get(k)): null&#xD;
&#xD;
2019-09-20 13:50:28 - [TEST_STEP][PASSED] - &lt;not implemented yet for class: org.codehaus.groovy.ast.stmt.ContinueStatement&gt;: null&#xD;
&#xD;
2019-09-20 13:50:28 - [TEST_STEP][PASSED] - k = j + 1: null&#xD;
&#xD;
2019-09-20 13:50:28 - [TEST_STEP][PASSED] - if (emiPrice.get(j) &lt;= emiPrice.get(k)): null&#xD;
&#xD;
2019-09-20 13:50:28 - [TEST_STEP][PASSED] - &lt;not implemented yet for class: org.codehaus.groovy.ast.stmt.ContinueStatement&gt;: null&#xD;
&#xD;
2019-09-20 13:50:28 - [TEST_STEP][PASSED] - k = j + 1: null&#xD;
&#xD;
2019-09-20 13:50:28 - [TEST_STEP][PASSED] - if (emiPrice.get(j) &lt;= emiPrice.get(k)): null&#xD;
&#xD;
2019-09-20 13:50:28 - [TEST_STEP][PASSED] - &lt;not implemented yet for class: org.codehaus.groovy.ast.stmt.ContinueStatement&gt;: null&#xD;
&#xD;
2019-09-20 13:50:28 - [TEST_STEP][PASSED] - k = j + 1: null&#xD;
&#xD;
2019-09-20 13:50:28 - [TEST_STEP][PASSED] - if (emiPrice.get(j) &lt;= emiPrice.get(k)): null&#xD;
&#xD;
2019-09-20 13:50:30 - [TEST_STEP][PASSED] - &lt;not implemented yet for class: org.codehaus.groovy.ast.stmt.ContinueStatement&gt;: null&#xD;
&#xD;
2019-09-20 13:50:30 - [TEST_STEP][PASSED] - k = j + 1: null&#xD;
&#xD;
2019-09-20 13:50:30 - [TEST_STEP][PASSED] - if (emiPrice.get(j) &lt;= emiPrice.get(k)): null&#xD;
&#xD;
2019-09-20 13:50:30 - [TEST_STEP][PASSED] - &lt;not implemented yet for class: org.codehaus.groovy.ast.stmt.ContinueStatement&gt;: null&#xD;
&#xD;
2019-09-20 13:50:31 - [TEST_STEP][PASSED] - k = j + 1: null&#xD;
&#xD;
2019-09-20 13:50:31 - [TEST_STEP][PASSED] - if (emiPrice.get(j) &lt;= emiPrice.get(k)): null&#xD;
&#xD;
2019-09-20 13:50:31 - [TEST_STEP][PASSED] - &lt;not implemented yet for class: org.codehaus.groovy.ast.stmt.ContinueStatement&gt;: null&#xD;
&#xD;
2019-09-20 13:50:31 - [TEST_STEP][PASSED] - k = j + 1: null&#xD;
&#xD;
2019-09-20 13:50:31 - [TEST_STEP][PASSED] - if (emiPrice.get(j) &lt;= emiPrice.get(k)): null&#xD;
&#xD;
2019-09-20 13:50:31 - [TEST_STEP][PASSED] - &lt;not implemented yet for class: org.codehaus.groovy.ast.stmt.ContinueStatement&gt;: null&#xD;
&#xD;
2019-09-20 13:50:31 - [TEST_STEP][PASSED] - k = j + 1: null&#xD;
&#xD;
2019-09-20 13:50:31 - [TEST_STEP][PASSED] - if (emiPrice.get(j) &lt;= emiPrice.get(k)): null&#xD;
&#xD;
2019-09-20 13:50:31 - [TEST_STEP][PASSED] - &lt;not implemented yet for class: org.codehaus.groovy.ast.stmt.ContinueStatement&gt;: null&#xD;
&#xD;
2019-09-20 13:50:31 - [TEST_STEP][PASSED] - k = j + 1: null&#xD;
&#xD;
2019-09-20 13:50:31 - [TEST_STEP][PASSED] - if (emiPrice.get(j) &lt;= emiPrice.get(k)): null&#xD;
&#xD;
2019-09-20 13:50:31 - [TEST_STEP][PASSED] - &lt;not implemented yet for class: org.codehaus.groovy.ast.stmt.ContinueStatement&gt;: null&#xD;
&#xD;
2019-09-20 13:50:31 - [TEST_STEP][PASSED] - k = j + 1: null&#xD;
&#xD;
2019-09-20 13:50:31 - [TEST_STEP][PASSED] - if (emiPrice.get(j) &lt;= emiPrice.get(k)): null&#xD;
&#xD;
2019-09-20 13:50:31 - [TEST_STEP][PASSED] - &lt;not implemented yet for class: org.codehaus.groovy.ast.stmt.ContinueStatement&gt;: null&#xD;
&#xD;
2019-09-20 13:50:31 - [TEST_STEP][PASSED] - k = j + 1: null&#xD;
&#xD;
2019-09-20 13:50:31 - [TEST_STEP][PASSED] - if (emiPrice.get(j) &lt;= emiPrice.get(k)): null&#xD;
&#xD;
2019-09-20 13:50:31 - [TEST_STEP][PASSED] - &lt;not implemented yet for class: org.codehaus.groovy.ast.stmt.ContinueStatement&gt;: null&#xD;
&#xD;
2019-09-20 13:50:31 - [TEST_STEP][PASSED] - k = j + 1: null&#xD;
&#xD;
2019-09-20 13:50:31 - [TEST_STEP][PASSED] - if (emiPrice.get(j) &lt;= emiPrice.get(k)): null&#xD;
&#xD;
2019-09-20 13:50:31 - [TEST_STEP][PASSED] - &lt;not implemented yet for class: org.codehaus.groovy.ast.stmt.ContinueStatement&gt;: null&#xD;
&#xD;
2019-09-20 13:50:31 - [TEST_STEP][PASSED] - k = j + 1: null&#xD;
&#xD;
2019-09-20 13:50:31 - [TEST_STEP][PASSED] - if (emiPrice.get(j) &lt;= emiPrice.get(k)): null&#xD;
&#xD;
2019-09-20 13:50:31 - [TEST_STEP][PASSED] - &lt;not implemented yet for class: org.codehaus.groovy.ast.stmt.ContinueStatement&gt;: null&#xD;
&#xD;
2019-09-20 13:50:31 - [TEST_STEP][PASSED] - k = j + 1: null&#xD;
&#xD;
2019-09-20 13:50:31 - [TEST_STEP][PASSED] - if (emiPrice.get(j) &lt;= emiPrice.get(k)): null&#xD;
&#xD;
2019-09-20 13:50:31 - [TEST_STEP][PASSED] - &lt;not implemented yet for class: org.codehaus.groovy.ast.stmt.ContinueStatement&gt;: null&#xD;
&#xD;
2019-09-20 13:50:31 - [TEST_STEP][PASSED] - k = j + 1: null&#xD;
&#xD;
2019-09-20 13:50:31 - [TEST_STEP][PASSED] - if (emiPrice.get(j) &lt;= emiPrice.get(k)): null&#xD;
&#xD;
2019-09-20 13:50:31 - [TEST_STEP][PASSED] - &lt;not implemented yet for class: org.codehaus.groovy.ast.stmt.ContinueStatement&gt;: null&#xD;
&#xD;
2019-09-20 13:50:31 - [TEST_STEP][PASSED] - k = j + 1: null&#xD;
&#xD;
2019-09-20 13:50:31 - [TEST_STEP][PASSED] - if (emiPrice.get(j) &lt;= emiPrice.get(k)): null&#xD;
&#xD;
2019-09-20 13:50:31 - [TEST_STEP][PASSED] - &lt;not implemented yet for class: org.codehaus.groovy.ast.stmt.ContinueStatement&gt;: null&#xD;
&#xD;
2019-09-20 13:50:31 - [TEST_STEP][PASSED] - k = j + 1: null&#xD;
&#xD;
2019-09-20 13:50:31 - [TEST_STEP][PASSED] - if (emiPrice.get(j) &lt;= emiPrice.get(k)): null&#xD;
&#xD;
2019-09-20 13:50:31 - [TEST_STEP][PASSED] - &lt;not implemented yet for class: org.codehaus.groovy.ast.stmt.ContinueStatement&gt;: null&#xD;
&#xD;
2019-09-20 13:50:31 - [TEST_STEP][PASSED] - k = j + 1: null&#xD;
&#xD;
2019-09-20 13:50:31 - [TEST_STEP][PASSED] - if (emiPrice.get(j) &lt;= emiPrice.get(k)): null&#xD;
&#xD;
2019-09-20 13:50:31 - [TEST_STEP][PASSED] - &lt;not implemented yet for class: org.codehaus.groovy.ast.stmt.ContinueStatement&gt;: null&#xD;
&#xD;
2019-09-20 13:50:31 - [TEST_STEP][PASSED] - k = j + 1: null&#xD;
&#xD;
2019-09-20 13:50:31 - [TEST_STEP][PASSED] - if (emiPrice.get(j) &lt;= emiPrice.get(k)): null&#xD;
&#xD;
2019-09-20 13:50:31 - [TEST_STEP][PASSED] - &lt;not implemented yet for class: org.codehaus.groovy.ast.stmt.ContinueStatement&gt;: null&#xD;
&#xD;
2019-09-20 13:50:31 - [TEST_STEP][PASSED] - k = j + 1: null&#xD;
&#xD;
2019-09-20 13:50:31 - [TEST_STEP][PASSED] - if (emiPrice.get(j) &lt;= emiPrice.get(k)): null&#xD;
&#xD;
2019-09-20 13:50:31 - [TEST_STEP][PASSED] - &lt;not implemented yet for class: org.codehaus.groovy.ast.stmt.ContinueStatement&gt;: null&#xD;
&#xD;
2019-09-20 13:50:31 - [TEST_STEP][PASSED] - k = j + 1: null&#xD;
&#xD;
2019-09-20 13:50:31 - [TEST_STEP][PASSED] - if (emiPrice.get(j) &lt;= emiPrice.get(k)): null&#xD;
&#xD;
2019-09-20 13:50:31 - [TEST_STEP][PASSED] - &lt;not implemented yet for class: org.codehaus.groovy.ast.stmt.ContinueStatement&gt;: null&#xD;
&#xD;
2019-09-20 13:50:31 - [TEST_STEP][PASSED] - k = j + 1: null&#xD;
&#xD;
2019-09-20 13:50:31 - [TEST_STEP][PASSED] - if (emiPrice.get(j) &lt;= emiPrice.get(k)): null&#xD;
&#xD;
2019-09-20 13:50:31 - [TEST_STEP][PASSED] - &lt;not implemented yet for class: org.codehaus.groovy.ast.stmt.ContinueStatement&gt;: null&#xD;
&#xD;
2019-09-20 13:50:31 - [TEST_STEP][PASSED] - k = j + 1: null&#xD;
&#xD;
2019-09-20 13:50:31 - [TEST_STEP][PASSED] - if (emiPrice.get(j) &lt;= emiPrice.get(k)): null&#xD;
&#xD;
2019-09-20 13:50:31 - [TEST_STEP][PASSED] - &lt;not implemented yet for class: org.codehaus.groovy.ast.stmt.ContinueStatement&gt;: null&#xD;
&#xD;
2019-09-20 13:50:31 - [TEST_STEP][PASSED] - k = j + 1: null&#xD;
&#xD;
2019-09-20 13:50:31 - [TEST_STEP][PASSED] - if (emiPrice.get(j) &lt;= emiPrice.get(k)): null&#xD;
&#xD;
2019-09-20 13:50:31 - [TEST_STEP][PASSED] - &lt;not implemented yet for class: org.codehaus.groovy.ast.stmt.ContinueStatement&gt;: null&#xD;
&#xD;
2019-09-20 13:50:31 - [TEST_STEP][PASSED] - k = j + 1: null&#xD;
&#xD;
2019-09-20 13:50:31 - [TEST_STEP][PASSED] - if (emiPrice.get(j) &lt;= emiPrice.get(k)): null&#xD;
&#xD;
2019-09-20 13:50:31 - [TEST_STEP][PASSED] - &lt;not implemented yet for class: org.codehaus.groovy.ast.stmt.ContinueStatement&gt;: null&#xD;
&#xD;
2019-09-20 13:50:31 - [TEST_STEP][PASSED] - k = j + 1: null&#xD;
&#xD;
2019-09-20 13:50:31 - [TEST_STEP][PASSED] - if (emiPrice.get(j) &lt;= emiPrice.get(k)): null&#xD;
&#xD;
2019-09-20 13:50:31 - [TEST_STEP][PASSED] - &lt;not implemented yet for class: org.codehaus.groovy.ast.stmt.ContinueStatement&gt;: null&#xD;
&#xD;
2019-09-20 13:50:31 - [TEST_STEP][PASSED] - k = j + 1: null&#xD;
&#xD;
2019-09-20 13:50:31 - [TEST_STEP][PASSED] - if (emiPrice.get(j) &lt;= emiPrice.get(k)): null&#xD;
&#xD;
2019-09-20 13:50:31 - [TEST_STEP][PASSED] - &lt;not implemented yet for class: org.codehaus.groovy.ast.stmt.ContinueStatement&gt;: null&#xD;
&#xD;
2019-09-20 13:50:31 - [TEST_STEP][PASSED] - k = j + 1: null&#xD;
&#xD;
2019-09-20 13:50:31 - [TEST_STEP][PASSED] - if (emiPrice.get(j) &lt;= emiPrice.get(k)): null&#xD;
&#xD;
2019-09-20 13:50:31 - [TEST_STEP][PASSED] - &lt;not implemented yet for class: org.codehaus.groovy.ast.stmt.ContinueStatement&gt;: null&#xD;
&#xD;
2019-09-20 13:50:31 - [TEST_STEP][PASSED] - k = j + 1: null&#xD;
&#xD;
2019-09-20 13:50:31 - [TEST_STEP][PASSED] - if (emiPrice.get(j) &lt;= emiPrice.get(k)): null&#xD;
&#xD;
2019-09-20 13:50:31 - [TEST_STEP][PASSED] - &lt;not implemented yet for class: org.codehaus.groovy.ast.stmt.ContinueStatement&gt;: null&#xD;
&#xD;
2019-09-20 13:50:31 - [TEST_STEP][PASSED] - k = j + 1: null&#xD;
&#xD;
2019-09-20 13:50:31 - [TEST_STEP][PASSED] - if (emiPrice.get(j) &lt;= emiPrice.get(k)): null&#xD;
&#xD;
2019-09-20 13:50:31 - [TEST_STEP][PASSED] - &lt;not implemented yet for class: org.codehaus.groovy.ast.stmt.ContinueStatement&gt;: null&#xD;
&#xD;
2019-09-20 13:50:33 - [TEST_STEP][PASSED] - k = j + 1: null&#xD;
&#xD;
2019-09-20 13:50:33 - [TEST_STEP][PASSED] - if (emiPrice.get(j) &lt;= emiPrice.get(k)): null&#xD;
&#xD;
2019-09-20 13:50:33 - [TEST_STEP][PASSED] - &lt;not implemented yet for class: org.codehaus.groovy.ast.stmt.ContinueStatement&gt;: null&#xD;
&#xD;
2019-09-20 13:50:33 - [TEST_STEP][PASSED] - k = j + 1: null&#xD;
&#xD;
2019-09-20 13:50:33 - [TEST_STEP][PASSED] - if (emiPrice.get(j) &lt;= emiPrice.get(k)): null&#xD;
&#xD;
2019-09-20 13:50:34 - [TEST_STEP][PASSED] - &lt;not implemented yet for class: org.codehaus.groovy.ast.stmt.ContinueStatement&gt;: null&#xD;
&#xD;
2019-09-20 13:50:34 - [TEST_STEP][PASSED] - k = j + 1: null&#xD;
&#xD;
2019-09-20 13:50:34 - [TEST_STEP][PASSED] - if (emiPrice.get(j) &lt;= emiPrice.get(k)): null&#xD;
&#xD;
2019-09-20 13:50:34 - [TEST_STEP][PASSED] - &lt;not implemented yet for class: org.codehaus.groovy.ast.stmt.ContinueStatement&gt;: null&#xD;
&#xD;
2019-09-20 13:50:34 - [TEST_STEP][PASSED] - k = j + 1: null&#xD;
&#xD;
2019-09-20 13:50:34 - [TEST_STEP][PASSED] - if (emiPrice.get(j) &lt;= emiPrice.get(k)): null&#xD;
&#xD;
2019-09-20 13:50:34 - [TEST_STEP][PASSED] - &lt;not implemented yet for class: org.codehaus.groovy.ast.stmt.ContinueStatement&gt;: null&#xD;
&#xD;
2019-09-20 13:50:34 - [TEST_STEP][PASSED] - k = j + 1: null&#xD;
&#xD;
2019-09-20 13:50:34 - [TEST_STEP][PASSED] - if (emiPrice.get(j) &lt;= emiPrice.get(k)): null&#xD;
&#xD;
2019-09-20 13:50:34 - [TEST_STEP][PASSED] - &lt;not implemented yet for class: org.codehaus.groovy.ast.stmt.ContinueStatement&gt;: null&#xD;
&#xD;
2019-09-20 13:50:34 - [TEST_STEP][PASSED] - k = j + 1: null&#xD;
&#xD;
2019-09-20 13:50:34 - [TEST_STEP][PASSED] - if (emiPrice.get(j) &lt;= emiPrice.get(k)): null&#xD;
&#xD;
2019-09-20 13:50:34 - [TEST_STEP][PASSED] - &lt;not implemented yet for class: org.codehaus.groovy.ast.stmt.ContinueStatement&gt;: null&#xD;
&#xD;
2019-09-20 13:50:34 - [TEST_STEP][PASSED] - k = j + 1: null&#xD;
&#xD;
2019-09-20 13:50:34 - [TEST_STEP][PASSED] - if (emiPrice.get(j) &lt;= emiPrice.get(k)): null&#xD;
&#xD;
2019-09-20 13:50:34 - [TEST_STEP][PASSED] - &lt;not implemented yet for class: org.codehaus.groovy.ast.stmt.ContinueStatement&gt;: null&#xD;
&#xD;
2019-09-20 13:50:34 - [TEST_STEP][PASSED] - k = j + 1: null&#xD;
&#xD;
2019-09-20 13:50:34 - [TEST_STEP][PASSED] - if (emiPrice.get(j) &lt;= emiPrice.get(k)): null&#xD;
&#xD;
2019-09-20 13:50:34 - [TEST_STEP][PASSED] - &lt;not implemented yet for class: org.codehaus.groovy.ast.stmt.ContinueStatement&gt;: null&#xD;
&#xD;
2019-09-20 13:50:34 - [TEST_STEP][PASSED] - k = j + 1: null&#xD;
&#xD;
2019-09-20 13:50:34 - [TEST_STEP][PASSED] - if (emiPrice.get(j) &lt;= emiPrice.get(k)): null&#xD;
&#xD;
2019-09-20 13:50:34 - [TEST_STEP][PASSED] - &lt;not implemented yet for class: org.codehaus.groovy.ast.stmt.ContinueStatement&gt;: null&#xD;
&#xD;
2019-09-20 13:50:34 - [TEST_STEP][PASSED] - k = j + 1: null&#xD;
&#xD;
2019-09-20 13:50:34 - [TEST_STEP][PASSED] - if (emiPrice.get(j) &lt;= emiPrice.get(k)): null&#xD;
&#xD;
2019-09-20 13:50:34 - [TEST_STEP][PASSED] - &lt;not implemented yet for class: org.codehaus.groovy.ast.stmt.ContinueStatement&gt;: null&#xD;
&#xD;
2019-09-20 13:50:34 - [TEST_STEP][PASSED] - k = j + 1: null&#xD;
&#xD;
2019-09-20 13:50:34 - [TEST_STEP][PASSED] - if (emiPrice.get(j) &lt;= emiPrice.get(k)): null&#xD;
&#xD;
2019-09-20 13:50:34 - [TEST_STEP][PASSED] - &lt;not implemented yet for class: org.codehaus.groovy.ast.stmt.ContinueStatement&gt;: null&#xD;
&#xD;
2019-09-20 13:50:34 - [TEST_STEP][PASSED] - k = j + 1: null&#xD;
&#xD;
2019-09-20 13:50:34 - [TEST_STEP][PASSED] - if (emiPrice.get(j) &lt;= emiPrice.get(k)): null&#xD;
&#xD;
2019-09-20 13:50:34 - [TEST_STEP][PASSED] - &lt;not implemented yet for class: org.codehaus.groovy.ast.stmt.ContinueStatement&gt;: null&#xD;
&#xD;
2019-09-20 13:50:34 - [TEST_STEP][PASSED] - k = j + 1: null&#xD;
&#xD;
2019-09-20 13:50:34 - [TEST_STEP][PASSED] - if (emiPrice.get(j) &lt;= emiPrice.get(k)): null&#xD;
&#xD;
2019-09-20 13:50:34 - [TEST_STEP][PASSED] - &lt;not implemented yet for class: org.codehaus.groovy.ast.stmt.ContinueStatement&gt;: null&#xD;
&#xD;
2019-09-20 13:50:34 - [TEST_STEP][PASSED] - k = j + 1: null&#xD;
&#xD;
2019-09-20 13:50:34 - [TEST_STEP][PASSED] - if (emiPrice.get(j) &lt;= emiPrice.get(k)): null&#xD;
&#xD;
2019-09-20 13:50:34 - [TEST_STEP][PASSED] - &lt;not implemented yet for class: org.codehaus.groovy.ast.stmt.ContinueStatement&gt;: null&#xD;
&#xD;
2019-09-20 13:50:34 - [TEST_STEP][PASSED] - k = j + 1: null&#xD;
&#xD;
2019-09-20 13:50:34 - [TEST_STEP][PASSED] - if (emiPrice.get(j) &lt;= emiPrice.get(k)): null&#xD;
&#xD;
2019-09-20 13:50:34 - [TEST_STEP][PASSED] - &lt;not implemented yet for class: org.codehaus.groovy.ast.stmt.ContinueStatement&gt;: null&#xD;
&#xD;
2019-09-20 13:50:34 - [TEST_STEP][PASSED] - k = j + 1: null&#xD;
&#xD;
2019-09-20 13:50:34 - [TEST_STEP][PASSED] - if (emiPrice.get(j) &lt;= emiPrice.get(k)): null&#xD;
&#xD;
2019-09-20 13:50:34 - [TEST_STEP][PASSED] - &lt;not implemented yet for class: org.codehaus.groovy.ast.stmt.ContinueStatement&gt;: null&#xD;
&#xD;
2019-09-20 13:50:34 - [TEST_STEP][PASSED] - k = j + 1: null&#xD;
&#xD;
2019-09-20 13:50:34 - [TEST_STEP][PASSED] - if (emiPrice.get(j) &lt;= emiPrice.get(k)): null&#xD;
&#xD;
2019-09-20 13:50:34 - [TEST_STEP][PASSED] - &lt;not implemented yet for class: org.codehaus.groovy.ast.stmt.ContinueStatement&gt;: null&#xD;
&#xD;
2019-09-20 13:50:34 - [TEST_STEP][PASSED] - k = j + 1: null&#xD;
&#xD;
2019-09-20 13:50:34 - [TEST_STEP][PASSED] - if (emiPrice.get(j) &lt;= emiPrice.get(k)): null&#xD;
&#xD;
2019-09-20 13:50:34 - [TEST_STEP][PASSED] - &lt;not implemented yet for class: org.codehaus.groovy.ast.stmt.ContinueStatement&gt;: null&#xD;
&#xD;
2019-09-20 13:50:34 - [TEST_STEP][PASSED] - k = j + 1: null&#xD;
&#xD;
2019-09-20 13:50:34 - [TEST_STEP][PASSED] - if (emiPrice.get(j) &lt;= emiPrice.get(k)): null&#xD;
&#xD;
2019-09-20 13:50:34 - [TEST_STEP][PASSED] - &lt;not implemented yet for class: org.codehaus.groovy.ast.stmt.ContinueStatement&gt;: null&#xD;
&#xD;
2019-09-20 13:50:34 - [TEST_STEP][PASSED] - k = j + 1: null&#xD;
&#xD;
2019-09-20 13:50:34 - [TEST_STEP][PASSED] - if (emiPrice.get(j) &lt;= emiPrice.get(k)): null&#xD;
&#xD;
2019-09-20 13:50:34 - [TEST_STEP][PASSED] - &lt;not implemented yet for class: org.codehaus.groovy.ast.stmt.ContinueStatement&gt;: null&#xD;
&#xD;
2019-09-20 13:50:34 - [TEST_STEP][PASSED] - k = j + 1: null&#xD;
&#xD;
2019-09-20 13:50:34 - [TEST_STEP][PASSED] - if (emiPrice.get(j) &lt;= emiPrice.get(k)): null&#xD;
&#xD;
2019-09-20 13:50:34 - [TEST_STEP][PASSED] - &lt;not implemented yet for class: org.codehaus.groovy.ast.stmt.ContinueStatement&gt;: null&#xD;
&#xD;
2019-09-20 13:50:34 - [TEST_STEP][PASSED] - k = j + 1: null&#xD;
&#xD;
2019-09-20 13:50:34 - [TEST_STEP][PASSED] - if (emiPrice.get(j) &lt;= emiPrice.get(k)): null&#xD;
&#xD;
2019-09-20 13:50:34 - [TEST_STEP][PASSED] - &lt;not implemented yet for class: org.codehaus.groovy.ast.stmt.ContinueStatement&gt;: null&#xD;
&#xD;
2019-09-20 13:50:34 - [TEST_STEP][PASSED] - k = j + 1: null&#xD;
&#xD;
2019-09-20 13:50:34 - [TEST_STEP][PASSED] - if (emiPrice.get(j) &lt;= emiPrice.get(k)): null&#xD;
&#xD;
2019-09-20 13:50:34 - [TEST_STEP][PASSED] - &lt;not implemented yet for class: org.codehaus.groovy.ast.stmt.ContinueStatement&gt;: null&#xD;
&#xD;
2019-09-20 13:50:34 - [TEST_STEP][PASSED] - k = j + 1: null&#xD;
&#xD;
2019-09-20 13:50:34 - [TEST_STEP][PASSED] - if (emiPrice.get(j) &lt;= emiPrice.get(k)): null&#xD;
&#xD;
2019-09-20 13:50:34 - [TEST_STEP][PASSED] - &lt;not implemented yet for class: org.codehaus.groovy.ast.stmt.ContinueStatement&gt;: null&#xD;
&#xD;
2019-09-20 13:50:34 - [TEST_STEP][PASSED] - k = j + 1: null&#xD;
&#xD;
2019-09-20 13:50:34 - [TEST_STEP][PASSED] - if (emiPrice.get(j) &lt;= emiPrice.get(k)): null&#xD;
&#xD;
2019-09-20 13:50:34 - [TEST_STEP][PASSED] - &lt;not implemented yet for class: org.codehaus.groovy.ast.stmt.ContinueStatement&gt;: null&#xD;
&#xD;
2019-09-20 13:50:34 - [TEST_STEP][PASSED] - k = j + 1: null&#xD;
&#xD;
2019-09-20 13:50:34 - [TEST_STEP][PASSED] - if (emiPrice.get(j) &lt;= emiPrice.get(k)): null&#xD;
&#xD;
2019-09-20 13:50:34 - [TEST_STEP][PASSED] - &lt;not implemented yet for class: org.codehaus.groovy.ast.stmt.ContinueStatement&gt;: null&#xD;
&#xD;
2019-09-20 13:50:34 - [TEST_STEP][PASSED] - k = j + 1: null&#xD;
&#xD;
2019-09-20 13:50:34 - [TEST_STEP][PASSED] - if (emiPrice.get(j) &lt;= emiPrice.get(k)): null&#xD;
&#xD;
2019-09-20 13:50:34 - [TEST_STEP][PASSED] - &lt;not implemented yet for class: org.codehaus.groovy.ast.stmt.ContinueStatement&gt;: null&#xD;
&#xD;
2019-09-20 13:50:37 - [TEST_STEP][PASSED] - k = j + 1: null&#xD;
&#xD;
2019-09-20 13:50:37 - [TEST_STEP][PASSED] - if (emiPrice.get(j) &lt;= emiPrice.get(k)): null&#xD;
&#xD;
2019-09-20 13:50:37 - [TEST_STEP][PASSED] - &lt;not implemented yet for class: org.codehaus.groovy.ast.stmt.ContinueStatement&gt;: null&#xD;
&#xD;
2019-09-20 13:50:37 - [TEST_STEP][PASSED] - k = j + 1: null&#xD;
&#xD;
2019-09-20 13:50:38 - [TEST_STEP][PASSED] - if (emiPrice.get(j) &lt;= emiPrice.get(k)): null&#xD;
&#xD;
2019-09-20 13:50:38 - [TEST_STEP][PASSED] - &lt;not implemented yet for class: org.codehaus.groovy.ast.stmt.ContinueStatement&gt;: null&#xD;
&#xD;
2019-09-20 13:50:38 - [TEST_STEP][PASSED] - k = j + 1: null&#xD;
&#xD;
2019-09-20 13:50:38 - [TEST_STEP][PASSED] - if (emiPrice.get(j) &lt;= emiPrice.get(k)): null&#xD;
&#xD;
2019-09-20 13:50:38 - [TEST_STEP][PASSED] - &lt;not implemented yet for class: org.codehaus.groovy.ast.stmt.ContinueStatement&gt;: null&#xD;
&#xD;
2019-09-20 13:50:38 - [TEST_STEP][PASSED] - k = j + 1: null&#xD;
&#xD;
2019-09-20 13:50:38 - [TEST_STEP][PASSED] - if (emiPrice.get(j) &lt;= emiPrice.get(k)): null&#xD;
&#xD;
2019-09-20 13:50:38 - [TEST_STEP][PASSED] - &lt;not implemented yet for class: org.codehaus.groovy.ast.stmt.ContinueStatement&gt;: null&#xD;
&#xD;
2019-09-20 13:50:38 - [TEST_STEP][PASSED] - k = j + 1: null&#xD;
&#xD;
2019-09-20 13:50:38 - [TEST_STEP][PASSED] - if (emiPrice.get(j) &lt;= emiPrice.get(k)): null&#xD;
&#xD;
2019-09-20 13:50:38 - [TEST_STEP][PASSED] - &lt;not implemented yet for class: org.codehaus.groovy.ast.stmt.ContinueStatement&gt;: null&#xD;
&#xD;
2019-09-20 13:50:38 - [TEST_STEP][PASSED] - k = j + 1: null&#xD;
&#xD;
2019-09-20 13:50:38 - [TEST_STEP][PASSED] - if (emiPrice.get(j) &lt;= emiPrice.get(k)): null&#xD;
&#xD;
2019-09-20 13:50:38 - [TEST_STEP][PASSED] - &lt;not implemented yet for class: org.codehaus.groovy.ast.stmt.ContinueStatement&gt;: null&#xD;
&#xD;
2019-09-20 13:50:38 - [TEST_STEP][PASSED] - k = j + 1: null&#xD;
&#xD;
2019-09-20 13:50:38 - [TEST_STEP][PASSED] - if (emiPrice.get(j) &lt;= emiPrice.get(k)): null&#xD;
&#xD;
2019-09-20 13:50:38 - [TEST_STEP][PASSED] - &lt;not implemented yet for class: org.codehaus.groovy.ast.stmt.ContinueStatement&gt;: null&#xD;
&#xD;
2019-09-20 13:50:38 - [TEST_STEP][PASSED] - k = j + 1: null&#xD;
&#xD;
2019-09-20 13:50:38 - [TEST_STEP][PASSED] - if (emiPrice.get(j) &lt;= emiPrice.get(k)): null&#xD;
&#xD;
2019-09-20 13:50:38 - [TEST_STEP][PASSED] - &lt;not implemented yet for class: org.codehaus.groovy.ast.stmt.ContinueStatement&gt;: null&#xD;
&#xD;
2019-09-20 13:50:38 - [TEST_STEP][PASSED] - k = j + 1: null&#xD;
&#xD;
2019-09-20 13:50:38 - [TEST_STEP][PASSED] - if (emiPrice.get(j) &lt;= emiPrice.get(k)): null&#xD;
&#xD;
2019-09-20 13:50:38 - [TEST_STEP][PASSED] - &lt;not implemented yet for class: org.codehaus.groovy.ast.stmt.ContinueStatement&gt;: null&#xD;
&#xD;
2019-09-20 13:50:38 - [TEST_STEP][PASSED] - k = j + 1: null&#xD;
&#xD;
2019-09-20 13:50:38 - [TEST_STEP][PASSED] - if (emiPrice.get(j) &lt;= emiPrice.get(k)): null&#xD;
&#xD;
2019-09-20 13:50:38 - [TEST_STEP][PASSED] - &lt;not implemented yet for class: org.codehaus.groovy.ast.stmt.ContinueStatement&gt;: null&#xD;
&#xD;
2019-09-20 13:50:38 - [TEST_STEP][PASSED] - k = j + 1: null&#xD;
&#xD;
2019-09-20 13:50:38 - [TEST_STEP][PASSED] - if (emiPrice.get(j) &lt;= emiPrice.get(k)): null&#xD;
&#xD;
2019-09-20 13:50:38 - [TEST_STEP][PASSED] - &lt;not implemented yet for class: org.codehaus.groovy.ast.stmt.ContinueStatement&gt;: null&#xD;
&#xD;
2019-09-20 13:50:38 - [TEST_STEP][PASSED] - k = j + 1: null&#xD;
&#xD;
2019-09-20 13:50:38 - [TEST_STEP][PASSED] - if (emiPrice.get(j) &lt;= emiPrice.get(k)): null&#xD;
&#xD;
2019-09-20 13:50:38 - [TEST_STEP][PASSED] - &lt;not implemented yet for class: org.codehaus.groovy.ast.stmt.ContinueStatement&gt;: null&#xD;
&#xD;
2019-09-20 13:50:38 - [TEST_STEP][PASSED] - k = j + 1: null&#xD;
&#xD;
2019-09-20 13:50:38 - [TEST_STEP][PASSED] - if (emiPrice.get(j) &lt;= emiPrice.get(k)): null&#xD;
&#xD;
2019-09-20 13:50:38 - [TEST_STEP][PASSED] - &lt;not implemented yet for class: org.codehaus.groovy.ast.stmt.ContinueStatement&gt;: null&#xD;
&#xD;
2019-09-20 13:50:38 - [TEST_STEP][PASSED] - k = j + 1: null&#xD;
&#xD;
2019-09-20 13:50:38 - [TEST_STEP][PASSED] - if (emiPrice.get(j) &lt;= emiPrice.get(k)): null&#xD;
&#xD;
2019-09-20 13:50:38 - [TEST_STEP][PASSED] - &lt;not implemented yet for class: org.codehaus.groovy.ast.stmt.ContinueStatement&gt;: null&#xD;
&#xD;
2019-09-20 13:50:38 - [TEST_STEP][PASSED] - k = j + 1: null&#xD;
&#xD;
2019-09-20 13:50:38 - [TEST_STEP][PASSED] - if (emiPrice.get(j) &lt;= emiPrice.get(k)): null&#xD;
&#xD;
2019-09-20 13:50:38 - [TEST_STEP][PASSED] - &lt;not implemented yet for class: org.codehaus.groovy.ast.stmt.ContinueStatement&gt;: null&#xD;
&#xD;
2019-09-20 13:50:38 - [TEST_STEP][PASSED] - k = j + 1: null&#xD;
&#xD;
2019-09-20 13:50:38 - [TEST_STEP][PASSED] - if (emiPrice.get(j) &lt;= emiPrice.get(k)): null&#xD;
&#xD;
2019-09-20 13:50:38 - [TEST_STEP][PASSED] - &lt;not implemented yet for class: org.codehaus.groovy.ast.stmt.ContinueStatement&gt;: null&#xD;
&#xD;
2019-09-20 13:50:38 - [TEST_STEP][PASSED] - k = j + 1: null&#xD;
&#xD;
2019-09-20 13:50:38 - [TEST_STEP][PASSED] - if (emiPrice.get(j) &lt;= emiPrice.get(k)): null&#xD;
&#xD;
2019-09-20 13:50:38 - [TEST_STEP][PASSED] - &lt;not implemented yet for class: org.codehaus.groovy.ast.stmt.ContinueStatement&gt;: null&#xD;
&#xD;
2019-09-20 13:50:38 - [TEST_STEP][PASSED] - k = j + 1: null&#xD;
&#xD;
2019-09-20 13:50:38 - [TEST_STEP][PASSED] - if (emiPrice.get(j) &lt;= emiPrice.get(k)): null&#xD;
&#xD;
2019-09-20 13:50:38 - [TEST_STEP][PASSED] - &lt;not implemented yet for class: org.codehaus.groovy.ast.stmt.ContinueStatement&gt;: null&#xD;
&#xD;
2019-09-20 13:50:38 - [TEST_STEP][PASSED] - k = j + 1: null&#xD;
&#xD;
2019-09-20 13:50:38 - [TEST_STEP][PASSED] - if (emiPrice.get(j) &lt;= emiPrice.get(k)): null&#xD;
&#xD;
2019-09-20 13:50:38 - [TEST_STEP][PASSED] - &lt;not implemented yet for class: org.codehaus.groovy.ast.stmt.ContinueStatement&gt;: null&#xD;
&#xD;
2019-09-20 13:50:38 - [TEST_STEP][PASSED] - k = j + 1: null&#xD;
&#xD;
2019-09-20 13:50:38 - [TEST_STEP][PASSED] - if (emiPrice.get(j) &lt;= emiPrice.get(k)): null&#xD;
&#xD;
2019-09-20 13:50:38 - [TEST_STEP][PASSED] - &lt;not implemented yet for class: org.codehaus.groovy.ast.stmt.ContinueStatement&gt;: null&#xD;
&#xD;
2019-09-20 13:50:38 - [TEST_STEP][PASSED] - k = j + 1: null&#xD;
&#xD;
2019-09-20 13:50:38 - [TEST_STEP][PASSED] - if (emiPrice.get(j) &lt;= emiPrice.get(k)): null&#xD;
&#xD;
2019-09-20 13:50:38 - [TEST_STEP][PASSED] - &lt;not implemented yet for class: org.codehaus.groovy.ast.stmt.ContinueStatement&gt;: null&#xD;
&#xD;
2019-09-20 13:50:38 - [TEST_STEP][PASSED] - k = j + 1: null&#xD;
&#xD;
2019-09-20 13:50:38 - [TEST_STEP][PASSED] - if (emiPrice.get(j) &lt;= emiPrice.get(k)): null&#xD;
&#xD;
2019-09-20 13:50:38 - [TEST_STEP][PASSED] - &lt;not implemented yet for class: org.codehaus.groovy.ast.stmt.ContinueStatement&gt;: null&#xD;
&#xD;
2019-09-20 13:50:38 - [TEST_STEP][PASSED] - k = j + 1: null&#xD;
&#xD;
2019-09-20 13:50:38 - [TEST_STEP][PASSED] - if (emiPrice.get(j) &lt;= emiPrice.get(k)): null&#xD;
&#xD;
2019-09-20 13:50:38 - [TEST_STEP][PASSED] - &lt;not implemented yet for class: org.codehaus.groovy.ast.stmt.ContinueStatement&gt;: null&#xD;
&#xD;
2019-09-20 13:50:38 - [TEST_STEP][PASSED] - k = j + 1: null&#xD;
&#xD;
2019-09-20 13:50:38 - [TEST_STEP][PASSED] - if (emiPrice.get(j) &lt;= emiPrice.get(k)): null&#xD;
&#xD;
2019-09-20 13:50:38 - [TEST_STEP][PASSED] - &lt;not implemented yet for class: org.codehaus.groovy.ast.stmt.ContinueStatement&gt;: null&#xD;
&#xD;
2019-09-20 13:50:38 - [TEST_STEP][PASSED] - k = j + 1: null&#xD;
&#xD;
2019-09-20 13:50:38 - [TEST_STEP][PASSED] - if (emiPrice.get(j) &lt;= emiPrice.get(k)): null&#xD;
&#xD;
2019-09-20 13:50:38 - [TEST_STEP][PASSED] - &lt;not implemented yet for class: org.codehaus.groovy.ast.stmt.ContinueStatement&gt;: null&#xD;
&#xD;
2019-09-20 13:50:38 - [TEST_STEP][PASSED] - k = j + 1: null&#xD;
&#xD;
2019-09-20 13:50:38 - [TEST_STEP][PASSED] - if (emiPrice.get(j) &lt;= emiPrice.get(k)): null&#xD;
&#xD;
2019-09-20 13:50:38 - [TEST_STEP][PASSED] - &lt;not implemented yet for class: org.codehaus.groovy.ast.stmt.ContinueStatement&gt;: null&#xD;
&#xD;
2019-09-20 13:50:38 - [TEST_STEP][PASSED] - k = j + 1: null&#xD;
&#xD;
2019-09-20 13:50:41 - [TEST_STEP][PASSED] - if (emiPrice.get(j) &lt;= emiPrice.get(k)): null&#xD;
&#xD;
2019-09-20 13:50:41 - [TEST_STEP][PASSED] - &lt;not implemented yet for class: org.codehaus.groovy.ast.stmt.ContinueStatement&gt;: null&#xD;
&#xD;
2019-09-20 13:50:41 - [TEST_STEP][PASSED] - k = j + 1: null&#xD;
&#xD;
2019-09-20 13:50:41 - [TEST_STEP][PASSED] - if (emiPrice.get(j) &lt;= emiPrice.get(k)): null&#xD;
&#xD;
2019-09-20 13:50:41 - [TEST_STEP][PASSED] - &lt;not implemented yet for class: org.codehaus.groovy.ast.stmt.ContinueStatement&gt;: null&#xD;
&#xD;
2019-09-20 13:50:42 - [TEST_STEP][PASSED] - k = j + 1: null&#xD;
&#xD;
2019-09-20 13:50:42 - [TEST_STEP][PASSED] - if (emiPrice.get(j) &lt;= emiPrice.get(k)): null&#xD;
&#xD;
2019-09-20 13:50:42 - [TEST_STEP][PASSED] - &lt;not implemented yet for class: org.codehaus.groovy.ast.stmt.ContinueStatement&gt;: null&#xD;
&#xD;
2019-09-20 13:50:42 - [TEST_STEP][PASSED] - k = j + 1: null&#xD;
&#xD;
2019-09-20 13:50:42 - [TEST_STEP][PASSED] - if (emiPrice.get(j) &lt;= emiPrice.get(k)): null&#xD;
&#xD;
2019-09-20 13:50:42 - [TEST_STEP][PASSED] - &lt;not implemented yet for class: org.codehaus.groovy.ast.stmt.ContinueStatement&gt;: null&#xD;
&#xD;
2019-09-20 13:50:42 - [TEST_STEP][PASSED] - k = j + 1: null&#xD;
&#xD;
2019-09-20 13:50:42 - [TEST_STEP][PASSED] - if (emiPrice.get(j) &lt;= emiPrice.get(k)): null&#xD;
&#xD;
2019-09-20 13:50:42 - [TEST_STEP][PASSED] - &lt;not implemented yet for class: org.codehaus.groovy.ast.stmt.ContinueStatement&gt;: null&#xD;
&#xD;
2019-09-20 13:50:42 - [TEST_STEP][PASSED] - k = j + 1: null&#xD;
&#xD;
2019-09-20 13:50:42 - [TEST_STEP][PASSED] - if (emiPrice.get(j) &lt;= emiPrice.get(k)): null&#xD;
&#xD;
2019-09-20 13:50:42 - [TEST_STEP][PASSED] - &lt;not implemented yet for class: org.codehaus.groovy.ast.stmt.ContinueStatement&gt;: null&#xD;
&#xD;
2019-09-20 13:50:42 - [TEST_STEP][PASSED] - k = j + 1: null&#xD;
&#xD;
2019-09-20 13:50:42 - [TEST_STEP][PASSED] - if (emiPrice.get(j) &lt;= emiPrice.get(k)): null&#xD;
&#xD;
2019-09-20 13:50:42 - [TEST_STEP][PASSED] - &lt;not implemented yet for class: org.codehaus.groovy.ast.stmt.ContinueStatement&gt;: null&#xD;
&#xD;
2019-09-20 13:50:42 - [TEST_STEP][PASSED] - k = j + 1: null&#xD;
&#xD;
2019-09-20 13:50:42 - [TEST_STEP][PASSED] - if (emiPrice.get(j) &lt;= emiPrice.get(k)): null&#xD;
&#xD;
2019-09-20 13:50:42 - [TEST_STEP][PASSED] - &lt;not implemented yet for class: org.codehaus.groovy.ast.stmt.ContinueStatement&gt;: null&#xD;
&#xD;
2019-09-20 13:50:42 - [TEST_STEP][PASSED] - k = j + 1: null&#xD;
&#xD;
2019-09-20 13:50:42 - [TEST_STEP][PASSED] - if (emiPrice.get(j) &lt;= emiPrice.get(k)): null&#xD;
&#xD;
2019-09-20 13:50:42 - [TEST_STEP][PASSED] - &lt;not implemented yet for class: org.codehaus.groovy.ast.stmt.ContinueStatement&gt;: null&#xD;
&#xD;
2019-09-20 13:50:42 - [TEST_STEP][PASSED] - k = j + 1: null&#xD;
&#xD;
2019-09-20 13:50:42 - [TEST_STEP][PASSED] - if (emiPrice.get(j) &lt;= emiPrice.get(k)): null&#xD;
&#xD;
2019-09-20 13:50:42 - [TEST_STEP][PASSED] - &lt;not implemented yet for class: org.codehaus.groovy.ast.stmt.ContinueStatement&gt;: null&#xD;
&#xD;
2019-09-20 13:50:42 - [TEST_STEP][PASSED] - k = j + 1: null&#xD;
&#xD;
2019-09-20 13:50:42 - [TEST_STEP][PASSED] - if (emiPrice.get(j) &lt;= emiPrice.get(k)): null&#xD;
&#xD;
2019-09-20 13:50:42 - [TEST_STEP][PASSED] - &lt;not implemented yet for class: org.codehaus.groovy.ast.stmt.ContinueStatement&gt;: null&#xD;
&#xD;
2019-09-20 13:50:42 - [TEST_STEP][PASSED] - k = j + 1: null&#xD;
&#xD;
2019-09-20 13:50:42 - [TEST_STEP][PASSED] - if (emiPrice.get(j) &lt;= emiPrice.get(k)): null&#xD;
&#xD;
2019-09-20 13:50:42 - [TEST_STEP][PASSED] - &lt;not implemented yet for class: org.codehaus.groovy.ast.stmt.ContinueStatement&gt;: null&#xD;
&#xD;
2019-09-20 13:50:42 - [TEST_STEP][PASSED] - k = j + 1: null&#xD;
&#xD;
2019-09-20 13:50:42 - [TEST_STEP][PASSED] - if (emiPrice.get(j) &lt;= emiPrice.get(k)): null&#xD;
&#xD;
2019-09-20 13:50:42 - [TEST_STEP][PASSED] - &lt;not implemented yet for class: org.codehaus.groovy.ast.stmt.ContinueStatement&gt;: null&#xD;
&#xD;
2019-09-20 13:50:42 - [TEST_STEP][PASSED] - k = j + 1: null&#xD;
&#xD;
2019-09-20 13:50:42 - [TEST_STEP][PASSED] - if (emiPrice.get(j) &lt;= emiPrice.get(k)): null&#xD;
&#xD;
2019-09-20 13:50:42 - [TEST_STEP][PASSED] - &lt;not implemented yet for class: org.codehaus.groovy.ast.stmt.ContinueStatement&gt;: null&#xD;
&#xD;
2019-09-20 13:50:42 - [TEST_STEP][PASSED] - k = j + 1: null&#xD;
&#xD;
2019-09-20 13:50:42 - [TEST_STEP][PASSED] - if (emiPrice.get(j) &lt;= emiPrice.get(k)): null&#xD;
&#xD;
2019-09-20 13:50:42 - [TEST_STEP][PASSED] - &lt;not implemented yet for class: org.codehaus.groovy.ast.stmt.ContinueStatement&gt;: null&#xD;
&#xD;
2019-09-20 13:50:42 - [TEST_STEP][PASSED] - k = j + 1: null&#xD;
&#xD;
2019-09-20 13:50:42 - [TEST_STEP][PASSED] - if (emiPrice.get(j) &lt;= emiPrice.get(k)): null&#xD;
&#xD;
2019-09-20 13:50:42 - [TEST_STEP][PASSED] - &lt;not implemented yet for class: org.codehaus.groovy.ast.stmt.ContinueStatement&gt;: null&#xD;
&#xD;
2019-09-20 13:50:42 - [TEST_STEP][PASSED] - k = j + 1: null&#xD;
&#xD;
2019-09-20 13:50:42 - [TEST_STEP][PASSED] - if (emiPrice.get(j) &lt;= emiPrice.get(k)): null&#xD;
&#xD;
2019-09-20 13:50:42 - [TEST_STEP][PASSED] - &lt;not implemented yet for class: org.codehaus.groovy.ast.stmt.ContinueStatement&gt;: null&#xD;
&#xD;
2019-09-20 13:50:42 - [TEST_STEP][PASSED] - k = j + 1: null&#xD;
&#xD;
2019-09-20 13:50:42 - [TEST_STEP][PASSED] - if (emiPrice.get(j) &lt;= emiPrice.get(k)): null&#xD;
&#xD;
2019-09-20 13:50:42 - [TEST_STEP][PASSED] - &lt;not implemented yet for class: org.codehaus.groovy.ast.stmt.ContinueStatement&gt;: null&#xD;
&#xD;
2019-09-20 13:50:42 - [TEST_STEP][PASSED] - k = j + 1: null&#xD;
&#xD;
2019-09-20 13:50:42 - [TEST_STEP][PASSED] - if (emiPrice.get(j) &lt;= emiPrice.get(k)): null&#xD;
&#xD;
2019-09-20 13:50:42 - [TEST_STEP][PASSED] - &lt;not implemented yet for class: org.codehaus.groovy.ast.stmt.ContinueStatement&gt;: null&#xD;
&#xD;
2019-09-20 13:50:42 - [TEST_STEP][PASSED] - k = j + 1: null&#xD;
&#xD;
2019-09-20 13:50:42 - [TEST_STEP][PASSED] - if (emiPrice.get(j) &lt;= emiPrice.get(k)): null&#xD;
&#xD;
2019-09-20 13:50:42 - [TEST_STEP][PASSED] - &lt;not implemented yet for class: org.codehaus.groovy.ast.stmt.ContinueStatement&gt;: null&#xD;
&#xD;
2019-09-20 13:50:42 - [TEST_STEP][PASSED] - k = j + 1: null&#xD;
&#xD;
2019-09-20 13:50:42 - [TEST_STEP][PASSED] - if (emiPrice.get(j) &lt;= emiPrice.get(k)): null&#xD;
&#xD;
2019-09-20 13:50:42 - [TEST_STEP][PASSED] - &lt;not implemented yet for class: org.codehaus.groovy.ast.stmt.ContinueStatement&gt;: null&#xD;
&#xD;
2019-09-20 13:50:42 - [TEST_STEP][PASSED] - k = j + 1: null&#xD;
&#xD;
2019-09-20 13:50:42 - [TEST_STEP][PASSED] - if (emiPrice.get(j) &lt;= emiPrice.get(k)): null&#xD;
&#xD;
2019-09-20 13:50:42 - [TEST_STEP][PASSED] - &lt;not implemented yet for class: org.codehaus.groovy.ast.stmt.ContinueStatement&gt;: null&#xD;
&#xD;
2019-09-20 13:50:42 - [TEST_STEP][PASSED] - k = j + 1: null&#xD;
&#xD;
2019-09-20 13:50:42 - [TEST_STEP][PASSED] - if (emiPrice.get(j) &lt;= emiPrice.get(k)): null&#xD;
&#xD;
2019-09-20 13:50:42 - [TEST_STEP][PASSED] - &lt;not implemented yet for class: org.codehaus.groovy.ast.stmt.ContinueStatement&gt;: null&#xD;
&#xD;
2019-09-20 13:50:42 - [TEST_STEP][PASSED] - k = j + 1: null&#xD;
&#xD;
2019-09-20 13:50:42 - [TEST_STEP][PASSED] - if (emiPrice.get(j) &lt;= emiPrice.get(k)): null&#xD;
&#xD;
2019-09-20 13:50:42 - [TEST_STEP][PASSED] - &lt;not implemented yet for class: org.codehaus.groovy.ast.stmt.ContinueStatement&gt;: null&#xD;
&#xD;
2019-09-20 13:50:42 - [TEST_STEP][PASSED] - k = j + 1: null&#xD;
&#xD;
2019-09-20 13:50:42 - [TEST_STEP][PASSED] - if (emiPrice.get(j) &lt;= emiPrice.get(k)): null&#xD;
&#xD;
2019-09-20 13:50:42 - [TEST_STEP][PASSED] - &lt;not implemented yet for class: org.codehaus.groovy.ast.stmt.ContinueStatement&gt;: null&#xD;
&#xD;
2019-09-20 13:50:42 - [TEST_STEP][PASSED] - k = j + 1: null&#xD;
&#xD;
2019-09-20 13:50:42 - [TEST_STEP][PASSED] - if (emiPrice.get(j) &lt;= emiPrice.get(k)): null&#xD;
&#xD;
2019-09-20 13:50:42 - [TEST_STEP][PASSED] - &lt;not implemented yet for class: org.codehaus.groovy.ast.stmt.ContinueStatement&gt;: null&#xD;
&#xD;
2019-09-20 13:50:42 - [TEST_STEP][PASSED] - k = j + 1: null&#xD;
&#xD;
2019-09-20 13:50:42 - [TEST_STEP][PASSED] - if (emiPrice.get(j) &lt;= emiPrice.get(k)): null&#xD;
&#xD;
2019-09-20 13:50:42 - [TEST_STEP][PASSED] - &lt;not implemented yet for class: org.codehaus.groovy.ast.stmt.ContinueStatement&gt;: null&#xD;
&#xD;
2019-09-20 13:50:46 - [TEST_STEP][PASSED] - k = j + 1: null&#xD;
&#xD;
2019-09-20 13:50:46 - [TEST_STEP][PASSED] - if (emiPrice.get(j) &lt;= emiPrice.get(k)): null&#xD;
&#xD;
2019-09-20 13:50:46 - [TEST_STEP][PASSED] - &lt;not implemented yet for class: org.codehaus.groovy.ast.stmt.ContinueStatement&gt;: null&#xD;
&#xD;
2019-09-20 13:50:46 - [TEST_STEP][PASSED] - k = j + 1: null&#xD;
&#xD;
2019-09-20 13:50:46 - [TEST_STEP][PASSED] - if (emiPrice.get(j) &lt;= emiPrice.get(k)): null&#xD;
&#xD;
2019-09-20 13:50:46 - [TEST_STEP][PASSED] - &lt;not implemented yet for class: org.codehaus.groovy.ast.stmt.ContinueStatement&gt;: null&#xD;
&#xD;
2019-09-20 13:50:46 - [TEST_STEP][PASSED] - k = j + 1: null&#xD;
&#xD;
2019-09-20 13:50:46 - [TEST_STEP][PASSED] - if (emiPrice.get(j) &lt;= emiPrice.get(k)): null&#xD;
&#xD;
2019-09-20 13:50:46 - [TEST_STEP][PASSED] - &lt;not implemented yet for class: org.codehaus.groovy.ast.stmt.ContinueStatement&gt;: null&#xD;
&#xD;
2019-09-20 13:50:46 - [TEST_STEP][PASSED] - k = j + 1: null&#xD;
&#xD;
2019-09-20 13:50:46 - [TEST_STEP][PASSED] - if (emiPrice.get(j) &lt;= emiPrice.get(k)): null&#xD;
&#xD;
2019-09-20 13:50:46 - [TEST_STEP][PASSED] - &lt;not implemented yet for class: org.codehaus.groovy.ast.stmt.ContinueStatement&gt;: null&#xD;
&#xD;
2019-09-20 13:50:46 - [TEST_STEP][PASSED] - k = j + 1: null&#xD;
&#xD;
2019-09-20 13:50:46 - [TEST_STEP][PASSED] - if (emiPrice.get(j) &lt;= emiPrice.get(k)): null&#xD;
&#xD;
2019-09-20 13:50:46 - [TEST_STEP][PASSED] - &lt;not implemented yet for class: org.codehaus.groovy.ast.stmt.ContinueStatement&gt;: null&#xD;
&#xD;
2019-09-20 13:50:46 - [TEST_STEP][PASSED] - k = j + 1: null&#xD;
&#xD;
2019-09-20 13:50:46 - [TEST_STEP][PASSED] - if (emiPrice.get(j) &lt;= emiPrice.get(k)): null&#xD;
&#xD;
2019-09-20 13:50:46 - [TEST_STEP][PASSED] - &lt;not implemented yet for class: org.codehaus.groovy.ast.stmt.ContinueStatement&gt;: null&#xD;
&#xD;
2019-09-20 13:50:46 - [TEST_STEP][PASSED] - k = j + 1: null&#xD;
&#xD;
2019-09-20 13:50:46 - [TEST_STEP][PASSED] - if (emiPrice.get(j) &lt;= emiPrice.get(k)): null&#xD;
&#xD;
2019-09-20 13:50:46 - [TEST_STEP][PASSED] - &lt;not implemented yet for class: org.codehaus.groovy.ast.stmt.ContinueStatement&gt;: null&#xD;
&#xD;
2019-09-20 13:50:46 - [TEST_STEP][PASSED] - k = j + 1: null&#xD;
&#xD;
2019-09-20 13:50:46 - [TEST_STEP][PASSED] - if (emiPrice.get(j) &lt;= emiPrice.get(k)): null&#xD;
&#xD;
2019-09-20 13:50:46 - [TEST_STEP][PASSED] - &lt;not implemented yet for class: org.codehaus.groovy.ast.stmt.ContinueStatement&gt;: null&#xD;
&#xD;
2019-09-20 13:50:46 - [TEST_STEP][PASSED] - k = j + 1: null&#xD;
&#xD;
2019-09-20 13:50:46 - [TEST_STEP][PASSED] - if (emiPrice.get(j) &lt;= emiPrice.get(k)): null&#xD;
&#xD;
2019-09-20 13:50:46 - [TEST_STEP][PASSED] - &lt;not implemented yet for class: org.codehaus.groovy.ast.stmt.ContinueStatement&gt;: null&#xD;
&#xD;
2019-09-20 13:50:46 - [TEST_STEP][PASSED] - k = j + 1: null&#xD;
&#xD;
2019-09-20 13:50:46 - [TEST_STEP][PASSED] - if (emiPrice.get(j) &lt;= emiPrice.get(k)): null&#xD;
&#xD;
2019-09-20 13:50:46 - [TEST_STEP][PASSED] - &lt;not implemented yet for class: org.codehaus.groovy.ast.stmt.ContinueStatement&gt;: null&#xD;
&#xD;
2019-09-20 13:50:46 - [TEST_STEP][PASSED] - k = j + 1: null&#xD;
&#xD;
2019-09-20 13:50:46 - [TEST_STEP][PASSED] - if (emiPrice.get(j) &lt;= emiPrice.get(k)): null&#xD;
&#xD;
2019-09-20 13:50:46 - [TEST_STEP][PASSED] - &lt;not implemented yet for class: org.codehaus.groovy.ast.stmt.ContinueStatement&gt;: null&#xD;
&#xD;
2019-09-20 13:50:46 - [TEST_STEP][PASSED] - k = j + 1: null&#xD;
&#xD;
2019-09-20 13:50:46 - [TEST_STEP][PASSED] - if (emiPrice.get(j) &lt;= emiPrice.get(k)): null&#xD;
&#xD;
2019-09-20 13:50:46 - [TEST_STEP][PASSED] - &lt;not implemented yet for class: org.codehaus.groovy.ast.stmt.ContinueStatement&gt;: null&#xD;
&#xD;
2019-09-20 13:50:46 - [TEST_STEP][PASSED] - k = j + 1: null&#xD;
&#xD;
2019-09-20 13:50:46 - [TEST_STEP][PASSED] - if (emiPrice.get(j) &lt;= emiPrice.get(k)): null&#xD;
&#xD;
2019-09-20 13:50:46 - [TEST_STEP][PASSED] - &lt;not implemented yet for class: org.codehaus.groovy.ast.stmt.ContinueStatement&gt;: null&#xD;
&#xD;
2019-09-20 13:50:46 - [TEST_STEP][PASSED] - k = j + 1: null&#xD;
&#xD;
2019-09-20 13:50:46 - [TEST_STEP][PASSED] - if (emiPrice.get(j) &lt;= emiPrice.get(k)): null&#xD;
&#xD;
2019-09-20 13:50:46 - [TEST_STEP][PASSED] - &lt;not implemented yet for class: org.codehaus.groovy.ast.stmt.ContinueStatement&gt;: null&#xD;
&#xD;
2019-09-20 13:50:46 - [TEST_STEP][PASSED] - k = j + 1: null&#xD;
&#xD;
2019-09-20 13:50:46 - [TEST_STEP][PASSED] - if (emiPrice.get(j) &lt;= emiPrice.get(k)): null&#xD;
&#xD;
2019-09-20 13:50:46 - [TEST_STEP][PASSED] - &lt;not implemented yet for class: org.codehaus.groovy.ast.stmt.ContinueStatement&gt;: null&#xD;
&#xD;
2019-09-20 13:50:46 - [TEST_STEP][PASSED] - k = j + 1: null&#xD;
&#xD;
2019-09-20 13:50:46 - [TEST_STEP][PASSED] - if (emiPrice.get(j) &lt;= emiPrice.get(k)): null&#xD;
&#xD;
2019-09-20 13:50:46 - [TEST_STEP][PASSED] - &lt;not implemented yet for class: org.codehaus.groovy.ast.stmt.ContinueStatement&gt;: null&#xD;
&#xD;
2019-09-20 13:50:46 - [TEST_STEP][PASSED] - k = j + 1: null&#xD;
&#xD;
2019-09-20 13:50:46 - [TEST_STEP][PASSED] - if (emiPrice.get(j) &lt;= emiPrice.get(k)): null&#xD;
&#xD;
2019-09-20 13:50:46 - [TEST_STEP][PASSED] - &lt;not implemented yet for class: org.codehaus.groovy.ast.stmt.ContinueStatement&gt;: null&#xD;
&#xD;
2019-09-20 13:50:46 - [TEST_STEP][PASSED] - k = j + 1: null&#xD;
&#xD;
2019-09-20 13:50:46 - [TEST_STEP][PASSED] - if (emiPrice.get(j) &lt;= emiPrice.get(k)): null&#xD;
&#xD;
2019-09-20 13:50:46 - [TEST_STEP][PASSED] - &lt;not implemented yet for class: org.codehaus.groovy.ast.stmt.ContinueStatement&gt;: null&#xD;
&#xD;
2019-09-20 13:50:46 - [TEST_STEP][PASSED] - k = j + 1: null&#xD;
&#xD;
2019-09-20 13:50:46 - [TEST_STEP][PASSED] - if (emiPrice.get(j) &lt;= emiPrice.get(k)): null&#xD;
&#xD;
2019-09-20 13:50:46 - [TEST_STEP][PASSED] - &lt;not implemented yet for class: org.codehaus.groovy.ast.stmt.ContinueStatement&gt;: null&#xD;
&#xD;
2019-09-20 13:50:46 - [TEST_STEP][PASSED] - k = j + 1: null&#xD;
&#xD;
2019-09-20 13:50:46 - [TEST_STEP][PASSED] - if (emiPrice.get(j) &lt;= emiPrice.get(k)): null&#xD;
&#xD;
2019-09-20 13:50:46 - [TEST_STEP][PASSED] - &lt;not implemented yet for class: org.codehaus.groovy.ast.stmt.ContinueStatement&gt;: null&#xD;
&#xD;
2019-09-20 13:50:46 - [TEST_STEP][PASSED] - k = j + 1: null&#xD;
&#xD;
2019-09-20 13:50:46 - [TEST_STEP][PASSED] - if (emiPrice.get(j) &lt;= emiPrice.get(k)): null&#xD;
&#xD;
2019-09-20 13:50:46 - [TEST_STEP][PASSED] - &lt;not implemented yet for class: org.codehaus.groovy.ast.stmt.ContinueStatement&gt;: null&#xD;
&#xD;
2019-09-20 13:50:46 - [TEST_STEP][PASSED] - k = j + 1: null&#xD;
&#xD;
2019-09-20 13:50:46 - [TEST_STEP][PASSED] - if (emiPrice.get(j) &lt;= emiPrice.get(k)): null&#xD;
&#xD;
2019-09-20 13:50:46 - [TEST_STEP][PASSED] - &lt;not implemented yet for class: org.codehaus.groovy.ast.stmt.ContinueStatement&gt;: null&#xD;
&#xD;
2019-09-20 13:50:46 - [TEST_STEP][PASSED] - k = j + 1: null&#xD;
&#xD;
2019-09-20 13:50:46 - [TEST_STEP][PASSED] - if (emiPrice.get(j) &lt;= emiPrice.get(k)): null&#xD;
&#xD;
2019-09-20 13:50:46 - [TEST_STEP][PASSED] - &lt;not implemented yet for class: org.codehaus.groovy.ast.stmt.ContinueStatement&gt;: null&#xD;
&#xD;
2019-09-20 13:50:46 - [TEST_STEP][PASSED] - k = j + 1: null&#xD;
&#xD;
2019-09-20 13:50:46 - [TEST_STEP][PASSED] - if (emiPrice.get(j) &lt;= emiPrice.get(k)): null&#xD;
&#xD;
2019-09-20 13:50:46 - [TEST_STEP][PASSED] - &lt;not implemented yet for class: org.codehaus.groovy.ast.stmt.ContinueStatement&gt;: null&#xD;
&#xD;
2019-09-20 13:50:46 - [TEST_STEP][PASSED] - k = j + 1: null&#xD;
&#xD;
2019-09-20 13:50:46 - [TEST_STEP][PASSED] - if (emiPrice.get(j) &lt;= emiPrice.get(k)): null&#xD;
&#xD;
2019-09-20 13:50:46 - [TEST_STEP][PASSED] - &lt;not implemented yet for class: org.codehaus.groovy.ast.stmt.ContinueStatement&gt;: null&#xD;
&#xD;
2019-09-20 13:50:46 - [TEST_STEP][PASSED] - k = j + 1: null&#xD;
&#xD;
2019-09-20 13:50:46 - [TEST_STEP][PASSED] - if (emiPrice.get(j) &lt;= emiPrice.get(k)): null&#xD;
&#xD;
2019-09-20 13:50:46 - [TEST_STEP][PASSED] - &lt;not implemented yet for class: org.codehaus.groovy.ast.stmt.ContinueStatement&gt;: null&#xD;
&#xD;
2019-09-20 13:50:46 - [TEST_STEP][PASSED] - k = j + 1: null&#xD;
&#xD;
2019-09-20 13:50:46 - [TEST_STEP][PASSED] - if (emiPrice.get(j) &lt;= emiPrice.get(k)): null&#xD;
&#xD;
2019-09-20 13:50:51 - [TEST_STEP][PASSED] - &lt;not implemented yet for class: org.codehaus.groovy.ast.stmt.ContinueStatement&gt;: null&#xD;
&#xD;
2019-09-20 13:50:51 - [TEST_STEP][PASSED] - k = j + 1: null&#xD;
&#xD;
2019-09-20 13:50:51 - [TEST_STEP][PASSED] - if (emiPrice.get(j) &lt;= emiPrice.get(k)): null&#xD;
&#xD;
2019-09-20 13:50:51 - [TEST_STEP][PASSED] - &lt;not implemented yet for class: org.codehaus.groovy.ast.stmt.ContinueStatement&gt;: null&#xD;
&#xD;
2019-09-20 13:50:52 - [TEST_STEP][PASSED] - k = j + 1: null&#xD;
&#xD;
2019-09-20 13:50:52 - [TEST_STEP][PASSED] - if (emiPrice.get(j) &lt;= emiPrice.get(k)): null&#xD;
&#xD;
2019-09-20 13:50:52 - [TEST_STEP][PASSED] - &lt;not implemented yet for class: org.codehaus.groovy.ast.stmt.ContinueStatement&gt;: null&#xD;
&#xD;
2019-09-20 13:50:52 - [TEST_STEP][PASSED] - k = j + 1: null&#xD;
&#xD;
2019-09-20 13:50:52 - [TEST_STEP][PASSED] - if (emiPrice.get(j) &lt;= emiPrice.get(k)): null&#xD;
&#xD;
2019-09-20 13:50:52 - [TEST_STEP][PASSED] - &lt;not implemented yet for class: org.codehaus.groovy.ast.stmt.ContinueStatement&gt;: null&#xD;
&#xD;
2019-09-20 13:50:52 - [TEST_STEP][PASSED] - k = j + 1: null&#xD;
&#xD;
2019-09-20 13:50:52 - [TEST_STEP][PASSED] - if (emiPrice.get(j) &lt;= emiPrice.get(k)): null&#xD;
&#xD;
2019-09-20 13:50:52 - [TEST_STEP][PASSED] - &lt;not implemented yet for class: org.codehaus.groovy.ast.stmt.ContinueStatement&gt;: null&#xD;
&#xD;
2019-09-20 13:50:52 - [TEST_STEP][PASSED] - k = j + 1: null&#xD;
&#xD;
2019-09-20 13:50:52 - [TEST_STEP][PASSED] - if (emiPrice.get(j) &lt;= emiPrice.get(k)): null&#xD;
&#xD;
2019-09-20 13:50:52 - [TEST_STEP][PASSED] - &lt;not implemented yet for class: org.codehaus.groovy.ast.stmt.ContinueStatement&gt;: null&#xD;
&#xD;
2019-09-20 13:50:52 - [TEST_STEP][PASSED] - k = j + 1: null&#xD;
&#xD;
2019-09-20 13:50:52 - [TEST_STEP][PASSED] - if (emiPrice.get(j) &lt;= emiPrice.get(k)): null&#xD;
&#xD;
2019-09-20 13:50:52 - [TEST_STEP][PASSED] - &lt;not implemented yet for class: org.codehaus.groovy.ast.stmt.ContinueStatement&gt;: null&#xD;
&#xD;
2019-09-20 13:50:52 - [TEST_STEP][PASSED] - k = j + 1: null&#xD;
&#xD;
2019-09-20 13:50:52 - [TEST_STEP][PASSED] - if (emiPrice.get(j) &lt;= emiPrice.get(k)): null&#xD;
&#xD;
2019-09-20 13:50:52 - [TEST_STEP][PASSED] - &lt;not implemented yet for class: org.codehaus.groovy.ast.stmt.ContinueStatement&gt;: null&#xD;
&#xD;
2019-09-20 13:50:52 - [TEST_STEP][PASSED] - k = j + 1: null&#xD;
&#xD;
2019-09-20 13:50:52 - [TEST_STEP][PASSED] - if (emiPrice.get(j) &lt;= emiPrice.get(k)): null&#xD;
&#xD;
2019-09-20 13:50:52 - [TEST_STEP][PASSED] - &lt;not implemented yet for class: org.codehaus.groovy.ast.stmt.ContinueStatement&gt;: null&#xD;
&#xD;
2019-09-20 13:50:52 - [TEST_STEP][PASSED] - k = j + 1: null&#xD;
&#xD;
2019-09-20 13:50:52 - [TEST_STEP][PASSED] - if (emiPrice.get(j) &lt;= emiPrice.get(k)): null&#xD;
&#xD;
2019-09-20 13:50:52 - [TEST_STEP][PASSED] - &lt;not implemented yet for class: org.codehaus.groovy.ast.stmt.ContinueStatement&gt;: null&#xD;
&#xD;
2019-09-20 13:50:52 - [TEST_STEP][PASSED] - k = j + 1: null&#xD;
&#xD;
2019-09-20 13:50:52 - [TEST_STEP][PASSED] - if (emiPrice.get(j) &lt;= emiPrice.get(k)): null&#xD;
&#xD;
2019-09-20 13:50:52 - [TEST_STEP][PASSED] - &lt;not implemented yet for class: org.codehaus.groovy.ast.stmt.ContinueStatement&gt;: null&#xD;
&#xD;
2019-09-20 13:50:52 - [TEST_STEP][PASSED] - k = j + 1: null&#xD;
&#xD;
2019-09-20 13:50:52 - [TEST_STEP][PASSED] - if (emiPrice.get(j) &lt;= emiPrice.get(k)): null&#xD;
&#xD;
2019-09-20 13:50:52 - [TEST_STEP][PASSED] - &lt;not implemented yet for class: org.codehaus.groovy.ast.stmt.ContinueStatement&gt;: null&#xD;
&#xD;
2019-09-20 13:50:52 - [TEST_STEP][PASSED] - k = j + 1: null&#xD;
&#xD;
2019-09-20 13:50:52 - [TEST_STEP][PASSED] - if (emiPrice.get(j) &lt;= emiPrice.get(k)): null&#xD;
&#xD;
2019-09-20 13:50:52 - [TEST_STEP][PASSED] - &lt;not implemented yet for class: org.codehaus.groovy.ast.stmt.ContinueStatement&gt;: null&#xD;
&#xD;
2019-09-20 13:50:52 - [TEST_STEP][PASSED] - k = j + 1: null&#xD;
&#xD;
2019-09-20 13:50:52 - [TEST_STEP][PASSED] - if (emiPrice.get(j) &lt;= emiPrice.get(k)): null&#xD;
&#xD;
2019-09-20 13:50:52 - [TEST_STEP][PASSED] - &lt;not implemented yet for class: org.codehaus.groovy.ast.stmt.ContinueStatement&gt;: null&#xD;
&#xD;
2019-09-20 13:50:52 - [TEST_STEP][PASSED] - k = j + 1: null&#xD;
&#xD;
2019-09-20 13:50:52 - [TEST_STEP][PASSED] - if (emiPrice.get(j) &lt;= emiPrice.get(k)): null&#xD;
&#xD;
2019-09-20 13:50:52 - [TEST_STEP][PASSED] - &lt;not implemented yet for class: org.codehaus.groovy.ast.stmt.ContinueStatement&gt;: null&#xD;
&#xD;
2019-09-20 13:50:52 - [TEST_STEP][PASSED] - k = j + 1: null&#xD;
&#xD;
2019-09-20 13:50:52 - [TEST_STEP][PASSED] - if (emiPrice.get(j) &lt;= emiPrice.get(k)): null&#xD;
&#xD;
2019-09-20 13:50:52 - [TEST_STEP][PASSED] - &lt;not implemented yet for class: org.codehaus.groovy.ast.stmt.ContinueStatement&gt;: null&#xD;
&#xD;
2019-09-20 13:50:52 - [TEST_STEP][PASSED] - k = j + 1: null&#xD;
&#xD;
2019-09-20 13:50:52 - [TEST_STEP][PASSED] - if (emiPrice.get(j) &lt;= emiPrice.get(k)): null&#xD;
&#xD;
2019-09-20 13:50:52 - [TEST_STEP][PASSED] - &lt;not implemented yet for class: org.codehaus.groovy.ast.stmt.ContinueStatement&gt;: null&#xD;
&#xD;
2019-09-20 13:50:52 - [TEST_STEP][PASSED] - k = j + 1: null&#xD;
&#xD;
2019-09-20 13:50:52 - [TEST_STEP][PASSED] - if (emiPrice.get(j) &lt;= emiPrice.get(k)): null&#xD;
&#xD;
2019-09-20 13:50:52 - [TEST_STEP][PASSED] - &lt;not implemented yet for class: org.codehaus.groovy.ast.stmt.ContinueStatement&gt;: null&#xD;
&#xD;
2019-09-20 13:50:52 - [TEST_STEP][PASSED] - k = j + 1: null&#xD;
&#xD;
2019-09-20 13:50:52 - [TEST_STEP][PASSED] - if (emiPrice.get(j) &lt;= emiPrice.get(k)): null&#xD;
&#xD;
2019-09-20 13:50:52 - [TEST_STEP][PASSED] - &lt;not implemented yet for class: org.codehaus.groovy.ast.stmt.ContinueStatement&gt;: null&#xD;
&#xD;
2019-09-20 13:50:52 - [TEST_STEP][PASSED] - k = j + 1: null&#xD;
&#xD;
2019-09-20 13:50:52 - [TEST_STEP][PASSED] - if (emiPrice.get(j) &lt;= emiPrice.get(k)): null&#xD;
&#xD;
2019-09-20 13:50:52 - [TEST_STEP][PASSED] - &lt;not implemented yet for class: org.codehaus.groovy.ast.stmt.ContinueStatement&gt;: null&#xD;
&#xD;
2019-09-20 13:50:52 - [TEST_STEP][PASSED] - k = j + 1: null&#xD;
&#xD;
2019-09-20 13:50:52 - [TEST_STEP][PASSED] - if (emiPrice.get(j) &lt;= emiPrice.get(k)): null&#xD;
&#xD;
2019-09-20 13:50:52 - [TEST_STEP][PASSED] - &lt;not implemented yet for class: org.codehaus.groovy.ast.stmt.ContinueStatement&gt;: null&#xD;
&#xD;
2019-09-20 13:50:52 - [TEST_STEP][PASSED] - k = j + 1: null&#xD;
&#xD;
2019-09-20 13:50:52 - [TEST_STEP][PASSED] - if (emiPrice.get(j) &lt;= emiPrice.get(k)): null&#xD;
&#xD;
2019-09-20 13:50:52 - [TEST_STEP][PASSED] - &lt;not implemented yet for class: org.codehaus.groovy.ast.stmt.ContinueStatement&gt;: null&#xD;
&#xD;
2019-09-20 13:50:52 - [TEST_STEP][PASSED] - k = j + 1: null&#xD;
&#xD;
2019-09-20 13:50:52 - [TEST_STEP][PASSED] - if (emiPrice.get(j) &lt;= emiPrice.get(k)): null&#xD;
&#xD;
2019-09-20 13:50:52 - [TEST_STEP][PASSED] - &lt;not implemented yet for class: org.codehaus.groovy.ast.stmt.ContinueStatement&gt;: null&#xD;
&#xD;
2019-09-20 13:50:52 - [TEST_STEP][PASSED] - k = j + 1: null&#xD;
&#xD;
2019-09-20 13:50:52 - [TEST_STEP][PASSED] - if (emiPrice.get(j) &lt;= emiPrice.get(k)): null&#xD;
&#xD;
2019-09-20 13:50:52 - [TEST_STEP][PASSED] - &lt;not implemented yet for class: org.codehaus.groovy.ast.stmt.ContinueStatement&gt;: null&#xD;
&#xD;
2019-09-20 13:50:52 - [TEST_STEP][PASSED] - k = j + 1: null&#xD;
&#xD;
2019-09-20 13:50:52 - [TEST_STEP][PASSED] - if (emiPrice.get(j) &lt;= emiPrice.get(k)): null&#xD;
&#xD;
2019-09-20 13:50:52 - [TEST_STEP][PASSED] - &lt;not implemented yet for class: org.codehaus.groovy.ast.stmt.ContinueStatement&gt;: null&#xD;
&#xD;
2019-09-20 13:50:52 - [TEST_STEP][PASSED] - k = j + 1: null&#xD;
&#xD;
2019-09-20 13:50:52 - [TEST_STEP][PASSED] - if (emiPrice.get(j) &lt;= emiPrice.get(k)): null&#xD;
&#xD;
2019-09-20 13:50:52 - [TEST_STEP][PASSED] - &lt;not implemented yet for class: org.codehaus.groovy.ast.stmt.ContinueStatement&gt;: null&#xD;
&#xD;
2019-09-20 13:50:52 - [TEST_STEP][PASSED] - k = j + 1: null&#xD;
&#xD;
2019-09-20 13:50:52 - [TEST_STEP][PASSED] - if (emiPrice.get(j) &lt;= emiPrice.get(k)): null&#xD;
&#xD;
2019-09-20 13:50:52 - [TEST_STEP][PASSED] - &lt;not implemented yet for class: org.codehaus.groovy.ast.stmt.ContinueStatement&gt;: null&#xD;
&#xD;
2019-09-20 13:50:56 - [TEST_STEP][PASSED] - k = j + 1: null&#xD;
&#xD;
2019-09-20 13:50:56 - [TEST_STEP][PASSED] - if (emiPrice.get(j) &lt;= emiPrice.get(k)): null&#xD;
&#xD;
2019-09-20 13:50:56 - [TEST_STEP][PASSED] - &lt;not implemented yet for class: org.codehaus.groovy.ast.stmt.ContinueStatement&gt;: null&#xD;
&#xD;
2019-09-20 13:50:56 - [TEST_STEP][PASSED] - k = j + 1: null&#xD;
&#xD;
2019-09-20 13:50:56 - [TEST_STEP][PASSED] - if (emiPrice.get(j) &lt;= emiPrice.get(k)): null&#xD;
&#xD;
2019-09-20 13:50:57 - [TEST_STEP][PASSED] - &lt;not implemented yet for class: org.codehaus.groovy.ast.stmt.ContinueStatement&gt;: null&#xD;
&#xD;
2019-09-20 13:50:57 - [TEST_STEP][PASSED] - k = j + 1: null&#xD;
&#xD;
2019-09-20 13:50:57 - [TEST_STEP][PASSED] - if (emiPrice.get(j) &lt;= emiPrice.get(k)): null&#xD;
&#xD;
2019-09-20 13:50:57 - [TEST_STEP][PASSED] - &lt;not implemented yet for class: org.codehaus.groovy.ast.stmt.ContinueStatement&gt;: null&#xD;
&#xD;
2019-09-20 13:50:57 - [TEST_STEP][PASSED] - k = j + 1: null&#xD;
&#xD;
2019-09-20 13:50:57 - [TEST_STEP][PASSED] - if (emiPrice.get(j) &lt;= emiPrice.get(k)): null&#xD;
&#xD;
2019-09-20 13:50:57 - [TEST_STEP][PASSED] - &lt;not implemented yet for class: org.codehaus.groovy.ast.stmt.ContinueStatement&gt;: null&#xD;
&#xD;
2019-09-20 13:50:57 - [TEST_STEP][PASSED] - k = j + 1: null&#xD;
&#xD;
2019-09-20 13:50:57 - [TEST_STEP][PASSED] - if (emiPrice.get(j) &lt;= emiPrice.get(k)): null&#xD;
&#xD;
2019-09-20 13:50:57 - [TEST_STEP][PASSED] - &lt;not implemented yet for class: org.codehaus.groovy.ast.stmt.ContinueStatement&gt;: null&#xD;
&#xD;
2019-09-20 13:50:57 - [TEST_STEP][PASSED] - k = j + 1: null&#xD;
&#xD;
2019-09-20 13:50:57 - [TEST_STEP][PASSED] - if (emiPrice.get(j) &lt;= emiPrice.get(k)): null&#xD;
&#xD;
2019-09-20 13:50:57 - [TEST_STEP][PASSED] - &lt;not implemented yet for class: org.codehaus.groovy.ast.stmt.ContinueStatement&gt;: null&#xD;
&#xD;
2019-09-20 13:50:57 - [TEST_STEP][PASSED] - k = j + 1: null&#xD;
&#xD;
2019-09-20 13:50:57 - [TEST_STEP][PASSED] - if (emiPrice.get(j) &lt;= emiPrice.get(k)): null&#xD;
&#xD;
2019-09-20 13:50:57 - [TEST_STEP][PASSED] - &lt;not implemented yet for class: org.codehaus.groovy.ast.stmt.ContinueStatement&gt;: null&#xD;
&#xD;
2019-09-20 13:50:57 - [TEST_STEP][PASSED] - k = j + 1: null&#xD;
&#xD;
2019-09-20 13:50:57 - [TEST_STEP][PASSED] - if (emiPrice.get(j) &lt;= emiPrice.get(k)): null&#xD;
&#xD;
2019-09-20 13:50:57 - [TEST_STEP][PASSED] - &lt;not implemented yet for class: org.codehaus.groovy.ast.stmt.ContinueStatement&gt;: null&#xD;
&#xD;
2019-09-20 13:50:57 - [TEST_STEP][PASSED] - k = j + 1: null&#xD;
&#xD;
2019-09-20 13:50:57 - [TEST_STEP][PASSED] - if (emiPrice.get(j) &lt;= emiPrice.get(k)): null&#xD;
&#xD;
2019-09-20 13:50:57 - [TEST_STEP][PASSED] - &lt;not implemented yet for class: org.codehaus.groovy.ast.stmt.ContinueStatement&gt;: null&#xD;
&#xD;
2019-09-20 13:50:57 - [TEST_STEP][PASSED] - k = j + 1: null&#xD;
&#xD;
2019-09-20 13:50:57 - [TEST_STEP][PASSED] - if (emiPrice.get(j) &lt;= emiPrice.get(k)): null&#xD;
&#xD;
2019-09-20 13:50:57 - [TEST_STEP][PASSED] - &lt;not implemented yet for class: org.codehaus.groovy.ast.stmt.ContinueStatement&gt;: null&#xD;
&#xD;
2019-09-20 13:50:57 - [TEST_STEP][PASSED] - k = j + 1: null&#xD;
&#xD;
2019-09-20 13:50:57 - [TEST_STEP][PASSED] - if (emiPrice.get(j) &lt;= emiPrice.get(k)): null&#xD;
&#xD;
2019-09-20 13:50:57 - [TEST_STEP][PASSED] - &lt;not implemented yet for class: org.codehaus.groovy.ast.stmt.ContinueStatement&gt;: null&#xD;
&#xD;
2019-09-20 13:50:57 - [TEST_STEP][PASSED] - k = j + 1: null&#xD;
&#xD;
2019-09-20 13:50:57 - [TEST_STEP][PASSED] - if (emiPrice.get(j) &lt;= emiPrice.get(k)): null&#xD;
&#xD;
2019-09-20 13:50:57 - [TEST_STEP][PASSED] - &lt;not implemented yet for class: org.codehaus.groovy.ast.stmt.ContinueStatement&gt;: null&#xD;
&#xD;
2019-09-20 13:50:57 - [TEST_STEP][PASSED] - k = j + 1: null&#xD;
&#xD;
2019-09-20 13:50:57 - [TEST_STEP][PASSED] - if (emiPrice.get(j) &lt;= emiPrice.get(k)): null&#xD;
&#xD;
2019-09-20 13:50:57 - [TEST_STEP][PASSED] - &lt;not implemented yet for class: org.codehaus.groovy.ast.stmt.ContinueStatement&gt;: null&#xD;
&#xD;
2019-09-20 13:50:57 - [TEST_STEP][PASSED] - k = j + 1: null&#xD;
&#xD;
2019-09-20 13:50:57 - [TEST_STEP][PASSED] - if (emiPrice.get(j) &lt;= emiPrice.get(k)): null&#xD;
&#xD;
2019-09-20 13:50:57 - [TEST_STEP][PASSED] - &lt;not implemented yet for class: org.codehaus.groovy.ast.stmt.ContinueStatement&gt;: null&#xD;
&#xD;
2019-09-20 13:50:57 - [TEST_STEP][PASSED] - k = j + 1: null&#xD;
&#xD;
2019-09-20 13:50:57 - [TEST_STEP][PASSED] - if (emiPrice.get(j) &lt;= emiPrice.get(k)): null&#xD;
&#xD;
2019-09-20 13:50:57 - [TEST_STEP][PASSED] - &lt;not implemented yet for class: org.codehaus.groovy.ast.stmt.ContinueStatement&gt;: null&#xD;
&#xD;
2019-09-20 13:50:57 - [TEST_STEP][PASSED] - k = j + 1: null&#xD;
&#xD;
2019-09-20 13:50:57 - [TEST_STEP][PASSED] - if (emiPrice.get(j) &lt;= emiPrice.get(k)): null&#xD;
&#xD;
2019-09-20 13:50:57 - [TEST_STEP][PASSED] - &lt;not implemented yet for class: org.codehaus.groovy.ast.stmt.ContinueStatement&gt;: null&#xD;
&#xD;
2019-09-20 13:50:57 - [TEST_STEP][PASSED] - k = j + 1: null&#xD;
&#xD;
2019-09-20 13:50:57 - [TEST_STEP][PASSED] - if (emiPrice.get(j) &lt;= emiPrice.get(k)): null&#xD;
&#xD;
2019-09-20 13:50:57 - [TEST_STEP][PASSED] - &lt;not implemented yet for class: org.codehaus.groovy.ast.stmt.ContinueStatement&gt;: null&#xD;
&#xD;
2019-09-20 13:50:57 - [TEST_STEP][PASSED] - k = j + 1: null&#xD;
&#xD;
2019-09-20 13:50:57 - [TEST_STEP][PASSED] - if (emiPrice.get(j) &lt;= emiPrice.get(k)): null&#xD;
&#xD;
2019-09-20 13:50:57 - [TEST_STEP][PASSED] - &lt;not implemented yet for class: org.codehaus.groovy.ast.stmt.ContinueStatement&gt;: null&#xD;
&#xD;
2019-09-20 13:50:57 - [TEST_STEP][PASSED] - k = j + 1: null&#xD;
&#xD;
2019-09-20 13:50:57 - [TEST_STEP][PASSED] - if (emiPrice.get(j) &lt;= emiPrice.get(k)): null&#xD;
&#xD;
2019-09-20 13:50:57 - [TEST_STEP][PASSED] - &lt;not implemented yet for class: org.codehaus.groovy.ast.stmt.ContinueStatement&gt;: null&#xD;
&#xD;
2019-09-20 13:50:57 - [TEST_STEP][PASSED] - k = j + 1: null&#xD;
&#xD;
2019-09-20 13:50:57 - [TEST_STEP][PASSED] - if (emiPrice.get(j) &lt;= emiPrice.get(k)): null&#xD;
&#xD;
2019-09-20 13:50:57 - [TEST_STEP][PASSED] - &lt;not implemented yet for class: org.codehaus.groovy.ast.stmt.ContinueStatement&gt;: null&#xD;
&#xD;
2019-09-20 13:50:57 - [TEST_STEP][PASSED] - k = j + 1: null&#xD;
&#xD;
2019-09-20 13:50:57 - [TEST_STEP][PASSED] - if (emiPrice.get(j) &lt;= emiPrice.get(k)): null&#xD;
&#xD;
2019-09-20 13:50:57 - [TEST_STEP][PASSED] - &lt;not implemented yet for class: org.codehaus.groovy.ast.stmt.ContinueStatement&gt;: null&#xD;
&#xD;
2019-09-20 13:50:57 - [TEST_STEP][PASSED] - k = j + 1: null&#xD;
&#xD;
2019-09-20 13:50:57 - [TEST_STEP][PASSED] - if (emiPrice.get(j) &lt;= emiPrice.get(k)): null&#xD;
&#xD;
2019-09-20 13:50:57 - [TEST_STEP][PASSED] - &lt;not implemented yet for class: org.codehaus.groovy.ast.stmt.ContinueStatement&gt;: null&#xD;
&#xD;
2019-09-20 13:50:57 - [TEST_STEP][PASSED] - k = j + 1: null&#xD;
&#xD;
2019-09-20 13:50:57 - [TEST_STEP][PASSED] - if (emiPrice.get(j) &lt;= emiPrice.get(k)): null&#xD;
&#xD;
2019-09-20 13:50:57 - [TEST_STEP][PASSED] - &lt;not implemented yet for class: org.codehaus.groovy.ast.stmt.ContinueStatement&gt;: null&#xD;
&#xD;
2019-09-20 13:50:57 - [TEST_STEP][PASSED] - Start tear down : tearDownTestCase: Method 'tearDownTestCase' complete successfully&#xD;
&#xD;
2019-09-20 13:50:57 - [TEST_STEP][PASSED] - Thread.sleep(3000): null&#xD;
&#xD;
2019-09-20 13:51:00 - [MESSAGE][PASSED] - Method 'tearDownTestCase' complete successfully</system-out>
            <system-err></system-err>
        </testcase>
        <testcase name="Test Cases/SortHighertoLowerCheck" classname="Test Cases/SortHighertoLowerCheck" status="PASSED">
            <system-out>2019-09-20 13:51:00 - [TEST_CASE][PASSED] - Test Cases/SortHighertoLowerCheck: Test Cases/SortHighertoLowerCheck&#xD;
&#xD;
2019-09-20 13:51:00 - [TEST_STEP][PASSED] - i = 3: null&#xD;
&#xD;
2019-09-20 13:51:00 - [TEST_STEP][PASSED] - mouseOver(findTestObject("Object Repository/PLPpage/PLP_Title")): Object: 'Object Repository/PLPpage/PLP_Title' is hovered&#xD;
&#xD;
2019-09-20 13:51:01 - [MESSAGE][PASSED] - Object: 'Object Repository/PLPpage/PLP_Title' is hovered&#xD;
&#xD;
2019-09-20 13:51:01 - [TEST_STEP][PASSED] - waitForElementNotPresent(findTestObject("Object Repository/PLPpage/EMIHightoLow"), 5): Web element with id: 'Object Repository/PLPpage/EMIHightoLow' located by 'By.xpath: //ul[@class='items grayCheck']/li[2]' is present after '5' second(s)&#xD;
&#xD;
2019-09-20 13:51:06 - [MESSAGE][WARNING] - Web element with id: 'Object Repository/PLPpage/EMIHightoLow' located by 'By.xpath: //ul[@class='items grayCheck']/li[2]' is present after '5' second(s)&#xD;
&#xD;
2019-09-20 13:51:06 - [TEST_STEP][PASSED] - click(findTestObject("Object Repository/PLPpage/EMIHightoLow")): Object: 'Object Repository/PLPpage/EMIHightoLow' is clicked on&#xD;
&#xD;
2019-09-20 13:51:06 - [MESSAGE][PASSED] - Object: 'Object Repository/PLPpage/EMIHightoLow' is clicked on&#xD;
&#xD;
2019-09-20 13:51:06 - [TEST_STEP][PASSED] - Thread.sleep(2000): null&#xD;
&#xD;
2019-09-20 13:51:08 - [TEST_STEP][PASSED] - count = new plp.CountProducts(): null&#xD;
&#xD;
2019-09-20 13:51:08 - [TEST_STEP][PASSED] - totalProductCount = Resources.getTotalCount(): Text of object 'Object Repository/PLPpage/TotalObjects' is: '(Showing 427 products)'&#xD;
&#xD;
2019-09-20 13:51:08 - [MESSAGE][PASSED] - Text of object 'Object Repository/PLPpage/TotalObjects' is: '(Showing 427 products)'&#xD;
&#xD;
2019-09-20 13:51:08 - [TEST_STEP][PASSED] - flag = Resources.verifyLoadCount(i, totalProductCount, count): Web element with id: 'Object Repository/PLPpage/LoadElement' located by 'By.xpath: //div[@id='layer-product-list']/div["+i+"]/ol/li[30]' is present after '10' second(s)&#xD;
&#xD;
2019-09-20 13:51:13 - [MESSAGE][WARNING] - Web element with id: 'Object Repository/PLPpage/LoadElement' located by 'By.xpath: //div[@id='layer-product-list']/div["+i+"]/ol/li[30]' is present after '5' second(s)&#xD;
&#xD;
2019-09-20 13:51:24 - [MESSAGE][WARNING] - Web element with id: 'Object Repository/PLPpage/LoadElement' located by 'By.xpath: //div[@id='layer-product-list']/div["+i+"]/ol/li[30]' is present after '10' second(s)&#xD;
&#xD;
2019-09-20 13:51:29 - [MESSAGE][WARNING] - Web element with id: 'Object Repository/PLPpage/LoadElement' located by 'By.xpath: //div[@id='layer-product-list']/div["+i+"]/ol/li[30]' is present after '5' second(s)&#xD;
&#xD;
2019-09-20 13:51:40 - [MESSAGE][WARNING] - Web element with id: 'Object Repository/PLPpage/LoadElement' located by 'By.xpath: //div[@id='layer-product-list']/div["+i+"]/ol/li[30]' is present after '10' second(s)&#xD;
&#xD;
2019-09-20 13:51:45 - [MESSAGE][WARNING] - Web element with id: 'Object Repository/PLPpage/LoadElement' located by 'By.xpath: //div[@id='layer-product-list']/div["+i+"]/ol/li[30]' is present after '5' second(s)&#xD;
&#xD;
2019-09-20 13:51:56 - [MESSAGE][WARNING] - Web element with id: 'Object Repository/PLPpage/LoadElement' located by 'By.xpath: //div[@id='layer-product-list']/div["+i+"]/ol/li[30]' is present after '10' second(s)&#xD;
&#xD;
2019-09-20 13:52:01 - [MESSAGE][WARNING] - Web element with id: 'Object Repository/PLPpage/LoadElement' located by 'By.xpath: //div[@id='layer-product-list']/div["+i+"]/ol/li[30]' is present after '5' second(s)&#xD;
&#xD;
2019-09-20 13:52:11 - [MESSAGE][WARNING] - Web element with id: 'Object Repository/PLPpage/LoadElement' located by 'By.xpath: //div[@id='layer-product-list']/div["+i+"]/ol/li[30]' is present after '10' second(s)&#xD;
&#xD;
2019-09-20 13:52:17 - [MESSAGE][WARNING] - Web element with id: 'Object Repository/PLPpage/LoadElement' located by 'By.xpath: //div[@id='layer-product-list']/div["+i+"]/ol/li[30]' is present after '5' second(s)&#xD;
&#xD;
2019-09-20 13:52:27 - [MESSAGE][WARNING] - Web element with id: 'Object Repository/PLPpage/LoadElement' located by 'By.xpath: //div[@id='layer-product-list']/div["+i+"]/ol/li[30]' is present after '10' second(s)&#xD;
&#xD;
2019-09-20 13:52:33 - [MESSAGE][WARNING] - Web element with id: 'Object Repository/PLPpage/LoadElement' located by 'By.xpath: //div[@id='layer-product-list']/div["+i+"]/ol/li[30]' is present after '5' second(s)&#xD;
&#xD;
2019-09-20 13:52:43 - [MESSAGE][WARNING] - Web element with id: 'Object Repository/PLPpage/LoadElement' located by 'By.xpath: //div[@id='layer-product-list']/div["+i+"]/ol/li[30]' is present after '10' second(s)&#xD;
&#xD;
2019-09-20 13:52:48 - [MESSAGE][WARNING] - Web element with id: 'Object Repository/PLPpage/LoadElement' located by 'By.xpath: //div[@id='layer-product-list']/div["+i+"]/ol/li[30]' is present after '5' second(s)&#xD;
&#xD;
2019-09-20 13:52:59 - [MESSAGE][WARNING] - Web element with id: 'Object Repository/PLPpage/LoadElement' located by 'By.xpath: //div[@id='layer-product-list']/div["+i+"]/ol/li[30]' is present after '10' second(s)&#xD;
&#xD;
2019-09-20 13:53:04 - [MESSAGE][WARNING] - Web element with id: 'Object Repository/PLPpage/LoadElement' located by 'By.xpath: //div[@id='layer-product-list']/div["+i+"]/ol/li[30]' is present after '5' second(s)&#xD;
&#xD;
2019-09-20 13:53:15 - [MESSAGE][WARNING] - Web element with id: 'Object Repository/PLPpage/LoadElement' located by 'By.xpath: //div[@id='layer-product-list']/div["+i+"]/ol/li[30]' is present after '10' second(s)&#xD;
&#xD;
2019-09-20 13:53:21 - [MESSAGE][WARNING] - Web element with id: 'Object Repository/PLPpage/LoadElement' located by 'By.xpath: //div[@id='layer-product-list']/div["+i+"]/ol/li[30]' is present after '5' second(s)&#xD;
&#xD;
2019-09-20 13:53:31 - [MESSAGE][WARNING] - Web element with id: 'Object Repository/PLPpage/LoadElement' located by 'By.xpath: //div[@id='layer-product-list']/div["+i+"]/ol/li[30]' is present after '10' second(s)&#xD;
&#xD;
2019-09-20 13:53:37 - [MESSAGE][WARNING] - Web element with id: 'Object Repository/PLPpage/LoadElement' located by 'By.xpath: //div[@id='layer-product-list']/div["+i+"]/ol/li[30]' is present after '5' second(s)&#xD;
&#xD;
2019-09-20 13:53:47 - [MESSAGE][WARNING] - Web element with id: 'Object Repository/PLPpage/LoadElement' located by 'By.xpath: //div[@id='layer-product-list']/div["+i+"]/ol/li[30]' is present after '10' second(s)&#xD;
&#xD;
2019-09-20 13:53:53 - [MESSAGE][WARNING] - Web element with id: 'Object Repository/PLPpage/LoadElement' located by 'By.xpath: //div[@id='layer-product-list']/div["+i+"]/ol/li[30]' is present after '5' second(s)&#xD;
&#xD;
2019-09-20 13:54:03 - [MESSAGE][WARNING] - Web element with id: 'Object Repository/PLPpage/LoadElement' located by 'By.xpath: //div[@id='layer-product-list']/div["+i+"]/ol/li[30]' is present after '10' second(s)&#xD;
&#xD;
2019-09-20 13:54:09 - [MESSAGE][WARNING] - Web element with id: 'Object Repository/PLPpage/LoadElement' located by 'By.xpath: //div[@id='layer-product-list']/div["+i+"]/ol/li[30]' is present after '5' second(s)&#xD;
&#xD;
2019-09-20 13:54:20 - [MESSAGE][WARNING] - Web element with id: 'Object Repository/PLPpage/LoadElement' located by 'By.xpath: //div[@id='layer-product-list']/div["+i+"]/ol/li[30]' is present after '10' second(s)&#xD;
&#xD;
2019-09-20 13:54:26 - [MESSAGE][WARNING] - Web element with id: 'Object Repository/PLPpage/LoadElement' located by 'By.xpath: //div[@id='layer-product-list']/div["+i+"]/ol/li[30]' is present after '5' second(s)&#xD;
&#xD;
2019-09-20 13:54:36 - [MESSAGE][WARNING] - Web element with id: 'Object Repository/PLPpage/LoadElement' located by 'By.xpath: //div[@id='layer-product-list']/div["+i+"]/ol/li[30]' is present after '10' second(s)&#xD;
&#xD;
2019-09-20 13:54:42 - [MESSAGE][WARNING] - Web element with id: 'Object Repository/PLPpage/LoadElement' located by 'By.xpath: //div[@id='layer-product-list']/div["+i+"]/ol/li[30]' is present after '5' second(s)&#xD;
&#xD;
2019-09-20 13:54:52 - [MESSAGE][WARNING] - Web element with id: 'Object Repository/PLPpage/LoadElement' located by 'By.xpath: //div[@id='layer-product-list']/div["+i+"]/ol/li[30]' is present after '10' second(s)&#xD;
&#xD;
2019-09-20 13:54:58 - [MESSAGE][WARNING] - Web element with id: 'Object Repository/PLPpage/LoadElement' located by 'By.xpath: //div[@id='layer-product-list']/div["+i+"]/ol/li[30]' is present after '5' second(s)&#xD;
&#xD;
2019-09-20 13:55:08 - [MESSAGE][WARNING] - Web element with id: 'Object Repository/PLPpage/LoadElement' located by 'By.xpath: //div[@id='layer-product-list']/div["+i+"]/ol/li[30]' is present after '10' second(s)&#xD;
&#xD;
2019-09-20 13:55:14 - [MESSAGE][WARNING] - Web element with id: 'Object Repository/PLPpage/LoadElement' located by 'By.xpath: //div[@id='layer-product-list']/div["+i+"]/ol/li[30]' is present after '5' second(s)&#xD;
&#xD;
2019-09-20 13:55:24 - [MESSAGE][WARNING] - Web element with id: 'Object Repository/PLPpage/LoadElement' located by 'By.xpath: //div[@id='layer-product-list']/div["+i+"]/ol/li[30]' is present after '10' second(s)&#xD;
&#xD;
2019-09-20 13:55:24 - [TEST_STEP][PASSED] - emi = new java.util.ArrayList(): null&#xD;
&#xD;
2019-09-20 13:55:24 - [TEST_STEP][PASSED] - emi.addAll(Resources.getallEMIValues(i, Resources.getTotalCount())): Text of object 'Object Repository/PLPpage/TotalObjects' is: '(Showing 427 products)'&#xD;
&#xD;
2019-09-20 13:55:24 - [MESSAGE][PASSED] - Text of object 'Object Repository/PLPpage/TotalObjects' is: '(Showing 427 products)'&#xD;
&#xD;
2019-09-20 13:57:12 - [TEST_STEP][PASSED] - for ([j = 0, j &lt; emi.size() - 1, (j++)]): null&#xD;
&#xD;
2019-09-20 13:57:12 - [TEST_STEP][PASSED] - k = j + 1: null&#xD;
&#xD;
2019-09-20 13:57:12 - [TEST_STEP][PASSED] - if (emi.get(j) &gt;= emi.get(k)): null&#xD;
&#xD;
2019-09-20 13:57:12 - [TEST_STEP][PASSED] - &lt;not implemented yet for class: org.codehaus.groovy.ast.stmt.ContinueStatement&gt;: null&#xD;
&#xD;
2019-09-20 13:57:12 - [TEST_STEP][PASSED] - k = j + 1: null&#xD;
&#xD;
2019-09-20 13:57:12 - [TEST_STEP][PASSED] - if (emi.get(j) &gt;= emi.get(k)): null&#xD;
&#xD;
2019-09-20 13:57:12 - [TEST_STEP][PASSED] - &lt;not implemented yet for class: org.codehaus.groovy.ast.stmt.ContinueStatement&gt;: null&#xD;
&#xD;
2019-09-20 13:57:12 - [TEST_STEP][PASSED] - k = j + 1: null&#xD;
&#xD;
2019-09-20 13:57:12 - [TEST_STEP][PASSED] - if (emi.get(j) &gt;= emi.get(k)): null&#xD;
&#xD;
2019-09-20 13:57:12 - [TEST_STEP][PASSED] - &lt;not implemented yet for class: org.codehaus.groovy.ast.stmt.ContinueStatement&gt;: null&#xD;
&#xD;
2019-09-20 13:57:12 - [TEST_STEP][PASSED] - k = j + 1: null&#xD;
&#xD;
2019-09-20 13:57:12 - [TEST_STEP][PASSED] - if (emi.get(j) &gt;= emi.get(k)): null&#xD;
&#xD;
2019-09-20 13:57:12 - [TEST_STEP][PASSED] - &lt;not implemented yet for class: org.codehaus.groovy.ast.stmt.ContinueStatement&gt;: null&#xD;
&#xD;
2019-09-20 13:57:12 - [TEST_STEP][PASSED] - k = j + 1: null&#xD;
&#xD;
2019-09-20 13:57:12 - [TEST_STEP][PASSED] - if (emi.get(j) &gt;= emi.get(k)): null&#xD;
&#xD;
2019-09-20 13:57:12 - [TEST_STEP][PASSED] - &lt;not implemented yet for class: org.codehaus.groovy.ast.stmt.ContinueStatement&gt;: null&#xD;
&#xD;
2019-09-20 13:57:12 - [TEST_STEP][PASSED] - k = j + 1: null&#xD;
&#xD;
2019-09-20 13:57:12 - [TEST_STEP][PASSED] - if (emi.get(j) &gt;= emi.get(k)): null&#xD;
&#xD;
2019-09-20 13:57:12 - [TEST_STEP][PASSED] - &lt;not implemented yet for class: org.codehaus.groovy.ast.stmt.ContinueStatement&gt;: null&#xD;
&#xD;
2019-09-20 13:57:12 - [TEST_STEP][PASSED] - k = j + 1: null&#xD;
&#xD;
2019-09-20 13:57:12 - [TEST_STEP][PASSED] - if (emi.get(j) &gt;= emi.get(k)): null&#xD;
&#xD;
2019-09-20 13:57:12 - [TEST_STEP][PASSED] - &lt;not implemented yet for class: org.codehaus.groovy.ast.stmt.ContinueStatement&gt;: null&#xD;
&#xD;
2019-09-20 13:57:12 - [TEST_STEP][PASSED] - k = j + 1: null&#xD;
&#xD;
2019-09-20 13:57:12 - [TEST_STEP][PASSED] - if (emi.get(j) &gt;= emi.get(k)): null&#xD;
&#xD;
2019-09-20 13:57:12 - [TEST_STEP][PASSED] - &lt;not implemented yet for class: org.codehaus.groovy.ast.stmt.ContinueStatement&gt;: null&#xD;
&#xD;
2019-09-20 13:57:12 - [TEST_STEP][PASSED] - k = j + 1: null&#xD;
&#xD;
2019-09-20 13:57:12 - [TEST_STEP][PASSED] - if (emi.get(j) &gt;= emi.get(k)): null&#xD;
&#xD;
2019-09-20 13:57:12 - [TEST_STEP][PASSED] - &lt;not implemented yet for class: org.codehaus.groovy.ast.stmt.ContinueStatement&gt;: null&#xD;
&#xD;
2019-09-20 13:57:12 - [TEST_STEP][PASSED] - k = j + 1: null&#xD;
&#xD;
2019-09-20 13:57:12 - [TEST_STEP][PASSED] - if (emi.get(j) &gt;= emi.get(k)): null&#xD;
&#xD;
2019-09-20 13:57:12 - [TEST_STEP][PASSED] - &lt;not implemented yet for class: org.codehaus.groovy.ast.stmt.ContinueStatement&gt;: null&#xD;
&#xD;
2019-09-20 13:57:12 - [TEST_STEP][PASSED] - k = j + 1: null&#xD;
&#xD;
2019-09-20 13:57:12 - [TEST_STEP][PASSED] - if (emi.get(j) &gt;= emi.get(k)): null&#xD;
&#xD;
2019-09-20 13:57:12 - [TEST_STEP][PASSED] - &lt;not implemented yet for class: org.codehaus.groovy.ast.stmt.ContinueStatement&gt;: null&#xD;
&#xD;
2019-09-20 13:57:12 - [TEST_STEP][PASSED] - k = j + 1: null&#xD;
&#xD;
2019-09-20 13:57:12 - [TEST_STEP][PASSED] - if (emi.get(j) &gt;= emi.get(k)): null&#xD;
&#xD;
2019-09-20 13:57:12 - [TEST_STEP][PASSED] - &lt;not implemented yet for class: org.codehaus.groovy.ast.stmt.ContinueStatement&gt;: null&#xD;
&#xD;
2019-09-20 13:57:12 - [TEST_STEP][PASSED] - k = j + 1: null&#xD;
&#xD;
2019-09-20 13:57:12 - [TEST_STEP][PASSED] - if (emi.get(j) &gt;= emi.get(k)): null&#xD;
&#xD;
2019-09-20 13:57:12 - [TEST_STEP][PASSED] - &lt;not implemented yet for class: org.codehaus.groovy.ast.stmt.ContinueStatement&gt;: null&#xD;
&#xD;
2019-09-20 13:57:12 - [TEST_STEP][PASSED] - k = j + 1: null&#xD;
&#xD;
2019-09-20 13:57:12 - [TEST_STEP][PASSED] - if (emi.get(j) &gt;= emi.get(k)): null&#xD;
&#xD;
2019-09-20 13:57:12 - [TEST_STEP][PASSED] - &lt;not implemented yet for class: org.codehaus.groovy.ast.stmt.ContinueStatement&gt;: null&#xD;
&#xD;
2019-09-20 13:57:12 - [TEST_STEP][PASSED] - k = j + 1: null&#xD;
&#xD;
2019-09-20 13:57:12 - [TEST_STEP][PASSED] - if (emi.get(j) &gt;= emi.get(k)): null&#xD;
&#xD;
2019-09-20 13:57:12 - [TEST_STEP][PASSED] - &lt;not implemented yet for class: org.codehaus.groovy.ast.stmt.ContinueStatement&gt;: null&#xD;
&#xD;
2019-09-20 13:57:12 - [TEST_STEP][PASSED] - k = j + 1: null&#xD;
&#xD;
2019-09-20 13:57:12 - [TEST_STEP][PASSED] - if (emi.get(j) &gt;= emi.get(k)): null&#xD;
&#xD;
2019-09-20 13:57:12 - [TEST_STEP][PASSED] - &lt;not implemented yet for class: org.codehaus.groovy.ast.stmt.ContinueStatement&gt;: null&#xD;
&#xD;
2019-09-20 13:57:12 - [TEST_STEP][PASSED] - k = j + 1: null&#xD;
&#xD;
2019-09-20 13:57:12 - [TEST_STEP][PASSED] - if (emi.get(j) &gt;= emi.get(k)): null&#xD;
&#xD;
2019-09-20 13:57:12 - [TEST_STEP][PASSED] - &lt;not implemented yet for class: org.codehaus.groovy.ast.stmt.ContinueStatement&gt;: null&#xD;
&#xD;
2019-09-20 13:57:12 - [TEST_STEP][PASSED] - k = j + 1: null&#xD;
&#xD;
2019-09-20 13:57:12 - [TEST_STEP][PASSED] - if (emi.get(j) &gt;= emi.get(k)): null&#xD;
&#xD;
2019-09-20 13:57:12 - [TEST_STEP][PASSED] - &lt;not implemented yet for class: org.codehaus.groovy.ast.stmt.ContinueStatement&gt;: null&#xD;
&#xD;
2019-09-20 13:57:12 - [TEST_STEP][PASSED] - k = j + 1: null&#xD;
&#xD;
2019-09-20 13:57:12 - [TEST_STEP][PASSED] - if (emi.get(j) &gt;= emi.get(k)): null&#xD;
&#xD;
2019-09-20 13:57:12 - [TEST_STEP][PASSED] - &lt;not implemented yet for class: org.codehaus.groovy.ast.stmt.ContinueStatement&gt;: null&#xD;
&#xD;
2019-09-20 13:57:12 - [TEST_STEP][PASSED] - k = j + 1: null&#xD;
&#xD;
2019-09-20 13:57:12 - [TEST_STEP][PASSED] - if (emi.get(j) &gt;= emi.get(k)): null&#xD;
&#xD;
2019-09-20 13:57:12 - [TEST_STEP][PASSED] - &lt;not implemented yet for class: org.codehaus.groovy.ast.stmt.ContinueStatement&gt;: null&#xD;
&#xD;
2019-09-20 13:57:12 - [TEST_STEP][PASSED] - k = j + 1: null&#xD;
&#xD;
2019-09-20 13:57:12 - [TEST_STEP][PASSED] - if (emi.get(j) &gt;= emi.get(k)): null&#xD;
&#xD;
2019-09-20 13:57:12 - [TEST_STEP][PASSED] - &lt;not implemented yet for class: org.codehaus.groovy.ast.stmt.ContinueStatement&gt;: null&#xD;
&#xD;
2019-09-20 13:57:12 - [TEST_STEP][PASSED] - k = j + 1: null&#xD;
&#xD;
2019-09-20 13:57:12 - [TEST_STEP][PASSED] - if (emi.get(j) &gt;= emi.get(k)): null&#xD;
&#xD;
2019-09-20 13:57:12 - [TEST_STEP][PASSED] - &lt;not implemented yet for class: org.codehaus.groovy.ast.stmt.ContinueStatement&gt;: null&#xD;
&#xD;
2019-09-20 13:57:12 - [TEST_STEP][PASSED] - k = j + 1: null&#xD;
&#xD;
2019-09-20 13:57:12 - [TEST_STEP][PASSED] - if (emi.get(j) &gt;= emi.get(k)): null&#xD;
&#xD;
2019-09-20 13:57:12 - [TEST_STEP][PASSED] - &lt;not implemented yet for class: org.codehaus.groovy.ast.stmt.ContinueStatement&gt;: null&#xD;
&#xD;
2019-09-20 13:57:12 - [TEST_STEP][PASSED] - k = j + 1: null&#xD;
&#xD;
2019-09-20 13:57:12 - [TEST_STEP][PASSED] - if (emi.get(j) &gt;= emi.get(k)): null&#xD;
&#xD;
2019-09-20 13:57:12 - [TEST_STEP][PASSED] - &lt;not implemented yet for class: org.codehaus.groovy.ast.stmt.ContinueStatement&gt;: null&#xD;
&#xD;
2019-09-20 13:57:12 - [TEST_STEP][PASSED] - k = j + 1: null&#xD;
&#xD;
2019-09-20 13:57:12 - [TEST_STEP][PASSED] - if (emi.get(j) &gt;= emi.get(k)): null&#xD;
&#xD;
2019-09-20 13:57:12 - [TEST_STEP][PASSED] - &lt;not implemented yet for class: org.codehaus.groovy.ast.stmt.ContinueStatement&gt;: null&#xD;
&#xD;
2019-09-20 13:57:12 - [TEST_STEP][PASSED] - k = j + 1: null&#xD;
&#xD;
2019-09-20 13:57:12 - [TEST_STEP][PASSED] - if (emi.get(j) &gt;= emi.get(k)): null&#xD;
&#xD;
2019-09-20 13:57:12 - [TEST_STEP][PASSED] - &lt;not implemented yet for class: org.codehaus.groovy.ast.stmt.ContinueStatement&gt;: null&#xD;
&#xD;
2019-09-20 13:57:12 - [TEST_STEP][PASSED] - k = j + 1: null&#xD;
&#xD;
2019-09-20 13:57:12 - [TEST_STEP][PASSED] - if (emi.get(j) &gt;= emi.get(k)): null&#xD;
&#xD;
2019-09-20 13:57:12 - [TEST_STEP][PASSED] - &lt;not implemented yet for class: org.codehaus.groovy.ast.stmt.ContinueStatement&gt;: null&#xD;
&#xD;
2019-09-20 13:57:12 - [TEST_STEP][PASSED] - k = j + 1: null&#xD;
&#xD;
2019-09-20 13:57:12 - [TEST_STEP][PASSED] - if (emi.get(j) &gt;= emi.get(k)): null&#xD;
&#xD;
2019-09-20 13:57:12 - [TEST_STEP][PASSED] - &lt;not implemented yet for class: org.codehaus.groovy.ast.stmt.ContinueStatement&gt;: null&#xD;
&#xD;
2019-09-20 13:57:12 - [TEST_STEP][PASSED] - k = j + 1: null&#xD;
&#xD;
2019-09-20 13:57:12 - [TEST_STEP][PASSED] - if (emi.get(j) &gt;= emi.get(k)): null&#xD;
&#xD;
2019-09-20 13:57:12 - [TEST_STEP][PASSED] - &lt;not implemented yet for class: org.codehaus.groovy.ast.stmt.ContinueStatement&gt;: null&#xD;
&#xD;
2019-09-20 13:57:12 - [TEST_STEP][PASSED] - k = j + 1: null&#xD;
&#xD;
2019-09-20 13:57:12 - [TEST_STEP][PASSED] - if (emi.get(j) &gt;= emi.get(k)): null&#xD;
&#xD;
2019-09-20 13:57:12 - [TEST_STEP][PASSED] - &lt;not implemented yet for class: org.codehaus.groovy.ast.stmt.ContinueStatement&gt;: null&#xD;
&#xD;
2019-09-20 13:57:12 - [TEST_STEP][PASSED] - k = j + 1: null&#xD;
&#xD;
2019-09-20 13:57:12 - [TEST_STEP][PASSED] - if (emi.get(j) &gt;= emi.get(k)): null&#xD;
&#xD;
2019-09-20 13:57:12 - [TEST_STEP][PASSED] - &lt;not implemented yet for class: org.codehaus.groovy.ast.stmt.ContinueStatement&gt;: null&#xD;
&#xD;
2019-09-20 13:57:12 - [TEST_STEP][PASSED] - k = j + 1: null&#xD;
&#xD;
2019-09-20 13:57:12 - [TEST_STEP][PASSED] - if (emi.get(j) &gt;= emi.get(k)): null&#xD;
&#xD;
2019-09-20 13:57:12 - [TEST_STEP][PASSED] - &lt;not implemented yet for class: org.codehaus.groovy.ast.stmt.ContinueStatement&gt;: null&#xD;
&#xD;
2019-09-20 13:57:12 - [TEST_STEP][PASSED] - k = j + 1: null&#xD;
&#xD;
2019-09-20 13:57:12 - [TEST_STEP][PASSED] - if (emi.get(j) &gt;= emi.get(k)): null&#xD;
&#xD;
2019-09-20 13:57:12 - [TEST_STEP][PASSED] - &lt;not implemented yet for class: org.codehaus.groovy.ast.stmt.ContinueStatement&gt;: null&#xD;
&#xD;
2019-09-20 13:57:12 - [TEST_STEP][PASSED] - k = j + 1: null&#xD;
&#xD;
2019-09-20 13:57:12 - [TEST_STEP][PASSED] - if (emi.get(j) &gt;= emi.get(k)): null&#xD;
&#xD;
2019-09-20 13:57:12 - [TEST_STEP][PASSED] - &lt;not implemented yet for class: org.codehaus.groovy.ast.stmt.ContinueStatement&gt;: null&#xD;
&#xD;
2019-09-20 13:57:12 - [TEST_STEP][PASSED] - k = j + 1: null&#xD;
&#xD;
2019-09-20 13:57:12 - [TEST_STEP][PASSED] - if (emi.get(j) &gt;= emi.get(k)): null&#xD;
&#xD;
2019-09-20 13:57:12 - [TEST_STEP][PASSED] - &lt;not implemented yet for class: org.codehaus.groovy.ast.stmt.ContinueStatement&gt;: null&#xD;
&#xD;
2019-09-20 13:57:12 - [TEST_STEP][PASSED] - k = j + 1: null&#xD;
&#xD;
2019-09-20 13:57:12 - [TEST_STEP][PASSED] - if (emi.get(j) &gt;= emi.get(k)): null&#xD;
&#xD;
2019-09-20 13:57:12 - [TEST_STEP][PASSED] - &lt;not implemented yet for class: org.codehaus.groovy.ast.stmt.ContinueStatement&gt;: null&#xD;
&#xD;
2019-09-20 13:57:12 - [TEST_STEP][PASSED] - k = j + 1: null&#xD;
&#xD;
2019-09-20 13:57:12 - [TEST_STEP][PASSED] - if (emi.get(j) &gt;= emi.get(k)): null&#xD;
&#xD;
2019-09-20 13:57:12 - [TEST_STEP][PASSED] - &lt;not implemented yet for class: org.codehaus.groovy.ast.stmt.ContinueStatement&gt;: null&#xD;
&#xD;
2019-09-20 13:57:12 - [TEST_STEP][PASSED] - k = j + 1: null&#xD;
&#xD;
2019-09-20 13:57:12 - [TEST_STEP][PASSED] - if (emi.get(j) &gt;= emi.get(k)): null&#xD;
&#xD;
2019-09-20 13:57:12 - [TEST_STEP][PASSED] - &lt;not implemented yet for class: org.codehaus.groovy.ast.stmt.ContinueStatement&gt;: null&#xD;
&#xD;
2019-09-20 13:57:12 - [TEST_STEP][PASSED] - k = j + 1: null&#xD;
&#xD;
2019-09-20 13:57:12 - [TEST_STEP][PASSED] - if (emi.get(j) &gt;= emi.get(k)): null&#xD;
&#xD;
2019-09-20 13:57:12 - [TEST_STEP][PASSED] - &lt;not implemented yet for class: org.codehaus.groovy.ast.stmt.ContinueStatement&gt;: null&#xD;
&#xD;
2019-09-20 13:57:12 - [TEST_STEP][PASSED] - k = j + 1: null&#xD;
&#xD;
2019-09-20 13:57:12 - [TEST_STEP][PASSED] - if (emi.get(j) &gt;= emi.get(k)): null&#xD;
&#xD;
2019-09-20 13:57:12 - [TEST_STEP][PASSED] - &lt;not implemented yet for class: org.codehaus.groovy.ast.stmt.ContinueStatement&gt;: null&#xD;
&#xD;
2019-09-20 13:57:12 - [TEST_STEP][PASSED] - k = j + 1: null&#xD;
&#xD;
2019-09-20 13:57:12 - [TEST_STEP][PASSED] - if (emi.get(j) &gt;= emi.get(k)): null&#xD;
&#xD;
2019-09-20 13:57:12 - [TEST_STEP][PASSED] - &lt;not implemented yet for class: org.codehaus.groovy.ast.stmt.ContinueStatement&gt;: null&#xD;
&#xD;
2019-09-20 13:57:12 - [TEST_STEP][PASSED] - k = j + 1: null&#xD;
&#xD;
2019-09-20 13:57:12 - [TEST_STEP][PASSED] - if (emi.get(j) &gt;= emi.get(k)): null&#xD;
&#xD;
2019-09-20 13:57:12 - [TEST_STEP][PASSED] - &lt;not implemented yet for class: org.codehaus.groovy.ast.stmt.ContinueStatement&gt;: null&#xD;
&#xD;
2019-09-20 13:57:12 - [TEST_STEP][PASSED] - k = j + 1: null&#xD;
&#xD;
2019-09-20 13:57:12 - [TEST_STEP][PASSED] - if (emi.get(j) &gt;= emi.get(k)): null&#xD;
&#xD;
2019-09-20 13:57:12 - [TEST_STEP][PASSED] - &lt;not implemented yet for class: org.codehaus.groovy.ast.stmt.ContinueStatement&gt;: null&#xD;
&#xD;
2019-09-20 13:57:12 - [TEST_STEP][PASSED] - k = j + 1: null&#xD;
&#xD;
2019-09-20 13:57:12 - [TEST_STEP][PASSED] - if (emi.get(j) &gt;= emi.get(k)): null&#xD;
&#xD;
2019-09-20 13:57:12 - [TEST_STEP][PASSED] - &lt;not implemented yet for class: org.codehaus.groovy.ast.stmt.ContinueStatement&gt;: null&#xD;
&#xD;
2019-09-20 13:57:12 - [TEST_STEP][PASSED] - k = j + 1: null&#xD;
&#xD;
2019-09-20 13:57:12 - [TEST_STEP][PASSED] - if (emi.get(j) &gt;= emi.get(k)): null&#xD;
&#xD;
2019-09-20 13:57:12 - [TEST_STEP][PASSED] - &lt;not implemented yet for class: org.codehaus.groovy.ast.stmt.ContinueStatement&gt;: null&#xD;
&#xD;
2019-09-20 13:57:12 - [TEST_STEP][PASSED] - k = j + 1: null&#xD;
&#xD;
2019-09-20 13:57:12 - [TEST_STEP][PASSED] - if (emi.get(j) &gt;= emi.get(k)): null&#xD;
&#xD;
2019-09-20 13:57:12 - [TEST_STEP][PASSED] - &lt;not implemented yet for class: org.codehaus.groovy.ast.stmt.ContinueStatement&gt;: null&#xD;
&#xD;
2019-09-20 13:57:12 - [TEST_STEP][PASSED] - k = j + 1: null&#xD;
&#xD;
2019-09-20 13:57:12 - [TEST_STEP][PASSED] - if (emi.get(j) &gt;= emi.get(k)): null&#xD;
&#xD;
2019-09-20 13:57:12 - [TEST_STEP][PASSED] - &lt;not implemented yet for class: org.codehaus.groovy.ast.stmt.ContinueStatement&gt;: null&#xD;
&#xD;
2019-09-20 13:57:12 - [TEST_STEP][PASSED] - k = j + 1: null&#xD;
&#xD;
2019-09-20 13:57:12 - [TEST_STEP][PASSED] - if (emi.get(j) &gt;= emi.get(k)): null&#xD;
&#xD;
2019-09-20 13:57:12 - [TEST_STEP][PASSED] - &lt;not implemented yet for class: org.codehaus.groovy.ast.stmt.ContinueStatement&gt;: null&#xD;
&#xD;
2019-09-20 13:57:12 - [TEST_STEP][PASSED] - k = j + 1: null&#xD;
&#xD;
2019-09-20 13:57:12 - [TEST_STEP][PASSED] - if (emi.get(j) &gt;= emi.get(k)): null&#xD;
&#xD;
2019-09-20 13:57:12 - [TEST_STEP][PASSED] - &lt;not implemented yet for class: org.codehaus.groovy.ast.stmt.ContinueStatement&gt;: null&#xD;
&#xD;
2019-09-20 13:57:12 - [TEST_STEP][PASSED] - k = j + 1: null&#xD;
&#xD;
2019-09-20 13:57:12 - [TEST_STEP][PASSED] - if (emi.get(j) &gt;= emi.get(k)): null&#xD;
&#xD;
2019-09-20 13:57:12 - [TEST_STEP][PASSED] - &lt;not implemented yet for class: org.codehaus.groovy.ast.stmt.ContinueStatement&gt;: null&#xD;
&#xD;
2019-09-20 13:57:12 - [TEST_STEP][PASSED] - k = j + 1: null&#xD;
&#xD;
2019-09-20 13:57:12 - [TEST_STEP][PASSED] - if (emi.get(j) &gt;= emi.get(k)): null&#xD;
&#xD;
2019-09-20 13:57:12 - [TEST_STEP][PASSED] - &lt;not implemented yet for class: org.codehaus.groovy.ast.stmt.ContinueStatement&gt;: null&#xD;
&#xD;
2019-09-20 13:57:12 - [TEST_STEP][PASSED] - k = j + 1: null&#xD;
&#xD;
2019-09-20 13:57:12 - [TEST_STEP][PASSED] - if (emi.get(j) &gt;= emi.get(k)): null&#xD;
&#xD;
2019-09-20 13:57:12 - [TEST_STEP][PASSED] - &lt;not implemented yet for class: org.codehaus.groovy.ast.stmt.ContinueStatement&gt;: null&#xD;
&#xD;
2019-09-20 13:57:12 - [TEST_STEP][PASSED] - k = j + 1: null&#xD;
&#xD;
2019-09-20 13:57:12 - [TEST_STEP][PASSED] - if (emi.get(j) &gt;= emi.get(k)): null&#xD;
&#xD;
2019-09-20 13:57:12 - [TEST_STEP][PASSED] - &lt;not implemented yet for class: org.codehaus.groovy.ast.stmt.ContinueStatement&gt;: null&#xD;
&#xD;
2019-09-20 13:57:12 - [TEST_STEP][PASSED] - k = j + 1: null&#xD;
&#xD;
2019-09-20 13:57:12 - [TEST_STEP][PASSED] - if (emi.get(j) &gt;= emi.get(k)): null&#xD;
&#xD;
2019-09-20 13:57:12 - [TEST_STEP][PASSED] - &lt;not implemented yet for class: org.codehaus.groovy.ast.stmt.ContinueStatement&gt;: null&#xD;
&#xD;
2019-09-20 13:57:12 - [TEST_STEP][PASSED] - k = j + 1: null&#xD;
&#xD;
2019-09-20 13:57:12 - [TEST_STEP][PASSED] - if (emi.get(j) &gt;= emi.get(k)): null&#xD;
&#xD;
2019-09-20 13:57:12 - [TEST_STEP][PASSED] - &lt;not implemented yet for class: org.codehaus.groovy.ast.stmt.ContinueStatement&gt;: null&#xD;
&#xD;
2019-09-20 13:57:12 - [TEST_STEP][PASSED] - k = j + 1: null&#xD;
&#xD;
2019-09-20 13:57:12 - [TEST_STEP][PASSED] - if (emi.get(j) &gt;= emi.get(k)): null&#xD;
&#xD;
2019-09-20 13:57:12 - [TEST_STEP][PASSED] - &lt;not implemented yet for class: org.codehaus.groovy.ast.stmt.ContinueStatement&gt;: null&#xD;
&#xD;
2019-09-20 13:57:12 - [TEST_STEP][PASSED] - k = j + 1: null&#xD;
&#xD;
2019-09-20 13:57:12 - [TEST_STEP][PASSED] - if (emi.get(j) &gt;= emi.get(k)): null&#xD;
&#xD;
2019-09-20 13:57:12 - [TEST_STEP][PASSED] - &lt;not implemented yet for class: org.codehaus.groovy.ast.stmt.ContinueStatement&gt;: null&#xD;
&#xD;
2019-09-20 13:57:12 - [TEST_STEP][PASSED] - k = j + 1: null&#xD;
&#xD;
2019-09-20 13:57:12 - [TEST_STEP][PASSED] - if (emi.get(j) &gt;= emi.get(k)): null&#xD;
&#xD;
2019-09-20 13:57:12 - [TEST_STEP][PASSED] - &lt;not implemented yet for class: org.codehaus.groovy.ast.stmt.ContinueStatement&gt;: null&#xD;
&#xD;
2019-09-20 13:57:12 - [TEST_STEP][PASSED] - k = j + 1: null&#xD;
&#xD;
2019-09-20 13:57:12 - [TEST_STEP][PASSED] - if (emi.get(j) &gt;= emi.get(k)): null&#xD;
&#xD;
2019-09-20 13:57:12 - [TEST_STEP][PASSED] - &lt;not implemented yet for class: org.codehaus.groovy.ast.stmt.ContinueStatement&gt;: null&#xD;
&#xD;
2019-09-20 13:57:12 - [TEST_STEP][PASSED] - k = j + 1: null&#xD;
&#xD;
2019-09-20 13:57:12 - [TEST_STEP][PASSED] - if (emi.get(j) &gt;= emi.get(k)): null&#xD;
&#xD;
2019-09-20 13:57:12 - [TEST_STEP][PASSED] - &lt;not implemented yet for class: org.codehaus.groovy.ast.stmt.ContinueStatement&gt;: null&#xD;
&#xD;
2019-09-20 13:57:12 - [TEST_STEP][PASSED] - k = j + 1: null&#xD;
&#xD;
2019-09-20 13:57:12 - [TEST_STEP][PASSED] - if (emi.get(j) &gt;= emi.get(k)): null&#xD;
&#xD;
2019-09-20 13:57:12 - [TEST_STEP][PASSED] - &lt;not implemented yet for class: org.codehaus.groovy.ast.stmt.ContinueStatement&gt;: null&#xD;
&#xD;
2019-09-20 13:57:12 - [TEST_STEP][PASSED] - k = j + 1: null&#xD;
&#xD;
2019-09-20 13:57:12 - [TEST_STEP][PASSED] - if (emi.get(j) &gt;= emi.get(k)): null&#xD;
&#xD;
2019-09-20 13:57:12 - [TEST_STEP][PASSED] - &lt;not implemented yet for class: org.codehaus.groovy.ast.stmt.ContinueStatement&gt;: null&#xD;
&#xD;
2019-09-20 13:57:12 - [TEST_STEP][PASSED] - k = j + 1: null&#xD;
&#xD;
2019-09-20 13:57:12 - [TEST_STEP][PASSED] - if (emi.get(j) &gt;= emi.get(k)): null&#xD;
&#xD;
2019-09-20 13:57:12 - [TEST_STEP][PASSED] - &lt;not implemented yet for class: org.codehaus.groovy.ast.stmt.ContinueStatement&gt;: null&#xD;
&#xD;
2019-09-20 13:57:12 - [TEST_STEP][PASSED] - k = j + 1: null&#xD;
&#xD;
2019-09-20 13:57:12 - [TEST_STEP][PASSED] - if (emi.get(j) &gt;= emi.get(k)): null&#xD;
&#xD;
2019-09-20 13:57:12 - [TEST_STEP][PASSED] - &lt;not implemented yet for class: org.codehaus.groovy.ast.stmt.ContinueStatement&gt;: null&#xD;
&#xD;
2019-09-20 13:57:12 - [TEST_STEP][PASSED] - k = j + 1: null&#xD;
&#xD;
2019-09-20 13:57:12 - [TEST_STEP][PASSED] - if (emi.get(j) &gt;= emi.get(k)): null&#xD;
&#xD;
2019-09-20 13:57:12 - [TEST_STEP][PASSED] - &lt;not implemented yet for class: org.codehaus.groovy.ast.stmt.ContinueStatement&gt;: null&#xD;
&#xD;
2019-09-20 13:57:12 - [TEST_STEP][PASSED] - k = j + 1: null&#xD;
&#xD;
2019-09-20 13:57:12 - [TEST_STEP][PASSED] - if (emi.get(j) &gt;= emi.get(k)): null&#xD;
&#xD;
2019-09-20 13:57:12 - [TEST_STEP][PASSED] - &lt;not implemented yet for class: org.codehaus.groovy.ast.stmt.ContinueStatement&gt;: null&#xD;
&#xD;
2019-09-20 13:57:12 - [TEST_STEP][PASSED] - k = j + 1: null&#xD;
&#xD;
2019-09-20 13:57:12 - [TEST_STEP][PASSED] - if (emi.get(j) &gt;= emi.get(k)): null&#xD;
&#xD;
2019-09-20 13:57:12 - [TEST_STEP][PASSED] - &lt;not implemented yet for class: org.codehaus.groovy.ast.stmt.ContinueStatement&gt;: null&#xD;
&#xD;
2019-09-20 13:57:12 - [TEST_STEP][PASSED] - k = j + 1: null&#xD;
&#xD;
2019-09-20 13:57:12 - [TEST_STEP][PASSED] - if (emi.get(j) &gt;= emi.get(k)): null&#xD;
&#xD;
2019-09-20 13:57:12 - [TEST_STEP][PASSED] - &lt;not implemented yet for class: org.codehaus.groovy.ast.stmt.ContinueStatement&gt;: null&#xD;
&#xD;
2019-09-20 13:57:12 - [TEST_STEP][PASSED] - k = j + 1: null&#xD;
&#xD;
2019-09-20 13:57:12 - [TEST_STEP][PASSED] - if (emi.get(j) &gt;= emi.get(k)): null&#xD;
&#xD;
2019-09-20 13:57:12 - [TEST_STEP][PASSED] - &lt;not implemented yet for class: org.codehaus.groovy.ast.stmt.ContinueStatement&gt;: null&#xD;
&#xD;
2019-09-20 13:57:12 - [TEST_STEP][PASSED] - k = j + 1: null&#xD;
&#xD;
2019-09-20 13:57:12 - [TEST_STEP][PASSED] - if (emi.get(j) &gt;= emi.get(k)): null&#xD;
&#xD;
2019-09-20 13:57:12 - [TEST_STEP][PASSED] - &lt;not implemented yet for class: org.codehaus.groovy.ast.stmt.ContinueStatement&gt;: null&#xD;
&#xD;
2019-09-20 13:57:12 - [TEST_STEP][PASSED] - k = j + 1: null&#xD;
&#xD;
2019-09-20 13:57:12 - [TEST_STEP][PASSED] - if (emi.get(j) &gt;= emi.get(k)): null&#xD;
&#xD;
2019-09-20 13:57:12 - [TEST_STEP][PASSED] - &lt;not implemented yet for class: org.codehaus.groovy.ast.stmt.ContinueStatement&gt;: null&#xD;
&#xD;
2019-09-20 13:57:12 - [TEST_STEP][PASSED] - k = j + 1: null&#xD;
&#xD;
2019-09-20 13:57:12 - [TEST_STEP][PASSED] - if (emi.get(j) &gt;= emi.get(k)): null&#xD;
&#xD;
2019-09-20 13:57:12 - [TEST_STEP][PASSED] - &lt;not implemented yet for class: org.codehaus.groovy.ast.stmt.ContinueStatement&gt;: null&#xD;
&#xD;
2019-09-20 13:57:12 - [TEST_STEP][PASSED] - k = j + 1: null&#xD;
&#xD;
2019-09-20 13:57:12 - [TEST_STEP][PASSED] - if (emi.get(j) &gt;= emi.get(k)): null&#xD;
&#xD;
2019-09-20 13:57:12 - [TEST_STEP][PASSED] - &lt;not implemented yet for class: org.codehaus.groovy.ast.stmt.ContinueStatement&gt;: null&#xD;
&#xD;
2019-09-20 13:57:12 - [TEST_STEP][PASSED] - k = j + 1: null&#xD;
&#xD;
2019-09-20 13:57:12 - [TEST_STEP][PASSED] - if (emi.get(j) &gt;= emi.get(k)): null&#xD;
&#xD;
2019-09-20 13:57:12 - [TEST_STEP][PASSED] - &lt;not implemented yet for class: org.codehaus.groovy.ast.stmt.ContinueStatement&gt;: null&#xD;
&#xD;
2019-09-20 13:57:12 - [TEST_STEP][PASSED] - k = j + 1: null&#xD;
&#xD;
2019-09-20 13:57:12 - [TEST_STEP][PASSED] - if (emi.get(j) &gt;= emi.get(k)): null&#xD;
&#xD;
2019-09-20 13:57:12 - [TEST_STEP][PASSED] - &lt;not implemented yet for class: org.codehaus.groovy.ast.stmt.ContinueStatement&gt;: null&#xD;
&#xD;
2019-09-20 13:57:12 - [TEST_STEP][PASSED] - k = j + 1: null&#xD;
&#xD;
2019-09-20 13:57:12 - [TEST_STEP][PASSED] - if (emi.get(j) &gt;= emi.get(k)): null&#xD;
&#xD;
2019-09-20 13:57:12 - [TEST_STEP][PASSED] - &lt;not implemented yet for class: org.codehaus.groovy.ast.stmt.ContinueStatement&gt;: null&#xD;
&#xD;
2019-09-20 13:57:12 - [TEST_STEP][PASSED] - k = j + 1: null&#xD;
&#xD;
2019-09-20 13:57:12 - [TEST_STEP][PASSED] - if (emi.get(j) &gt;= emi.get(k)): null&#xD;
&#xD;
2019-09-20 13:57:12 - [TEST_STEP][PASSED] - &lt;not implemented yet for class: org.codehaus.groovy.ast.stmt.ContinueStatement&gt;: null&#xD;
&#xD;
2019-09-20 13:57:12 - [TEST_STEP][PASSED] - k = j + 1: null&#xD;
&#xD;
2019-09-20 13:57:12 - [TEST_STEP][PASSED] - if (emi.get(j) &gt;= emi.get(k)): null&#xD;
&#xD;
2019-09-20 13:57:12 - [TEST_STEP][PASSED] - &lt;not implemented yet for class: org.codehaus.groovy.ast.stmt.ContinueStatement&gt;: null&#xD;
&#xD;
2019-09-20 13:57:12 - [TEST_STEP][PASSED] - k = j + 1: null&#xD;
&#xD;
2019-09-20 13:57:12 - [TEST_STEP][PASSED] - if (emi.get(j) &gt;= emi.get(k)): null&#xD;
&#xD;
2019-09-20 13:57:12 - [TEST_STEP][PASSED] - &lt;not implemented yet for class: org.codehaus.groovy.ast.stmt.ContinueStatement&gt;: null&#xD;
&#xD;
2019-09-20 13:57:12 - [TEST_STEP][PASSED] - k = j + 1: null&#xD;
&#xD;
2019-09-20 13:57:12 - [TEST_STEP][PASSED] - if (emi.get(j) &gt;= emi.get(k)): null&#xD;
&#xD;
2019-09-20 13:57:12 - [TEST_STEP][PASSED] - &lt;not implemented yet for class: org.codehaus.groovy.ast.stmt.ContinueStatement&gt;: null&#xD;
&#xD;
2019-09-20 13:57:12 - [TEST_STEP][PASSED] - k = j + 1: null&#xD;
&#xD;
2019-09-20 13:57:12 - [TEST_STEP][PASSED] - if (emi.get(j) &gt;= emi.get(k)): null&#xD;
&#xD;
2019-09-20 13:57:12 - [TEST_STEP][PASSED] - &lt;not implemented yet for class: org.codehaus.groovy.ast.stmt.ContinueStatement&gt;: null&#xD;
&#xD;
2019-09-20 13:57:12 - [TEST_STEP][PASSED] - k = j + 1: null&#xD;
&#xD;
2019-09-20 13:57:12 - [TEST_STEP][PASSED] - if (emi.get(j) &gt;= emi.get(k)): null&#xD;
&#xD;
2019-09-20 13:57:12 - [TEST_STEP][PASSED] - &lt;not implemented yet for class: org.codehaus.groovy.ast.stmt.ContinueStatement&gt;: null&#xD;
&#xD;
2019-09-20 13:57:12 - [TEST_STEP][PASSED] - k = j + 1: null&#xD;
&#xD;
2019-09-20 13:57:12 - [TEST_STEP][PASSED] - if (emi.get(j) &gt;= emi.get(k)): null&#xD;
&#xD;
2019-09-20 13:57:12 - [TEST_STEP][PASSED] - &lt;not implemented yet for class: org.codehaus.groovy.ast.stmt.ContinueStatement&gt;: null&#xD;
&#xD;
2019-09-20 13:57:12 - [TEST_STEP][PASSED] - k = j + 1: null&#xD;
&#xD;
2019-09-20 13:57:12 - [TEST_STEP][PASSED] - if (emi.get(j) &gt;= emi.get(k)): null&#xD;
&#xD;
2019-09-20 13:57:12 - [TEST_STEP][PASSED] - &lt;not implemented yet for class: org.codehaus.groovy.ast.stmt.ContinueStatement&gt;: null&#xD;
&#xD;
2019-09-20 13:57:12 - [TEST_STEP][PASSED] - k = j + 1: null&#xD;
&#xD;
2019-09-20 13:57:12 - [TEST_STEP][PASSED] - if (emi.get(j) &gt;= emi.get(k)): null&#xD;
&#xD;
2019-09-20 13:57:12 - [TEST_STEP][PASSED] - &lt;not implemented yet for class: org.codehaus.groovy.ast.stmt.ContinueStatement&gt;: null&#xD;
&#xD;
2019-09-20 13:57:12 - [TEST_STEP][PASSED] - k = j + 1: null&#xD;
&#xD;
2019-09-20 13:57:12 - [TEST_STEP][PASSED] - if (emi.get(j) &gt;= emi.get(k)): null&#xD;
&#xD;
2019-09-20 13:57:12 - [TEST_STEP][PASSED] - &lt;not implemented yet for class: org.codehaus.groovy.ast.stmt.ContinueStatement&gt;: null&#xD;
&#xD;
2019-09-20 13:57:12 - [TEST_STEP][PASSED] - k = j + 1: null&#xD;
&#xD;
2019-09-20 13:57:12 - [TEST_STEP][PASSED] - if (emi.get(j) &gt;= emi.get(k)): null&#xD;
&#xD;
2019-09-20 13:57:12 - [TEST_STEP][PASSED] - &lt;not implemented yet for class: org.codehaus.groovy.ast.stmt.ContinueStatement&gt;: null&#xD;
&#xD;
2019-09-20 13:57:12 - [TEST_STEP][PASSED] - k = j + 1: null&#xD;
&#xD;
2019-09-20 13:57:12 - [TEST_STEP][PASSED] - if (emi.get(j) &gt;= emi.get(k)): null&#xD;
&#xD;
2019-09-20 13:57:12 - [TEST_STEP][PASSED] - &lt;not implemented yet for class: org.codehaus.groovy.ast.stmt.ContinueStatement&gt;: null&#xD;
&#xD;
2019-09-20 13:57:12 - [TEST_STEP][PASSED] - k = j + 1: null&#xD;
&#xD;
2019-09-20 13:57:12 - [TEST_STEP][PASSED] - if (emi.get(j) &gt;= emi.get(k)): null&#xD;
&#xD;
2019-09-20 13:57:12 - [TEST_STEP][PASSED] - &lt;not implemented yet for class: org.codehaus.groovy.ast.stmt.ContinueStatement&gt;: null&#xD;
&#xD;
2019-09-20 13:57:12 - [TEST_STEP][PASSED] - k = j + 1: null&#xD;
&#xD;
2019-09-20 13:57:12 - [TEST_STEP][PASSED] - if (emi.get(j) &gt;= emi.get(k)): null&#xD;
&#xD;
2019-09-20 13:57:12 - [TEST_STEP][PASSED] - &lt;not implemented yet for class: org.codehaus.groovy.ast.stmt.ContinueStatement&gt;: null&#xD;
&#xD;
2019-09-20 13:57:12 - [TEST_STEP][PASSED] - k = j + 1: null&#xD;
&#xD;
2019-09-20 13:57:12 - [TEST_STEP][PASSED] - if (emi.get(j) &gt;= emi.get(k)): null&#xD;
&#xD;
2019-09-20 13:57:12 - [TEST_STEP][PASSED] - &lt;not implemented yet for class: org.codehaus.groovy.ast.stmt.ContinueStatement&gt;: null&#xD;
&#xD;
2019-09-20 13:57:12 - [TEST_STEP][PASSED] - k = j + 1: null&#xD;
&#xD;
2019-09-20 13:57:12 - [TEST_STEP][PASSED] - if (emi.get(j) &gt;= emi.get(k)): null&#xD;
&#xD;
2019-09-20 13:57:12 - [TEST_STEP][PASSED] - &lt;not implemented yet for class: org.codehaus.groovy.ast.stmt.ContinueStatement&gt;: null&#xD;
&#xD;
2019-09-20 13:57:12 - [TEST_STEP][PASSED] - k = j + 1: null&#xD;
&#xD;
2019-09-20 13:57:12 - [TEST_STEP][PASSED] - if (emi.get(j) &gt;= emi.get(k)): null&#xD;
&#xD;
2019-09-20 13:57:12 - [TEST_STEP][PASSED] - &lt;not implemented yet for class: org.codehaus.groovy.ast.stmt.ContinueStatement&gt;: null&#xD;
&#xD;
2019-09-20 13:57:12 - [TEST_STEP][PASSED] - k = j + 1: null&#xD;
&#xD;
2019-09-20 13:57:12 - [TEST_STEP][PASSED] - if (emi.get(j) &gt;= emi.get(k)): null&#xD;
&#xD;
2019-09-20 13:57:12 - [TEST_STEP][PASSED] - &lt;not implemented yet for class: org.codehaus.groovy.ast.stmt.ContinueStatement&gt;: null&#xD;
&#xD;
2019-09-20 13:57:12 - [TEST_STEP][PASSED] - k = j + 1: null&#xD;
&#xD;
2019-09-20 13:57:12 - [TEST_STEP][PASSED] - if (emi.get(j) &gt;= emi.get(k)): null&#xD;
&#xD;
2019-09-20 13:57:12 - [TEST_STEP][PASSED] - &lt;not implemented yet for class: org.codehaus.groovy.ast.stmt.ContinueStatement&gt;: null&#xD;
&#xD;
2019-09-20 13:57:12 - [TEST_STEP][PASSED] - k = j + 1: null&#xD;
&#xD;
2019-09-20 13:57:12 - [TEST_STEP][PASSED] - if (emi.get(j) &gt;= emi.get(k)): null&#xD;
&#xD;
2019-09-20 13:57:12 - [TEST_STEP][PASSED] - &lt;not implemented yet for class: org.codehaus.groovy.ast.stmt.ContinueStatement&gt;: null&#xD;
&#xD;
2019-09-20 13:57:12 - [TEST_STEP][PASSED] - k = j + 1: null&#xD;
&#xD;
2019-09-20 13:57:12 - [TEST_STEP][PASSED] - if (emi.get(j) &gt;= emi.get(k)): null&#xD;
&#xD;
2019-09-20 13:57:12 - [TEST_STEP][PASSED] - &lt;not implemented yet for class: org.codehaus.groovy.ast.stmt.ContinueStatement&gt;: null&#xD;
&#xD;
2019-09-20 13:57:12 - [TEST_STEP][PASSED] - k = j + 1: null&#xD;
&#xD;
2019-09-20 13:57:12 - [TEST_STEP][PASSED] - if (emi.get(j) &gt;= emi.get(k)): null&#xD;
&#xD;
2019-09-20 13:57:12 - [TEST_STEP][PASSED] - &lt;not implemented yet for class: org.codehaus.groovy.ast.stmt.ContinueStatement&gt;: null&#xD;
&#xD;
2019-09-20 13:57:12 - [TEST_STEP][PASSED] - k = j + 1: null&#xD;
&#xD;
2019-09-20 13:57:12 - [TEST_STEP][PASSED] - if (emi.get(j) &gt;= emi.get(k)): null&#xD;
&#xD;
2019-09-20 13:57:12 - [TEST_STEP][PASSED] - &lt;not implemented yet for class: org.codehaus.groovy.ast.stmt.ContinueStatement&gt;: null&#xD;
&#xD;
2019-09-20 13:57:12 - [TEST_STEP][PASSED] - k = j + 1: null&#xD;
&#xD;
2019-09-20 13:57:12 - [TEST_STEP][PASSED] - if (emi.get(j) &gt;= emi.get(k)): null&#xD;
&#xD;
2019-09-20 13:57:12 - [TEST_STEP][PASSED] - &lt;not implemented yet for class: org.codehaus.groovy.ast.stmt.ContinueStatement&gt;: null&#xD;
&#xD;
2019-09-20 13:57:12 - [TEST_STEP][PASSED] - k = j + 1: null&#xD;
&#xD;
2019-09-20 13:57:12 - [TEST_STEP][PASSED] - if (emi.get(j) &gt;= emi.get(k)): null&#xD;
&#xD;
2019-09-20 13:57:12 - [TEST_STEP][PASSED] - &lt;not implemented yet for class: org.codehaus.groovy.ast.stmt.ContinueStatement&gt;: null&#xD;
&#xD;
2019-09-20 13:57:12 - [TEST_STEP][PASSED] - k = j + 1: null&#xD;
&#xD;
2019-09-20 13:57:12 - [TEST_STEP][PASSED] - if (emi.get(j) &gt;= emi.get(k)): null&#xD;
&#xD;
2019-09-20 13:57:12 - [TEST_STEP][PASSED] - &lt;not implemented yet for class: org.codehaus.groovy.ast.stmt.ContinueStatement&gt;: null&#xD;
&#xD;
2019-09-20 13:57:12 - [TEST_STEP][PASSED] - k = j + 1: null&#xD;
&#xD;
2019-09-20 13:57:12 - [TEST_STEP][PASSED] - if (emi.get(j) &gt;= emi.get(k)): null&#xD;
&#xD;
2019-09-20 13:57:12 - [TEST_STEP][PASSED] - &lt;not implemented yet for class: org.codehaus.groovy.ast.stmt.ContinueStatement&gt;: null&#xD;
&#xD;
2019-09-20 13:57:12 - [TEST_STEP][PASSED] - k = j + 1: null&#xD;
&#xD;
2019-09-20 13:57:12 - [TEST_STEP][PASSED] - if (emi.get(j) &gt;= emi.get(k)): null&#xD;
&#xD;
2019-09-20 13:57:12 - [TEST_STEP][PASSED] - &lt;not implemented yet for class: org.codehaus.groovy.ast.stmt.ContinueStatement&gt;: null&#xD;
&#xD;
2019-09-20 13:57:12 - [TEST_STEP][PASSED] - k = j + 1: null&#xD;
&#xD;
2019-09-20 13:57:12 - [TEST_STEP][PASSED] - if (emi.get(j) &gt;= emi.get(k)): null&#xD;
&#xD;
2019-09-20 13:57:12 - [TEST_STEP][PASSED] - &lt;not implemented yet for class: org.codehaus.groovy.ast.stmt.ContinueStatement&gt;: null&#xD;
&#xD;
2019-09-20 13:57:12 - [TEST_STEP][PASSED] - k = j + 1: null&#xD;
&#xD;
2019-09-20 13:57:12 - [TEST_STEP][PASSED] - if (emi.get(j) &gt;= emi.get(k)): null&#xD;
&#xD;
2019-09-20 13:57:12 - [TEST_STEP][PASSED] - &lt;not implemented yet for class: org.codehaus.groovy.ast.stmt.ContinueStatement&gt;: null&#xD;
&#xD;
2019-09-20 13:57:12 - [TEST_STEP][PASSED] - k = j + 1: null&#xD;
&#xD;
2019-09-20 13:57:12 - [TEST_STEP][PASSED] - if (emi.get(j) &gt;= emi.get(k)): null&#xD;
&#xD;
2019-09-20 13:57:12 - [TEST_STEP][PASSED] - &lt;not implemented yet for class: org.codehaus.groovy.ast.stmt.ContinueStatement&gt;: null&#xD;
&#xD;
2019-09-20 13:57:12 - [TEST_STEP][PASSED] - k = j + 1: null&#xD;
&#xD;
2019-09-20 13:57:12 - [TEST_STEP][PASSED] - if (emi.get(j) &gt;= emi.get(k)): null&#xD;
&#xD;
2019-09-20 13:57:12 - [TEST_STEP][PASSED] - &lt;not implemented yet for class: org.codehaus.groovy.ast.stmt.ContinueStatement&gt;: null&#xD;
&#xD;
2019-09-20 13:57:12 - [TEST_STEP][PASSED] - k = j + 1: null&#xD;
&#xD;
2019-09-20 13:57:12 - [TEST_STEP][PASSED] - if (emi.get(j) &gt;= emi.get(k)): null&#xD;
&#xD;
2019-09-20 13:57:12 - [TEST_STEP][PASSED] - &lt;not implemented yet for class: org.codehaus.groovy.ast.stmt.ContinueStatement&gt;: null&#xD;
&#xD;
2019-09-20 13:57:12 - [TEST_STEP][PASSED] - k = j + 1: null&#xD;
&#xD;
2019-09-20 13:57:12 - [TEST_STEP][PASSED] - if (emi.get(j) &gt;= emi.get(k)): null&#xD;
&#xD;
2019-09-20 13:57:12 - [TEST_STEP][PASSED] - &lt;not implemented yet for class: org.codehaus.groovy.ast.stmt.ContinueStatement&gt;: null&#xD;
&#xD;
2019-09-20 13:57:12 - [TEST_STEP][PASSED] - k = j + 1: null&#xD;
&#xD;
2019-09-20 13:57:12 - [TEST_STEP][PASSED] - if (emi.get(j) &gt;= emi.get(k)): null&#xD;
&#xD;
2019-09-20 13:57:12 - [TEST_STEP][PASSED] - &lt;not implemented yet for class: org.codehaus.groovy.ast.stmt.ContinueStatement&gt;: null&#xD;
&#xD;
2019-09-20 13:57:12 - [TEST_STEP][PASSED] - k = j + 1: null&#xD;
&#xD;
2019-09-20 13:57:12 - [TEST_STEP][PASSED] - if (emi.get(j) &gt;= emi.get(k)): null&#xD;
&#xD;
2019-09-20 13:57:12 - [TEST_STEP][PASSED] - &lt;not implemented yet for class: org.codehaus.groovy.ast.stmt.ContinueStatement&gt;: null&#xD;
&#xD;
2019-09-20 13:57:12 - [TEST_STEP][PASSED] - k = j + 1: null&#xD;
&#xD;
2019-09-20 13:57:12 - [TEST_STEP][PASSED] - if (emi.get(j) &gt;= emi.get(k)): null&#xD;
&#xD;
2019-09-20 13:57:12 - [TEST_STEP][PASSED] - &lt;not implemented yet for class: org.codehaus.groovy.ast.stmt.ContinueStatement&gt;: null&#xD;
&#xD;
2019-09-20 13:57:12 - [TEST_STEP][PASSED] - k = j + 1: null&#xD;
&#xD;
2019-09-20 13:57:12 - [TEST_STEP][PASSED] - if (emi.get(j) &gt;= emi.get(k)): null&#xD;
&#xD;
2019-09-20 13:57:12 - [TEST_STEP][PASSED] - &lt;not implemented yet for class: org.codehaus.groovy.ast.stmt.ContinueStatement&gt;: null&#xD;
&#xD;
2019-09-20 13:57:12 - [TEST_STEP][PASSED] - k = j + 1: null&#xD;
&#xD;
2019-09-20 13:57:12 - [TEST_STEP][PASSED] - if (emi.get(j) &gt;= emi.get(k)): null&#xD;
&#xD;
2019-09-20 13:57:12 - [TEST_STEP][PASSED] - &lt;not implemented yet for class: org.codehaus.groovy.ast.stmt.ContinueStatement&gt;: null&#xD;
&#xD;
2019-09-20 13:57:12 - [TEST_STEP][PASSED] - k = j + 1: null&#xD;
&#xD;
2019-09-20 13:57:12 - [TEST_STEP][PASSED] - if (emi.get(j) &gt;= emi.get(k)): null&#xD;
&#xD;
2019-09-20 13:57:12 - [TEST_STEP][PASSED] - &lt;not implemented yet for class: org.codehaus.groovy.ast.stmt.ContinueStatement&gt;: null&#xD;
&#xD;
2019-09-20 13:57:12 - [TEST_STEP][PASSED] - k = j + 1: null&#xD;
&#xD;
2019-09-20 13:57:12 - [TEST_STEP][PASSED] - if (emi.get(j) &gt;= emi.get(k)): null&#xD;
&#xD;
2019-09-20 13:57:12 - [TEST_STEP][PASSED] - &lt;not implemented yet for class: org.codehaus.groovy.ast.stmt.ContinueStatement&gt;: null&#xD;
&#xD;
2019-09-20 13:57:12 - [TEST_STEP][PASSED] - k = j + 1: null&#xD;
&#xD;
2019-09-20 13:57:12 - [TEST_STEP][PASSED] - if (emi.get(j) &gt;= emi.get(k)): null&#xD;
&#xD;
2019-09-20 13:57:12 - [TEST_STEP][PASSED] - &lt;not implemented yet for class: org.codehaus.groovy.ast.stmt.ContinueStatement&gt;: null&#xD;
&#xD;
2019-09-20 13:57:12 - [TEST_STEP][PASSED] - k = j + 1: null&#xD;
&#xD;
2019-09-20 13:57:12 - [TEST_STEP][PASSED] - if (emi.get(j) &gt;= emi.get(k)): null&#xD;
&#xD;
2019-09-20 13:57:12 - [TEST_STEP][PASSED] - &lt;not implemented yet for class: org.codehaus.groovy.ast.stmt.ContinueStatement&gt;: null&#xD;
&#xD;
2019-09-20 13:57:12 - [TEST_STEP][PASSED] - k = j + 1: null&#xD;
&#xD;
2019-09-20 13:57:12 - [TEST_STEP][PASSED] - if (emi.get(j) &gt;= emi.get(k)): null&#xD;
&#xD;
2019-09-20 13:57:12 - [TEST_STEP][PASSED] - &lt;not implemented yet for class: org.codehaus.groovy.ast.stmt.ContinueStatement&gt;: null&#xD;
&#xD;
2019-09-20 13:57:12 - [TEST_STEP][PASSED] - k = j + 1: null&#xD;
&#xD;
2019-09-20 13:57:12 - [TEST_STEP][PASSED] - if (emi.get(j) &gt;= emi.get(k)): null&#xD;
&#xD;
2019-09-20 13:57:12 - [TEST_STEP][PASSED] - &lt;not implemented yet for class: org.codehaus.groovy.ast.stmt.ContinueStatement&gt;: null&#xD;
&#xD;
2019-09-20 13:57:12 - [TEST_STEP][PASSED] - k = j + 1: null&#xD;
&#xD;
2019-09-20 13:57:12 - [TEST_STEP][PASSED] - if (emi.get(j) &gt;= emi.get(k)): null&#xD;
&#xD;
2019-09-20 13:57:12 - [TEST_STEP][PASSED] - &lt;not implemented yet for class: org.codehaus.groovy.ast.stmt.ContinueStatement&gt;: null&#xD;
&#xD;
2019-09-20 13:57:12 - [TEST_STEP][PASSED] - k = j + 1: null&#xD;
&#xD;
2019-09-20 13:57:12 - [TEST_STEP][PASSED] - if (emi.get(j) &gt;= emi.get(k)): null&#xD;
&#xD;
2019-09-20 13:57:12 - [TEST_STEP][PASSED] - &lt;not implemented yet for class: org.codehaus.groovy.ast.stmt.ContinueStatement&gt;: null&#xD;
&#xD;
2019-09-20 13:57:12 - [TEST_STEP][PASSED] - k = j + 1: null&#xD;
&#xD;
2019-09-20 13:57:12 - [TEST_STEP][PASSED] - if (emi.get(j) &gt;= emi.get(k)): null&#xD;
&#xD;
2019-09-20 13:57:12 - [TEST_STEP][PASSED] - &lt;not implemented yet for class: org.codehaus.groovy.ast.stmt.ContinueStatement&gt;: null&#xD;
&#xD;
2019-09-20 13:57:12 - [TEST_STEP][PASSED] - k = j + 1: null&#xD;
&#xD;
2019-09-20 13:57:12 - [TEST_STEP][PASSED] - if (emi.get(j) &gt;= emi.get(k)): null&#xD;
&#xD;
2019-09-20 13:57:12 - [TEST_STEP][PASSED] - &lt;not implemented yet for class: org.codehaus.groovy.ast.stmt.ContinueStatement&gt;: null&#xD;
&#xD;
2019-09-20 13:57:12 - [TEST_STEP][PASSED] - k = j + 1: null&#xD;
&#xD;
2019-09-20 13:57:12 - [TEST_STEP][PASSED] - if (emi.get(j) &gt;= emi.get(k)): null&#xD;
&#xD;
2019-09-20 13:57:12 - [TEST_STEP][PASSED] - &lt;not implemented yet for class: org.codehaus.groovy.ast.stmt.ContinueStatement&gt;: null&#xD;
&#xD;
2019-09-20 13:57:12 - [TEST_STEP][PASSED] - k = j + 1: null&#xD;
&#xD;
2019-09-20 13:57:12 - [TEST_STEP][PASSED] - if (emi.get(j) &gt;= emi.get(k)): null&#xD;
&#xD;
2019-09-20 13:57:12 - [TEST_STEP][PASSED] - &lt;not implemented yet for class: org.codehaus.groovy.ast.stmt.ContinueStatement&gt;: null&#xD;
&#xD;
2019-09-20 13:57:12 - [TEST_STEP][PASSED] - k = j + 1: null&#xD;
&#xD;
2019-09-20 13:57:12 - [TEST_STEP][PASSED] - if (emi.get(j) &gt;= emi.get(k)): null&#xD;
&#xD;
2019-09-20 13:57:12 - [TEST_STEP][PASSED] - &lt;not implemented yet for class: org.codehaus.groovy.ast.stmt.ContinueStatement&gt;: null&#xD;
&#xD;
2019-09-20 13:57:12 - [TEST_STEP][PASSED] - k = j + 1: null&#xD;
&#xD;
2019-09-20 13:57:12 - [TEST_STEP][PASSED] - if (emi.get(j) &gt;= emi.get(k)): null&#xD;
&#xD;
2019-09-20 13:57:12 - [TEST_STEP][PASSED] - &lt;not implemented yet for class: org.codehaus.groovy.ast.stmt.ContinueStatement&gt;: null&#xD;
&#xD;
2019-09-20 13:57:12 - [TEST_STEP][PASSED] - k = j + 1: null&#xD;
&#xD;
2019-09-20 13:57:12 - [TEST_STEP][PASSED] - if (emi.get(j) &gt;= emi.get(k)): null&#xD;
&#xD;
2019-09-20 13:57:12 - [TEST_STEP][PASSED] - &lt;not implemented yet for class: org.codehaus.groovy.ast.stmt.ContinueStatement&gt;: null&#xD;
&#xD;
2019-09-20 13:57:12 - [TEST_STEP][PASSED] - k = j + 1: null&#xD;
&#xD;
2019-09-20 13:57:12 - [TEST_STEP][PASSED] - if (emi.get(j) &gt;= emi.get(k)): null&#xD;
&#xD;
2019-09-20 13:57:12 - [TEST_STEP][PASSED] - &lt;not implemented yet for class: org.codehaus.groovy.ast.stmt.ContinueStatement&gt;: null&#xD;
&#xD;
2019-09-20 13:57:12 - [TEST_STEP][PASSED] - k = j + 1: null&#xD;
&#xD;
2019-09-20 13:57:12 - [TEST_STEP][PASSED] - if (emi.get(j) &gt;= emi.get(k)): null&#xD;
&#xD;
2019-09-20 13:57:12 - [TEST_STEP][PASSED] - &lt;not implemented yet for class: org.codehaus.groovy.ast.stmt.ContinueStatement&gt;: null&#xD;
&#xD;
2019-09-20 13:57:12 - [TEST_STEP][PASSED] - k = j + 1: null&#xD;
&#xD;
2019-09-20 13:57:12 - [TEST_STEP][PASSED] - if (emi.get(j) &gt;= emi.get(k)): null&#xD;
&#xD;
2019-09-20 13:57:12 - [TEST_STEP][PASSED] - &lt;not implemented yet for class: org.codehaus.groovy.ast.stmt.ContinueStatement&gt;: null&#xD;
&#xD;
2019-09-20 13:57:12 - [TEST_STEP][PASSED] - k = j + 1: null&#xD;
&#xD;
2019-09-20 13:57:12 - [TEST_STEP][PASSED] - if (emi.get(j) &gt;= emi.get(k)): null&#xD;
&#xD;
2019-09-20 13:57:12 - [TEST_STEP][PASSED] - &lt;not implemented yet for class: org.codehaus.groovy.ast.stmt.ContinueStatement&gt;: null&#xD;
&#xD;
2019-09-20 13:57:12 - [TEST_STEP][PASSED] - k = j + 1: null&#xD;
&#xD;
2019-09-20 13:57:12 - [TEST_STEP][PASSED] - if (emi.get(j) &gt;= emi.get(k)): null&#xD;
&#xD;
2019-09-20 13:57:12 - [TEST_STEP][PASSED] - &lt;not implemented yet for class: org.codehaus.groovy.ast.stmt.ContinueStatement&gt;: null&#xD;
&#xD;
2019-09-20 13:57:12 - [TEST_STEP][PASSED] - k = j + 1: null&#xD;
&#xD;
2019-09-20 13:57:12 - [TEST_STEP][PASSED] - if (emi.get(j) &gt;= emi.get(k)): null&#xD;
&#xD;
2019-09-20 13:57:12 - [TEST_STEP][PASSED] - &lt;not implemented yet for class: org.codehaus.groovy.ast.stmt.ContinueStatement&gt;: null&#xD;
&#xD;
2019-09-20 13:57:12 - [TEST_STEP][PASSED] - k = j + 1: null&#xD;
&#xD;
2019-09-20 13:57:12 - [TEST_STEP][PASSED] - if (emi.get(j) &gt;= emi.get(k)): null&#xD;
&#xD;
2019-09-20 13:57:12 - [TEST_STEP][PASSED] - &lt;not implemented yet for class: org.codehaus.groovy.ast.stmt.ContinueStatement&gt;: null&#xD;
&#xD;
2019-09-20 13:57:12 - [TEST_STEP][PASSED] - k = j + 1: null&#xD;
&#xD;
2019-09-20 13:57:12 - [TEST_STEP][PASSED] - if (emi.get(j) &gt;= emi.get(k)): null&#xD;
&#xD;
2019-09-20 13:57:12 - [TEST_STEP][PASSED] - &lt;not implemented yet for class: org.codehaus.groovy.ast.stmt.ContinueStatement&gt;: null&#xD;
&#xD;
2019-09-20 13:57:12 - [TEST_STEP][PASSED] - k = j + 1: null&#xD;
&#xD;
2019-09-20 13:57:12 - [TEST_STEP][PASSED] - if (emi.get(j) &gt;= emi.get(k)): null&#xD;
&#xD;
2019-09-20 13:57:12 - [TEST_STEP][PASSED] - &lt;not implemented yet for class: org.codehaus.groovy.ast.stmt.ContinueStatement&gt;: null&#xD;
&#xD;
2019-09-20 13:57:12 - [TEST_STEP][PASSED] - k = j + 1: null&#xD;
&#xD;
2019-09-20 13:57:12 - [TEST_STEP][PASSED] - if (emi.get(j) &gt;= emi.get(k)): null&#xD;
&#xD;
2019-09-20 13:57:12 - [TEST_STEP][PASSED] - &lt;not implemented yet for class: org.codehaus.groovy.ast.stmt.ContinueStatement&gt;: null&#xD;
&#xD;
2019-09-20 13:57:12 - [TEST_STEP][PASSED] - k = j + 1: null&#xD;
&#xD;
2019-09-20 13:57:12 - [TEST_STEP][PASSED] - if (emi.get(j) &gt;= emi.get(k)): null&#xD;
&#xD;
2019-09-20 13:57:12 - [TEST_STEP][PASSED] - &lt;not implemented yet for class: org.codehaus.groovy.ast.stmt.ContinueStatement&gt;: null&#xD;
&#xD;
2019-09-20 13:57:12 - [TEST_STEP][PASSED] - k = j + 1: null&#xD;
&#xD;
2019-09-20 13:57:12 - [TEST_STEP][PASSED] - if (emi.get(j) &gt;= emi.get(k)): null&#xD;
&#xD;
2019-09-20 13:57:12 - [TEST_STEP][PASSED] - &lt;not implemented yet for class: org.codehaus.groovy.ast.stmt.ContinueStatement&gt;: null&#xD;
&#xD;
2019-09-20 13:57:12 - [TEST_STEP][PASSED] - k = j + 1: null&#xD;
&#xD;
2019-09-20 13:57:12 - [TEST_STEP][PASSED] - if (emi.get(j) &gt;= emi.get(k)): null&#xD;
&#xD;
2019-09-20 13:57:12 - [TEST_STEP][PASSED] - &lt;not implemented yet for class: org.codehaus.groovy.ast.stmt.ContinueStatement&gt;: null&#xD;
&#xD;
2019-09-20 13:57:12 - [TEST_STEP][PASSED] - k = j + 1: null&#xD;
&#xD;
2019-09-20 13:57:12 - [TEST_STEP][PASSED] - if (emi.get(j) &gt;= emi.get(k)): null&#xD;
&#xD;
2019-09-20 13:57:12 - [TEST_STEP][PASSED] - &lt;not implemented yet for class: org.codehaus.groovy.ast.stmt.ContinueStatement&gt;: null&#xD;
&#xD;
2019-09-20 13:57:12 - [TEST_STEP][PASSED] - k = j + 1: null&#xD;
&#xD;
2019-09-20 13:57:12 - [TEST_STEP][PASSED] - if (emi.get(j) &gt;= emi.get(k)): null&#xD;
&#xD;
2019-09-20 13:57:12 - [TEST_STEP][PASSED] - &lt;not implemented yet for class: org.codehaus.groovy.ast.stmt.ContinueStatement&gt;: null&#xD;
&#xD;
2019-09-20 13:57:12 - [TEST_STEP][PASSED] - k = j + 1: null&#xD;
&#xD;
2019-09-20 13:57:12 - [TEST_STEP][PASSED] - if (emi.get(j) &gt;= emi.get(k)): null&#xD;
&#xD;
2019-09-20 13:57:12 - [TEST_STEP][PASSED] - &lt;not implemented yet for class: org.codehaus.groovy.ast.stmt.ContinueStatement&gt;: null&#xD;
&#xD;
2019-09-20 13:57:12 - [TEST_STEP][PASSED] - k = j + 1: null&#xD;
&#xD;
2019-09-20 13:57:12 - [TEST_STEP][PASSED] - if (emi.get(j) &gt;= emi.get(k)): null&#xD;
&#xD;
2019-09-20 13:57:12 - [TEST_STEP][PASSED] - &lt;not implemented yet for class: org.codehaus.groovy.ast.stmt.ContinueStatement&gt;: null&#xD;
&#xD;
2019-09-20 13:57:12 - [TEST_STEP][PASSED] - k = j + 1: null&#xD;
&#xD;
2019-09-20 13:57:12 - [TEST_STEP][PASSED] - if (emi.get(j) &gt;= emi.get(k)): null&#xD;
&#xD;
2019-09-20 13:57:12 - [TEST_STEP][PASSED] - &lt;not implemented yet for class: org.codehaus.groovy.ast.stmt.ContinueStatement&gt;: null&#xD;
&#xD;
2019-09-20 13:57:12 - [TEST_STEP][PASSED] - k = j + 1: null&#xD;
&#xD;
2019-09-20 13:57:12 - [TEST_STEP][PASSED] - if (emi.get(j) &gt;= emi.get(k)): null&#xD;
&#xD;
2019-09-20 13:57:12 - [TEST_STEP][PASSED] - &lt;not implemented yet for class: org.codehaus.groovy.ast.stmt.ContinueStatement&gt;: null&#xD;
&#xD;
2019-09-20 13:57:12 - [TEST_STEP][PASSED] - k = j + 1: null&#xD;
&#xD;
2019-09-20 13:57:12 - [TEST_STEP][PASSED] - if (emi.get(j) &gt;= emi.get(k)): null&#xD;
&#xD;
2019-09-20 13:57:12 - [TEST_STEP][PASSED] - &lt;not implemented yet for class: org.codehaus.groovy.ast.stmt.ContinueStatement&gt;: null&#xD;
&#xD;
2019-09-20 13:57:12 - [TEST_STEP][PASSED] - k = j + 1: null&#xD;
&#xD;
2019-09-20 13:57:12 - [TEST_STEP][PASSED] - if (emi.get(j) &gt;= emi.get(k)): null&#xD;
&#xD;
2019-09-20 13:57:12 - [TEST_STEP][PASSED] - &lt;not implemented yet for class: org.codehaus.groovy.ast.stmt.ContinueStatement&gt;: null&#xD;
&#xD;
2019-09-20 13:57:12 - [TEST_STEP][PASSED] - k = j + 1: null&#xD;
&#xD;
2019-09-20 13:57:12 - [TEST_STEP][PASSED] - if (emi.get(j) &gt;= emi.get(k)): null&#xD;
&#xD;
2019-09-20 13:57:12 - [TEST_STEP][PASSED] - &lt;not implemented yet for class: org.codehaus.groovy.ast.stmt.ContinueStatement&gt;: null&#xD;
&#xD;
2019-09-20 13:57:12 - [TEST_STEP][PASSED] - k = j + 1: null&#xD;
&#xD;
2019-09-20 13:57:12 - [TEST_STEP][PASSED] - if (emi.get(j) &gt;= emi.get(k)): null&#xD;
&#xD;
2019-09-20 13:57:12 - [TEST_STEP][PASSED] - &lt;not implemented yet for class: org.codehaus.groovy.ast.stmt.ContinueStatement&gt;: null&#xD;
&#xD;
2019-09-20 13:57:12 - [TEST_STEP][PASSED] - k = j + 1: null&#xD;
&#xD;
2019-09-20 13:57:12 - [TEST_STEP][PASSED] - if (emi.get(j) &gt;= emi.get(k)): null&#xD;
&#xD;
2019-09-20 13:57:12 - [TEST_STEP][PASSED] - &lt;not implemented yet for class: org.codehaus.groovy.ast.stmt.ContinueStatement&gt;: null&#xD;
&#xD;
2019-09-20 13:57:12 - [TEST_STEP][PASSED] - k = j + 1: null&#xD;
&#xD;
2019-09-20 13:57:12 - [TEST_STEP][PASSED] - if (emi.get(j) &gt;= emi.get(k)): null&#xD;
&#xD;
2019-09-20 13:57:12 - [TEST_STEP][PASSED] - &lt;not implemented yet for class: org.codehaus.groovy.ast.stmt.ContinueStatement&gt;: null&#xD;
&#xD;
2019-09-20 13:57:12 - [TEST_STEP][PASSED] - k = j + 1: null&#xD;
&#xD;
2019-09-20 13:57:12 - [TEST_STEP][PASSED] - if (emi.get(j) &gt;= emi.get(k)): null&#xD;
&#xD;
2019-09-20 13:57:12 - [TEST_STEP][PASSED] - &lt;not implemented yet for class: org.codehaus.groovy.ast.stmt.ContinueStatement&gt;: null&#xD;
&#xD;
2019-09-20 13:57:12 - [TEST_STEP][PASSED] - k = j + 1: null&#xD;
&#xD;
2019-09-20 13:57:12 - [TEST_STEP][PASSED] - if (emi.get(j) &gt;= emi.get(k)): null&#xD;
&#xD;
2019-09-20 13:57:12 - [TEST_STEP][PASSED] - &lt;not implemented yet for class: org.codehaus.groovy.ast.stmt.ContinueStatement&gt;: null&#xD;
&#xD;
2019-09-20 13:57:12 - [TEST_STEP][PASSED] - k = j + 1: null&#xD;
&#xD;
2019-09-20 13:57:12 - [TEST_STEP][PASSED] - if (emi.get(j) &gt;= emi.get(k)): null&#xD;
&#xD;
2019-09-20 13:57:12 - [TEST_STEP][PASSED] - &lt;not implemented yet for class: org.codehaus.groovy.ast.stmt.ContinueStatement&gt;: null&#xD;
&#xD;
2019-09-20 13:57:12 - [TEST_STEP][PASSED] - k = j + 1: null&#xD;
&#xD;
2019-09-20 13:57:12 - [TEST_STEP][PASSED] - if (emi.get(j) &gt;= emi.get(k)): null&#xD;
&#xD;
2019-09-20 13:57:12 - [TEST_STEP][PASSED] - &lt;not implemented yet for class: org.codehaus.groovy.ast.stmt.ContinueStatement&gt;: null&#xD;
&#xD;
2019-09-20 13:57:12 - [TEST_STEP][PASSED] - k = j + 1: null&#xD;
&#xD;
2019-09-20 13:57:12 - [TEST_STEP][PASSED] - if (emi.get(j) &gt;= emi.get(k)): null&#xD;
&#xD;
2019-09-20 13:57:12 - [TEST_STEP][PASSED] - &lt;not implemented yet for class: org.codehaus.groovy.ast.stmt.ContinueStatement&gt;: null&#xD;
&#xD;
2019-09-20 13:57:12 - [TEST_STEP][PASSED] - k = j + 1: null&#xD;
&#xD;
2019-09-20 13:57:12 - [TEST_STEP][PASSED] - if (emi.get(j) &gt;= emi.get(k)): null&#xD;
&#xD;
2019-09-20 13:57:12 - [TEST_STEP][PASSED] - &lt;not implemented yet for class: org.codehaus.groovy.ast.stmt.ContinueStatement&gt;: null&#xD;
&#xD;
2019-09-20 13:57:12 - [TEST_STEP][PASSED] - k = j + 1: null&#xD;
&#xD;
2019-09-20 13:57:12 - [TEST_STEP][PASSED] - if (emi.get(j) &gt;= emi.get(k)): null&#xD;
&#xD;
2019-09-20 13:57:12 - [TEST_STEP][PASSED] - &lt;not implemented yet for class: org.codehaus.groovy.ast.stmt.ContinueStatement&gt;: null&#xD;
&#xD;
2019-09-20 13:57:12 - [TEST_STEP][PASSED] - k = j + 1: null&#xD;
&#xD;
2019-09-20 13:57:12 - [TEST_STEP][PASSED] - if (emi.get(j) &gt;= emi.get(k)): null&#xD;
&#xD;
2019-09-20 13:57:12 - [TEST_STEP][PASSED] - &lt;not implemented yet for class: org.codehaus.groovy.ast.stmt.ContinueStatement&gt;: null&#xD;
&#xD;
2019-09-20 13:57:12 - [TEST_STEP][PASSED] - k = j + 1: null&#xD;
&#xD;
2019-09-20 13:57:12 - [TEST_STEP][PASSED] - if (emi.get(j) &gt;= emi.get(k)): null&#xD;
&#xD;
2019-09-20 13:57:12 - [TEST_STEP][PASSED] - &lt;not implemented yet for class: org.codehaus.groovy.ast.stmt.ContinueStatement&gt;: null&#xD;
&#xD;
2019-09-20 13:57:14 - [TEST_STEP][PASSED] - k = j + 1: null&#xD;
&#xD;
2019-09-20 13:57:14 - [TEST_STEP][PASSED] - if (emi.get(j) &gt;= emi.get(k)): null&#xD;
&#xD;
2019-09-20 13:57:14 - [TEST_STEP][PASSED] - &lt;not implemented yet for class: org.codehaus.groovy.ast.stmt.ContinueStatement&gt;: null&#xD;
&#xD;
2019-09-20 13:57:14 - [TEST_STEP][PASSED] - k = j + 1: null&#xD;
&#xD;
2019-09-20 13:57:14 - [TEST_STEP][PASSED] - if (emi.get(j) &gt;= emi.get(k)): null&#xD;
&#xD;
2019-09-20 13:57:14 - [TEST_STEP][PASSED] - &lt;not implemented yet for class: org.codehaus.groovy.ast.stmt.ContinueStatement&gt;: null&#xD;
&#xD;
2019-09-20 13:57:14 - [TEST_STEP][PASSED] - k = j + 1: null&#xD;
&#xD;
2019-09-20 13:57:14 - [TEST_STEP][PASSED] - if (emi.get(j) &gt;= emi.get(k)): null&#xD;
&#xD;
2019-09-20 13:57:14 - [TEST_STEP][PASSED] - &lt;not implemented yet for class: org.codehaus.groovy.ast.stmt.ContinueStatement&gt;: null&#xD;
&#xD;
2019-09-20 13:57:14 - [TEST_STEP][PASSED] - k = j + 1: null&#xD;
&#xD;
2019-09-20 13:57:14 - [TEST_STEP][PASSED] - if (emi.get(j) &gt;= emi.get(k)): null&#xD;
&#xD;
2019-09-20 13:57:14 - [TEST_STEP][PASSED] - &lt;not implemented yet for class: org.codehaus.groovy.ast.stmt.ContinueStatement&gt;: null&#xD;
&#xD;
2019-09-20 13:57:14 - [TEST_STEP][PASSED] - k = j + 1: null&#xD;
&#xD;
2019-09-20 13:57:14 - [TEST_STEP][PASSED] - if (emi.get(j) &gt;= emi.get(k)): null&#xD;
&#xD;
2019-09-20 13:57:14 - [TEST_STEP][PASSED] - &lt;not implemented yet for class: org.codehaus.groovy.ast.stmt.ContinueStatement&gt;: null&#xD;
&#xD;
2019-09-20 13:57:14 - [TEST_STEP][PASSED] - k = j + 1: null&#xD;
&#xD;
2019-09-20 13:57:14 - [TEST_STEP][PASSED] - if (emi.get(j) &gt;= emi.get(k)): null&#xD;
&#xD;
2019-09-20 13:57:14 - [TEST_STEP][PASSED] - &lt;not implemented yet for class: org.codehaus.groovy.ast.stmt.ContinueStatement&gt;: null&#xD;
&#xD;
2019-09-20 13:57:14 - [TEST_STEP][PASSED] - k = j + 1: null&#xD;
&#xD;
2019-09-20 13:57:14 - [TEST_STEP][PASSED] - if (emi.get(j) &gt;= emi.get(k)): null&#xD;
&#xD;
2019-09-20 13:57:14 - [TEST_STEP][PASSED] - &lt;not implemented yet for class: org.codehaus.groovy.ast.stmt.ContinueStatement&gt;: null&#xD;
&#xD;
2019-09-20 13:57:14 - [TEST_STEP][PASSED] - k = j + 1: null&#xD;
&#xD;
2019-09-20 13:57:14 - [TEST_STEP][PASSED] - if (emi.get(j) &gt;= emi.get(k)): null&#xD;
&#xD;
2019-09-20 13:57:14 - [TEST_STEP][PASSED] - &lt;not implemented yet for class: org.codehaus.groovy.ast.stmt.ContinueStatement&gt;: null&#xD;
&#xD;
2019-09-20 13:57:14 - [TEST_STEP][PASSED] - k = j + 1: null&#xD;
&#xD;
2019-09-20 13:57:14 - [TEST_STEP][PASSED] - if (emi.get(j) &gt;= emi.get(k)): null&#xD;
&#xD;
2019-09-20 13:57:14 - [TEST_STEP][PASSED] - &lt;not implemented yet for class: org.codehaus.groovy.ast.stmt.ContinueStatement&gt;: null&#xD;
&#xD;
2019-09-20 13:57:14 - [TEST_STEP][PASSED] - k = j + 1: null&#xD;
&#xD;
2019-09-20 13:57:14 - [TEST_STEP][PASSED] - if (emi.get(j) &gt;= emi.get(k)): null&#xD;
&#xD;
2019-09-20 13:57:14 - [TEST_STEP][PASSED] - &lt;not implemented yet for class: org.codehaus.groovy.ast.stmt.ContinueStatement&gt;: null&#xD;
&#xD;
2019-09-20 13:57:14 - [TEST_STEP][PASSED] - k = j + 1: null&#xD;
&#xD;
2019-09-20 13:57:14 - [TEST_STEP][PASSED] - if (emi.get(j) &gt;= emi.get(k)): null&#xD;
&#xD;
2019-09-20 13:57:14 - [TEST_STEP][PASSED] - &lt;not implemented yet for class: org.codehaus.groovy.ast.stmt.ContinueStatement&gt;: null&#xD;
&#xD;
2019-09-20 13:57:14 - [TEST_STEP][PASSED] - k = j + 1: null&#xD;
&#xD;
2019-09-20 13:57:14 - [TEST_STEP][PASSED] - if (emi.get(j) &gt;= emi.get(k)): null&#xD;
&#xD;
2019-09-20 13:57:14 - [TEST_STEP][PASSED] - &lt;not implemented yet for class: org.codehaus.groovy.ast.stmt.ContinueStatement&gt;: null&#xD;
&#xD;
2019-09-20 13:57:14 - [TEST_STEP][PASSED] - k = j + 1: null&#xD;
&#xD;
2019-09-20 13:57:14 - [TEST_STEP][PASSED] - if (emi.get(j) &gt;= emi.get(k)): null&#xD;
&#xD;
2019-09-20 13:57:14 - [TEST_STEP][PASSED] - &lt;not implemented yet for class: org.codehaus.groovy.ast.stmt.ContinueStatement&gt;: null&#xD;
&#xD;
2019-09-20 13:57:14 - [TEST_STEP][PASSED] - k = j + 1: null&#xD;
&#xD;
2019-09-20 13:57:14 - [TEST_STEP][PASSED] - if (emi.get(j) &gt;= emi.get(k)): null&#xD;
&#xD;
2019-09-20 13:57:14 - [TEST_STEP][PASSED] - &lt;not implemented yet for class: org.codehaus.groovy.ast.stmt.ContinueStatement&gt;: null&#xD;
&#xD;
2019-09-20 13:57:14 - [TEST_STEP][PASSED] - k = j + 1: null&#xD;
&#xD;
2019-09-20 13:57:14 - [TEST_STEP][PASSED] - if (emi.get(j) &gt;= emi.get(k)): null&#xD;
&#xD;
2019-09-20 13:57:14 - [TEST_STEP][PASSED] - &lt;not implemented yet for class: org.codehaus.groovy.ast.stmt.ContinueStatement&gt;: null&#xD;
&#xD;
2019-09-20 13:57:14 - [TEST_STEP][PASSED] - k = j + 1: null&#xD;
&#xD;
2019-09-20 13:57:14 - [TEST_STEP][PASSED] - if (emi.get(j) &gt;= emi.get(k)): null&#xD;
&#xD;
2019-09-20 13:57:14 - [TEST_STEP][PASSED] - &lt;not implemented yet for class: org.codehaus.groovy.ast.stmt.ContinueStatement&gt;: null&#xD;
&#xD;
2019-09-20 13:57:14 - [TEST_STEP][PASSED] - k = j + 1: null&#xD;
&#xD;
2019-09-20 13:57:14 - [TEST_STEP][PASSED] - if (emi.get(j) &gt;= emi.get(k)): null&#xD;
&#xD;
2019-09-20 13:57:14 - [TEST_STEP][PASSED] - &lt;not implemented yet for class: org.codehaus.groovy.ast.stmt.ContinueStatement&gt;: null&#xD;
&#xD;
2019-09-20 13:57:14 - [TEST_STEP][PASSED] - k = j + 1: null&#xD;
&#xD;
2019-09-20 13:57:14 - [TEST_STEP][PASSED] - if (emi.get(j) &gt;= emi.get(k)): null&#xD;
&#xD;
2019-09-20 13:57:14 - [TEST_STEP][PASSED] - &lt;not implemented yet for class: org.codehaus.groovy.ast.stmt.ContinueStatement&gt;: null&#xD;
&#xD;
2019-09-20 13:57:14 - [TEST_STEP][PASSED] - k = j + 1: null&#xD;
&#xD;
2019-09-20 13:57:14 - [TEST_STEP][PASSED] - if (emi.get(j) &gt;= emi.get(k)): null&#xD;
&#xD;
2019-09-20 13:57:14 - [TEST_STEP][PASSED] - &lt;not implemented yet for class: org.codehaus.groovy.ast.stmt.ContinueStatement&gt;: null&#xD;
&#xD;
2019-09-20 13:57:14 - [TEST_STEP][PASSED] - k = j + 1: null&#xD;
&#xD;
2019-09-20 13:57:14 - [TEST_STEP][PASSED] - if (emi.get(j) &gt;= emi.get(k)): null&#xD;
&#xD;
2019-09-20 13:57:14 - [TEST_STEP][PASSED] - &lt;not implemented yet for class: org.codehaus.groovy.ast.stmt.ContinueStatement&gt;: null&#xD;
&#xD;
2019-09-20 13:57:14 - [TEST_STEP][PASSED] - k = j + 1: null&#xD;
&#xD;
2019-09-20 13:57:14 - [TEST_STEP][PASSED] - if (emi.get(j) &gt;= emi.get(k)): null&#xD;
&#xD;
2019-09-20 13:57:14 - [TEST_STEP][PASSED] - &lt;not implemented yet for class: org.codehaus.groovy.ast.stmt.ContinueStatement&gt;: null&#xD;
&#xD;
2019-09-20 13:57:14 - [TEST_STEP][PASSED] - k = j + 1: null&#xD;
&#xD;
2019-09-20 13:57:14 - [TEST_STEP][PASSED] - if (emi.get(j) &gt;= emi.get(k)): null&#xD;
&#xD;
2019-09-20 13:57:14 - [TEST_STEP][PASSED] - &lt;not implemented yet for class: org.codehaus.groovy.ast.stmt.ContinueStatement&gt;: null&#xD;
&#xD;
2019-09-20 13:57:14 - [TEST_STEP][PASSED] - k = j + 1: null&#xD;
&#xD;
2019-09-20 13:57:14 - [TEST_STEP][PASSED] - if (emi.get(j) &gt;= emi.get(k)): null&#xD;
&#xD;
2019-09-20 13:57:14 - [TEST_STEP][PASSED] - &lt;not implemented yet for class: org.codehaus.groovy.ast.stmt.ContinueStatement&gt;: null&#xD;
&#xD;
2019-09-20 13:57:14 - [TEST_STEP][PASSED] - k = j + 1: null&#xD;
&#xD;
2019-09-20 13:57:14 - [TEST_STEP][PASSED] - if (emi.get(j) &gt;= emi.get(k)): null&#xD;
&#xD;
2019-09-20 13:57:14 - [TEST_STEP][PASSED] - &lt;not implemented yet for class: org.codehaus.groovy.ast.stmt.ContinueStatement&gt;: null&#xD;
&#xD;
2019-09-20 13:57:14 - [TEST_STEP][PASSED] - k = j + 1: null&#xD;
&#xD;
2019-09-20 13:57:14 - [TEST_STEP][PASSED] - if (emi.get(j) &gt;= emi.get(k)): null&#xD;
&#xD;
2019-09-20 13:57:14 - [TEST_STEP][PASSED] - &lt;not implemented yet for class: org.codehaus.groovy.ast.stmt.ContinueStatement&gt;: null&#xD;
&#xD;
2019-09-20 13:57:14 - [TEST_STEP][PASSED] - k = j + 1: null&#xD;
&#xD;
2019-09-20 13:57:14 - [TEST_STEP][PASSED] - if (emi.get(j) &gt;= emi.get(k)): null&#xD;
&#xD;
2019-09-20 13:57:14 - [TEST_STEP][PASSED] - &lt;not implemented yet for class: org.codehaus.groovy.ast.stmt.ContinueStatement&gt;: null&#xD;
&#xD;
2019-09-20 13:57:14 - [TEST_STEP][PASSED] - k = j + 1: null&#xD;
&#xD;
2019-09-20 13:57:14 - [TEST_STEP][PASSED] - if (emi.get(j) &gt;= emi.get(k)): null&#xD;
&#xD;
2019-09-20 13:57:14 - [TEST_STEP][PASSED] - &lt;not implemented yet for class: org.codehaus.groovy.ast.stmt.ContinueStatement&gt;: null&#xD;
&#xD;
2019-09-20 13:57:15 - [TEST_STEP][PASSED] - k = j + 1: null&#xD;
&#xD;
2019-09-20 13:57:15 - [TEST_STEP][PASSED] - if (emi.get(j) &gt;= emi.get(k)): null&#xD;
&#xD;
2019-09-20 13:57:15 - [TEST_STEP][PASSED] - &lt;not implemented yet for class: org.codehaus.groovy.ast.stmt.ContinueStatement&gt;: null&#xD;
&#xD;
2019-09-20 13:57:15 - [TEST_STEP][PASSED] - k = j + 1: null&#xD;
&#xD;
2019-09-20 13:57:16 - [TEST_STEP][PASSED] - if (emi.get(j) &gt;= emi.get(k)): null&#xD;
&#xD;
2019-09-20 13:57:16 - [TEST_STEP][PASSED] - &lt;not implemented yet for class: org.codehaus.groovy.ast.stmt.ContinueStatement&gt;: null&#xD;
&#xD;
2019-09-20 13:57:16 - [TEST_STEP][PASSED] - k = j + 1: null&#xD;
&#xD;
2019-09-20 13:57:16 - [TEST_STEP][PASSED] - if (emi.get(j) &gt;= emi.get(k)): null&#xD;
&#xD;
2019-09-20 13:57:16 - [TEST_STEP][PASSED] - &lt;not implemented yet for class: org.codehaus.groovy.ast.stmt.ContinueStatement&gt;: null&#xD;
&#xD;
2019-09-20 13:57:16 - [TEST_STEP][PASSED] - k = j + 1: null&#xD;
&#xD;
2019-09-20 13:57:16 - [TEST_STEP][PASSED] - if (emi.get(j) &gt;= emi.get(k)): null&#xD;
&#xD;
2019-09-20 13:57:16 - [TEST_STEP][PASSED] - &lt;not implemented yet for class: org.codehaus.groovy.ast.stmt.ContinueStatement&gt;: null&#xD;
&#xD;
2019-09-20 13:57:16 - [TEST_STEP][PASSED] - k = j + 1: null&#xD;
&#xD;
2019-09-20 13:57:16 - [TEST_STEP][PASSED] - if (emi.get(j) &gt;= emi.get(k)): null&#xD;
&#xD;
2019-09-20 13:57:16 - [TEST_STEP][PASSED] - &lt;not implemented yet for class: org.codehaus.groovy.ast.stmt.ContinueStatement&gt;: null&#xD;
&#xD;
2019-09-20 13:57:16 - [TEST_STEP][PASSED] - k = j + 1: null&#xD;
&#xD;
2019-09-20 13:57:16 - [TEST_STEP][PASSED] - if (emi.get(j) &gt;= emi.get(k)): null&#xD;
&#xD;
2019-09-20 13:57:16 - [TEST_STEP][PASSED] - &lt;not implemented yet for class: org.codehaus.groovy.ast.stmt.ContinueStatement&gt;: null&#xD;
&#xD;
2019-09-20 13:57:16 - [TEST_STEP][PASSED] - k = j + 1: null&#xD;
&#xD;
2019-09-20 13:57:16 - [TEST_STEP][PASSED] - if (emi.get(j) &gt;= emi.get(k)): null&#xD;
&#xD;
2019-09-20 13:57:16 - [TEST_STEP][PASSED] - &lt;not implemented yet for class: org.codehaus.groovy.ast.stmt.ContinueStatement&gt;: null&#xD;
&#xD;
2019-09-20 13:57:16 - [TEST_STEP][PASSED] - k = j + 1: null&#xD;
&#xD;
2019-09-20 13:57:16 - [TEST_STEP][PASSED] - if (emi.get(j) &gt;= emi.get(k)): null&#xD;
&#xD;
2019-09-20 13:57:16 - [TEST_STEP][PASSED] - &lt;not implemented yet for class: org.codehaus.groovy.ast.stmt.ContinueStatement&gt;: null&#xD;
&#xD;
2019-09-20 13:57:16 - [TEST_STEP][PASSED] - k = j + 1: null&#xD;
&#xD;
2019-09-20 13:57:16 - [TEST_STEP][PASSED] - if (emi.get(j) &gt;= emi.get(k)): null&#xD;
&#xD;
2019-09-20 13:57:16 - [TEST_STEP][PASSED] - &lt;not implemented yet for class: org.codehaus.groovy.ast.stmt.ContinueStatement&gt;: null&#xD;
&#xD;
2019-09-20 13:57:16 - [TEST_STEP][PASSED] - k = j + 1: null&#xD;
&#xD;
2019-09-20 13:57:16 - [TEST_STEP][PASSED] - if (emi.get(j) &gt;= emi.get(k)): null&#xD;
&#xD;
2019-09-20 13:57:16 - [TEST_STEP][PASSED] - &lt;not implemented yet for class: org.codehaus.groovy.ast.stmt.ContinueStatement&gt;: null&#xD;
&#xD;
2019-09-20 13:57:16 - [TEST_STEP][PASSED] - k = j + 1: null&#xD;
&#xD;
2019-09-20 13:57:16 - [TEST_STEP][PASSED] - if (emi.get(j) &gt;= emi.get(k)): null&#xD;
&#xD;
2019-09-20 13:57:16 - [TEST_STEP][PASSED] - &lt;not implemented yet for class: org.codehaus.groovy.ast.stmt.ContinueStatement&gt;: null&#xD;
&#xD;
2019-09-20 13:57:16 - [TEST_STEP][PASSED] - k = j + 1: null&#xD;
&#xD;
2019-09-20 13:57:16 - [TEST_STEP][PASSED] - if (emi.get(j) &gt;= emi.get(k)): null&#xD;
&#xD;
2019-09-20 13:57:16 - [TEST_STEP][PASSED] - &lt;not implemented yet for class: org.codehaus.groovy.ast.stmt.ContinueStatement&gt;: null&#xD;
&#xD;
2019-09-20 13:57:16 - [TEST_STEP][PASSED] - k = j + 1: null&#xD;
&#xD;
2019-09-20 13:57:16 - [TEST_STEP][PASSED] - if (emi.get(j) &gt;= emi.get(k)): null&#xD;
&#xD;
2019-09-20 13:57:16 - [TEST_STEP][PASSED] - &lt;not implemented yet for class: org.codehaus.groovy.ast.stmt.ContinueStatement&gt;: null&#xD;
&#xD;
2019-09-20 13:57:16 - [TEST_STEP][PASSED] - k = j + 1: null&#xD;
&#xD;
2019-09-20 13:57:16 - [TEST_STEP][PASSED] - if (emi.get(j) &gt;= emi.get(k)): null&#xD;
&#xD;
2019-09-20 13:57:16 - [TEST_STEP][PASSED] - &lt;not implemented yet for class: org.codehaus.groovy.ast.stmt.ContinueStatement&gt;: null&#xD;
&#xD;
2019-09-20 13:57:16 - [TEST_STEP][PASSED] - k = j + 1: null&#xD;
&#xD;
2019-09-20 13:57:16 - [TEST_STEP][PASSED] - if (emi.get(j) &gt;= emi.get(k)): null&#xD;
&#xD;
2019-09-20 13:57:16 - [TEST_STEP][PASSED] - &lt;not implemented yet for class: org.codehaus.groovy.ast.stmt.ContinueStatement&gt;: null&#xD;
&#xD;
2019-09-20 13:57:16 - [TEST_STEP][PASSED] - k = j + 1: null&#xD;
&#xD;
2019-09-20 13:57:16 - [TEST_STEP][PASSED] - if (emi.get(j) &gt;= emi.get(k)): null&#xD;
&#xD;
2019-09-20 13:57:16 - [TEST_STEP][PASSED] - &lt;not implemented yet for class: org.codehaus.groovy.ast.stmt.ContinueStatement&gt;: null&#xD;
&#xD;
2019-09-20 13:57:16 - [TEST_STEP][PASSED] - k = j + 1: null&#xD;
&#xD;
2019-09-20 13:57:16 - [TEST_STEP][PASSED] - if (emi.get(j) &gt;= emi.get(k)): null&#xD;
&#xD;
2019-09-20 13:57:16 - [TEST_STEP][PASSED] - &lt;not implemented yet for class: org.codehaus.groovy.ast.stmt.ContinueStatement&gt;: null&#xD;
&#xD;
2019-09-20 13:57:16 - [TEST_STEP][PASSED] - k = j + 1: null&#xD;
&#xD;
2019-09-20 13:57:16 - [TEST_STEP][PASSED] - if (emi.get(j) &gt;= emi.get(k)): null&#xD;
&#xD;
2019-09-20 13:57:16 - [TEST_STEP][PASSED] - &lt;not implemented yet for class: org.codehaus.groovy.ast.stmt.ContinueStatement&gt;: null&#xD;
&#xD;
2019-09-20 13:57:16 - [TEST_STEP][PASSED] - k = j + 1: null&#xD;
&#xD;
2019-09-20 13:57:16 - [TEST_STEP][PASSED] - if (emi.get(j) &gt;= emi.get(k)): null&#xD;
&#xD;
2019-09-20 13:57:16 - [TEST_STEP][PASSED] - &lt;not implemented yet for class: org.codehaus.groovy.ast.stmt.ContinueStatement&gt;: null&#xD;
&#xD;
2019-09-20 13:57:16 - [TEST_STEP][PASSED] - k = j + 1: null&#xD;
&#xD;
2019-09-20 13:57:16 - [TEST_STEP][PASSED] - if (emi.get(j) &gt;= emi.get(k)): null&#xD;
&#xD;
2019-09-20 13:57:16 - [TEST_STEP][PASSED] - &lt;not implemented yet for class: org.codehaus.groovy.ast.stmt.ContinueStatement&gt;: null&#xD;
&#xD;
2019-09-20 13:57:16 - [TEST_STEP][PASSED] - k = j + 1: null&#xD;
&#xD;
2019-09-20 13:57:16 - [TEST_STEP][PASSED] - if (emi.get(j) &gt;= emi.get(k)): null&#xD;
&#xD;
2019-09-20 13:57:16 - [TEST_STEP][PASSED] - &lt;not implemented yet for class: org.codehaus.groovy.ast.stmt.ContinueStatement&gt;: null&#xD;
&#xD;
2019-09-20 13:57:16 - [TEST_STEP][PASSED] - k = j + 1: null&#xD;
&#xD;
2019-09-20 13:57:16 - [TEST_STEP][PASSED] - if (emi.get(j) &gt;= emi.get(k)): null&#xD;
&#xD;
2019-09-20 13:57:16 - [TEST_STEP][PASSED] - &lt;not implemented yet for class: org.codehaus.groovy.ast.stmt.ContinueStatement&gt;: null&#xD;
&#xD;
2019-09-20 13:57:16 - [TEST_STEP][PASSED] - k = j + 1: null&#xD;
&#xD;
2019-09-20 13:57:16 - [TEST_STEP][PASSED] - if (emi.get(j) &gt;= emi.get(k)): null&#xD;
&#xD;
2019-09-20 13:57:16 - [TEST_STEP][PASSED] - &lt;not implemented yet for class: org.codehaus.groovy.ast.stmt.ContinueStatement&gt;: null&#xD;
&#xD;
2019-09-20 13:57:16 - [TEST_STEP][PASSED] - k = j + 1: null&#xD;
&#xD;
2019-09-20 13:57:16 - [TEST_STEP][PASSED] - if (emi.get(j) &gt;= emi.get(k)): null&#xD;
&#xD;
2019-09-20 13:57:16 - [TEST_STEP][PASSED] - &lt;not implemented yet for class: org.codehaus.groovy.ast.stmt.ContinueStatement&gt;: null&#xD;
&#xD;
2019-09-20 13:57:16 - [TEST_STEP][PASSED] - k = j + 1: null&#xD;
&#xD;
2019-09-20 13:57:16 - [TEST_STEP][PASSED] - if (emi.get(j) &gt;= emi.get(k)): null&#xD;
&#xD;
2019-09-20 13:57:16 - [TEST_STEP][PASSED] - &lt;not implemented yet for class: org.codehaus.groovy.ast.stmt.ContinueStatement&gt;: null&#xD;
&#xD;
2019-09-20 13:57:16 - [TEST_STEP][PASSED] - k = j + 1: null&#xD;
&#xD;
2019-09-20 13:57:16 - [TEST_STEP][PASSED] - if (emi.get(j) &gt;= emi.get(k)): null&#xD;
&#xD;
2019-09-20 13:57:16 - [TEST_STEP][PASSED] - &lt;not implemented yet for class: org.codehaus.groovy.ast.stmt.ContinueStatement&gt;: null&#xD;
&#xD;
2019-09-20 13:57:16 - [TEST_STEP][PASSED] - k = j + 1: null&#xD;
&#xD;
2019-09-20 13:57:16 - [TEST_STEP][PASSED] - if (emi.get(j) &gt;= emi.get(k)): null&#xD;
&#xD;
2019-09-20 13:57:18 - [TEST_STEP][PASSED] - &lt;not implemented yet for class: org.codehaus.groovy.ast.stmt.ContinueStatement&gt;: null&#xD;
&#xD;
2019-09-20 13:57:18 - [TEST_STEP][PASSED] - k = j + 1: null&#xD;
&#xD;
2019-09-20 13:57:18 - [TEST_STEP][PASSED] - if (emi.get(j) &gt;= emi.get(k)): null&#xD;
&#xD;
2019-09-20 13:57:18 - [TEST_STEP][PASSED] - &lt;not implemented yet for class: org.codehaus.groovy.ast.stmt.ContinueStatement&gt;: null&#xD;
&#xD;
2019-09-20 13:57:18 - [TEST_STEP][PASSED] - k = j + 1: null&#xD;
&#xD;
2019-09-20 13:57:18 - [TEST_STEP][PASSED] - if (emi.get(j) &gt;= emi.get(k)): null&#xD;
&#xD;
2019-09-20 13:57:18 - [TEST_STEP][PASSED] - &lt;not implemented yet for class: org.codehaus.groovy.ast.stmt.ContinueStatement&gt;: null&#xD;
&#xD;
2019-09-20 13:57:18 - [TEST_STEP][PASSED] - k = j + 1: null&#xD;
&#xD;
2019-09-20 13:57:18 - [TEST_STEP][PASSED] - if (emi.get(j) &gt;= emi.get(k)): null&#xD;
&#xD;
2019-09-20 13:57:18 - [TEST_STEP][PASSED] - &lt;not implemented yet for class: org.codehaus.groovy.ast.stmt.ContinueStatement&gt;: null&#xD;
&#xD;
2019-09-20 13:57:18 - [TEST_STEP][PASSED] - k = j + 1: null&#xD;
&#xD;
2019-09-20 13:57:18 - [TEST_STEP][PASSED] - if (emi.get(j) &gt;= emi.get(k)): null&#xD;
&#xD;
2019-09-20 13:57:18 - [TEST_STEP][PASSED] - &lt;not implemented yet for class: org.codehaus.groovy.ast.stmt.ContinueStatement&gt;: null&#xD;
&#xD;
2019-09-20 13:57:18 - [TEST_STEP][PASSED] - k = j + 1: null&#xD;
&#xD;
2019-09-20 13:57:18 - [TEST_STEP][PASSED] - if (emi.get(j) &gt;= emi.get(k)): null&#xD;
&#xD;
2019-09-20 13:57:18 - [TEST_STEP][PASSED] - &lt;not implemented yet for class: org.codehaus.groovy.ast.stmt.ContinueStatement&gt;: null&#xD;
&#xD;
2019-09-20 13:57:18 - [TEST_STEP][PASSED] - k = j + 1: null&#xD;
&#xD;
2019-09-20 13:57:18 - [TEST_STEP][PASSED] - if (emi.get(j) &gt;= emi.get(k)): null&#xD;
&#xD;
2019-09-20 13:57:18 - [TEST_STEP][PASSED] - &lt;not implemented yet for class: org.codehaus.groovy.ast.stmt.ContinueStatement&gt;: null&#xD;
&#xD;
2019-09-20 13:57:18 - [TEST_STEP][PASSED] - k = j + 1: null&#xD;
&#xD;
2019-09-20 13:57:18 - [TEST_STEP][PASSED] - if (emi.get(j) &gt;= emi.get(k)): null&#xD;
&#xD;
2019-09-20 13:57:18 - [TEST_STEP][PASSED] - &lt;not implemented yet for class: org.codehaus.groovy.ast.stmt.ContinueStatement&gt;: null&#xD;
&#xD;
2019-09-20 13:57:18 - [TEST_STEP][PASSED] - k = j + 1: null&#xD;
&#xD;
2019-09-20 13:57:18 - [TEST_STEP][PASSED] - if (emi.get(j) &gt;= emi.get(k)): null&#xD;
&#xD;
2019-09-20 13:57:18 - [TEST_STEP][PASSED] - &lt;not implemented yet for class: org.codehaus.groovy.ast.stmt.ContinueStatement&gt;: null&#xD;
&#xD;
2019-09-20 13:57:18 - [TEST_STEP][PASSED] - k = j + 1: null&#xD;
&#xD;
2019-09-20 13:57:18 - [TEST_STEP][PASSED] - if (emi.get(j) &gt;= emi.get(k)): null&#xD;
&#xD;
2019-09-20 13:57:18 - [TEST_STEP][PASSED] - &lt;not implemented yet for class: org.codehaus.groovy.ast.stmt.ContinueStatement&gt;: null&#xD;
&#xD;
2019-09-20 13:57:18 - [TEST_STEP][PASSED] - k = j + 1: null&#xD;
&#xD;
2019-09-20 13:57:18 - [TEST_STEP][PASSED] - if (emi.get(j) &gt;= emi.get(k)): null&#xD;
&#xD;
2019-09-20 13:57:18 - [TEST_STEP][PASSED] - &lt;not implemented yet for class: org.codehaus.groovy.ast.stmt.ContinueStatement&gt;: null&#xD;
&#xD;
2019-09-20 13:57:18 - [TEST_STEP][PASSED] - k = j + 1: null&#xD;
&#xD;
2019-09-20 13:57:18 - [TEST_STEP][PASSED] - if (emi.get(j) &gt;= emi.get(k)): null&#xD;
&#xD;
2019-09-20 13:57:18 - [TEST_STEP][PASSED] - &lt;not implemented yet for class: org.codehaus.groovy.ast.stmt.ContinueStatement&gt;: null&#xD;
&#xD;
2019-09-20 13:57:18 - [TEST_STEP][PASSED] - k = j + 1: null&#xD;
&#xD;
2019-09-20 13:57:18 - [TEST_STEP][PASSED] - if (emi.get(j) &gt;= emi.get(k)): null&#xD;
&#xD;
2019-09-20 13:57:18 - [TEST_STEP][PASSED] - &lt;not implemented yet for class: org.codehaus.groovy.ast.stmt.ContinueStatement&gt;: null&#xD;
&#xD;
2019-09-20 13:57:18 - [TEST_STEP][PASSED] - k = j + 1: null&#xD;
&#xD;
2019-09-20 13:57:18 - [TEST_STEP][PASSED] - if (emi.get(j) &gt;= emi.get(k)): null&#xD;
&#xD;
2019-09-20 13:57:18 - [TEST_STEP][PASSED] - &lt;not implemented yet for class: org.codehaus.groovy.ast.stmt.ContinueStatement&gt;: null&#xD;
&#xD;
2019-09-20 13:57:18 - [TEST_STEP][PASSED] - k = j + 1: null&#xD;
&#xD;
2019-09-20 13:57:18 - [TEST_STEP][PASSED] - if (emi.get(j) &gt;= emi.get(k)): null&#xD;
&#xD;
2019-09-20 13:57:18 - [TEST_STEP][PASSED] - &lt;not implemented yet for class: org.codehaus.groovy.ast.stmt.ContinueStatement&gt;: null&#xD;
&#xD;
2019-09-20 13:57:18 - [TEST_STEP][PASSED] - k = j + 1: null&#xD;
&#xD;
2019-09-20 13:57:18 - [TEST_STEP][PASSED] - if (emi.get(j) &gt;= emi.get(k)): null&#xD;
&#xD;
2019-09-20 13:57:18 - [TEST_STEP][PASSED] - &lt;not implemented yet for class: org.codehaus.groovy.ast.stmt.ContinueStatement&gt;: null&#xD;
&#xD;
2019-09-20 13:57:18 - [TEST_STEP][PASSED] - k = j + 1: null&#xD;
&#xD;
2019-09-20 13:57:18 - [TEST_STEP][PASSED] - if (emi.get(j) &gt;= emi.get(k)): null&#xD;
&#xD;
2019-09-20 13:57:18 - [TEST_STEP][PASSED] - &lt;not implemented yet for class: org.codehaus.groovy.ast.stmt.ContinueStatement&gt;: null&#xD;
&#xD;
2019-09-20 13:57:18 - [TEST_STEP][PASSED] - k = j + 1: null&#xD;
&#xD;
2019-09-20 13:57:18 - [TEST_STEP][PASSED] - if (emi.get(j) &gt;= emi.get(k)): null&#xD;
&#xD;
2019-09-20 13:57:18 - [TEST_STEP][PASSED] - &lt;not implemented yet for class: org.codehaus.groovy.ast.stmt.ContinueStatement&gt;: null&#xD;
&#xD;
2019-09-20 13:57:18 - [TEST_STEP][PASSED] - k = j + 1: null&#xD;
&#xD;
2019-09-20 13:57:18 - [TEST_STEP][PASSED] - if (emi.get(j) &gt;= emi.get(k)): null&#xD;
&#xD;
2019-09-20 13:57:18 - [TEST_STEP][PASSED] - &lt;not implemented yet for class: org.codehaus.groovy.ast.stmt.ContinueStatement&gt;: null&#xD;
&#xD;
2019-09-20 13:57:18 - [TEST_STEP][PASSED] - k = j + 1: null&#xD;
&#xD;
2019-09-20 13:57:18 - [TEST_STEP][PASSED] - if (emi.get(j) &gt;= emi.get(k)): null&#xD;
&#xD;
2019-09-20 13:57:18 - [TEST_STEP][PASSED] - &lt;not implemented yet for class: org.codehaus.groovy.ast.stmt.ContinueStatement&gt;: null&#xD;
&#xD;
2019-09-20 13:57:18 - [TEST_STEP][PASSED] - k = j + 1: null&#xD;
&#xD;
2019-09-20 13:57:18 - [TEST_STEP][PASSED] - if (emi.get(j) &gt;= emi.get(k)): null&#xD;
&#xD;
2019-09-20 13:57:18 - [TEST_STEP][PASSED] - &lt;not implemented yet for class: org.codehaus.groovy.ast.stmt.ContinueStatement&gt;: null&#xD;
&#xD;
2019-09-20 13:57:18 - [TEST_STEP][PASSED] - k = j + 1: null&#xD;
&#xD;
2019-09-20 13:57:18 - [TEST_STEP][PASSED] - if (emi.get(j) &gt;= emi.get(k)): null&#xD;
&#xD;
2019-09-20 13:57:18 - [TEST_STEP][PASSED] - &lt;not implemented yet for class: org.codehaus.groovy.ast.stmt.ContinueStatement&gt;: null&#xD;
&#xD;
2019-09-20 13:57:18 - [TEST_STEP][PASSED] - k = j + 1: null&#xD;
&#xD;
2019-09-20 13:57:18 - [TEST_STEP][PASSED] - if (emi.get(j) &gt;= emi.get(k)): null&#xD;
&#xD;
2019-09-20 13:57:18 - [TEST_STEP][PASSED] - &lt;not implemented yet for class: org.codehaus.groovy.ast.stmt.ContinueStatement&gt;: null&#xD;
&#xD;
2019-09-20 13:57:18 - [TEST_STEP][PASSED] - k = j + 1: null&#xD;
&#xD;
2019-09-20 13:57:18 - [TEST_STEP][PASSED] - if (emi.get(j) &gt;= emi.get(k)): null&#xD;
&#xD;
2019-09-20 13:57:18 - [TEST_STEP][PASSED] - &lt;not implemented yet for class: org.codehaus.groovy.ast.stmt.ContinueStatement&gt;: null&#xD;
&#xD;
2019-09-20 13:57:18 - [TEST_STEP][PASSED] - k = j + 1: null&#xD;
&#xD;
2019-09-20 13:57:18 - [TEST_STEP][PASSED] - if (emi.get(j) &gt;= emi.get(k)): null&#xD;
&#xD;
2019-09-20 13:57:18 - [TEST_STEP][PASSED] - &lt;not implemented yet for class: org.codehaus.groovy.ast.stmt.ContinueStatement&gt;: null&#xD;
&#xD;
2019-09-20 13:57:18 - [TEST_STEP][PASSED] - k = j + 1: null&#xD;
&#xD;
2019-09-20 13:57:18 - [TEST_STEP][PASSED] - if (emi.get(j) &gt;= emi.get(k)): null&#xD;
&#xD;
2019-09-20 13:57:18 - [TEST_STEP][PASSED] - &lt;not implemented yet for class: org.codehaus.groovy.ast.stmt.ContinueStatement&gt;: null&#xD;
&#xD;
2019-09-20 13:57:18 - [TEST_STEP][PASSED] - k = j + 1: null&#xD;
&#xD;
2019-09-20 13:57:18 - [TEST_STEP][PASSED] - if (emi.get(j) &gt;= emi.get(k)): null&#xD;
&#xD;
2019-09-20 13:57:18 - [TEST_STEP][PASSED] - &lt;not implemented yet for class: org.codehaus.groovy.ast.stmt.ContinueStatement&gt;: null&#xD;
&#xD;
2019-09-20 13:57:18 - [TEST_STEP][PASSED] - k = j + 1: null&#xD;
&#xD;
2019-09-20 13:57:20 - [TEST_STEP][PASSED] - if (emi.get(j) &gt;= emi.get(k)): null&#xD;
&#xD;
2019-09-20 13:57:20 - [TEST_STEP][PASSED] - &lt;not implemented yet for class: org.codehaus.groovy.ast.stmt.ContinueStatement&gt;: null&#xD;
&#xD;
2019-09-20 13:57:20 - [TEST_STEP][PASSED] - k = j + 1: null&#xD;
&#xD;
2019-09-20 13:57:20 - [TEST_STEP][PASSED] - if (emi.get(j) &gt;= emi.get(k)): null&#xD;
&#xD;
2019-09-20 13:57:20 - [TEST_STEP][PASSED] - &lt;not implemented yet for class: org.codehaus.groovy.ast.stmt.ContinueStatement&gt;: null&#xD;
&#xD;
2019-09-20 13:57:21 - [TEST_STEP][PASSED] - k = j + 1: null&#xD;
&#xD;
2019-09-20 13:57:21 - [TEST_STEP][PASSED] - if (emi.get(j) &gt;= emi.get(k)): null&#xD;
&#xD;
2019-09-20 13:57:21 - [TEST_STEP][PASSED] - &lt;not implemented yet for class: org.codehaus.groovy.ast.stmt.ContinueStatement&gt;: null&#xD;
&#xD;
2019-09-20 13:57:21 - [TEST_STEP][PASSED] - k = j + 1: null&#xD;
&#xD;
2019-09-20 13:57:21 - [TEST_STEP][PASSED] - if (emi.get(j) &gt;= emi.get(k)): null&#xD;
&#xD;
2019-09-20 13:57:21 - [TEST_STEP][PASSED] - &lt;not implemented yet for class: org.codehaus.groovy.ast.stmt.ContinueStatement&gt;: null&#xD;
&#xD;
2019-09-20 13:57:21 - [TEST_STEP][PASSED] - k = j + 1: null&#xD;
&#xD;
2019-09-20 13:57:21 - [TEST_STEP][PASSED] - if (emi.get(j) &gt;= emi.get(k)): null&#xD;
&#xD;
2019-09-20 13:57:21 - [TEST_STEP][PASSED] - &lt;not implemented yet for class: org.codehaus.groovy.ast.stmt.ContinueStatement&gt;: null&#xD;
&#xD;
2019-09-20 13:57:21 - [TEST_STEP][PASSED] - k = j + 1: null&#xD;
&#xD;
2019-09-20 13:57:21 - [TEST_STEP][PASSED] - if (emi.get(j) &gt;= emi.get(k)): null&#xD;
&#xD;
2019-09-20 13:57:21 - [TEST_STEP][PASSED] - &lt;not implemented yet for class: org.codehaus.groovy.ast.stmt.ContinueStatement&gt;: null&#xD;
&#xD;
2019-09-20 13:57:21 - [TEST_STEP][PASSED] - k = j + 1: null&#xD;
&#xD;
2019-09-20 13:57:21 - [TEST_STEP][PASSED] - if (emi.get(j) &gt;= emi.get(k)): null&#xD;
&#xD;
2019-09-20 13:57:21 - [TEST_STEP][PASSED] - &lt;not implemented yet for class: org.codehaus.groovy.ast.stmt.ContinueStatement&gt;: null&#xD;
&#xD;
2019-09-20 13:57:21 - [TEST_STEP][PASSED] - k = j + 1: null&#xD;
&#xD;
2019-09-20 13:57:21 - [TEST_STEP][PASSED] - if (emi.get(j) &gt;= emi.get(k)): null&#xD;
&#xD;
2019-09-20 13:57:21 - [TEST_STEP][PASSED] - &lt;not implemented yet for class: org.codehaus.groovy.ast.stmt.ContinueStatement&gt;: null&#xD;
&#xD;
2019-09-20 13:57:21 - [TEST_STEP][PASSED] - k = j + 1: null&#xD;
&#xD;
2019-09-20 13:57:21 - [TEST_STEP][PASSED] - if (emi.get(j) &gt;= emi.get(k)): null&#xD;
&#xD;
2019-09-20 13:57:21 - [TEST_STEP][PASSED] - &lt;not implemented yet for class: org.codehaus.groovy.ast.stmt.ContinueStatement&gt;: null&#xD;
&#xD;
2019-09-20 13:57:21 - [TEST_STEP][PASSED] - k = j + 1: null&#xD;
&#xD;
2019-09-20 13:57:21 - [TEST_STEP][PASSED] - if (emi.get(j) &gt;= emi.get(k)): null&#xD;
&#xD;
2019-09-20 13:57:21 - [TEST_STEP][PASSED] - &lt;not implemented yet for class: org.codehaus.groovy.ast.stmt.ContinueStatement&gt;: null&#xD;
&#xD;
2019-09-20 13:57:21 - [TEST_STEP][PASSED] - k = j + 1: null&#xD;
&#xD;
2019-09-20 13:57:21 - [TEST_STEP][PASSED] - if (emi.get(j) &gt;= emi.get(k)): null&#xD;
&#xD;
2019-09-20 13:57:21 - [TEST_STEP][PASSED] - &lt;not implemented yet for class: org.codehaus.groovy.ast.stmt.ContinueStatement&gt;: null&#xD;
&#xD;
2019-09-20 13:57:21 - [TEST_STEP][PASSED] - k = j + 1: null&#xD;
&#xD;
2019-09-20 13:57:21 - [TEST_STEP][PASSED] - if (emi.get(j) &gt;= emi.get(k)): null&#xD;
&#xD;
2019-09-20 13:57:21 - [TEST_STEP][PASSED] - &lt;not implemented yet for class: org.codehaus.groovy.ast.stmt.ContinueStatement&gt;: null&#xD;
&#xD;
2019-09-20 13:57:21 - [TEST_STEP][PASSED] - k = j + 1: null&#xD;
&#xD;
2019-09-20 13:57:21 - [TEST_STEP][PASSED] - if (emi.get(j) &gt;= emi.get(k)): null&#xD;
&#xD;
2019-09-20 13:57:21 - [TEST_STEP][PASSED] - &lt;not implemented yet for class: org.codehaus.groovy.ast.stmt.ContinueStatement&gt;: null&#xD;
&#xD;
2019-09-20 13:57:21 - [TEST_STEP][PASSED] - k = j + 1: null&#xD;
&#xD;
2019-09-20 13:57:21 - [TEST_STEP][PASSED] - if (emi.get(j) &gt;= emi.get(k)): null&#xD;
&#xD;
2019-09-20 13:57:21 - [TEST_STEP][PASSED] - &lt;not implemented yet for class: org.codehaus.groovy.ast.stmt.ContinueStatement&gt;: null&#xD;
&#xD;
2019-09-20 13:57:21 - [TEST_STEP][PASSED] - k = j + 1: null&#xD;
&#xD;
2019-09-20 13:57:21 - [TEST_STEP][PASSED] - if (emi.get(j) &gt;= emi.get(k)): null&#xD;
&#xD;
2019-09-20 13:57:21 - [TEST_STEP][PASSED] - &lt;not implemented yet for class: org.codehaus.groovy.ast.stmt.ContinueStatement&gt;: null&#xD;
&#xD;
2019-09-20 13:57:21 - [TEST_STEP][PASSED] - k = j + 1: null&#xD;
&#xD;
2019-09-20 13:57:21 - [TEST_STEP][PASSED] - if (emi.get(j) &gt;= emi.get(k)): null&#xD;
&#xD;
2019-09-20 13:57:21 - [TEST_STEP][PASSED] - &lt;not implemented yet for class: org.codehaus.groovy.ast.stmt.ContinueStatement&gt;: null&#xD;
&#xD;
2019-09-20 13:57:21 - [TEST_STEP][PASSED] - k = j + 1: null&#xD;
&#xD;
2019-09-20 13:57:21 - [TEST_STEP][PASSED] - if (emi.get(j) &gt;= emi.get(k)): null&#xD;
&#xD;
2019-09-20 13:57:21 - [TEST_STEP][PASSED] - &lt;not implemented yet for class: org.codehaus.groovy.ast.stmt.ContinueStatement&gt;: null&#xD;
&#xD;
2019-09-20 13:57:21 - [TEST_STEP][PASSED] - k = j + 1: null&#xD;
&#xD;
2019-09-20 13:57:21 - [TEST_STEP][PASSED] - if (emi.get(j) &gt;= emi.get(k)): null&#xD;
&#xD;
2019-09-20 13:57:21 - [TEST_STEP][PASSED] - &lt;not implemented yet for class: org.codehaus.groovy.ast.stmt.ContinueStatement&gt;: null&#xD;
&#xD;
2019-09-20 13:57:21 - [TEST_STEP][PASSED] - k = j + 1: null&#xD;
&#xD;
2019-09-20 13:57:21 - [TEST_STEP][PASSED] - if (emi.get(j) &gt;= emi.get(k)): null&#xD;
&#xD;
2019-09-20 13:57:21 - [TEST_STEP][PASSED] - &lt;not implemented yet for class: org.codehaus.groovy.ast.stmt.ContinueStatement&gt;: null&#xD;
&#xD;
2019-09-20 13:57:21 - [TEST_STEP][PASSED] - k = j + 1: null&#xD;
&#xD;
2019-09-20 13:57:21 - [TEST_STEP][PASSED] - if (emi.get(j) &gt;= emi.get(k)): null&#xD;
&#xD;
2019-09-20 13:57:21 - [TEST_STEP][PASSED] - &lt;not implemented yet for class: org.codehaus.groovy.ast.stmt.ContinueStatement&gt;: null&#xD;
&#xD;
2019-09-20 13:57:21 - [TEST_STEP][PASSED] - k = j + 1: null&#xD;
&#xD;
2019-09-20 13:57:21 - [TEST_STEP][PASSED] - if (emi.get(j) &gt;= emi.get(k)): null&#xD;
&#xD;
2019-09-20 13:57:21 - [TEST_STEP][PASSED] - &lt;not implemented yet for class: org.codehaus.groovy.ast.stmt.ContinueStatement&gt;: null&#xD;
&#xD;
2019-09-20 13:57:21 - [TEST_STEP][PASSED] - k = j + 1: null&#xD;
&#xD;
2019-09-20 13:57:21 - [TEST_STEP][PASSED] - if (emi.get(j) &gt;= emi.get(k)): null&#xD;
&#xD;
2019-09-20 13:57:21 - [TEST_STEP][PASSED] - &lt;not implemented yet for class: org.codehaus.groovy.ast.stmt.ContinueStatement&gt;: null&#xD;
&#xD;
2019-09-20 13:57:21 - [TEST_STEP][PASSED] - k = j + 1: null&#xD;
&#xD;
2019-09-20 13:57:21 - [TEST_STEP][PASSED] - if (emi.get(j) &gt;= emi.get(k)): null&#xD;
&#xD;
2019-09-20 13:57:21 - [TEST_STEP][PASSED] - &lt;not implemented yet for class: org.codehaus.groovy.ast.stmt.ContinueStatement&gt;: null&#xD;
&#xD;
2019-09-20 13:57:21 - [TEST_STEP][PASSED] - k = j + 1: null&#xD;
&#xD;
2019-09-20 13:57:21 - [TEST_STEP][PASSED] - if (emi.get(j) &gt;= emi.get(k)): null&#xD;
&#xD;
2019-09-20 13:57:21 - [TEST_STEP][PASSED] - &lt;not implemented yet for class: org.codehaus.groovy.ast.stmt.ContinueStatement&gt;: null&#xD;
&#xD;
2019-09-20 13:57:21 - [TEST_STEP][PASSED] - k = j + 1: null&#xD;
&#xD;
2019-09-20 13:57:21 - [TEST_STEP][PASSED] - if (emi.get(j) &gt;= emi.get(k)): null&#xD;
&#xD;
2019-09-20 13:57:21 - [TEST_STEP][PASSED] - &lt;not implemented yet for class: org.codehaus.groovy.ast.stmt.ContinueStatement&gt;: null&#xD;
&#xD;
2019-09-20 13:57:21 - [TEST_STEP][PASSED] - k = j + 1: null&#xD;
&#xD;
2019-09-20 13:57:21 - [TEST_STEP][PASSED] - if (emi.get(j) &gt;= emi.get(k)): null&#xD;
&#xD;
2019-09-20 13:57:21 - [TEST_STEP][PASSED] - &lt;not implemented yet for class: org.codehaus.groovy.ast.stmt.ContinueStatement&gt;: null&#xD;
&#xD;
2019-09-20 13:57:21 - [TEST_STEP][PASSED] - k = j + 1: null&#xD;
&#xD;
2019-09-20 13:57:21 - [TEST_STEP][PASSED] - if (emi.get(j) &gt;= emi.get(k)): null&#xD;
&#xD;
2019-09-20 13:57:21 - [TEST_STEP][PASSED] - &lt;not implemented yet for class: org.codehaus.groovy.ast.stmt.ContinueStatement&gt;: null&#xD;
&#xD;
2019-09-20 13:57:21 - [TEST_STEP][PASSED] - k = j + 1: null&#xD;
&#xD;
2019-09-20 13:57:24 - [TEST_STEP][PASSED] - if (emi.get(j) &gt;= emi.get(k)): null&#xD;
&#xD;
2019-09-20 13:57:24 - [TEST_STEP][PASSED] - &lt;not implemented yet for class: org.codehaus.groovy.ast.stmt.ContinueStatement&gt;: null&#xD;
&#xD;
2019-09-20 13:57:24 - [TEST_STEP][PASSED] - k = j + 1: null&#xD;
&#xD;
2019-09-20 13:57:24 - [TEST_STEP][PASSED] - if (emi.get(j) &gt;= emi.get(k)): null&#xD;
&#xD;
2019-09-20 13:57:24 - [TEST_STEP][PASSED] - &lt;not implemented yet for class: org.codehaus.groovy.ast.stmt.ContinueStatement&gt;: null&#xD;
&#xD;
2019-09-20 13:57:24 - [TEST_STEP][PASSED] - k = j + 1: null&#xD;
&#xD;
2019-09-20 13:57:24 - [TEST_STEP][PASSED] - if (emi.get(j) &gt;= emi.get(k)): null&#xD;
&#xD;
2019-09-20 13:57:24 - [TEST_STEP][PASSED] - &lt;not implemented yet for class: org.codehaus.groovy.ast.stmt.ContinueStatement&gt;: null&#xD;
&#xD;
2019-09-20 13:57:24 - [TEST_STEP][PASSED] - k = j + 1: null&#xD;
&#xD;
2019-09-20 13:57:24 - [TEST_STEP][PASSED] - if (emi.get(j) &gt;= emi.get(k)): null&#xD;
&#xD;
2019-09-20 13:57:24 - [TEST_STEP][PASSED] - &lt;not implemented yet for class: org.codehaus.groovy.ast.stmt.ContinueStatement&gt;: null&#xD;
&#xD;
2019-09-20 13:57:24 - [TEST_STEP][PASSED] - k = j + 1: null&#xD;
&#xD;
2019-09-20 13:57:24 - [TEST_STEP][PASSED] - if (emi.get(j) &gt;= emi.get(k)): null&#xD;
&#xD;
2019-09-20 13:57:24 - [TEST_STEP][PASSED] - &lt;not implemented yet for class: org.codehaus.groovy.ast.stmt.ContinueStatement&gt;: null&#xD;
&#xD;
2019-09-20 13:57:24 - [TEST_STEP][PASSED] - k = j + 1: null&#xD;
&#xD;
2019-09-20 13:57:24 - [TEST_STEP][PASSED] - if (emi.get(j) &gt;= emi.get(k)): null&#xD;
&#xD;
2019-09-20 13:57:24 - [TEST_STEP][PASSED] - &lt;not implemented yet for class: org.codehaus.groovy.ast.stmt.ContinueStatement&gt;: null&#xD;
&#xD;
2019-09-20 13:57:24 - [TEST_STEP][PASSED] - k = j + 1: null&#xD;
&#xD;
2019-09-20 13:57:24 - [TEST_STEP][PASSED] - if (emi.get(j) &gt;= emi.get(k)): null&#xD;
&#xD;
2019-09-20 13:57:24 - [TEST_STEP][PASSED] - &lt;not implemented yet for class: org.codehaus.groovy.ast.stmt.ContinueStatement&gt;: null&#xD;
&#xD;
2019-09-20 13:57:24 - [TEST_STEP][PASSED] - k = j + 1: null&#xD;
&#xD;
2019-09-20 13:57:24 - [TEST_STEP][PASSED] - if (emi.get(j) &gt;= emi.get(k)): null&#xD;
&#xD;
2019-09-20 13:57:24 - [TEST_STEP][PASSED] - &lt;not implemented yet for class: org.codehaus.groovy.ast.stmt.ContinueStatement&gt;: null&#xD;
&#xD;
2019-09-20 13:57:24 - [TEST_STEP][PASSED] - k = j + 1: null&#xD;
&#xD;
2019-09-20 13:57:24 - [TEST_STEP][PASSED] - if (emi.get(j) &gt;= emi.get(k)): null&#xD;
&#xD;
2019-09-20 13:57:24 - [TEST_STEP][PASSED] - &lt;not implemented yet for class: org.codehaus.groovy.ast.stmt.ContinueStatement&gt;: null&#xD;
&#xD;
2019-09-20 13:57:24 - [TEST_STEP][PASSED] - k = j + 1: null&#xD;
&#xD;
2019-09-20 13:57:24 - [TEST_STEP][PASSED] - if (emi.get(j) &gt;= emi.get(k)): null&#xD;
&#xD;
2019-09-20 13:57:24 - [TEST_STEP][PASSED] - &lt;not implemented yet for class: org.codehaus.groovy.ast.stmt.ContinueStatement&gt;: null&#xD;
&#xD;
2019-09-20 13:57:24 - [TEST_STEP][PASSED] - k = j + 1: null&#xD;
&#xD;
2019-09-20 13:57:24 - [TEST_STEP][PASSED] - if (emi.get(j) &gt;= emi.get(k)): null&#xD;
&#xD;
2019-09-20 13:57:24 - [TEST_STEP][PASSED] - &lt;not implemented yet for class: org.codehaus.groovy.ast.stmt.ContinueStatement&gt;: null&#xD;
&#xD;
2019-09-20 13:57:24 - [TEST_STEP][PASSED] - k = j + 1: null&#xD;
&#xD;
2019-09-20 13:57:24 - [TEST_STEP][PASSED] - if (emi.get(j) &gt;= emi.get(k)): null&#xD;
&#xD;
2019-09-20 13:57:24 - [TEST_STEP][PASSED] - &lt;not implemented yet for class: org.codehaus.groovy.ast.stmt.ContinueStatement&gt;: null&#xD;
&#xD;
2019-09-20 13:57:24 - [TEST_STEP][PASSED] - k = j + 1: null&#xD;
&#xD;
2019-09-20 13:57:24 - [TEST_STEP][PASSED] - if (emi.get(j) &gt;= emi.get(k)): null&#xD;
&#xD;
2019-09-20 13:57:24 - [TEST_STEP][PASSED] - &lt;not implemented yet for class: org.codehaus.groovy.ast.stmt.ContinueStatement&gt;: null&#xD;
&#xD;
2019-09-20 13:57:24 - [TEST_STEP][PASSED] - k = j + 1: null&#xD;
&#xD;
2019-09-20 13:57:24 - [TEST_STEP][PASSED] - if (emi.get(j) &gt;= emi.get(k)): null&#xD;
&#xD;
2019-09-20 13:57:24 - [TEST_STEP][PASSED] - &lt;not implemented yet for class: org.codehaus.groovy.ast.stmt.ContinueStatement&gt;: null&#xD;
&#xD;
2019-09-20 13:57:24 - [TEST_STEP][PASSED] - k = j + 1: null&#xD;
&#xD;
2019-09-20 13:57:24 - [TEST_STEP][PASSED] - if (emi.get(j) &gt;= emi.get(k)): null&#xD;
&#xD;
2019-09-20 13:57:24 - [TEST_STEP][PASSED] - &lt;not implemented yet for class: org.codehaus.groovy.ast.stmt.ContinueStatement&gt;: null&#xD;
&#xD;
2019-09-20 13:57:24 - [TEST_STEP][PASSED] - k = j + 1: null&#xD;
&#xD;
2019-09-20 13:57:24 - [TEST_STEP][PASSED] - if (emi.get(j) &gt;= emi.get(k)): null&#xD;
&#xD;
2019-09-20 13:57:24 - [TEST_STEP][PASSED] - &lt;not implemented yet for class: org.codehaus.groovy.ast.stmt.ContinueStatement&gt;: null&#xD;
&#xD;
2019-09-20 13:57:24 - [TEST_STEP][PASSED] - k = j + 1: null&#xD;
&#xD;
2019-09-20 13:57:24 - [TEST_STEP][PASSED] - if (emi.get(j) &gt;= emi.get(k)): null&#xD;
&#xD;
2019-09-20 13:57:24 - [TEST_STEP][PASSED] - &lt;not implemented yet for class: org.codehaus.groovy.ast.stmt.ContinueStatement&gt;: null&#xD;
&#xD;
2019-09-20 13:57:24 - [TEST_STEP][PASSED] - k = j + 1: null&#xD;
&#xD;
2019-09-20 13:57:24 - [TEST_STEP][PASSED] - if (emi.get(j) &gt;= emi.get(k)): null&#xD;
&#xD;
2019-09-20 13:57:24 - [TEST_STEP][PASSED] - &lt;not implemented yet for class: org.codehaus.groovy.ast.stmt.ContinueStatement&gt;: null&#xD;
&#xD;
2019-09-20 13:57:24 - [TEST_STEP][PASSED] - k = j + 1: null&#xD;
&#xD;
2019-09-20 13:57:24 - [TEST_STEP][PASSED] - if (emi.get(j) &gt;= emi.get(k)): null&#xD;
&#xD;
2019-09-20 13:57:24 - [TEST_STEP][PASSED] - &lt;not implemented yet for class: org.codehaus.groovy.ast.stmt.ContinueStatement&gt;: null&#xD;
&#xD;
2019-09-20 13:57:24 - [TEST_STEP][PASSED] - k = j + 1: null&#xD;
&#xD;
2019-09-20 13:57:24 - [TEST_STEP][PASSED] - if (emi.get(j) &gt;= emi.get(k)): null&#xD;
&#xD;
2019-09-20 13:57:24 - [TEST_STEP][PASSED] - &lt;not implemented yet for class: org.codehaus.groovy.ast.stmt.ContinueStatement&gt;: null&#xD;
&#xD;
2019-09-20 13:57:24 - [TEST_STEP][PASSED] - k = j + 1: null&#xD;
&#xD;
2019-09-20 13:57:24 - [TEST_STEP][PASSED] - if (emi.get(j) &gt;= emi.get(k)): null&#xD;
&#xD;
2019-09-20 13:57:24 - [TEST_STEP][PASSED] - &lt;not implemented yet for class: org.codehaus.groovy.ast.stmt.ContinueStatement&gt;: null&#xD;
&#xD;
2019-09-20 13:57:24 - [TEST_STEP][PASSED] - k = j + 1: null&#xD;
&#xD;
2019-09-20 13:57:24 - [TEST_STEP][PASSED] - if (emi.get(j) &gt;= emi.get(k)): null&#xD;
&#xD;
2019-09-20 13:57:24 - [TEST_STEP][PASSED] - &lt;not implemented yet for class: org.codehaus.groovy.ast.stmt.ContinueStatement&gt;: null&#xD;
&#xD;
2019-09-20 13:57:24 - [TEST_STEP][PASSED] - k = j + 1: null&#xD;
&#xD;
2019-09-20 13:57:24 - [TEST_STEP][PASSED] - if (emi.get(j) &gt;= emi.get(k)): null&#xD;
&#xD;
2019-09-20 13:57:24 - [TEST_STEP][PASSED] - &lt;not implemented yet for class: org.codehaus.groovy.ast.stmt.ContinueStatement&gt;: null&#xD;
&#xD;
2019-09-20 13:57:24 - [TEST_STEP][PASSED] - k = j + 1: null&#xD;
&#xD;
2019-09-20 13:57:24 - [TEST_STEP][PASSED] - if (emi.get(j) &gt;= emi.get(k)): null&#xD;
&#xD;
2019-09-20 13:57:24 - [TEST_STEP][PASSED] - &lt;not implemented yet for class: org.codehaus.groovy.ast.stmt.ContinueStatement&gt;: null&#xD;
&#xD;
2019-09-20 13:57:24 - [TEST_STEP][PASSED] - k = j + 1: null&#xD;
&#xD;
2019-09-20 13:57:24 - [TEST_STEP][PASSED] - if (emi.get(j) &gt;= emi.get(k)): null&#xD;
&#xD;
2019-09-20 13:57:24 - [TEST_STEP][PASSED] - &lt;not implemented yet for class: org.codehaus.groovy.ast.stmt.ContinueStatement&gt;: null&#xD;
&#xD;
2019-09-20 13:57:24 - [TEST_STEP][PASSED] - k = j + 1: null&#xD;
&#xD;
2019-09-20 13:57:24 - [TEST_STEP][PASSED] - if (emi.get(j) &gt;= emi.get(k)): null&#xD;
&#xD;
2019-09-20 13:57:24 - [TEST_STEP][PASSED] - &lt;not implemented yet for class: org.codehaus.groovy.ast.stmt.ContinueStatement&gt;: null&#xD;
&#xD;
2019-09-20 13:57:24 - [TEST_STEP][PASSED] - k = j + 1: null&#xD;
&#xD;
2019-09-20 13:57:24 - [TEST_STEP][PASSED] - if (emi.get(j) &gt;= emi.get(k)): null&#xD;
&#xD;
2019-09-20 13:57:24 - [TEST_STEP][PASSED] - &lt;not implemented yet for class: org.codehaus.groovy.ast.stmt.ContinueStatement&gt;: null&#xD;
&#xD;
2019-09-20 13:57:27 - [TEST_STEP][PASSED] - k = j + 1: null&#xD;
&#xD;
2019-09-20 13:57:27 - [TEST_STEP][PASSED] - if (emi.get(j) &gt;= emi.get(k)): null&#xD;
&#xD;
2019-09-20 13:57:27 - [TEST_STEP][PASSED] - &lt;not implemented yet for class: org.codehaus.groovy.ast.stmt.ContinueStatement&gt;: null&#xD;
&#xD;
2019-09-20 13:57:27 - [TEST_STEP][PASSED] - k = j + 1: null&#xD;
&#xD;
2019-09-20 13:57:28 - [TEST_STEP][PASSED] - if (emi.get(j) &gt;= emi.get(k)): null&#xD;
&#xD;
2019-09-20 13:57:28 - [TEST_STEP][PASSED] - &lt;not implemented yet for class: org.codehaus.groovy.ast.stmt.ContinueStatement&gt;: null&#xD;
&#xD;
2019-09-20 13:57:28 - [TEST_STEP][PASSED] - k = j + 1: null&#xD;
&#xD;
2019-09-20 13:57:28 - [TEST_STEP][PASSED] - if (emi.get(j) &gt;= emi.get(k)): null&#xD;
&#xD;
2019-09-20 13:57:28 - [TEST_STEP][PASSED] - &lt;not implemented yet for class: org.codehaus.groovy.ast.stmt.ContinueStatement&gt;: null&#xD;
&#xD;
2019-09-20 13:57:28 - [TEST_STEP][PASSED] - k = j + 1: null&#xD;
&#xD;
2019-09-20 13:57:28 - [TEST_STEP][PASSED] - if (emi.get(j) &gt;= emi.get(k)): null&#xD;
&#xD;
2019-09-20 13:57:28 - [TEST_STEP][PASSED] - &lt;not implemented yet for class: org.codehaus.groovy.ast.stmt.ContinueStatement&gt;: null&#xD;
&#xD;
2019-09-20 13:57:28 - [TEST_STEP][PASSED] - k = j + 1: null&#xD;
&#xD;
2019-09-20 13:57:28 - [TEST_STEP][PASSED] - if (emi.get(j) &gt;= emi.get(k)): null&#xD;
&#xD;
2019-09-20 13:57:28 - [TEST_STEP][PASSED] - &lt;not implemented yet for class: org.codehaus.groovy.ast.stmt.ContinueStatement&gt;: null&#xD;
&#xD;
2019-09-20 13:57:28 - [TEST_STEP][PASSED] - k = j + 1: null&#xD;
&#xD;
2019-09-20 13:57:28 - [TEST_STEP][PASSED] - if (emi.get(j) &gt;= emi.get(k)): null&#xD;
&#xD;
2019-09-20 13:57:28 - [TEST_STEP][PASSED] - &lt;not implemented yet for class: org.codehaus.groovy.ast.stmt.ContinueStatement&gt;: null&#xD;
&#xD;
2019-09-20 13:57:28 - [TEST_STEP][PASSED] - k = j + 1: null&#xD;
&#xD;
2019-09-20 13:57:28 - [TEST_STEP][PASSED] - if (emi.get(j) &gt;= emi.get(k)): null&#xD;
&#xD;
2019-09-20 13:57:28 - [TEST_STEP][PASSED] - &lt;not implemented yet for class: org.codehaus.groovy.ast.stmt.ContinueStatement&gt;: null&#xD;
&#xD;
2019-09-20 13:57:28 - [TEST_STEP][PASSED] - k = j + 1: null&#xD;
&#xD;
2019-09-20 13:57:28 - [TEST_STEP][PASSED] - if (emi.get(j) &gt;= emi.get(k)): null&#xD;
&#xD;
2019-09-20 13:57:28 - [TEST_STEP][PASSED] - &lt;not implemented yet for class: org.codehaus.groovy.ast.stmt.ContinueStatement&gt;: null&#xD;
&#xD;
2019-09-20 13:57:28 - [TEST_STEP][PASSED] - k = j + 1: null&#xD;
&#xD;
2019-09-20 13:57:28 - [TEST_STEP][PASSED] - if (emi.get(j) &gt;= emi.get(k)): null&#xD;
&#xD;
2019-09-20 13:57:28 - [TEST_STEP][PASSED] - &lt;not implemented yet for class: org.codehaus.groovy.ast.stmt.ContinueStatement&gt;: null&#xD;
&#xD;
2019-09-20 13:57:28 - [TEST_STEP][PASSED] - k = j + 1: null&#xD;
&#xD;
2019-09-20 13:57:28 - [TEST_STEP][PASSED] - if (emi.get(j) &gt;= emi.get(k)): null&#xD;
&#xD;
2019-09-20 13:57:28 - [TEST_STEP][PASSED] - &lt;not implemented yet for class: org.codehaus.groovy.ast.stmt.ContinueStatement&gt;: null&#xD;
&#xD;
2019-09-20 13:57:28 - [TEST_STEP][PASSED] - k = j + 1: null&#xD;
&#xD;
2019-09-20 13:57:28 - [TEST_STEP][PASSED] - if (emi.get(j) &gt;= emi.get(k)): null&#xD;
&#xD;
2019-09-20 13:57:28 - [TEST_STEP][PASSED] - &lt;not implemented yet for class: org.codehaus.groovy.ast.stmt.ContinueStatement&gt;: null&#xD;
&#xD;
2019-09-20 13:57:28 - [TEST_STEP][PASSED] - k = j + 1: null&#xD;
&#xD;
2019-09-20 13:57:28 - [TEST_STEP][PASSED] - if (emi.get(j) &gt;= emi.get(k)): null&#xD;
&#xD;
2019-09-20 13:57:28 - [TEST_STEP][PASSED] - &lt;not implemented yet for class: org.codehaus.groovy.ast.stmt.ContinueStatement&gt;: null&#xD;
&#xD;
2019-09-20 13:57:28 - [TEST_STEP][PASSED] - k = j + 1: null&#xD;
&#xD;
2019-09-20 13:57:28 - [TEST_STEP][PASSED] - if (emi.get(j) &gt;= emi.get(k)): null&#xD;
&#xD;
2019-09-20 13:57:28 - [TEST_STEP][PASSED] - &lt;not implemented yet for class: org.codehaus.groovy.ast.stmt.ContinueStatement&gt;: null&#xD;
&#xD;
2019-09-20 13:57:28 - [TEST_STEP][PASSED] - k = j + 1: null&#xD;
&#xD;
2019-09-20 13:57:28 - [TEST_STEP][PASSED] - if (emi.get(j) &gt;= emi.get(k)): null&#xD;
&#xD;
2019-09-20 13:57:28 - [TEST_STEP][PASSED] - &lt;not implemented yet for class: org.codehaus.groovy.ast.stmt.ContinueStatement&gt;: null&#xD;
&#xD;
2019-09-20 13:57:28 - [TEST_STEP][PASSED] - k = j + 1: null&#xD;
&#xD;
2019-09-20 13:57:28 - [TEST_STEP][PASSED] - if (emi.get(j) &gt;= emi.get(k)): null&#xD;
&#xD;
2019-09-20 13:57:28 - [TEST_STEP][PASSED] - &lt;not implemented yet for class: org.codehaus.groovy.ast.stmt.ContinueStatement&gt;: null&#xD;
&#xD;
2019-09-20 13:57:28 - [TEST_STEP][PASSED] - k = j + 1: null&#xD;
&#xD;
2019-09-20 13:57:28 - [TEST_STEP][PASSED] - if (emi.get(j) &gt;= emi.get(k)): null&#xD;
&#xD;
2019-09-20 13:57:28 - [TEST_STEP][PASSED] - &lt;not implemented yet for class: org.codehaus.groovy.ast.stmt.ContinueStatement&gt;: null&#xD;
&#xD;
2019-09-20 13:57:28 - [TEST_STEP][PASSED] - k = j + 1: null&#xD;
&#xD;
2019-09-20 13:57:28 - [TEST_STEP][PASSED] - if (emi.get(j) &gt;= emi.get(k)): null&#xD;
&#xD;
2019-09-20 13:57:28 - [TEST_STEP][PASSED] - &lt;not implemented yet for class: org.codehaus.groovy.ast.stmt.ContinueStatement&gt;: null&#xD;
&#xD;
2019-09-20 13:57:28 - [TEST_STEP][PASSED] - k = j + 1: null&#xD;
&#xD;
2019-09-20 13:57:28 - [TEST_STEP][PASSED] - if (emi.get(j) &gt;= emi.get(k)): null&#xD;
&#xD;
2019-09-20 13:57:28 - [TEST_STEP][PASSED] - &lt;not implemented yet for class: org.codehaus.groovy.ast.stmt.ContinueStatement&gt;: null&#xD;
&#xD;
2019-09-20 13:57:28 - [TEST_STEP][PASSED] - k = j + 1: null&#xD;
&#xD;
2019-09-20 13:57:28 - [TEST_STEP][PASSED] - if (emi.get(j) &gt;= emi.get(k)): null&#xD;
&#xD;
2019-09-20 13:57:28 - [TEST_STEP][PASSED] - &lt;not implemented yet for class: org.codehaus.groovy.ast.stmt.ContinueStatement&gt;: null&#xD;
&#xD;
2019-09-20 13:57:28 - [TEST_STEP][PASSED] - k = j + 1: null&#xD;
&#xD;
2019-09-20 13:57:28 - [TEST_STEP][PASSED] - if (emi.get(j) &gt;= emi.get(k)): null&#xD;
&#xD;
2019-09-20 13:57:28 - [TEST_STEP][PASSED] - &lt;not implemented yet for class: org.codehaus.groovy.ast.stmt.ContinueStatement&gt;: null&#xD;
&#xD;
2019-09-20 13:57:28 - [TEST_STEP][PASSED] - k = j + 1: null&#xD;
&#xD;
2019-09-20 13:57:28 - [TEST_STEP][PASSED] - if (emi.get(j) &gt;= emi.get(k)): null&#xD;
&#xD;
2019-09-20 13:57:28 - [TEST_STEP][PASSED] - &lt;not implemented yet for class: org.codehaus.groovy.ast.stmt.ContinueStatement&gt;: null&#xD;
&#xD;
2019-09-20 13:57:28 - [TEST_STEP][PASSED] - k = j + 1: null&#xD;
&#xD;
2019-09-20 13:57:28 - [TEST_STEP][PASSED] - if (emi.get(j) &gt;= emi.get(k)): null&#xD;
&#xD;
2019-09-20 13:57:28 - [TEST_STEP][PASSED] - &lt;not implemented yet for class: org.codehaus.groovy.ast.stmt.ContinueStatement&gt;: null&#xD;
&#xD;
2019-09-20 13:57:28 - [TEST_STEP][PASSED] - k = j + 1: null&#xD;
&#xD;
2019-09-20 13:57:28 - [TEST_STEP][PASSED] - if (emi.get(j) &gt;= emi.get(k)): null&#xD;
&#xD;
2019-09-20 13:57:28 - [TEST_STEP][PASSED] - &lt;not implemented yet for class: org.codehaus.groovy.ast.stmt.ContinueStatement&gt;: null&#xD;
&#xD;
2019-09-20 13:57:28 - [TEST_STEP][PASSED] - k = j + 1: null&#xD;
&#xD;
2019-09-20 13:57:28 - [TEST_STEP][PASSED] - if (emi.get(j) &gt;= emi.get(k)): null&#xD;
&#xD;
2019-09-20 13:57:28 - [TEST_STEP][PASSED] - &lt;not implemented yet for class: org.codehaus.groovy.ast.stmt.ContinueStatement&gt;: null&#xD;
&#xD;
2019-09-20 13:57:28 - [TEST_STEP][PASSED] - k = j + 1: null&#xD;
&#xD;
2019-09-20 13:57:28 - [TEST_STEP][PASSED] - if (emi.get(j) &gt;= emi.get(k)): null&#xD;
&#xD;
2019-09-20 13:57:28 - [TEST_STEP][PASSED] - &lt;not implemented yet for class: org.codehaus.groovy.ast.stmt.ContinueStatement&gt;: null&#xD;
&#xD;
2019-09-20 13:57:28 - [TEST_STEP][PASSED] - k = j + 1: null&#xD;
&#xD;
2019-09-20 13:57:28 - [TEST_STEP][PASSED] - if (emi.get(j) &gt;= emi.get(k)): null&#xD;
&#xD;
2019-09-20 13:57:28 - [TEST_STEP][PASSED] - &lt;not implemented yet for class: org.codehaus.groovy.ast.stmt.ContinueStatement&gt;: null&#xD;
&#xD;
2019-09-20 13:57:28 - [TEST_STEP][PASSED] - k = j + 1: null&#xD;
&#xD;
2019-09-20 13:57:28 - [TEST_STEP][PASSED] - if (emi.get(j) &gt;= emi.get(k)): null&#xD;
&#xD;
2019-09-20 13:57:28 - [TEST_STEP][PASSED] - &lt;not implemented yet for class: org.codehaus.groovy.ast.stmt.ContinueStatement&gt;: null&#xD;
&#xD;
2019-09-20 13:57:32 - [TEST_STEP][PASSED] - k = j + 1: null&#xD;
&#xD;
2019-09-20 13:57:32 - [TEST_STEP][PASSED] - if (emi.get(j) &gt;= emi.get(k)): null&#xD;
&#xD;
2019-09-20 13:57:32 - [TEST_STEP][PASSED] - &lt;not implemented yet for class: org.codehaus.groovy.ast.stmt.ContinueStatement&gt;: null&#xD;
&#xD;
2019-09-20 13:57:32 - [TEST_STEP][PASSED] - k = j + 1: null&#xD;
&#xD;
2019-09-20 13:57:32 - [TEST_STEP][PASSED] - if (emi.get(j) &gt;= emi.get(k)): null&#xD;
&#xD;
2019-09-20 13:57:32 - [TEST_STEP][PASSED] - &lt;not implemented yet for class: org.codehaus.groovy.ast.stmt.ContinueStatement&gt;: null&#xD;
&#xD;
2019-09-20 13:57:32 - [TEST_STEP][PASSED] - k = j + 1: null&#xD;
&#xD;
2019-09-20 13:57:32 - [TEST_STEP][PASSED] - if (emi.get(j) &gt;= emi.get(k)): null&#xD;
&#xD;
2019-09-20 13:57:32 - [TEST_STEP][PASSED] - &lt;not implemented yet for class: org.codehaus.groovy.ast.stmt.ContinueStatement&gt;: null&#xD;
&#xD;
2019-09-20 13:57:32 - [TEST_STEP][PASSED] - k = j + 1: null&#xD;
&#xD;
2019-09-20 13:57:32 - [TEST_STEP][PASSED] - if (emi.get(j) &gt;= emi.get(k)): null&#xD;
&#xD;
2019-09-20 13:57:32 - [TEST_STEP][PASSED] - &lt;not implemented yet for class: org.codehaus.groovy.ast.stmt.ContinueStatement&gt;: null&#xD;
&#xD;
2019-09-20 13:57:32 - [TEST_STEP][PASSED] - k = j + 1: null&#xD;
&#xD;
2019-09-20 13:57:32 - [TEST_STEP][PASSED] - if (emi.get(j) &gt;= emi.get(k)): null&#xD;
&#xD;
2019-09-20 13:57:32 - [TEST_STEP][PASSED] - &lt;not implemented yet for class: org.codehaus.groovy.ast.stmt.ContinueStatement&gt;: null&#xD;
&#xD;
2019-09-20 13:57:32 - [TEST_STEP][PASSED] - k = j + 1: null&#xD;
&#xD;
2019-09-20 13:57:32 - [TEST_STEP][PASSED] - if (emi.get(j) &gt;= emi.get(k)): null&#xD;
&#xD;
2019-09-20 13:57:32 - [TEST_STEP][PASSED] - &lt;not implemented yet for class: org.codehaus.groovy.ast.stmt.ContinueStatement&gt;: null&#xD;
&#xD;
2019-09-20 13:57:32 - [TEST_STEP][PASSED] - k = j + 1: null&#xD;
&#xD;
2019-09-20 13:57:32 - [TEST_STEP][PASSED] - if (emi.get(j) &gt;= emi.get(k)): null&#xD;
&#xD;
2019-09-20 13:57:32 - [TEST_STEP][PASSED] - &lt;not implemented yet for class: org.codehaus.groovy.ast.stmt.ContinueStatement&gt;: null&#xD;
&#xD;
2019-09-20 13:57:32 - [TEST_STEP][PASSED] - k = j + 1: null&#xD;
&#xD;
2019-09-20 13:57:32 - [TEST_STEP][PASSED] - if (emi.get(j) &gt;= emi.get(k)): null&#xD;
&#xD;
2019-09-20 13:57:32 - [TEST_STEP][PASSED] - &lt;not implemented yet for class: org.codehaus.groovy.ast.stmt.ContinueStatement&gt;: null&#xD;
&#xD;
2019-09-20 13:57:32 - [TEST_STEP][PASSED] - k = j + 1: null&#xD;
&#xD;
2019-09-20 13:57:32 - [TEST_STEP][PASSED] - if (emi.get(j) &gt;= emi.get(k)): null&#xD;
&#xD;
2019-09-20 13:57:32 - [TEST_STEP][PASSED] - &lt;not implemented yet for class: org.codehaus.groovy.ast.stmt.ContinueStatement&gt;: null&#xD;
&#xD;
2019-09-20 13:57:32 - [TEST_STEP][PASSED] - k = j + 1: null&#xD;
&#xD;
2019-09-20 13:57:32 - [TEST_STEP][PASSED] - if (emi.get(j) &gt;= emi.get(k)): null&#xD;
&#xD;
2019-09-20 13:57:32 - [TEST_STEP][PASSED] - &lt;not implemented yet for class: org.codehaus.groovy.ast.stmt.ContinueStatement&gt;: null&#xD;
&#xD;
2019-09-20 13:57:32 - [TEST_STEP][PASSED] - k = j + 1: null&#xD;
&#xD;
2019-09-20 13:57:32 - [TEST_STEP][PASSED] - if (emi.get(j) &gt;= emi.get(k)): null&#xD;
&#xD;
2019-09-20 13:57:32 - [TEST_STEP][PASSED] - &lt;not implemented yet for class: org.codehaus.groovy.ast.stmt.ContinueStatement&gt;: null&#xD;
&#xD;
2019-09-20 13:57:32 - [TEST_STEP][PASSED] - k = j + 1: null&#xD;
&#xD;
2019-09-20 13:57:32 - [TEST_STEP][PASSED] - if (emi.get(j) &gt;= emi.get(k)): null&#xD;
&#xD;
2019-09-20 13:57:32 - [TEST_STEP][PASSED] - &lt;not implemented yet for class: org.codehaus.groovy.ast.stmt.ContinueStatement&gt;: null&#xD;
&#xD;
2019-09-20 13:57:32 - [TEST_STEP][PASSED] - k = j + 1: null&#xD;
&#xD;
2019-09-20 13:57:32 - [TEST_STEP][PASSED] - if (emi.get(j) &gt;= emi.get(k)): null&#xD;
&#xD;
2019-09-20 13:57:32 - [TEST_STEP][PASSED] - &lt;not implemented yet for class: org.codehaus.groovy.ast.stmt.ContinueStatement&gt;: null&#xD;
&#xD;
2019-09-20 13:57:32 - [TEST_STEP][PASSED] - k = j + 1: null&#xD;
&#xD;
2019-09-20 13:57:32 - [TEST_STEP][PASSED] - if (emi.get(j) &gt;= emi.get(k)): null&#xD;
&#xD;
2019-09-20 13:57:32 - [TEST_STEP][PASSED] - &lt;not implemented yet for class: org.codehaus.groovy.ast.stmt.ContinueStatement&gt;: null&#xD;
&#xD;
2019-09-20 13:57:32 - [TEST_STEP][PASSED] - k = j + 1: null&#xD;
&#xD;
2019-09-20 13:57:32 - [TEST_STEP][PASSED] - if (emi.get(j) &gt;= emi.get(k)): null&#xD;
&#xD;
2019-09-20 13:57:32 - [TEST_STEP][PASSED] - &lt;not implemented yet for class: org.codehaus.groovy.ast.stmt.ContinueStatement&gt;: null&#xD;
&#xD;
2019-09-20 13:57:32 - [TEST_STEP][PASSED] - k = j + 1: null&#xD;
&#xD;
2019-09-20 13:57:32 - [TEST_STEP][PASSED] - if (emi.get(j) &gt;= emi.get(k)): null&#xD;
&#xD;
2019-09-20 13:57:32 - [TEST_STEP][PASSED] - &lt;not implemented yet for class: org.codehaus.groovy.ast.stmt.ContinueStatement&gt;: null&#xD;
&#xD;
2019-09-20 13:57:32 - [TEST_STEP][PASSED] - k = j + 1: null&#xD;
&#xD;
2019-09-20 13:57:32 - [TEST_STEP][PASSED] - if (emi.get(j) &gt;= emi.get(k)): null&#xD;
&#xD;
2019-09-20 13:57:32 - [TEST_STEP][PASSED] - &lt;not implemented yet for class: org.codehaus.groovy.ast.stmt.ContinueStatement&gt;: null&#xD;
&#xD;
2019-09-20 13:57:32 - [TEST_STEP][PASSED] - k = j + 1: null&#xD;
&#xD;
2019-09-20 13:57:32 - [TEST_STEP][PASSED] - if (emi.get(j) &gt;= emi.get(k)): null&#xD;
&#xD;
2019-09-20 13:57:32 - [TEST_STEP][PASSED] - &lt;not implemented yet for class: org.codehaus.groovy.ast.stmt.ContinueStatement&gt;: null&#xD;
&#xD;
2019-09-20 13:57:32 - [TEST_STEP][PASSED] - k = j + 1: null&#xD;
&#xD;
2019-09-20 13:57:32 - [TEST_STEP][PASSED] - if (emi.get(j) &gt;= emi.get(k)): null&#xD;
&#xD;
2019-09-20 13:57:32 - [TEST_STEP][PASSED] - &lt;not implemented yet for class: org.codehaus.groovy.ast.stmt.ContinueStatement&gt;: null&#xD;
&#xD;
2019-09-20 13:57:32 - [TEST_STEP][PASSED] - k = j + 1: null&#xD;
&#xD;
2019-09-20 13:57:32 - [TEST_STEP][PASSED] - if (emi.get(j) &gt;= emi.get(k)): null&#xD;
&#xD;
2019-09-20 13:57:32 - [TEST_STEP][PASSED] - &lt;not implemented yet for class: org.codehaus.groovy.ast.stmt.ContinueStatement&gt;: null&#xD;
&#xD;
2019-09-20 13:57:32 - [TEST_STEP][PASSED] - k = j + 1: null&#xD;
&#xD;
2019-09-20 13:57:32 - [TEST_STEP][PASSED] - if (emi.get(j) &gt;= emi.get(k)): null&#xD;
&#xD;
2019-09-20 13:57:32 - [TEST_STEP][PASSED] - &lt;not implemented yet for class: org.codehaus.groovy.ast.stmt.ContinueStatement&gt;: null&#xD;
&#xD;
2019-09-20 13:57:32 - [TEST_STEP][PASSED] - k = j + 1: null&#xD;
&#xD;
2019-09-20 13:57:32 - [TEST_STEP][PASSED] - if (emi.get(j) &gt;= emi.get(k)): null&#xD;
&#xD;
2019-09-20 13:57:32 - [TEST_STEP][PASSED] - &lt;not implemented yet for class: org.codehaus.groovy.ast.stmt.ContinueStatement&gt;: null&#xD;
&#xD;
2019-09-20 13:57:32 - [TEST_STEP][PASSED] - k = j + 1: null&#xD;
&#xD;
2019-09-20 13:57:32 - [TEST_STEP][PASSED] - if (emi.get(j) &gt;= emi.get(k)): null&#xD;
&#xD;
2019-09-20 13:57:32 - [TEST_STEP][PASSED] - &lt;not implemented yet for class: org.codehaus.groovy.ast.stmt.ContinueStatement&gt;: null&#xD;
&#xD;
2019-09-20 13:57:32 - [TEST_STEP][PASSED] - k = j + 1: null&#xD;
&#xD;
2019-09-20 13:57:32 - [TEST_STEP][PASSED] - if (emi.get(j) &gt;= emi.get(k)): null&#xD;
&#xD;
2019-09-20 13:57:32 - [TEST_STEP][PASSED] - &lt;not implemented yet for class: org.codehaus.groovy.ast.stmt.ContinueStatement&gt;: null&#xD;
&#xD;
2019-09-20 13:57:32 - [TEST_STEP][PASSED] - k = j + 1: null&#xD;
&#xD;
2019-09-20 13:57:32 - [TEST_STEP][PASSED] - if (emi.get(j) &gt;= emi.get(k)): null&#xD;
&#xD;
2019-09-20 13:57:32 - [TEST_STEP][PASSED] - &lt;not implemented yet for class: org.codehaus.groovy.ast.stmt.ContinueStatement&gt;: null&#xD;
&#xD;
2019-09-20 13:57:32 - [TEST_STEP][PASSED] - k = j + 1: null&#xD;
&#xD;
2019-09-20 13:57:32 - [TEST_STEP][PASSED] - if (emi.get(j) &gt;= emi.get(k)): null&#xD;
&#xD;
2019-09-20 13:57:32 - [TEST_STEP][PASSED] - &lt;not implemented yet for class: org.codehaus.groovy.ast.stmt.ContinueStatement&gt;: null&#xD;
&#xD;
2019-09-20 13:57:32 - [TEST_STEP][PASSED] - k = j + 1: null&#xD;
&#xD;
2019-09-20 13:57:32 - [TEST_STEP][PASSED] - if (emi.get(j) &gt;= emi.get(k)): null&#xD;
&#xD;
2019-09-20 13:57:36 - [TEST_STEP][PASSED] - &lt;not implemented yet for class: org.codehaus.groovy.ast.stmt.ContinueStatement&gt;: null&#xD;
&#xD;
2019-09-20 13:57:36 - [TEST_STEP][PASSED] - k = j + 1: null&#xD;
&#xD;
2019-09-20 13:57:36 - [TEST_STEP][PASSED] - if (emi.get(j) &gt;= emi.get(k)): null&#xD;
&#xD;
2019-09-20 13:57:36 - [TEST_STEP][PASSED] - &lt;not implemented yet for class: org.codehaus.groovy.ast.stmt.ContinueStatement&gt;: null&#xD;
&#xD;
2019-09-20 13:57:37 - [TEST_STEP][PASSED] - k = j + 1: null&#xD;
&#xD;
2019-09-20 13:57:37 - [TEST_STEP][PASSED] - if (emi.get(j) &gt;= emi.get(k)): null&#xD;
&#xD;
2019-09-20 13:57:37 - [TEST_STEP][PASSED] - &lt;not implemented yet for class: org.codehaus.groovy.ast.stmt.ContinueStatement&gt;: null&#xD;
&#xD;
2019-09-20 13:57:37 - [TEST_STEP][PASSED] - k = j + 1: null&#xD;
&#xD;
2019-09-20 13:57:37 - [TEST_STEP][PASSED] - if (emi.get(j) &gt;= emi.get(k)): null&#xD;
&#xD;
2019-09-20 13:57:37 - [TEST_STEP][PASSED] - &lt;not implemented yet for class: org.codehaus.groovy.ast.stmt.ContinueStatement&gt;: null&#xD;
&#xD;
2019-09-20 13:57:37 - [TEST_STEP][PASSED] - k = j + 1: null&#xD;
&#xD;
2019-09-20 13:57:37 - [TEST_STEP][PASSED] - if (emi.get(j) &gt;= emi.get(k)): null&#xD;
&#xD;
2019-09-20 13:57:37 - [TEST_STEP][PASSED] - &lt;not implemented yet for class: org.codehaus.groovy.ast.stmt.ContinueStatement&gt;: null&#xD;
&#xD;
2019-09-20 13:57:37 - [TEST_STEP][PASSED] - k = j + 1: null&#xD;
&#xD;
2019-09-20 13:57:37 - [TEST_STEP][PASSED] - if (emi.get(j) &gt;= emi.get(k)): null&#xD;
&#xD;
2019-09-20 13:57:37 - [TEST_STEP][PASSED] - &lt;not implemented yet for class: org.codehaus.groovy.ast.stmt.ContinueStatement&gt;: null&#xD;
&#xD;
2019-09-20 13:57:37 - [TEST_STEP][PASSED] - k = j + 1: null&#xD;
&#xD;
2019-09-20 13:57:37 - [TEST_STEP][PASSED] - if (emi.get(j) &gt;= emi.get(k)): null&#xD;
&#xD;
2019-09-20 13:57:37 - [TEST_STEP][PASSED] - &lt;not implemented yet for class: org.codehaus.groovy.ast.stmt.ContinueStatement&gt;: null&#xD;
&#xD;
2019-09-20 13:57:37 - [TEST_STEP][PASSED] - k = j + 1: null&#xD;
&#xD;
2019-09-20 13:57:37 - [TEST_STEP][PASSED] - if (emi.get(j) &gt;= emi.get(k)): null&#xD;
&#xD;
2019-09-20 13:57:37 - [TEST_STEP][PASSED] - &lt;not implemented yet for class: org.codehaus.groovy.ast.stmt.ContinueStatement&gt;: null&#xD;
&#xD;
2019-09-20 13:57:37 - [TEST_STEP][PASSED] - k = j + 1: null&#xD;
&#xD;
2019-09-20 13:57:37 - [TEST_STEP][PASSED] - if (emi.get(j) &gt;= emi.get(k)): null&#xD;
&#xD;
2019-09-20 13:57:37 - [TEST_STEP][PASSED] - &lt;not implemented yet for class: org.codehaus.groovy.ast.stmt.ContinueStatement&gt;: null&#xD;
&#xD;
2019-09-20 13:57:37 - [TEST_STEP][PASSED] - k = j + 1: null&#xD;
&#xD;
2019-09-20 13:57:37 - [TEST_STEP][PASSED] - if (emi.get(j) &gt;= emi.get(k)): null&#xD;
&#xD;
2019-09-20 13:57:37 - [TEST_STEP][PASSED] - &lt;not implemented yet for class: org.codehaus.groovy.ast.stmt.ContinueStatement&gt;: null&#xD;
&#xD;
2019-09-20 13:57:37 - [TEST_STEP][PASSED] - k = j + 1: null&#xD;
&#xD;
2019-09-20 13:57:37 - [TEST_STEP][PASSED] - if (emi.get(j) &gt;= emi.get(k)): null&#xD;
&#xD;
2019-09-20 13:57:37 - [TEST_STEP][PASSED] - &lt;not implemented yet for class: org.codehaus.groovy.ast.stmt.ContinueStatement&gt;: null&#xD;
&#xD;
2019-09-20 13:57:37 - [TEST_STEP][PASSED] - k = j + 1: null&#xD;
&#xD;
2019-09-20 13:57:37 - [TEST_STEP][PASSED] - if (emi.get(j) &gt;= emi.get(k)): null&#xD;
&#xD;
2019-09-20 13:57:37 - [TEST_STEP][PASSED] - &lt;not implemented yet for class: org.codehaus.groovy.ast.stmt.ContinueStatement&gt;: null&#xD;
&#xD;
2019-09-20 13:57:37 - [TEST_STEP][PASSED] - k = j + 1: null&#xD;
&#xD;
2019-09-20 13:57:37 - [TEST_STEP][PASSED] - if (emi.get(j) &gt;= emi.get(k)): null&#xD;
&#xD;
2019-09-20 13:57:37 - [TEST_STEP][PASSED] - &lt;not implemented yet for class: org.codehaus.groovy.ast.stmt.ContinueStatement&gt;: null&#xD;
&#xD;
2019-09-20 13:57:37 - [TEST_STEP][PASSED] - k = j + 1: null&#xD;
&#xD;
2019-09-20 13:57:37 - [TEST_STEP][PASSED] - if (emi.get(j) &gt;= emi.get(k)): null&#xD;
&#xD;
2019-09-20 13:57:37 - [TEST_STEP][PASSED] - &lt;not implemented yet for class: org.codehaus.groovy.ast.stmt.ContinueStatement&gt;: null&#xD;
&#xD;
2019-09-20 13:57:37 - [TEST_STEP][PASSED] - k = j + 1: null&#xD;
&#xD;
2019-09-20 13:57:37 - [TEST_STEP][PASSED] - if (emi.get(j) &gt;= emi.get(k)): null&#xD;
&#xD;
2019-09-20 13:57:37 - [TEST_STEP][PASSED] - &lt;not implemented yet for class: org.codehaus.groovy.ast.stmt.ContinueStatement&gt;: null&#xD;
&#xD;
2019-09-20 13:57:37 - [TEST_STEP][PASSED] - k = j + 1: null&#xD;
&#xD;
2019-09-20 13:57:37 - [TEST_STEP][PASSED] - if (emi.get(j) &gt;= emi.get(k)): null&#xD;
&#xD;
2019-09-20 13:57:37 - [TEST_STEP][PASSED] - &lt;not implemented yet for class: org.codehaus.groovy.ast.stmt.ContinueStatement&gt;: null&#xD;
&#xD;
2019-09-20 13:57:37 - [TEST_STEP][PASSED] - k = j + 1: null&#xD;
&#xD;
2019-09-20 13:57:37 - [TEST_STEP][PASSED] - if (emi.get(j) &gt;= emi.get(k)): null&#xD;
&#xD;
2019-09-20 13:57:37 - [TEST_STEP][PASSED] - &lt;not implemented yet for class: org.codehaus.groovy.ast.stmt.ContinueStatement&gt;: null&#xD;
&#xD;
2019-09-20 13:57:37 - [TEST_STEP][PASSED] - k = j + 1: null&#xD;
&#xD;
2019-09-20 13:57:37 - [TEST_STEP][PASSED] - if (emi.get(j) &gt;= emi.get(k)): null&#xD;
&#xD;
2019-09-20 13:57:37 - [TEST_STEP][PASSED] - &lt;not implemented yet for class: org.codehaus.groovy.ast.stmt.ContinueStatement&gt;: null&#xD;
&#xD;
2019-09-20 13:57:37 - [TEST_STEP][PASSED] - k = j + 1: null&#xD;
&#xD;
2019-09-20 13:57:37 - [TEST_STEP][PASSED] - if (emi.get(j) &gt;= emi.get(k)): null&#xD;
&#xD;
2019-09-20 13:57:37 - [TEST_STEP][PASSED] - &lt;not implemented yet for class: org.codehaus.groovy.ast.stmt.ContinueStatement&gt;: null&#xD;
&#xD;
2019-09-20 13:57:37 - [TEST_STEP][PASSED] - k = j + 1: null&#xD;
&#xD;
2019-09-20 13:57:37 - [TEST_STEP][PASSED] - if (emi.get(j) &gt;= emi.get(k)): null&#xD;
&#xD;
2019-09-20 13:57:37 - [TEST_STEP][PASSED] - &lt;not implemented yet for class: org.codehaus.groovy.ast.stmt.ContinueStatement&gt;: null&#xD;
&#xD;
2019-09-20 13:57:37 - [TEST_STEP][PASSED] - k = j + 1: null&#xD;
&#xD;
2019-09-20 13:57:37 - [TEST_STEP][PASSED] - if (emi.get(j) &gt;= emi.get(k)): null&#xD;
&#xD;
2019-09-20 13:57:37 - [TEST_STEP][PASSED] - &lt;not implemented yet for class: org.codehaus.groovy.ast.stmt.ContinueStatement&gt;: null&#xD;
&#xD;
2019-09-20 13:57:37 - [TEST_STEP][PASSED] - k = j + 1: null&#xD;
&#xD;
2019-09-20 13:57:37 - [TEST_STEP][PASSED] - if (emi.get(j) &gt;= emi.get(k)): null&#xD;
&#xD;
2019-09-20 13:57:37 - [TEST_STEP][PASSED] - &lt;not implemented yet for class: org.codehaus.groovy.ast.stmt.ContinueStatement&gt;: null&#xD;
&#xD;
2019-09-20 13:57:37 - [TEST_STEP][PASSED] - k = j + 1: null&#xD;
&#xD;
2019-09-20 13:57:37 - [TEST_STEP][PASSED] - if (emi.get(j) &gt;= emi.get(k)): null&#xD;
&#xD;
2019-09-20 13:57:37 - [TEST_STEP][PASSED] - &lt;not implemented yet for class: org.codehaus.groovy.ast.stmt.ContinueStatement&gt;: null&#xD;
&#xD;
2019-09-20 13:57:37 - [TEST_STEP][PASSED] - k = j + 1: null&#xD;
&#xD;
2019-09-20 13:57:37 - [TEST_STEP][PASSED] - if (emi.get(j) &gt;= emi.get(k)): null&#xD;
&#xD;
2019-09-20 13:57:37 - [TEST_STEP][PASSED] - &lt;not implemented yet for class: org.codehaus.groovy.ast.stmt.ContinueStatement&gt;: null&#xD;
&#xD;
2019-09-20 13:57:37 - [TEST_STEP][PASSED] - k = j + 1: null&#xD;
&#xD;
2019-09-20 13:57:37 - [TEST_STEP][PASSED] - if (emi.get(j) &gt;= emi.get(k)): null&#xD;
&#xD;
2019-09-20 13:57:37 - [TEST_STEP][PASSED] - &lt;not implemented yet for class: org.codehaus.groovy.ast.stmt.ContinueStatement&gt;: null&#xD;
&#xD;
2019-09-20 13:57:37 - [TEST_STEP][PASSED] - k = j + 1: null&#xD;
&#xD;
2019-09-20 13:57:37 - [TEST_STEP][PASSED] - if (emi.get(j) &gt;= emi.get(k)): null&#xD;
&#xD;
2019-09-20 13:57:37 - [TEST_STEP][PASSED] - &lt;not implemented yet for class: org.codehaus.groovy.ast.stmt.ContinueStatement&gt;: null&#xD;
&#xD;
2019-09-20 13:57:37 - [TEST_STEP][PASSED] - k = j + 1: null&#xD;
&#xD;
2019-09-20 13:57:37 - [TEST_STEP][PASSED] - if (emi.get(j) &gt;= emi.get(k)): null&#xD;
&#xD;
2019-09-20 13:57:37 - [TEST_STEP][PASSED] - &lt;not implemented yet for class: org.codehaus.groovy.ast.stmt.ContinueStatement&gt;: null&#xD;
&#xD;
2019-09-20 13:57:37 - [TEST_STEP][PASSED] - k = j + 1: null&#xD;
&#xD;
2019-09-20 13:57:41 - [TEST_STEP][PASSED] - if (emi.get(j) &gt;= emi.get(k)): null&#xD;
&#xD;
2019-09-20 13:57:41 - [TEST_STEP][PASSED] - &lt;not implemented yet for class: org.codehaus.groovy.ast.stmt.ContinueStatement&gt;: null&#xD;
&#xD;
2019-09-20 13:57:41 - [TEST_STEP][PASSED] - k = j + 1: null&#xD;
&#xD;
2019-09-20 13:57:41 - [TEST_STEP][PASSED] - if (emi.get(j) &gt;= emi.get(k)): null&#xD;
&#xD;
2019-09-20 13:57:41 - [TEST_STEP][PASSED] - &lt;not implemented yet for class: org.codehaus.groovy.ast.stmt.ContinueStatement&gt;: null&#xD;
&#xD;
2019-09-20 13:57:42 - [TEST_STEP][PASSED] - k = j + 1: null&#xD;
&#xD;
2019-09-20 13:57:42 - [TEST_STEP][PASSED] - if (emi.get(j) &gt;= emi.get(k)): null&#xD;
&#xD;
2019-09-20 13:57:42 - [TEST_STEP][PASSED] - &lt;not implemented yet for class: org.codehaus.groovy.ast.stmt.ContinueStatement&gt;: null&#xD;
&#xD;
2019-09-20 13:57:42 - [TEST_STEP][PASSED] - k = j + 1: null&#xD;
&#xD;
2019-09-20 13:57:42 - [TEST_STEP][PASSED] - if (emi.get(j) &gt;= emi.get(k)): null&#xD;
&#xD;
2019-09-20 13:57:42 - [TEST_STEP][PASSED] - &lt;not implemented yet for class: org.codehaus.groovy.ast.stmt.ContinueStatement&gt;: null&#xD;
&#xD;
2019-09-20 13:57:42 - [TEST_STEP][PASSED] - k = j + 1: null&#xD;
&#xD;
2019-09-20 13:57:42 - [TEST_STEP][PASSED] - if (emi.get(j) &gt;= emi.get(k)): null&#xD;
&#xD;
2019-09-20 13:57:42 - [TEST_STEP][PASSED] - &lt;not implemented yet for class: org.codehaus.groovy.ast.stmt.ContinueStatement&gt;: null&#xD;
&#xD;
2019-09-20 13:57:42 - [TEST_STEP][PASSED] - k = j + 1: null&#xD;
&#xD;
2019-09-20 13:57:42 - [TEST_STEP][PASSED] - if (emi.get(j) &gt;= emi.get(k)): null&#xD;
&#xD;
2019-09-20 13:57:42 - [TEST_STEP][PASSED] - &lt;not implemented yet for class: org.codehaus.groovy.ast.stmt.ContinueStatement&gt;: null&#xD;
&#xD;
2019-09-20 13:57:42 - [TEST_STEP][PASSED] - k = j + 1: null&#xD;
&#xD;
2019-09-20 13:57:42 - [TEST_STEP][PASSED] - if (emi.get(j) &gt;= emi.get(k)): null&#xD;
&#xD;
2019-09-20 13:57:42 - [TEST_STEP][PASSED] - &lt;not implemented yet for class: org.codehaus.groovy.ast.stmt.ContinueStatement&gt;: null&#xD;
&#xD;
2019-09-20 13:57:42 - [TEST_STEP][PASSED] - k = j + 1: null&#xD;
&#xD;
2019-09-20 13:57:42 - [TEST_STEP][PASSED] - if (emi.get(j) &gt;= emi.get(k)): null&#xD;
&#xD;
2019-09-20 13:57:42 - [TEST_STEP][PASSED] - &lt;not implemented yet for class: org.codehaus.groovy.ast.stmt.ContinueStatement&gt;: null&#xD;
&#xD;
2019-09-20 13:57:42 - [TEST_STEP][PASSED] - k = j + 1: null&#xD;
&#xD;
2019-09-20 13:57:42 - [TEST_STEP][PASSED] - if (emi.get(j) &gt;= emi.get(k)): null&#xD;
&#xD;
2019-09-20 13:57:42 - [TEST_STEP][PASSED] - &lt;not implemented yet for class: org.codehaus.groovy.ast.stmt.ContinueStatement&gt;: null&#xD;
&#xD;
2019-09-20 13:57:42 - [TEST_STEP][PASSED] - k = j + 1: null&#xD;
&#xD;
2019-09-20 13:57:42 - [TEST_STEP][PASSED] - if (emi.get(j) &gt;= emi.get(k)): null&#xD;
&#xD;
2019-09-20 13:57:42 - [TEST_STEP][PASSED] - &lt;not implemented yet for class: org.codehaus.groovy.ast.stmt.ContinueStatement&gt;: null&#xD;
&#xD;
2019-09-20 13:57:42 - [TEST_STEP][PASSED] - k = j + 1: null&#xD;
&#xD;
2019-09-20 13:57:42 - [TEST_STEP][PASSED] - if (emi.get(j) &gt;= emi.get(k)): null&#xD;
&#xD;
2019-09-20 13:57:42 - [TEST_STEP][PASSED] - &lt;not implemented yet for class: org.codehaus.groovy.ast.stmt.ContinueStatement&gt;: null&#xD;
&#xD;
2019-09-20 13:57:42 - [TEST_STEP][PASSED] - k = j + 1: null&#xD;
&#xD;
2019-09-20 13:57:42 - [TEST_STEP][PASSED] - if (emi.get(j) &gt;= emi.get(k)): null&#xD;
&#xD;
2019-09-20 13:57:42 - [TEST_STEP][PASSED] - &lt;not implemented yet for class: org.codehaus.groovy.ast.stmt.ContinueStatement&gt;: null&#xD;
&#xD;
2019-09-20 13:57:42 - [TEST_STEP][PASSED] - k = j + 1: null&#xD;
&#xD;
2019-09-20 13:57:42 - [TEST_STEP][PASSED] - if (emi.get(j) &gt;= emi.get(k)): null&#xD;
&#xD;
2019-09-20 13:57:42 - [TEST_STEP][PASSED] - &lt;not implemented yet for class: org.codehaus.groovy.ast.stmt.ContinueStatement&gt;: null&#xD;
&#xD;
2019-09-20 13:57:42 - [TEST_STEP][PASSED] - k = j + 1: null&#xD;
&#xD;
2019-09-20 13:57:42 - [TEST_STEP][PASSED] - if (emi.get(j) &gt;= emi.get(k)): null&#xD;
&#xD;
2019-09-20 13:57:42 - [TEST_STEP][PASSED] - &lt;not implemented yet for class: org.codehaus.groovy.ast.stmt.ContinueStatement&gt;: null&#xD;
&#xD;
2019-09-20 13:57:42 - [TEST_STEP][PASSED] - k = j + 1: null&#xD;
&#xD;
2019-09-20 13:57:42 - [TEST_STEP][PASSED] - if (emi.get(j) &gt;= emi.get(k)): null&#xD;
&#xD;
2019-09-20 13:57:42 - [TEST_STEP][PASSED] - &lt;not implemented yet for class: org.codehaus.groovy.ast.stmt.ContinueStatement&gt;: null&#xD;
&#xD;
2019-09-20 13:57:42 - [TEST_STEP][PASSED] - k = j + 1: null&#xD;
&#xD;
2019-09-20 13:57:42 - [TEST_STEP][PASSED] - if (emi.get(j) &gt;= emi.get(k)): null&#xD;
&#xD;
2019-09-20 13:57:42 - [TEST_STEP][PASSED] - &lt;not implemented yet for class: org.codehaus.groovy.ast.stmt.ContinueStatement&gt;: null&#xD;
&#xD;
2019-09-20 13:57:42 - [TEST_STEP][PASSED] - k = j + 1: null&#xD;
&#xD;
2019-09-20 13:57:42 - [TEST_STEP][PASSED] - if (emi.get(j) &gt;= emi.get(k)): null&#xD;
&#xD;
2019-09-20 13:57:42 - [TEST_STEP][PASSED] - &lt;not implemented yet for class: org.codehaus.groovy.ast.stmt.ContinueStatement&gt;: null&#xD;
&#xD;
2019-09-20 13:57:42 - [TEST_STEP][PASSED] - k = j + 1: null&#xD;
&#xD;
2019-09-20 13:57:42 - [TEST_STEP][PASSED] - if (emi.get(j) &gt;= emi.get(k)): null&#xD;
&#xD;
2019-09-20 13:57:42 - [TEST_STEP][PASSED] - &lt;not implemented yet for class: org.codehaus.groovy.ast.stmt.ContinueStatement&gt;: null&#xD;
&#xD;
2019-09-20 13:57:42 - [TEST_STEP][PASSED] - k = j + 1: null&#xD;
&#xD;
2019-09-20 13:57:42 - [TEST_STEP][PASSED] - if (emi.get(j) &gt;= emi.get(k)): null&#xD;
&#xD;
2019-09-20 13:57:42 - [TEST_STEP][PASSED] - &lt;not implemented yet for class: org.codehaus.groovy.ast.stmt.ContinueStatement&gt;: null&#xD;
&#xD;
2019-09-20 13:57:42 - [TEST_STEP][PASSED] - k = j + 1: null&#xD;
&#xD;
2019-09-20 13:57:42 - [TEST_STEP][PASSED] - if (emi.get(j) &gt;= emi.get(k)): null&#xD;
&#xD;
2019-09-20 13:57:42 - [TEST_STEP][PASSED] - &lt;not implemented yet for class: org.codehaus.groovy.ast.stmt.ContinueStatement&gt;: null&#xD;
&#xD;
2019-09-20 13:57:42 - [TEST_STEP][PASSED] - k = j + 1: null&#xD;
&#xD;
2019-09-20 13:57:42 - [TEST_STEP][PASSED] - if (emi.get(j) &gt;= emi.get(k)): null&#xD;
&#xD;
2019-09-20 13:57:42 - [TEST_STEP][PASSED] - &lt;not implemented yet for class: org.codehaus.groovy.ast.stmt.ContinueStatement&gt;: null&#xD;
&#xD;
2019-09-20 13:57:42 - [TEST_STEP][PASSED] - k = j + 1: null&#xD;
&#xD;
2019-09-20 13:57:42 - [TEST_STEP][PASSED] - if (emi.get(j) &gt;= emi.get(k)): null&#xD;
&#xD;
2019-09-20 13:57:42 - [TEST_STEP][PASSED] - &lt;not implemented yet for class: org.codehaus.groovy.ast.stmt.ContinueStatement&gt;: null&#xD;
&#xD;
2019-09-20 13:57:42 - [TEST_STEP][PASSED] - k = j + 1: null&#xD;
&#xD;
2019-09-20 13:57:42 - [TEST_STEP][PASSED] - if (emi.get(j) &gt;= emi.get(k)): null&#xD;
&#xD;
2019-09-20 13:57:42 - [TEST_STEP][PASSED] - &lt;not implemented yet for class: org.codehaus.groovy.ast.stmt.ContinueStatement&gt;: null&#xD;
&#xD;
2019-09-20 13:57:42 - [TEST_STEP][PASSED] - k = j + 1: null&#xD;
&#xD;
2019-09-20 13:57:42 - [TEST_STEP][PASSED] - if (emi.get(j) &gt;= emi.get(k)): null&#xD;
&#xD;
2019-09-20 13:57:42 - [TEST_STEP][PASSED] - &lt;not implemented yet for class: org.codehaus.groovy.ast.stmt.ContinueStatement&gt;: null&#xD;
&#xD;
2019-09-20 13:57:42 - [TEST_STEP][PASSED] - k = j + 1: null&#xD;
&#xD;
2019-09-20 13:57:42 - [TEST_STEP][PASSED] - if (emi.get(j) &gt;= emi.get(k)): null&#xD;
&#xD;
2019-09-20 13:57:42 - [TEST_STEP][PASSED] - &lt;not implemented yet for class: org.codehaus.groovy.ast.stmt.ContinueStatement&gt;: null&#xD;
&#xD;
2019-09-20 13:57:42 - [TEST_STEP][PASSED] - k = j + 1: null&#xD;
&#xD;
2019-09-20 13:57:42 - [TEST_STEP][PASSED] - if (emi.get(j) &gt;= emi.get(k)): null&#xD;
&#xD;
2019-09-20 13:57:42 - [TEST_STEP][PASSED] - &lt;not implemented yet for class: org.codehaus.groovy.ast.stmt.ContinueStatement&gt;: null&#xD;
&#xD;
2019-09-20 13:57:42 - [TEST_STEP][PASSED] - k = j + 1: null&#xD;
&#xD;
2019-09-20 13:57:42 - [TEST_STEP][PASSED] - if (emi.get(j) &gt;= emi.get(k)): null&#xD;
&#xD;
2019-09-20 13:57:42 - [TEST_STEP][PASSED] - &lt;not implemented yet for class: org.codehaus.groovy.ast.stmt.ContinueStatement&gt;: null&#xD;
&#xD;
2019-09-20 13:57:42 - [TEST_STEP][PASSED] - k = j + 1: null&#xD;
&#xD;
2019-09-20 13:57:47 - [TEST_STEP][PASSED] - if (emi.get(j) &gt;= emi.get(k)): null&#xD;
&#xD;
2019-09-20 13:57:47 - [TEST_STEP][PASSED] - &lt;not implemented yet for class: org.codehaus.groovy.ast.stmt.ContinueStatement&gt;: null&#xD;
&#xD;
2019-09-20 13:57:47 - [TEST_STEP][PASSED] - k = j + 1: null&#xD;
&#xD;
2019-09-20 13:57:47 - [TEST_STEP][PASSED] - if (emi.get(j) &gt;= emi.get(k)): null&#xD;
&#xD;
2019-09-20 13:57:48 - [TEST_STEP][PASSED] - &lt;not implemented yet for class: org.codehaus.groovy.ast.stmt.ContinueStatement&gt;: null&#xD;
&#xD;
2019-09-20 13:57:48 - [TEST_STEP][PASSED] - k = j + 1: null&#xD;
&#xD;
2019-09-20 13:57:48 - [TEST_STEP][PASSED] - if (emi.get(j) &gt;= emi.get(k)): null&#xD;
&#xD;
2019-09-20 13:57:48 - [TEST_STEP][PASSED] - &lt;not implemented yet for class: org.codehaus.groovy.ast.stmt.ContinueStatement&gt;: null&#xD;
&#xD;
2019-09-20 13:57:48 - [TEST_STEP][PASSED] - k = j + 1: null&#xD;
&#xD;
2019-09-20 13:57:48 - [TEST_STEP][PASSED] - if (emi.get(j) &gt;= emi.get(k)): null&#xD;
&#xD;
2019-09-20 13:57:48 - [TEST_STEP][PASSED] - &lt;not implemented yet for class: org.codehaus.groovy.ast.stmt.ContinueStatement&gt;: null&#xD;
&#xD;
2019-09-20 13:57:48 - [TEST_STEP][PASSED] - k = j + 1: null&#xD;
&#xD;
2019-09-20 13:57:48 - [TEST_STEP][PASSED] - if (emi.get(j) &gt;= emi.get(k)): null&#xD;
&#xD;
2019-09-20 13:57:48 - [TEST_STEP][PASSED] - &lt;not implemented yet for class: org.codehaus.groovy.ast.stmt.ContinueStatement&gt;: null&#xD;
&#xD;
2019-09-20 13:57:48 - [TEST_STEP][PASSED] - k = j + 1: null&#xD;
&#xD;
2019-09-20 13:57:48 - [TEST_STEP][PASSED] - if (emi.get(j) &gt;= emi.get(k)): null&#xD;
&#xD;
2019-09-20 13:57:48 - [TEST_STEP][PASSED] - &lt;not implemented yet for class: org.codehaus.groovy.ast.stmt.ContinueStatement&gt;: null&#xD;
&#xD;
2019-09-20 13:57:48 - [TEST_STEP][PASSED] - k = j + 1: null&#xD;
&#xD;
2019-09-20 13:57:48 - [TEST_STEP][PASSED] - if (emi.get(j) &gt;= emi.get(k)): null&#xD;
&#xD;
2019-09-20 13:57:48 - [TEST_STEP][PASSED] - &lt;not implemented yet for class: org.codehaus.groovy.ast.stmt.ContinueStatement&gt;: null&#xD;
&#xD;
2019-09-20 13:57:48 - [TEST_STEP][PASSED] - k = j + 1: null&#xD;
&#xD;
2019-09-20 13:57:48 - [TEST_STEP][PASSED] - if (emi.get(j) &gt;= emi.get(k)): null&#xD;
&#xD;
2019-09-20 13:57:48 - [TEST_STEP][PASSED] - &lt;not implemented yet for class: org.codehaus.groovy.ast.stmt.ContinueStatement&gt;: null&#xD;
&#xD;
2019-09-20 13:57:48 - [TEST_STEP][PASSED] - k = j + 1: null&#xD;
&#xD;
2019-09-20 13:57:48 - [TEST_STEP][PASSED] - if (emi.get(j) &gt;= emi.get(k)): null&#xD;
&#xD;
2019-09-20 13:57:48 - [TEST_STEP][PASSED] - &lt;not implemented yet for class: org.codehaus.groovy.ast.stmt.ContinueStatement&gt;: null&#xD;
&#xD;
2019-09-20 13:57:48 - [TEST_STEP][PASSED] - k = j + 1: null&#xD;
&#xD;
2019-09-20 13:57:48 - [TEST_STEP][PASSED] - if (emi.get(j) &gt;= emi.get(k)): null&#xD;
&#xD;
2019-09-20 13:57:48 - [TEST_STEP][PASSED] - &lt;not implemented yet for class: org.codehaus.groovy.ast.stmt.ContinueStatement&gt;: null&#xD;
&#xD;
2019-09-20 13:57:48 - [TEST_STEP][PASSED] - k = j + 1: null&#xD;
&#xD;
2019-09-20 13:57:48 - [TEST_STEP][PASSED] - if (emi.get(j) &gt;= emi.get(k)): null&#xD;
&#xD;
2019-09-20 13:57:48 - [TEST_STEP][PASSED] - &lt;not implemented yet for class: org.codehaus.groovy.ast.stmt.ContinueStatement&gt;: null&#xD;
&#xD;
2019-09-20 13:57:48 - [TEST_STEP][PASSED] - k = j + 1: null&#xD;
&#xD;
2019-09-20 13:57:48 - [TEST_STEP][PASSED] - if (emi.get(j) &gt;= emi.get(k)): null&#xD;
&#xD;
2019-09-20 13:57:48 - [TEST_STEP][PASSED] - &lt;not implemented yet for class: org.codehaus.groovy.ast.stmt.ContinueStatement&gt;: null&#xD;
&#xD;
2019-09-20 13:57:48 - [TEST_STEP][PASSED] - k = j + 1: null&#xD;
&#xD;
2019-09-20 13:57:48 - [TEST_STEP][PASSED] - if (emi.get(j) &gt;= emi.get(k)): null&#xD;
&#xD;
2019-09-20 13:57:48 - [TEST_STEP][PASSED] - &lt;not implemented yet for class: org.codehaus.groovy.ast.stmt.ContinueStatement&gt;: null&#xD;
&#xD;
2019-09-20 13:57:48 - [TEST_STEP][PASSED] - k = j + 1: null&#xD;
&#xD;
2019-09-20 13:57:48 - [TEST_STEP][PASSED] - if (emi.get(j) &gt;= emi.get(k)): null&#xD;
&#xD;
2019-09-20 13:57:48 - [TEST_STEP][PASSED] - &lt;not implemented yet for class: org.codehaus.groovy.ast.stmt.ContinueStatement&gt;: null&#xD;
&#xD;
2019-09-20 13:57:48 - [TEST_STEP][PASSED] - k = j + 1: null&#xD;
&#xD;
2019-09-20 13:57:48 - [TEST_STEP][PASSED] - if (emi.get(j) &gt;= emi.get(k)): null&#xD;
&#xD;
2019-09-20 13:57:48 - [TEST_STEP][PASSED] - &lt;not implemented yet for class: org.codehaus.groovy.ast.stmt.ContinueStatement&gt;: null&#xD;
&#xD;
2019-09-20 13:57:48 - [TEST_STEP][PASSED] - k = j + 1: null&#xD;
&#xD;
2019-09-20 13:57:48 - [TEST_STEP][PASSED] - if (emi.get(j) &gt;= emi.get(k)): null&#xD;
&#xD;
2019-09-20 13:57:48 - [TEST_STEP][PASSED] - &lt;not implemented yet for class: org.codehaus.groovy.ast.stmt.ContinueStatement&gt;: null&#xD;
&#xD;
2019-09-20 13:57:48 - [TEST_STEP][PASSED] - k = j + 1: null&#xD;
&#xD;
2019-09-20 13:57:48 - [TEST_STEP][PASSED] - if (emi.get(j) &gt;= emi.get(k)): null&#xD;
&#xD;
2019-09-20 13:57:48 - [TEST_STEP][PASSED] - &lt;not implemented yet for class: org.codehaus.groovy.ast.stmt.ContinueStatement&gt;: null&#xD;
&#xD;
2019-09-20 13:57:48 - [TEST_STEP][PASSED] - k = j + 1: null&#xD;
&#xD;
2019-09-20 13:57:48 - [TEST_STEP][PASSED] - if (emi.get(j) &gt;= emi.get(k)): null&#xD;
&#xD;
2019-09-20 13:57:48 - [TEST_STEP][PASSED] - &lt;not implemented yet for class: org.codehaus.groovy.ast.stmt.ContinueStatement&gt;: null&#xD;
&#xD;
2019-09-20 13:57:48 - [TEST_STEP][PASSED] - k = j + 1: null&#xD;
&#xD;
2019-09-20 13:57:48 - [TEST_STEP][PASSED] - if (emi.get(j) &gt;= emi.get(k)): null&#xD;
&#xD;
2019-09-20 13:57:48 - [TEST_STEP][PASSED] - &lt;not implemented yet for class: org.codehaus.groovy.ast.stmt.ContinueStatement&gt;: null&#xD;
&#xD;
2019-09-20 13:57:48 - [TEST_STEP][PASSED] - k = j + 1: null&#xD;
&#xD;
2019-09-20 13:57:48 - [TEST_STEP][PASSED] - if (emi.get(j) &gt;= emi.get(k)): null&#xD;
&#xD;
2019-09-20 13:57:48 - [TEST_STEP][PASSED] - &lt;not implemented yet for class: org.codehaus.groovy.ast.stmt.ContinueStatement&gt;: null&#xD;
&#xD;
2019-09-20 13:57:48 - [TEST_STEP][PASSED] - k = j + 1: null&#xD;
&#xD;
2019-09-20 13:57:48 - [TEST_STEP][PASSED] - if (emi.get(j) &gt;= emi.get(k)): null&#xD;
&#xD;
2019-09-20 13:57:48 - [TEST_STEP][PASSED] - &lt;not implemented yet for class: org.codehaus.groovy.ast.stmt.ContinueStatement&gt;: null&#xD;
&#xD;
2019-09-20 13:57:48 - [TEST_STEP][PASSED] - Start tear down : tearDownTestCase: Method 'tearDownTestCase' complete successfully&#xD;
&#xD;
2019-09-20 13:57:48 - [TEST_STEP][PASSED] - Thread.sleep(3000): null&#xD;
&#xD;
2019-09-20 13:57:51 - [MESSAGE][PASSED] - Method 'tearDownTestCase' complete successfully</system-out>
            <system-err></system-err>
        </testcase>
        <testcase name="Test Cases/AddingproductstoCompare" classname="Test Cases/AddingproductstoCompare" status="PASSED">
            <system-out>2019-09-20 13:57:51 - [TEST_CASE][PASSED] - Test Cases/AddingproductstoCompare: Test Cases/AddingproductstoCompare&#xD;
&#xD;
2019-09-20 13:57:51 - [TEST_STEP][PASSED] - driver = getWebDriver(): null&#xD;
&#xD;
2019-09-20 13:57:51 - [TEST_STEP][PASSED] - productNames = new java.util.ArrayList(): null&#xD;
&#xD;
2019-09-20 13:57:51 - [TEST_STEP][PASSED] - mouseOver(findTestObject("Object Repository/PLPpage/PLP_Title")): Object: 'Object Repository/PLPpage/PLP_Title' is hovered&#xD;
&#xD;
2019-09-20 13:57:51 - [MESSAGE][PASSED] - Object: 'Object Repository/PLPpage/PLP_Title' is hovered&#xD;
&#xD;
2019-09-20 13:57:51 - [TEST_STEP][PASSED] - flag = false: null&#xD;
&#xD;
2019-09-20 13:57:51 - [TEST_STEP][PASSED] - for ([i = 1, i &lt;= nosOfProducts * 2, i += 2]): null&#xD;
&#xD;
2019-09-20 13:57:51 - [TEST_STEP][PASSED] - waitForElementNotPresent(findTestObject("Object Repository/PLPpage/CompareButton"), 3): Web element with id: 'Object Repository/PLPpage/CompareButton' located by 'By.xpath: //div[@class='CompareButton-wrapper']' is present after '3' second(s)&#xD;
&#xD;
2019-09-20 13:57:55 - [MESSAGE][WARNING] - Web element with id: 'Object Repository/PLPpage/CompareButton' located by 'By.xpath: //div[@class='CompareButton-wrapper']' is present after '3' second(s)&#xD;
&#xD;
2019-09-20 13:57:55 - [TEST_STEP][PASSED] - productNames.add(xpath("//div[@id='layer-product-list']/div[3]/ol/li[" + i + "]/div/div[2]/strong/a")).getText()): null&#xD;
&#xD;
2019-09-20 13:57:55 - [TEST_STEP][PASSED] - xpath("(//div[@class='CompareButton-wrapper'])[" + i + "]")).click(): null&#xD;
&#xD;
2019-09-20 13:57:56 - [TEST_STEP][PASSED] - waitForElementNotPresent(findTestObject("Object Repository/PLPpage/CompareButton"), 3): Web element with id: 'Object Repository/PLPpage/CompareButton' located by 'By.xpath: //div[@class='CompareButton-wrapper']' is present after '3' second(s)&#xD;
&#xD;
2019-09-20 13:57:59 - [MESSAGE][WARNING] - Web element with id: 'Object Repository/PLPpage/CompareButton' located by 'By.xpath: //div[@class='CompareButton-wrapper']' is present after '3' second(s)&#xD;
&#xD;
2019-09-20 13:57:59 - [TEST_STEP][PASSED] - productNames.add(xpath("//div[@id='layer-product-list']/div[3]/ol/li[" + i + "]/div/div[2]/strong/a")).getText()): null&#xD;
&#xD;
2019-09-20 13:57:59 - [TEST_STEP][PASSED] - xpath("(//div[@class='CompareButton-wrapper'])[" + i + "]")).click(): null&#xD;
&#xD;
2019-09-20 13:57:59 - [TEST_STEP][PASSED] - waitForElementNotPresent(findTestObject("Object Repository/PLPpage/CompareButton"), 3): Web element with id: 'Object Repository/PLPpage/CompareButton' located by 'By.xpath: //div[@class='CompareButton-wrapper']' is present after '3' second(s)&#xD;
&#xD;
2019-09-20 13:58:02 - [MESSAGE][WARNING] - Web element with id: 'Object Repository/PLPpage/CompareButton' located by 'By.xpath: //div[@class='CompareButton-wrapper']' is present after '3' second(s)&#xD;
&#xD;
2019-09-20 13:58:02 - [TEST_STEP][PASSED] - productNames.add(xpath("//div[@id='layer-product-list']/div[3]/ol/li[" + i + "]/div/div[2]/strong/a")).getText()): null&#xD;
&#xD;
2019-09-20 13:58:02 - [TEST_STEP][PASSED] - xpath("(//div[@class='CompareButton-wrapper'])[" + i + "]")).click(): null&#xD;
&#xD;
2019-09-20 13:58:03 - [TEST_STEP][PASSED] - println(productNames): null&#xD;
&#xD;
2019-09-20 13:58:03 - [TEST_STEP][PASSED] - Thread.sleep(3000): null&#xD;
&#xD;
2019-09-20 13:58:06 - [TEST_STEP][PASSED] - count = callTestCase(findTestCase("Test Cases/VerifyComparePopUpCount"), null): Call Test Case 'Test Cases/VerifyComparePopUpCount' successfully&#xD;
&#xD;
2019-09-20 13:58:06 - [TEST_CASE][PASSED] - Test Cases/VerifyComparePopUpCount: Test Cases/VerifyComparePopUpCount&#xD;
&#xD;
2019-09-20 13:58:06 - [TEST_STEP][PASSED] - Assert.assertTrue(Resources.checkifComparepopuppresent()): null&#xD;
&#xD;
2019-09-20 13:58:06 - [TEST_STEP][PASSED] - compareText = getText(findTestObject("Object Repository/CompareFunctionality/ComparepopTextCapture")): Text of object 'Object Repository/CompareFunctionality/ComparepopTextCapture' is: '3'&#xD;
&#xD;
2019-09-20 13:58:06 - [MESSAGE][PASSED] - Text of object 'Object Repository/CompareFunctionality/ComparepopTextCapture' is: '3'&#xD;
&#xD;
2019-09-20 13:58:06 - [TEST_STEP][PASSED] - if (compareText.isEmpty()): null&#xD;
&#xD;
2019-09-20 13:58:06 - [TEST_STEP][PASSED] - return compareText: null&#xD;
&#xD;
2019-09-20 13:58:06 - [MESSAGE][PASSED] - Call Test Case 'Test Cases/VerifyComparePopUpCount' successfully&#xD;
&#xD;
2019-09-20 13:58:06 - [TEST_STEP][PASSED] - Assert.assertEquals(Integer.parseInt(count), nosOfProducts): null&#xD;
&#xD;
2019-09-20 13:58:06 - [TEST_STEP][PASSED] - callTestCase(findTestCase("Test Cases/AddingExtraProductToCompare"), null): Call Test Case 'Test Cases/AddingExtraProductToCompare' successfully&#xD;
&#xD;
2019-09-20 13:58:06 - [TEST_CASE][PASSED] - Test Cases/AddingExtraProductToCompare: Test Cases/AddingExtraProductToCompare&#xD;
&#xD;
2019-09-20 13:58:06 - [TEST_STEP][PASSED] - driver = getWebDriver(): null&#xD;
&#xD;
2019-09-20 13:58:06 - [TEST_STEP][PASSED] - Thread.sleep(3000): null&#xD;
&#xD;
2019-09-20 13:58:09 - [TEST_STEP][PASSED] - xpath("(//div[@class='CompareButton-wrapper'])[7]")).click(): null&#xD;
&#xD;
2019-09-20 13:58:09 - [TEST_STEP][PASSED] - popupText = getText(findTestObject("Object Repository/CompareFunctionality/MaxLimitAddComparePopup")): Text of object 'Object Repository/CompareFunctionality/MaxLimitAddComparePopup' is: 'You have already selected 3 products'&#xD;
&#xD;
2019-09-20 13:58:09 - [MESSAGE][PASSED] - Text of object 'Object Repository/CompareFunctionality/MaxLimitAddComparePopup' is: 'You have already selected 3 products'&#xD;
&#xD;
2019-09-20 13:58:09 - [TEST_STEP][PASSED] - println(popupText): null&#xD;
&#xD;
2019-09-20 13:58:09 - [TEST_STEP][PASSED] - Assert.assertEquals(popupText, validation): null&#xD;
&#xD;
2019-09-20 13:58:09 - [MESSAGE][PASSED] - Call Test Case 'Test Cases/AddingExtraProductToCompare' successfully&#xD;
&#xD;
2019-09-20 13:58:09 - [TEST_STEP][PASSED] - waitForElementNotPresent(findTestObject("Object Repository/CompareFunctionality/ComparePopUp"), 5): Web element with id: 'Object Repository/CompareFunctionality/ComparePopUp' located by 'By.xpath: //button[@class='compareBTN']' is present after '5' second(s)&#xD;
&#xD;
2019-09-20 13:58:15 - [MESSAGE][WARNING] - Web element with id: 'Object Repository/CompareFunctionality/ComparePopUp' located by 'By.xpath: //button[@class='compareBTN']' is present after '5' second(s)&#xD;
&#xD;
2019-09-20 13:58:15 - [TEST_STEP][PASSED] - click(findTestObject("Object Repository/CompareFunctionality/ComparePopUp")): Object: 'Object Repository/CompareFunctionality/ComparePopUp' is clicked on&#xD;
&#xD;
2019-09-20 13:58:18 - [MESSAGE][PASSED] - Object: 'Object Repository/CompareFunctionality/ComparePopUp' is clicked on&#xD;
&#xD;
2019-09-20 13:58:18 - [TEST_STEP][PASSED] - com = new pom_files.ComparePage(driver): null&#xD;
&#xD;
2019-09-20 13:58:18 - [TEST_STEP][PASSED] - noofElements = com.compareElementsSize(): null&#xD;
&#xD;
2019-09-20 13:58:19 - [TEST_STEP][PASSED] - Assert.assertEquals(noofElements, nosOfProducts): null&#xD;
&#xD;
2019-09-20 13:58:19 - [TEST_STEP][PASSED] - for ([j = 1, j &lt;= nosOfProducts, (j++)]): null&#xD;
&#xD;
2019-09-20 13:58:19 - [TEST_STEP][PASSED] - xpath("//div[@class='p_designbox'][" + j + "]")).click(): null&#xD;
&#xD;
2019-09-20 13:58:22 - [TEST_STEP][PASSED] - s = getText(findTestObject("Object Repository/CompareFunctionality/ProductName")): Text of object 'Object Repository/CompareFunctionality/ProductName' is: 'Xiaomi Y2, 64 GB, 16 MP + 20 MP, 16 MP, Octa Core, Black (Y2 (6+64)'&#xD;
&#xD;
2019-09-20 13:58:23 - [MESSAGE][PASSED] - Text of object 'Object Repository/CompareFunctionality/ProductName' is: 'Xiaomi Y2, 64 GB, 16 MP + 20 MP, 16 MP, Octa Core, Black (Y2 (6+64)'&#xD;
&#xD;
2019-09-20 13:58:23 - [TEST_STEP][PASSED] - back(): Navigate back successfully&#xD;
&#xD;
2019-09-20 13:58:25 - [MESSAGE][PASSED] - Navigate back successfully&#xD;
&#xD;
2019-09-20 13:58:25 - [TEST_STEP][PASSED] - Assert.assertEquals(productNames.get(j - 1), s): null&#xD;
&#xD;
2019-09-20 13:58:25 - [TEST_STEP][PASSED] - xpath("//div[@class='p_designbox'][" + j + "]")).click(): null&#xD;
&#xD;
2019-09-20 13:58:28 - [TEST_STEP][PASSED] - s = getText(findTestObject("Object Repository/CompareFunctionality/ProductName")): Text of object 'Object Repository/CompareFunctionality/ProductName' is: 'Xiaomi POCO F1'&#xD;
&#xD;
2019-09-20 13:58:28 - [MESSAGE][PASSED] - Text of object 'Object Repository/CompareFunctionality/ProductName' is: 'Xiaomi POCO F1'&#xD;
&#xD;
2019-09-20 13:58:28 - [TEST_STEP][PASSED] - back(): Navigate back successfully&#xD;
&#xD;
2019-09-20 13:58:30 - [MESSAGE][PASSED] - Navigate back successfully&#xD;
&#xD;
2019-09-20 13:58:30 - [TEST_STEP][PASSED] - Assert.assertEquals(productNames.get(j - 1), s): null&#xD;
&#xD;
2019-09-20 13:58:30 - [TEST_STEP][PASSED] - xpath("//div[@class='p_designbox'][" + j + "]")).click(): null&#xD;
&#xD;
2019-09-20 13:58:34 - [TEST_STEP][PASSED] - s = getText(findTestObject("Object Repository/CompareFunctionality/ProductName")): Text of object 'Object Repository/CompareFunctionality/ProductName' is: 'Xiaomi F1'&#xD;
&#xD;
2019-09-20 13:58:34 - [MESSAGE][PASSED] - Text of object 'Object Repository/CompareFunctionality/ProductName' is: 'Xiaomi F1'&#xD;
&#xD;
2019-09-20 13:58:34 - [TEST_STEP][PASSED] - back(): Navigate back successfully&#xD;
&#xD;
2019-09-20 13:58:36 - [MESSAGE][PASSED] - Navigate back successfully&#xD;
&#xD;
2019-09-20 13:58:36 - [TEST_STEP][PASSED] - Assert.assertEquals(productNames.get(j - 1), s): null&#xD;
&#xD;
2019-09-20 13:58:36 - [TEST_STEP][PASSED] - Start tear down : tearDownTestCase: Method 'tearDownTestCase' complete successfully&#xD;
&#xD;
2019-09-20 13:58:36 - [TEST_STEP][PASSED] - Thread.sleep(3000): null&#xD;
&#xD;
2019-09-20 13:58:39 - [MESSAGE][PASSED] - Method 'tearDownTestCase' complete successfully</system-out>
            <system-err></system-err>
        </testcase>
        <testcase name="Test Cases/CheckifCommonFeaturesareHidden" classname="Test Cases/CheckifCommonFeaturesareHidden" status="PASSED">
            <system-out>2019-09-20 13:58:39 - [TEST_CASE][PASSED] - Test Cases/CheckifCommonFeaturesareHidden: Test Cases/CheckifCommonFeaturesareHidden&#xD;
&#xD;
2019-09-20 13:58:39 - [TEST_STEP][PASSED] - driver = getWebDriver(): null&#xD;
&#xD;
2019-09-20 13:58:39 - [TEST_STEP][PASSED] - click(findTestObject("Object Repository/CompareFunctionality/HideCommonFeaturesCheckbox")): Object: 'Object Repository/CompareFunctionality/HideCommonFeaturesCheckbox' is clicked on&#xD;
&#xD;
2019-09-20 13:58:39 - [MESSAGE][PASSED] - Object: 'Object Repository/CompareFunctionality/HideCommonFeaturesCheckbox' is clicked on&#xD;
&#xD;
2019-09-20 13:58:39 - [TEST_STEP][PASSED] - style = getAttribute(findTestObject("Object Repository/CompareFunctionality/CommonRows"), "style"): Attribute 'style' of object 'Object Repository/CompareFunctionality/CommonRows' is: 'overflow: hidden; height: 51.2434px; padding: 0px; margin: 0px; width: 1176.73px; opacity: 0.931698;'&#xD;
&#xD;
2019-09-20 13:58:39 - [MESSAGE][PASSED] - Attribute 'style' of object 'Object Repository/CompareFunctionality/CommonRows' is: 'overflow: hidden; height: 51.2434px; padding: 0px; margin: 0px; width: 1176.73px; opacity: 0.931698;'&#xD;
&#xD;
2019-09-20 13:58:39 - [TEST_STEP][PASSED] - println(style): null&#xD;
&#xD;
2019-09-20 13:58:39 - [TEST_STEP][PASSED] - flag = true: null&#xD;
&#xD;
2019-09-20 13:58:39 - [TEST_STEP][PASSED] - Assert.assertEquals(flag, !(style.isEmpty())): null&#xD;
&#xD;
2019-09-20 13:58:39 - [TEST_STEP][PASSED] - Start tear down : tearDownTestCase: Method 'tearDownTestCase' complete successfully&#xD;
&#xD;
2019-09-20 13:58:39 - [TEST_STEP][PASSED] - Thread.sleep(3000): null&#xD;
&#xD;
2019-09-20 13:58:42 - [MESSAGE][PASSED] - Method 'tearDownTestCase' complete successfully</system-out>
            <system-err></system-err>
        </testcase>
        <testcase name="Test Cases/RemoveFeatureofCompareProducts" classname="Test Cases/RemoveFeatureofCompareProducts" status="PASSED">
            <system-out>2019-09-20 13:58:42 - [TEST_CASE][PASSED] - Test Cases/RemoveFeatureofCompareProducts: Test Cases/RemoveFeatureofCompareProducts&#xD;
&#xD;
2019-09-20 13:58:42 - [TEST_STEP][PASSED] - driver = getWebDriver(): null&#xD;
&#xD;
2019-09-20 13:58:42 - [TEST_STEP][PASSED] - Thread.sleep(3000): null&#xD;
&#xD;
2019-09-20 13:58:45 - [TEST_STEP][PASSED] - click(findTestObject("Object Repository/CompareFunctionality/i_Get This Product_fa fa-times")): Object: 'Object Repository/CompareFunctionality/i_Get This Product_fa fa-times' is clicked on&#xD;
&#xD;
2019-09-20 13:58:46 - [MESSAGE][PASSED] - Object: 'Object Repository/CompareFunctionality/i_Get This Product_fa fa-times' is clicked on&#xD;
&#xD;
2019-09-20 13:58:46 - [TEST_STEP][PASSED] - Thread.sleep(3000): null&#xD;
&#xD;
2019-09-20 13:58:49 - [TEST_STEP][PASSED] - confirmMessage = getText(findTestObject("Object Repository/CompareFunctionality/CompareWarningpPopup")): Text of object 'Object Repository/CompareFunctionality/CompareWarningpPopup' is: 'Are you sure you want to remove this item from your Compare Products list?'&#xD;
&#xD;
2019-09-20 13:58:49 - [MESSAGE][PASSED] - Text of object 'Object Repository/CompareFunctionality/CompareWarningpPopup' is: 'Are you sure you want to remove this item from your Compare Products list?'&#xD;
&#xD;
2019-09-20 13:58:49 - [TEST_STEP][PASSED] - click(findTestObject("Object Repository/CompareFunctionality/span_OK")): Object: 'Object Repository/CompareFunctionality/span_OK' is clicked on&#xD;
&#xD;
2019-09-20 13:58:52 - [MESSAGE][PASSED] - Object: 'Object Repository/CompareFunctionality/span_OK' is clicked on&#xD;
&#xD;
2019-09-20 13:58:52 - [TEST_STEP][PASSED] - Assert.assertNotNull(confirmMessage): null&#xD;
&#xD;
2019-09-20 13:58:52 - [TEST_STEP][PASSED] - (internal.GlobalVariable.nosOfProducts--): null&#xD;
&#xD;
2019-09-20 13:58:52 - [TEST_STEP][PASSED] - refresh(): Refresh successfully&#xD;
&#xD;
2019-09-20 13:58:56 - [MESSAGE][PASSED] - Refresh successfully&#xD;
&#xD;
2019-09-20 13:58:56 - [TEST_STEP][PASSED] - count = Resources.nosOfProductsonComparePage(driver): null&#xD;
&#xD;
2019-09-20 13:58:56 - [TEST_STEP][PASSED] - Assert.assertEquals(count, nosOfProducts): null&#xD;
&#xD;
2019-09-20 13:58:56 - [TEST_STEP][PASSED] - Resources.movingToSmartphonesPage(): Object: 'Object Repository/Category_Traverse/Mobile and Electronics' is clicked on&#xD;
&#xD;
2019-09-20 13:58:56 - [MESSAGE][PASSED] - Object: 'Object Repository/Category_Traverse/Categories' is clicked on&#xD;
&#xD;
2019-09-20 13:58:56 - [MESSAGE][PASSED] - Object 'Object Repository/Category_Traverse/Mobile and Electronics' is clickable&#xD;
&#xD;
2019-09-20 13:59:01 - [MESSAGE][PASSED] - Object: 'Object Repository/Category_Traverse/Mobile and Electronics' is clicked on&#xD;
&#xD;
2019-09-20 13:59:01 - [TEST_STEP][PASSED] - productCount = callTestCase(findTestCase("Test Cases/VerifyComparePopUpCount"), null): Call Test Case 'Test Cases/VerifyComparePopUpCount' successfully&#xD;
&#xD;
2019-09-20 13:59:01 - [TEST_CASE][PASSED] - Test Cases/VerifyComparePopUpCount: Test Cases/VerifyComparePopUpCount&#xD;
&#xD;
2019-09-20 13:59:01 - [TEST_STEP][PASSED] - Assert.assertTrue(Resources.checkifComparepopuppresent()): null&#xD;
&#xD;
2019-09-20 13:59:01 - [TEST_STEP][PASSED] - compareText = getText(findTestObject("Object Repository/CompareFunctionality/ComparepopTextCapture")): Text of object 'Object Repository/CompareFunctionality/ComparepopTextCapture' is: '2'&#xD;
&#xD;
2019-09-20 13:59:01 - [MESSAGE][PASSED] - Text of object 'Object Repository/CompareFunctionality/ComparepopTextCapture' is: '2'&#xD;
&#xD;
2019-09-20 13:59:01 - [TEST_STEP][PASSED] - if (compareText.isEmpty()): null&#xD;
&#xD;
2019-09-20 13:59:01 - [TEST_STEP][PASSED] - return compareText: null&#xD;
&#xD;
2019-09-20 13:59:01 - [MESSAGE][PASSED] - Call Test Case 'Test Cases/VerifyComparePopUpCount' successfully&#xD;
&#xD;
2019-09-20 13:59:01 - [TEST_STEP][PASSED] - Assert.assertEquals(Integer.parseInt(productCount), nosOfProducts): null&#xD;
&#xD;
2019-09-20 13:59:01 - [TEST_STEP][PASSED] - Start tear down : tearDownTestCase: Method 'tearDownTestCase' complete successfully&#xD;
&#xD;
2019-09-20 13:59:01 - [TEST_STEP][PASSED] - Thread.sleep(3000): null&#xD;
&#xD;
2019-09-20 13:59:04 - [MESSAGE][PASSED] - Method 'tearDownTestCase' complete successfully</system-out>
            <system-err></system-err>
        </testcase>
        <testcase name="Test Cases/VerifyMainCategoryNames" classname="Test Cases/VerifyMainCategoryNames" status="PASSED">
            <system-out>2019-09-20 13:59:04 - [TEST_CASE][PASSED] - Test Cases/VerifyMainCategoryNames: Test Cases/VerifyMainCategoryNames&#xD;
&#xD;
2019-09-20 13:59:04 - [TEST_STEP][PASSED] - mouseOver(findTestObject("Object Repository/PLPpage/PLP_Title")): Object: 'Object Repository/PLPpage/PLP_Title' is hovered&#xD;
&#xD;
2019-09-20 13:59:05 - [MESSAGE][PASSED] - Object: 'Object Repository/PLPpage/PLP_Title' is hovered&#xD;
&#xD;
2019-09-20 13:59:05 - [TEST_STEP][PASSED] - categoryNames = new java.util.ArrayList(): null&#xD;
&#xD;
2019-09-20 13:59:05 - [TEST_STEP][PASSED] - driver = getWebDriver(): null&#xD;
&#xD;
2019-09-20 13:59:05 - [TEST_STEP][PASSED] - size = xpath("//div[@class='a_deskcatagory']/ul/li")).size(): null&#xD;
&#xD;
2019-09-20 13:59:05 - [TEST_STEP][PASSED] - for ([i = 1, i &lt;= size, (i++)]): Navigate back successfully&#xD;
&#xD;
2019-09-20 13:59:05 - [TEST_STEP][PASSED] - waitForElementNotPresent(findTestObject("Object Repository/Category_Traverse/Categories"), 5): Web element with id: 'Object Repository/Category_Traverse/Categories' located by 'By.xpath: //a[@class='categorySelect']' is present after '5' second(s)&#xD;
&#xD;
2019-09-20 13:59:10 - [MESSAGE][WARNING] - Web element with id: 'Object Repository/Category_Traverse/Categories' located by 'By.xpath: //a[@class='categorySelect']' is present after '5' second(s)&#xD;
&#xD;
2019-09-20 13:59:10 - [TEST_STEP][PASSED] - click(findTestObject("Object Repository/Category_Traverse/Categories")): Object: 'Object Repository/Category_Traverse/Categories' is clicked on&#xD;
&#xD;
2019-09-20 13:59:10 - [MESSAGE][PASSED] - Object: 'Object Repository/Category_Traverse/Categories' is clicked on&#xD;
&#xD;
2019-09-20 13:59:10 - [TEST_STEP][PASSED] - waitForElementNotPresent(findTestObject("Object Repository/Category_Traverse/CommonCategoryList"), 5): Web element with id: 'Object Repository/Category_Traverse/CommonCategoryList' located by 'By.xpath: //div[@class='a_deskcatagory']/ul/li["+i+"]/a' is present after '5' second(s)&#xD;
&#xD;
2019-09-20 13:59:16 - [MESSAGE][WARNING] - Web element with id: 'Object Repository/Category_Traverse/CommonCategoryList' located by 'By.xpath: //div[@class='a_deskcatagory']/ul/li["+i+"]/a' is present after '5' second(s)&#xD;
&#xD;
2019-09-20 13:59:16 - [TEST_STEP][PASSED] - categoryNames.add(xpath("//div[@class='a_deskcatagory']/ul/li[" + i + "]/a")).getText()): null&#xD;
&#xD;
2019-09-20 13:59:16 - [TEST_STEP][PASSED] - xpath("//div[@class='a_deskcatagory']/ul/li[" + i + "]/a")).click(): null&#xD;
&#xD;
2019-09-20 13:59:20 - [TEST_STEP][PASSED] - match = getText(findTestObject("Object Repository/PLPpage/PLP_Title")): Text of object 'Object Repository/PLPpage/PLP_Title' is: 'Mobiles and Electronics'&#xD;
&#xD;
2019-09-20 13:59:20 - [MESSAGE][PASSED] - Text of object 'Object Repository/PLPpage/PLP_Title' is: 'Mobiles and Electronics'&#xD;
&#xD;
2019-09-20 13:59:20 - [TEST_STEP][PASSED] - Assert.assertEquals(match, categoryNames.get(i - 1)): null&#xD;
&#xD;
2019-09-20 13:59:20 - [TEST_STEP][PASSED] - back(): Navigate back successfully&#xD;
&#xD;
2019-09-20 13:59:22 - [MESSAGE][PASSED] - Navigate back successfully&#xD;
&#xD;
2019-09-20 13:59:22 - [TEST_STEP][PASSED] - waitForElementNotPresent(findTestObject("Object Repository/Category_Traverse/Categories"), 5): Web element with id: 'Object Repository/Category_Traverse/Categories' located by 'By.xpath: //a[@class='categorySelect']' is present after '5' second(s)&#xD;
&#xD;
2019-09-20 13:59:27 - [MESSAGE][WARNING] - Web element with id: 'Object Repository/Category_Traverse/Categories' located by 'By.xpath: //a[@class='categorySelect']' is present after '5' second(s)&#xD;
&#xD;
2019-09-20 13:59:27 - [TEST_STEP][PASSED] - click(findTestObject("Object Repository/Category_Traverse/Categories")): Object: 'Object Repository/Category_Traverse/Categories' is clicked on&#xD;
&#xD;
2019-09-20 13:59:28 - [MESSAGE][PASSED] - Object: 'Object Repository/Category_Traverse/Categories' is clicked on&#xD;
&#xD;
2019-09-20 13:59:28 - [TEST_STEP][PASSED] - waitForElementNotPresent(findTestObject("Object Repository/Category_Traverse/CommonCategoryList"), 5): Web element with id: 'Object Repository/Category_Traverse/CommonCategoryList' located by 'By.xpath: //div[@class='a_deskcatagory']/ul/li["+i+"]/a' is present after '5' second(s)&#xD;
&#xD;
2019-09-20 13:59:33 - [MESSAGE][WARNING] - Web element with id: 'Object Repository/Category_Traverse/CommonCategoryList' located by 'By.xpath: //div[@class='a_deskcatagory']/ul/li["+i+"]/a' is present after '5' second(s)&#xD;
&#xD;
2019-09-20 13:59:33 - [TEST_STEP][PASSED] - categoryNames.add(xpath("//div[@class='a_deskcatagory']/ul/li[" + i + "]/a")).getText()): null&#xD;
&#xD;
2019-09-20 13:59:33 - [TEST_STEP][PASSED] - xpath("//div[@class='a_deskcatagory']/ul/li[" + i + "]/a")).click(): null&#xD;
&#xD;
2019-09-20 13:59:39 - [TEST_STEP][PASSED] - match = getText(findTestObject("Object Repository/PLPpage/PLP_Title")): Text of object 'Object Repository/PLPpage/PLP_Title' is: 'TVs and Large Appliances'&#xD;
&#xD;
2019-09-20 13:59:39 - [MESSAGE][PASSED] - Text of object 'Object Repository/PLPpage/PLP_Title' is: 'TVs and Large Appliances'&#xD;
&#xD;
2019-09-20 13:59:39 - [TEST_STEP][PASSED] - Assert.assertEquals(match, categoryNames.get(i - 1)): null&#xD;
&#xD;
2019-09-20 13:59:39 - [TEST_STEP][PASSED] - back(): Navigate back successfully&#xD;
&#xD;
2019-09-20 13:59:40 - [MESSAGE][PASSED] - Navigate back successfully&#xD;
&#xD;
2019-09-20 13:59:40 - [TEST_STEP][PASSED] - waitForElementNotPresent(findTestObject("Object Repository/Category_Traverse/Categories"), 5): Web element with id: 'Object Repository/Category_Traverse/Categories' located by 'By.xpath: //a[@class='categorySelect']' is present after '5' second(s)&#xD;
&#xD;
2019-09-20 13:59:46 - [MESSAGE][WARNING] - Web element with id: 'Object Repository/Category_Traverse/Categories' located by 'By.xpath: //a[@class='categorySelect']' is present after '5' second(s)&#xD;
&#xD;
2019-09-20 13:59:46 - [TEST_STEP][PASSED] - click(findTestObject("Object Repository/Category_Traverse/Categories")): Object: 'Object Repository/Category_Traverse/Categories' is clicked on&#xD;
&#xD;
2019-09-20 13:59:46 - [MESSAGE][PASSED] - Object: 'Object Repository/Category_Traverse/Categories' is clicked on&#xD;
&#xD;
2019-09-20 13:59:46 - [TEST_STEP][PASSED] - waitForElementNotPresent(findTestObject("Object Repository/Category_Traverse/CommonCategoryList"), 5): Web element with id: 'Object Repository/Category_Traverse/CommonCategoryList' located by 'By.xpath: //div[@class='a_deskcatagory']/ul/li["+i+"]/a' is present after '5' second(s)&#xD;
&#xD;
2019-09-20 13:59:51 - [MESSAGE][WARNING] - Web element with id: 'Object Repository/Category_Traverse/CommonCategoryList' located by 'By.xpath: //div[@class='a_deskcatagory']/ul/li["+i+"]/a' is present after '5' second(s)&#xD;
&#xD;
2019-09-20 13:59:51 - [TEST_STEP][PASSED] - categoryNames.add(xpath("//div[@class='a_deskcatagory']/ul/li[" + i + "]/a")).getText()): null&#xD;
&#xD;
2019-09-20 13:59:51 - [TEST_STEP][PASSED] - xpath("//div[@class='a_deskcatagory']/ul/li[" + i + "]/a")).click(): null&#xD;
&#xD;
2019-09-20 13:59:55 - [TEST_STEP][PASSED] - match = getText(findTestObject("Object Repository/PLPpage/PLP_Title")): Text of object 'Object Repository/PLPpage/PLP_Title' is: 'Kitchen Appliances'&#xD;
&#xD;
2019-09-20 13:59:55 - [MESSAGE][PASSED] - Text of object 'Object Repository/PLPpage/PLP_Title' is: 'Kitchen Appliances'&#xD;
&#xD;
2019-09-20 13:59:55 - [TEST_STEP][PASSED] - Assert.assertEquals(match, categoryNames.get(i - 1)): null&#xD;
&#xD;
2019-09-20 13:59:55 - [TEST_STEP][PASSED] - back(): Navigate back successfully&#xD;
&#xD;
2019-09-20 13:59:57 - [MESSAGE][PASSED] - Navigate back successfully&#xD;
&#xD;
2019-09-20 13:59:57 - [TEST_STEP][PASSED] - waitForElementNotPresent(findTestObject("Object Repository/Category_Traverse/Categories"), 5): Web element with id: 'Object Repository/Category_Traverse/Categories' located by 'By.xpath: //a[@class='categorySelect']' is present after '5' second(s)&#xD;
&#xD;
2019-09-20 14:00:02 - [MESSAGE][WARNING] - Web element with id: 'Object Repository/Category_Traverse/Categories' located by 'By.xpath: //a[@class='categorySelect']' is present after '5' second(s)&#xD;
&#xD;
2019-09-20 14:00:02 - [TEST_STEP][PASSED] - click(findTestObject("Object Repository/Category_Traverse/Categories")): Object: 'Object Repository/Category_Traverse/Categories' is clicked on&#xD;
&#xD;
2019-09-20 14:00:02 - [MESSAGE][PASSED] - Object: 'Object Repository/Category_Traverse/Categories' is clicked on&#xD;
&#xD;
2019-09-20 14:00:02 - [TEST_STEP][PASSED] - waitForElementNotPresent(findTestObject("Object Repository/Category_Traverse/CommonCategoryList"), 5): Web element with id: 'Object Repository/Category_Traverse/CommonCategoryList' located by 'By.xpath: //div[@class='a_deskcatagory']/ul/li["+i+"]/a' is present after '5' second(s)&#xD;
&#xD;
2019-09-20 14:00:07 - [MESSAGE][WARNING] - Web element with id: 'Object Repository/Category_Traverse/CommonCategoryList' located by 'By.xpath: //div[@class='a_deskcatagory']/ul/li["+i+"]/a' is present after '5' second(s)&#xD;
&#xD;
2019-09-20 14:00:07 - [TEST_STEP][PASSED] - categoryNames.add(xpath("//div[@class='a_deskcatagory']/ul/li[" + i + "]/a")).getText()): null&#xD;
&#xD;
2019-09-20 14:00:07 - [TEST_STEP][PASSED] - xpath("//div[@class='a_deskcatagory']/ul/li[" + i + "]/a")).click(): null&#xD;
&#xD;
2019-09-20 14:00:11 - [TEST_STEP][PASSED] - match = getText(findTestObject("Object Repository/PLPpage/PLP_Title")): Text of object 'Object Repository/PLPpage/PLP_Title' is: 'Small Home Appliances'&#xD;
&#xD;
2019-09-20 14:00:11 - [MESSAGE][PASSED] - Text of object 'Object Repository/PLPpage/PLP_Title' is: 'Small Home Appliances'&#xD;
&#xD;
2019-09-20 14:00:11 - [TEST_STEP][PASSED] - Assert.assertEquals(match, categoryNames.get(i - 1)): null&#xD;
&#xD;
2019-09-20 14:00:11 - [TEST_STEP][PASSED] - back(): Navigate back successfully&#xD;
&#xD;
2019-09-20 14:00:13 - [MESSAGE][PASSED] - Navigate back successfully&#xD;
&#xD;
2019-09-20 14:00:13 - [TEST_STEP][PASSED] - Start tear down : tearDownTestCase: Method 'tearDownTestCase' complete successfully&#xD;
&#xD;
2019-09-20 14:00:13 - [TEST_STEP][PASSED] - Thread.sleep(3000): null&#xD;
&#xD;
2019-09-20 14:00:16 - [MESSAGE][PASSED] - Method 'tearDownTestCase' complete successfully</system-out>
            <system-err></system-err>
        </testcase>
        <system-out>2019-09-20 13:43:46 - [TEST_SUITE][INCOMPLETE] - Sort_Filter_ProductCount_Loadmore_Emi: null</system-out>
        <system-err>2019-09-20 13:43:46 - [TEST_SUITE][INCOMPLETE] - Sort_Filter_ProductCount_Loadmore_Emi: null</system-err>
    </testsuite>
</testsuites>
